#
# There is insufficient memory for the Java Runtime Environment to continue.
# Native memory allocation (mmap) failed to map 81788928 bytes for G1 virtual space
# Possible reasons:
#   The system is out of physical RAM or swap space
#   The process is running with CompressedOops enabled, and the Java Heap may be blocking the growth of the native heap
# Possible solutions:
#   Reduce memory load on the system
#   Increase physical memory or swap space
#   Check if swap backing store is full
#   Decrease Java heap size (-Xmx/-Xms)
#   Decrease number of Java threads
#   Decrease Java thread stack sizes (-Xss)
#   Set larger code cache with -XX:ReservedCodeCacheSize=
#   JVM is running with Zero Based Compressed Oops mode in which the Java heap is
#     placed in the first 32GB address space. The Java Heap base address is the
#     maximum limit for the native heap growth. Please use -XX:HeapBaseMinAddress
#     to set the Java Heap base and to place the Java Heap above 32GB virtual address.
# This output file may be truncated or incomplete.
#
#  Out of Memory Error (os_windows.cpp:3603), pid=7312, tid=17612
#
# JRE version: Java(TM) SE Runtime Environment (21.0.6+8) (build 21.0.6+8-LTS-188)
# Java VM: Java HotSpot(TM) 64-Bit Server VM (21.0.6+8-LTS-188, mixed mode, emulated-client, sharing, tiered, compressed oops, compressed class ptrs, g1 gc, windows-amd64)
# No core dump will be written. Minidumps are not enabled by default on client versions of Windows
#

---------------  S U M M A R Y ------------

Command Line: -XX:TieredStopAtLevel=1 -Dspring.output.ansi.enabled=always -Dcom.sun.management.jmxremote -Dspring.jmx.enabled=true -Dspring.liveBeansView.mbeanDomain -Dspring.application.admin.enabled=true -Dmanagement.endpoints.jmx.exposure.include=* -javaagent:D:\JetBrains\IntelliJ IDEA 2024.3.4.1\lib\idea_rt.jar=50664 -Dfile.encoding=UTF-8 -Dsun.stdout.encoding=UTF-8 -Dsun.stderr.encoding=UTF-8 com.project.stationery_be_server.StationeryBeServerApplication

Host: 11th Gen Intel(R) Core(TM) i5-1135G7 @ 2.40GHz, 8 cores, 15G,  Windows 10 , 64 bit Build 19041 (10.0.19041.5678)
Time: Sun May  4 17:26:55 2025 SE Asia Standard Time elapsed time: 6.274762 seconds (0d 0h 0m 6s)

---------------  T H R E A D  ---------------

Current thread (0x000001c88409f690):  VMThread "VM Thread"          [id=17612, stack(0x0000001f4a100000,0x0000001f4a200000) (1024K)]

Stack: [0x0000001f4a100000,0x0000001f4a200000]
Native frames: (J=compiled Java code, j=interpreted, Vv=VM code, C=native code)
V  [jvm.dll+0x6ca6d9]
V  [jvm.dll+0x854f51]
V  [jvm.dll+0x85747e]
V  [jvm.dll+0x857b53]
V  [jvm.dll+0x27dcc6]
V  [jvm.dll+0x6c6e55]
V  [jvm.dll+0x6bb9da]
V  [jvm.dll+0x35393a]
V  [jvm.dll+0x35b596]
V  [jvm.dll+0x3adefe]
V  [jvm.dll+0x3ae1a8]
V  [jvm.dll+0x327cbc]
V  [jvm.dll+0x327d47]
V  [jvm.dll+0x36c60c]
V  [jvm.dll+0x36ae5e]
V  [jvm.dll+0x327481]
V  [jvm.dll+0x36a57a]
V  [jvm.dll+0x85d920]
V  [jvm.dll+0x85eca4]
V  [jvm.dll+0x85f1e0]
V  [jvm.dll+0x85f483]
V  [jvm.dll+0x7ff2fb]
V  [jvm.dll+0x6c8dbd]
C  [ucrtbase.dll+0x21bb2]
C  [KERNEL32.DLL+0x17374]
C  [ntdll.dll+0x4cc91]

VM_Operation (0x0000001f49afb5c0): G1CollectForAllocation, mode: safepoint, requested by thread 0x000001c8f10c9b30


---------------  P R O C E S S  ---------------

Threads class SMR info:
_java_thread_list=0x000001c8cbe7b220, length=24, elements={
0x000001c8f10c9b30, 0x000001c8840bc5a0, 0x000001c8840bd2b0, 0x000001c8840bdfc0,
0x000001c8840bfe00, 0x000001c8840c0850, 0x000001c8840c12a0, 0x000001c8840d2a50,
0x000001c88408d5b0, 0x000001c88408dc10, 0x000001c88433a160, 0x000001c88433a800,
0x000001c884a589e0, 0x000001c884a59040, 0x000001c884b99100, 0x000001c884be7bd0,
0x000001c884c1c7a0, 0x000001c884c9f310, 0x000001c8cbd82e30, 0x000001c8cbd834c0,
0x000001c8cbd83b50, 0x000001c8cbd827a0, 0x000001c8cbd841e0, 0x000001c8cbd84870
}

Java Threads: ( => current thread )
  0x000001c8f10c9b30 JavaThread "main"                              [_thread_blocked, id=11160, stack(0x0000001f49a00000,0x0000001f49b00000) (1024K)]
  0x000001c8840bc5a0 JavaThread "Reference Handler"          daemon [_thread_blocked, id=8392, stack(0x0000001f4a200000,0x0000001f4a300000) (1024K)]
  0x000001c8840bd2b0 JavaThread "Finalizer"                  daemon [_thread_blocked, id=9828, stack(0x0000001f4a300000,0x0000001f4a400000) (1024K)]
  0x000001c8840bdfc0 JavaThread "Signal Dispatcher"          daemon [_thread_blocked, id=7364, stack(0x0000001f4a400000,0x0000001f4a500000) (1024K)]
  0x000001c8840bfe00 JavaThread "Attach Listener"            daemon [_thread_blocked, id=788, stack(0x0000001f4a500000,0x0000001f4a600000) (1024K)]
  0x000001c8840c0850 JavaThread "Service Thread"             daemon [_thread_blocked, id=9168, stack(0x0000001f4a600000,0x0000001f4a700000) (1024K)]
  0x000001c8840c12a0 JavaThread "Monitor Deflation Thread"   daemon [_thread_blocked, id=15680, stack(0x0000001f4a700000,0x0000001f4a800000) (1024K)]
  0x000001c8840d2a50 JavaThread "C1 CompilerThread0"         daemon [_thread_blocked, id=6488, stack(0x0000001f4a800000,0x0000001f4a900000) (1024K)]
  0x000001c88408d5b0 JavaThread "Common-Cleaner"             daemon [_thread_blocked, id=8504, stack(0x0000001f4a900000,0x0000001f4aa00000) (1024K)]
  0x000001c88408dc10 JavaThread "C1 CompilerThread1"         daemon [_thread_blocked, id=20120, stack(0x0000001f4aa00000,0x0000001f4ab00000) (1024K)]
  0x000001c88433a160 JavaThread "C1 CompilerThread2"         daemon [_thread_blocked, id=5752, stack(0x0000001f4ab00000,0x0000001f4ac00000) (1024K)]
  0x000001c88433a800 JavaThread "C1 CompilerThread3"         daemon [_thread_blocked, id=14564, stack(0x0000001f4ac00000,0x0000001f4ad00000) (1024K)]
  0x000001c884a589e0 JavaThread "Monitor Ctrl-Break"         daemon [_thread_in_native, id=3364, stack(0x0000001f4ad00000,0x0000001f4ae00000) (1024K)]
  0x000001c884a59040 JavaThread "Notification Thread"        daemon [_thread_blocked, id=11040, stack(0x0000001f4ae00000,0x0000001f4af00000) (1024K)]
  0x000001c884b99100 JavaThread "RMI TCP Accept-0"           daemon [_thread_in_native, id=20264, stack(0x0000001f4af00000,0x0000001f4b000000) (1024K)]
  0x000001c884be7bd0 JavaThread "RMI TCP Connection(1)-192.168.1.33" daemon [_thread_in_native, id=9308, stack(0x0000001f4b000000,0x0000001f4b100000) (1024K)]
  0x000001c884c1c7a0 JavaThread "RMI Scheduler(0)"           daemon [_thread_blocked, id=20284, stack(0x0000001f4b100000,0x0000001f4b200000) (1024K)]
  0x000001c884c9f310 JavaThread "JMX server connection timeout 33" daemon [_thread_blocked, id=212, stack(0x0000001f4b900000,0x0000001f4ba00000) (1024K)]
  0x000001c8cbd82e30 JavaThread "Catalina-utility-1"                [_thread_blocked, id=12720, stack(0x0000001f4ba00000,0x0000001f4bb00000) (1024K)]
  0x000001c8cbd834c0 JavaThread "Catalina-utility-2"                [_thread_blocked, id=10744, stack(0x0000001f4bc00000,0x0000001f4bd00000) (1024K)]
  0x000001c8cbd83b50 JavaThread "container-0"                       [_thread_blocked, id=5972, stack(0x0000001f4bd00000,0x0000001f4be00000) (1024K)]
  0x000001c8cbd827a0 JavaThread "mysql-cj-abandoned-connection-cleanup" daemon [_thread_blocked, id=20212, stack(0x0000001f4be00000,0x0000001f4bf00000) (1024K)]
  0x000001c8cbd841e0 JavaThread "HikariPool-1 housekeeper"   daemon [_thread_blocked, id=2740, stack(0x0000001f4c000000,0x0000001f4c100000) (1024K)]
  0x000001c8cbd84870 JavaThread "HikariPool-1 connection adder" daemon [_thread_blocked, id=17060, stack(0x0000001f4c100000,0x0000001f4c200000) (1024K)]
Total: 24

Other Threads:
=>0x000001c88409f690 VMThread "VM Thread"                           [id=17612, stack(0x0000001f4a100000,0x0000001f4a200000) (1024K)]
  0x000001c88408cbc0 WatcherThread "VM Periodic Task Thread"        [id=17660, stack(0x0000001f4a000000,0x0000001f4a100000) (1024K)]
  0x000001c8f112f420 WorkerThread "GC Thread#0"                     [id=10008, stack(0x0000001f49b00000,0x0000001f49c00000) (1024K)]
  0x000001c884c1ce00 WorkerThread "GC Thread#1"                     [id=7368, stack(0x0000001f4b200000,0x0000001f4b300000) (1024K)]
  0x000001c884bcb6d0 WorkerThread "GC Thread#2"                     [id=13280, stack(0x0000001f4b300000,0x0000001f4b400000) (1024K)]
  0x000001c884bcba70 WorkerThread "GC Thread#3"                     [id=18908, stack(0x0000001f4b400000,0x0000001f4b500000) (1024K)]
  0x000001c884bcbe10 WorkerThread "GC Thread#4"                     [id=14604, stack(0x0000001f4b500000,0x0000001f4b600000) (1024K)]
  0x000001c884bcc1b0 WorkerThread "GC Thread#5"                     [id=16944, stack(0x0000001f4b600000,0x0000001f4b700000) (1024K)]
  0x000001c884c827c0 WorkerThread "GC Thread#6"                     [id=11720, stack(0x0000001f4b700000,0x0000001f4b800000) (1024K)]
  0x000001c884c94220 WorkerThread "GC Thread#7"                     [id=1900, stack(0x0000001f4b800000,0x0000001f4b900000) (1024K)]
  0x000001c8f113ff90 ConcurrentGCThread "G1 Main Marker"            [id=7404, stack(0x0000001f49c00000,0x0000001f49d00000) (1024K)]
  0x000001c8f11408a0 WorkerThread "G1 Conc#0"                       [id=10344, stack(0x0000001f49d00000,0x0000001f49e00000) (1024K)]
  0x000001c8ca8b4230 WorkerThread "G1 Conc#1"                       [id=11452, stack(0x0000001f4bb00000,0x0000001f4bc00000) (1024K)]
  0x000001c883f629e0 ConcurrentGCThread "G1 Refine#0"               [id=15740, stack(0x0000001f49e00000,0x0000001f49f00000) (1024K)]
  0x000001c883f63200 ConcurrentGCThread "G1 Service"                [id=19728, stack(0x0000001f49f00000,0x0000001f4a000000) (1024K)]
Total: 15

Threads with active compile tasks:
C1 CompilerThread3     6285 8582   !   1       org.springframework.beans.TypeConverterDelegate::convertIfNecessary (956 bytes)
Total: 1

VM state: at safepoint (normal execution)

VM Mutex/Monitor currently owned by a thread:  ([mutex/lock_event])
[0x00007ffbadcade98] Threads_lock - owner thread: 0x000001c88409f690
[0x00007ffbadcadf98] Heap_lock - owner thread: 0x000001c8f10c9b30

Heap address: 0x0000000704200000, size: 4030 MB, Compressed Oops mode: Zero based, Oop shift amount: 3

CDS archive(s) mapped at: [0x000001c885000000-0x000001c885c90000-0x000001c885c90000), size 13172736, SharedBaseAddress: 0x000001c885000000, ArchiveRelocationMode: 1.
Compressed class space mapped at: 0x000001c886000000-0x000001c8c6000000, reserved size: 1073741824
Narrow klass base: 0x000001c885000000, Narrow klass shift: 0, Narrow klass range: 0x100000000

GC Precious Log:
 CardTable entry size: 512
 Card Set container configuration: InlinePtr #cards 4 size 8 Array Of Cards #cards 16 size 48 Howl #buckets 8 coarsen threshold 3686 Howl Bitmap #cards 512 size 80 coarsen threshold 460 Card regions per heap region 1 cards per card region 4096
 CPUs: 8 total, 8 available
 Memory: 16118M
 Large Page Support: Disabled
 NUMA Support: Disabled
 Compressed Oops: Enabled (Zero based)
 Heap Region Size: 2M
 Heap Min Capacity: 8M
 Heap Initial Capacity: 252M
 Heap Max Capacity: 4030M
 Pre-touch: Disabled
 Parallel Workers: 8
 Concurrent Workers: 2
 Concurrent Refinement Workers: 8
 Periodic GC: Disabled

Heap:
 garbage-first heap   total 112640K, used 63965K [0x0000000704200000, 0x0000000800000000)
  region size 2048K, 1 young (2048K), 1 survivors (2048K)
 Metaspace       used 77042K, committed 77760K, reserved 1179648K
  class space    used 11152K, committed 11456K, reserved 1048576K

Heap Regions: E=young(eden), S=young(survivor), O=old, HS=humongous(starts), HC=humongous(continues), CS=collection set, F=free, TAMS=top-at-mark-start, PB=parsable bottom
|   0|0x0000000704200000, 0x0000000704400000, 0x0000000704400000|100%| O|  |TAMS 0x0000000704400000| PB 0x0000000704200000| Untracked 
|   1|0x0000000704400000, 0x0000000704600000, 0x0000000704600000|100%| O|  |TAMS 0x0000000704600000| PB 0x0000000704400000| Untracked 
|   2|0x0000000704600000, 0x0000000704800000, 0x0000000704800000|100%| O|  |TAMS 0x0000000704800000| PB 0x0000000704600000| Untracked 
|   3|0x0000000704800000, 0x0000000704a00000, 0x0000000704a00000|100%| O|  |TAMS 0x0000000704a00000| PB 0x0000000704800000| Untracked 
|   4|0x0000000704a00000, 0x0000000704c00000, 0x0000000704c00000|100%| O|  |TAMS 0x0000000704c00000| PB 0x0000000704a00000| Untracked 
|   5|0x0000000704c00000, 0x0000000704e00000, 0x0000000704e00000|100%| O|  |TAMS 0x0000000704e00000| PB 0x0000000704c00000| Untracked 
|   6|0x0000000704e00000, 0x0000000705000000, 0x0000000705000000|100%| O|  |TAMS 0x0000000705000000| PB 0x0000000704e00000| Untracked 
|   7|0x0000000705000000, 0x0000000705200000, 0x0000000705200000|100%| O|  |TAMS 0x0000000705200000| PB 0x0000000705000000| Untracked 
|   8|0x0000000705200000, 0x0000000705400000, 0x0000000705400000|100%| O|  |TAMS 0x0000000705400000| PB 0x0000000705200000| Untracked 
|   9|0x0000000705400000, 0x0000000705600000, 0x0000000705600000|100%| O|  |TAMS 0x0000000705600000| PB 0x0000000705400000| Untracked 
|  10|0x0000000705600000, 0x0000000705800000, 0x0000000705800000|100%| O|  |TAMS 0x0000000705800000| PB 0x0000000705600000| Untracked 
|  11|0x0000000705800000, 0x0000000705a00000, 0x0000000705a00000|100%| O|  |TAMS 0x0000000705a00000| PB 0x0000000705800000| Untracked 
|  12|0x0000000705a00000, 0x0000000705c00000, 0x0000000705c00000|100%| O|  |TAMS 0x0000000705c00000| PB 0x0000000705a00000| Untracked 
|  13|0x0000000705c00000, 0x0000000705e00000, 0x0000000705e00000|100%| O|  |TAMS 0x0000000705e00000| PB 0x0000000705c00000| Untracked 
|  14|0x0000000705e00000, 0x0000000706000000, 0x0000000706000000|100%| O|  |TAMS 0x0000000706000000| PB 0x0000000705e00000| Untracked 
|  15|0x0000000706000000, 0x0000000706200000, 0x0000000706200000|100%| O|  |TAMS 0x0000000706200000| PB 0x0000000706000000| Untracked 
|  16|0x0000000706200000, 0x0000000706400000, 0x0000000706400000|100%| O|  |TAMS 0x0000000706400000| PB 0x0000000706200000| Untracked 
|  17|0x0000000706400000, 0x0000000706600000, 0x0000000706600000|100%| O|  |TAMS 0x0000000706600000| PB 0x0000000706400000| Untracked 
|  18|0x0000000706600000, 0x0000000706800000, 0x0000000706800000|100%| O|  |TAMS 0x0000000706800000| PB 0x0000000706600000| Untracked 
|  19|0x0000000706800000, 0x0000000706973fc0, 0x0000000706a00000| 72%| O|  |TAMS 0x0000000706800000| PB 0x0000000706800000| Untracked 
|  20|0x0000000706a00000, 0x0000000706c00000, 0x0000000706c00000|100%| O|  |TAMS 0x0000000706c00000| PB 0x0000000706a00000| Untracked 
|  21|0x0000000706c00000, 0x0000000706e00000, 0x0000000706e00000|100%| O|  |TAMS 0x0000000706e00000| PB 0x0000000706c00000| Untracked 
|  22|0x0000000706e00000, 0x0000000707000000, 0x0000000707000000|100%| O|  |TAMS 0x0000000707000000| PB 0x0000000706e00000| Untracked 
|  23|0x0000000707000000, 0x0000000707200000, 0x0000000707200000|100%| O|  |TAMS 0x0000000707200000| PB 0x0000000707000000| Untracked 
|  24|0x0000000707200000, 0x0000000707400000, 0x0000000707400000|100%| O|  |TAMS 0x0000000707400000| PB 0x0000000707200000| Untracked 
|  25|0x0000000707400000, 0x0000000707600000, 0x0000000707600000|100%| O|  |TAMS 0x0000000707600000| PB 0x0000000707400000| Untracked 
|  26|0x0000000707600000, 0x0000000707800000, 0x0000000707800000|100%| O|  |TAMS 0x0000000707800000| PB 0x0000000707600000| Untracked 
|  27|0x0000000707800000, 0x0000000707a00000, 0x0000000707a00000|100%| O|  |TAMS 0x0000000707a00000| PB 0x0000000707800000| Untracked 
|  28|0x0000000707a00000, 0x0000000707c00000, 0x0000000707c00000|100%| O|  |TAMS 0x0000000707c00000| PB 0x0000000707a00000| Untracked 
|  29|0x0000000707c00000, 0x0000000707e00000, 0x0000000707e00000|100%| O|  |TAMS 0x0000000707e00000| PB 0x0000000707c00000| Untracked 
|  30|0x0000000707e00000, 0x0000000708000000, 0x0000000708000000|100%| O|  |TAMS 0x0000000708000000| PB 0x0000000707e00000| Untracked 
|  31|0x0000000708000000, 0x0000000708000000, 0x0000000708200000|  0%| F|  |TAMS 0x0000000708000000| PB 0x0000000708000000| Untracked 
|  32|0x0000000708200000, 0x0000000708200000, 0x0000000708400000|  0%| F|  |TAMS 0x0000000708200000| PB 0x0000000708200000| Untracked 
|  33|0x0000000708400000, 0x0000000708400000, 0x0000000708600000|  0%| F|  |TAMS 0x0000000708400000| PB 0x0000000708400000| Untracked 
|  34|0x0000000708600000, 0x0000000708600000, 0x0000000708800000|  0%| F|  |TAMS 0x0000000708600000| PB 0x0000000708600000| Untracked 
|  35|0x0000000708800000, 0x0000000708800000, 0x0000000708a00000|  0%| F|  |TAMS 0x0000000708800000| PB 0x0000000708800000| Untracked 
|  36|0x0000000708a00000, 0x0000000708a00000, 0x0000000708c00000|  0%| F|  |TAMS 0x0000000708a00000| PB 0x0000000708a00000| Untracked 
|  37|0x0000000708c00000, 0x0000000708c00000, 0x0000000708e00000|  0%| F|  |TAMS 0x0000000708c00000| PB 0x0000000708c00000| Untracked 
|  38|0x0000000708e00000, 0x0000000708e00000, 0x0000000709000000|  0%| F|  |TAMS 0x0000000708e00000| PB 0x0000000708e00000| Untracked 
|  39|0x0000000709000000, 0x0000000709000000, 0x0000000709200000|  0%| F|  |TAMS 0x0000000709000000| PB 0x0000000709000000| Untracked 
|  40|0x0000000709200000, 0x0000000709303640, 0x0000000709400000| 50%| S|CS|TAMS 0x0000000709200000| PB 0x0000000709200000| Complete 
|  41|0x0000000709400000, 0x0000000709400000, 0x0000000709600000|  0%| F|  |TAMS 0x0000000709400000| PB 0x0000000709400000| Untracked 
|  42|0x0000000709600000, 0x0000000709600000, 0x0000000709800000|  0%| F|  |TAMS 0x0000000709600000| PB 0x0000000709600000| Untracked 
|  43|0x0000000709800000, 0x0000000709800000, 0x0000000709a00000|  0%| F|  |TAMS 0x0000000709800000| PB 0x0000000709800000| Untracked 
|  44|0x0000000709a00000, 0x0000000709a00000, 0x0000000709c00000|  0%| F|  |TAMS 0x0000000709a00000| PB 0x0000000709a00000| Untracked 
|  45|0x0000000709c00000, 0x0000000709c00000, 0x0000000709e00000|  0%| F|  |TAMS 0x0000000709c00000| PB 0x0000000709c00000| Untracked 
|  46|0x0000000709e00000, 0x0000000709e00000, 0x000000070a000000|  0%| F|  |TAMS 0x0000000709e00000| PB 0x0000000709e00000| Untracked 
|  47|0x000000070a000000, 0x000000070a000000, 0x000000070a200000|  0%| F|  |TAMS 0x000000070a000000| PB 0x000000070a000000| Untracked 
|  48|0x000000070a200000, 0x000000070a200000, 0x000000070a400000|  0%| F|  |TAMS 0x000000070a200000| PB 0x000000070a200000| Untracked 
|  49|0x000000070a400000, 0x000000070a400000, 0x000000070a600000|  0%| F|  |TAMS 0x000000070a400000| PB 0x000000070a400000| Untracked 
| 101|0x0000000710c00000, 0x0000000710c00000, 0x0000000710e00000|  0%| F|  |TAMS 0x0000000710c00000| PB 0x0000000710c00000| Untracked 
| 102|0x0000000710e00000, 0x0000000710e00000, 0x0000000711000000|  0%| F|  |TAMS 0x0000000710e00000| PB 0x0000000710e00000| Untracked 
| 103|0x0000000711000000, 0x0000000711000000, 0x0000000711200000|  0%| F|  |TAMS 0x0000000711000000| PB 0x0000000711000000| Untracked 
| 124|0x0000000713a00000, 0x0000000713a00000, 0x0000000713c00000|  0%| F|  |TAMS 0x0000000713a00000| PB 0x0000000713a00000| Untracked 
| 125|0x0000000713c00000, 0x0000000713c00000, 0x0000000713e00000|  0%| F|  |TAMS 0x0000000713c00000| PB 0x0000000713c00000| Untracked 

Card table byte_map: [0x000001c8fce30000,0x000001c8fd610000] _byte_map_base: 0x000001c8f960f000

Marking Bits: (CMBitMap*) 0x000001c8f112f930
 Bits: [0x000001c880000000, 0x000001c883ef8000)

Polling page: 0x000001c8ef040000

Metaspace:

Usage:
  Non-class:     64.35 MB used.
      Class:     10.89 MB used.
       Both:     75.24 MB used.

Virtual space:
  Non-class space:      128.00 MB reserved,      64.75 MB ( 51%) committed,  2 nodes.
      Class space:        1.00 GB reserved,      11.19 MB (  1%) committed,  1 nodes.
             Both:        1.12 GB reserved,      75.94 MB (  7%) committed. 

Chunk freelists:
   Non-Class:  14.89 MB
       Class:  4.63 MB
        Both:  19.52 MB

MaxMetaspaceSize: unlimited
CompressedClassSpaceSize: 1.00 GB
Initial GC threshold: 21.00 MB
Current GC threshold: 125.94 MB
CDS: on
 - commit_granule_bytes: 65536.
 - commit_granule_words: 8192.
 - virtual_space_node_default_size: 8388608.
 - enlarge_chunks_in_place: 1.
 - use_allocation_guard: 0.


Internal statistics:

num_allocs_failed_limit: 6.
num_arena_births: 1092.
num_arena_deaths: 0.
num_vsnodes_births: 3.
num_vsnodes_deaths: 0.
num_space_committed: 1215.
num_space_uncommitted: 0.
num_chunks_returned_to_freelist: 6.
num_chunks_taken_from_freelist: 3722.
num_chunk_merges: 6.
num_chunk_splits: 2767.
num_chunks_enlarged: 2163.
num_inconsistent_stats: 0.

CodeCache: size=49152Kb used=14612Kb max_used=16093Kb free=34539Kb
 bounds [0x000001c8f9540000, 0x000001c8fa500000, 0x000001c8fc540000]
 total_blobs=7915 nmethods=7173 adapters=661
 compilation: enabled
              stopped_count=0, restarted_count=0
 full_count=0

Compilation events (20 events):
Event: 6.267 Thread 0x000001c88433a800 nmethod 8576 0x000001c8f9ce6690 code [0x000001c8f9ce6860, 0x000001c8f9ce6a98]
Event: 6.270 Thread 0x000001c88433a800 8577       1       org.springframework.beans.AbstractNestablePropertyAccessor::getPropertyAccessorForPropertyPath (43 bytes)
Event: 6.270 Thread 0x000001c8840d2a50 8578       1       org.springframework.beans.PropertyAccessorUtils::getFirstNestedPropertySeparatorIndex (6 bytes)
Event: 6.270 Thread 0x000001c88433a160 8579       1       org.springframework.beans.AbstractNestablePropertyAccessor::getFinalPath (18 bytes)
Event: 6.270 Thread 0x000001c88408dc10 8580       1       org.springframework.beans.PropertyEditorRegistrySupport::findCustomEditor (117 bytes)
Event: 6.270 Thread 0x000001c8840d2a50 nmethod 8578 0x000001c8f9982810 code [0x000001c8f99829c0, 0x000001c8f9982a88]
Event: 6.270 Thread 0x000001c8840d2a50 8584       1       org.springframework.beans.PropertyValue::getOriginalPropertyValue (36 bytes)
Event: 6.270 Thread 0x000001c88433a160 nmethod 8579 0x000001c8f9993290 code [0x000001c8f9993440, 0x000001c8f99935c0]
Event: 6.270 Thread 0x000001c88433a160 8581       1       org.springframework.beans.PropertyEditorRegistrySupport::getCustomEditor (165 bytes)
Event: 6.270 Thread 0x000001c88433a800 nmethod 8577 0x000001c8f9936990 code [0x000001c8f9936b80, 0x000001c8f9936db8]
Event: 6.270 Thread 0x000001c8840d2a50 nmethod 8584 0x000001c8f99ab990 code [0x000001c8f99abb20, 0x000001c8f99abca0]
Event: 6.270 Thread 0x000001c88433a800 8582   !   1       org.springframework.beans.TypeConverterDelegate::convertIfNecessary (956 bytes)
Event: 6.270 Thread 0x000001c8840d2a50 8583       1       org.springframework.beans.AbstractNestablePropertyAccessor$PropertyHandler::isWritable (5 bytes)
Event: 6.270 Thread 0x000001c8840d2a50 nmethod 8583 0x000001c8f99a8c10 code [0x000001c8f99a8da0, 0x000001c8f99a8e70]
Event: 6.270 Thread 0x000001c88408dc10 nmethod 8580 0x000001c8f969da90 code [0x000001c8f969dca0, 0x000001c8f969e170]
Event: 6.270 Thread 0x000001c88433a160 nmethod 8581 0x000001c8f9db8b10 code [0x000001c8f9db8d80, 0x000001c8f9db93c8]
Event: 6.270 Thread 0x000001c88433a160 8585   !   1       org.springframework.orm.jpa.AbstractEntityManagerFactoryBean$ManagedEntityManagerFactoryInvocationHandler::invoke (233 bytes)
Event: 6.270 Thread 0x000001c88408dc10 8586   !   1       org.springframework.orm.jpa.AbstractEntityManagerFactoryBean::invokeProxyMethod (201 bytes)
Event: 6.271 Thread 0x000001c88433a160 nmethod 8585 0x000001c8f994e210 code [0x000001c8f994e480, 0x000001c8f994eb10]
Event: 6.272 Thread 0x000001c88408dc10 nmethod 8586 0x000001c8f99a0010 code [0x000001c8f99a03e0, 0x000001c8f99a1490]

GC Heap History (20 events):
Event: 4.190 GC heap after
{Heap after GC invocations=12 (full 0):
 garbage-first heap   total 83968K, used 32378K [0x0000000704200000, 0x0000000800000000)
  region size 2048K, 1 young (2048K), 1 survivors (2048K)
 Metaspace       used 56641K, committed 57280K, reserved 1114112K
  class space    used 7840K, committed 8128K, reserved 1048576K
}
Event: 4.688 GC heap before
{Heap before GC invocations=13 (full 0):
 garbage-first heap   total 83968K, used 73338K [0x0000000704200000, 0x0000000800000000)
  region size 2048K, 21 young (43008K), 1 survivors (2048K)
 Metaspace       used 63514K, committed 64192K, reserved 1114112K
  class space    used 8969K, committed 9280K, reserved 1048576K
}
Event: 4.689 GC heap after
{Heap after GC invocations=14 (full 0):
 garbage-first heap   total 83968K, used 33306K [0x0000000704200000, 0x0000000800000000)
  region size 2048K, 2 young (4096K), 2 survivors (4096K)
 Metaspace       used 63514K, committed 64192K, reserved 1114112K
  class space    used 8969K, committed 9280K, reserved 1048576K
}
Event: 5.079 GC heap before
{Heap before GC invocations=14 (full 0):
 garbage-first heap   total 83968K, used 72218K [0x0000000704200000, 0x0000000800000000)
  region size 2048K, 21 young (43008K), 2 survivors (4096K)
 Metaspace       used 68628K, committed 69376K, reserved 1114112K
  class space    used 9644K, committed 9984K, reserved 1048576K
}
Event: 5.084 GC heap after
{Heap after GC invocations=15 (full 0):
 garbage-first heap   total 83968K, used 35971K [0x0000000704200000, 0x0000000800000000)
  region size 2048K, 3 young (6144K), 3 survivors (6144K)
 Metaspace       used 68628K, committed 69376K, reserved 1114112K
  class space    used 9644K, committed 9984K, reserved 1048576K
}
Event: 5.398 GC heap before
{Heap before GC invocations=15 (full 0):
 garbage-first heap   total 83968K, used 70787K [0x0000000704200000, 0x0000000800000000)
  region size 2048K, 20 young (40960K), 3 survivors (6144K)
 Metaspace       used 72918K, committed 73664K, reserved 1114112K
  class space    used 10424K, committed 10752K, reserved 1048576K
}
Event: 5.403 GC heap after
{Heap after GC invocations=16 (full 0):
 garbage-first heap   total 83968K, used 38826K [0x0000000704200000, 0x0000000800000000)
  region size 2048K, 3 young (6144K), 3 survivors (6144K)
 Metaspace       used 72918K, committed 73664K, reserved 1114112K
  class space    used 10424K, committed 10752K, reserved 1048576K
}
Event: 5.574 GC heap before
{Heap before GC invocations=16 (full 0):
 garbage-first heap   total 83968K, used 69546K [0x0000000704200000, 0x0000000800000000)
  region size 2048K, 19 young (38912K), 3 survivors (6144K)
 Metaspace       used 74712K, committed 75392K, reserved 1114112K
  class space    used 10801K, committed 11072K, reserved 1048576K
}
Event: 5.579 GC heap after
{Heap after GC invocations=17 (full 0):
 garbage-first heap   total 102400K, used 42626K [0x0000000704200000, 0x0000000800000000)
  region size 2048K, 3 young (6144K), 3 survivors (6144K)
 Metaspace       used 74712K, committed 75392K, reserved 1114112K
  class space    used 10801K, committed 11072K, reserved 1048576K
}
Event: 5.664 GC heap before
{Heap before GC invocations=18 (full 0):
 garbage-first heap   total 102400K, used 87682K [0x0000000704200000, 0x0000000800000000)
  region size 2048K, 25 young (51200K), 3 survivors (6144K)
 Metaspace       used 74713K, committed 75392K, reserved 1114112K
  class space    used 10801K, committed 11072K, reserved 1048576K
}
Event: 5.667 GC heap after
{Heap after GC invocations=19 (full 0):
 garbage-first heap   total 102400K, used 45019K [0x0000000704200000, 0x0000000800000000)
  region size 2048K, 3 young (6144K), 3 survivors (6144K)
 Metaspace       used 74713K, committed 75392K, reserved 1114112K
  class space    used 10801K, committed 11072K, reserved 1048576K
}
Event: 5.924 GC heap before
{Heap before GC invocations=19 (full 0):
 garbage-first heap   total 102400K, used 83931K [0x0000000704200000, 0x0000000800000000)
  region size 2048K, 23 young (47104K), 3 survivors (6144K)
 Metaspace       used 76665K, committed 77376K, reserved 1179648K
  class space    used 11103K, committed 11392K, reserved 1048576K
}
Event: 5.928 GC heap after
{Heap after GC invocations=20 (full 0):
 garbage-first heap   total 102400K, used 46889K [0x0000000704200000, 0x0000000800000000)
  region size 2048K, 2 young (4096K), 2 survivors (4096K)
 Metaspace       used 76665K, committed 77376K, reserved 1179648K
  class space    used 11103K, committed 11392K, reserved 1048576K
}
Event: 5.994 GC heap before
{Heap before GC invocations=20 (full 0):
 garbage-first heap   total 102400K, used 87849K [0x0000000704200000, 0x0000000800000000)
  region size 2048K, 22 young (45056K), 2 survivors (4096K)
 Metaspace       used 76685K, committed 77376K, reserved 1179648K
  class space    used 11108K, committed 11392K, reserved 1048576K
}
Event: 5.999 GC heap after
{Heap after GC invocations=21 (full 0):
 garbage-first heap   total 102400K, used 51505K [0x0000000704200000, 0x0000000800000000)
  region size 2048K, 3 young (6144K), 3 survivors (6144K)
 Metaspace       used 76685K, committed 77376K, reserved 1179648K
  class space    used 11108K, committed 11392K, reserved 1048576K
}
Event: 6.104 GC heap before
{Heap before GC invocations=22 (full 0):
 garbage-first heap   total 112640K, used 86321K [0x0000000704200000, 0x0000000800000000)
  region size 2048K, 20 young (40960K), 3 survivors (6144K)
 Metaspace       used 76795K, committed 77504K, reserved 1179648K
  class space    used 11129K, committed 11456K, reserved 1048576K
}
Event: 6.111 GC heap after
{Heap after GC invocations=23 (full 0):
 garbage-first heap   total 112640K, used 61569K [0x0000000704200000, 0x0000000800000000)
  region size 2048K, 3 young (6144K), 3 survivors (6144K)
 Metaspace       used 76795K, committed 77504K, reserved 1179648K
  class space    used 11129K, committed 11456K, reserved 1048576K
}
Event: 6.174 GC heap before
{Heap before GC invocations=23 (full 0):
 garbage-first heap   total 112640K, used 92289K [0x0000000704200000, 0x0000000800000000)
  region size 2048K, 18 young (36864K), 3 survivors (6144K)
 Metaspace       used 76850K, committed 77568K, reserved 1179648K
  class space    used 11136K, committed 11456K, reserved 1048576K
}
Event: 6.180 GC heap after
{Heap after GC invocations=24 (full 0):
 garbage-first heap   total 112640K, used 67028K [0x0000000704200000, 0x0000000800000000)
  region size 2048K, 3 young (6144K), 3 survivors (6144K)
 Metaspace       used 76850K, committed 77568K, reserved 1179648K
  class space    used 11136K, committed 11456K, reserved 1048576K
}
Event: 6.272 GC heap before
{Heap before GC invocations=24 (full 0):
 garbage-first heap   total 112640K, used 95700K [0x0000000704200000, 0x0000000800000000)
  region size 2048K, 17 young (34816K), 3 survivors (6144K)
 Metaspace       used 77042K, committed 77760K, reserved 1179648K
  class space    used 11152K, committed 11456K, reserved 1048576K
}

Dll operation events (12 events):
Event: 0.005 Loaded shared library D:\Java\jdk21\bin\java.dll
Event: 0.120 Loaded shared library D:\Java\jdk21\bin\zip.dll
Event: 0.123 Loaded shared library D:\java\jdk21\bin\instrument.dll
Event: 0.127 Loaded shared library D:\java\jdk21\bin\net.dll
Event: 0.129 Loaded shared library D:\java\jdk21\bin\nio.dll
Event: 0.134 Loaded shared library D:\java\jdk21\bin\zip.dll
Event: 0.178 Loaded shared library D:\java\jdk21\bin\jimage.dll
Event: 0.221 Loaded shared library D:\java\jdk21\bin\extnet.dll
Event: 0.228 Loaded shared library D:\java\jdk21\bin\management.dll
Event: 0.234 Loaded shared library D:\java\jdk21\bin\management_ext.dll
Event: 1.442 Loaded shared library D:\java\jdk21\bin\sunmscapi.dll
Event: 2.225 Loaded shared library D:\Java\jdk21\bin\verify.dll

Deoptimization events (0 events):
No events

Classes loaded (20 events):
Event: 5.183 Loading class java/util/stream/ReduceOps$CountingSink$OfRef
Event: 5.183 Loading class java/util/stream/ReduceOps$CountingSink
Event: 5.183 Loading class java/util/stream/ReduceOps$CountingSink done
Event: 5.183 Loading class java/util/stream/ReduceOps$CountingSink$OfRef done
Event: 5.198 Loading class java/lang/Character$UnicodeBlock
Event: 5.199 Loading class java/lang/Character$Subset
Event: 5.199 Loading class java/lang/Character$Subset done
Event: 5.200 Loading class java/lang/Character$UnicodeBlock done
Event: 5.223 Loading class java/util/regex/Pattern$Bound
Event: 5.223 Loading class java/util/regex/Pattern$Bound done
Event: 5.224 Loading class java/util/regex/Pattern$Behind
Event: 5.224 Loading class java/util/regex/Pattern$Behind done
Event: 5.254 Loading class java/util/EmptyStackException
Event: 5.254 Loading class java/util/EmptyStackException done
Event: 5.313 Loading class java/io/InvalidClassException
Event: 5.313 Loading class java/io/InvalidClassException done
Event: 5.756 Loading class sun/nio/cs/ISO_8859_1$Decoder
Event: 5.756 Loading class sun/nio/cs/ISO_8859_1$Decoder done
Event: 5.776 Loading class java/lang/UnknownError
Event: 5.776 Loading class java/lang/UnknownError done

Classes unloaded (0 events):
No events

Classes redefined (0 events):
No events

Internal exceptions (20 events):
Event: 4.845 Thread 0x000001c8f10c9b30 Exception <a 'java/lang/NoSuchMethodError'{0x0000000708063cc8}: 'int java.lang.invoke.DirectMethodHandle$Holder.invokeStatic(java.lang.Object, int, java.lang.Object)'> (0x0000000708063cc8) 
thrown [s\open\src\hotspot\share\interpreter\linkResolver.cpp, line 773]
Event: 4.846 Thread 0x000001c8f10c9b30 Exception <a 'java/lang/NoSuchMethodError'{0x0000000708083d00}: 'java.lang.Object java.lang.invoke.DirectMethodHandle$Holder.newInvokeSpecial(java.lang.Object, java.lang.Object, java.lang.Object, java.lang.Object, java.lang.Object, int, java.lang.Object)'> (0x0000000708083d00) 
thrown [s\open\src\hotspot\share\interpreter\linkResolver.cpp, line 773]
Event: 4.848 Thread 0x000001c8f10c9b30 Exception <a 'java/lang/NoSuchMethodError'{0x00000007080bc708}: 'java.lang.Object java.lang.invoke.DirectMethodHandle$Holder.newInvokeSpecial(java.lang.Object, java.lang.Object, java.lang.Object, java.lang.Object, java.lang.Object, java.lang.Object, java.lang.Object, java.lang.Object, java.lang.Object, java.lang.Object, java.lang.Object, java.lang.Object)'> (0x00000007080bc708) 
thrown [s\open\src\hotspot\share\interpreter\linkResolver.cpp, line 773]
Event: 4.849 Thread 0x000001c8f10c9b30 Exception <a 'java/lang/NoSuchMethodError'{0x00000007080c0fb0}: 'java.lang.Object java.lang.invoke.DirectMethodHandle$Holder.invokeSpecial(java.lang.Object, java.lang.Object, java.lang.Object, java.lang.Object, java.lang.Object, java.lang.Object, java.lang.Object, java.lang.Object, java.lang.Object, java.lang.Object, java.lang.Object, java.lang.Object, java.lang.Object)'> (0x00000007080c0fb0) 
thrown [s\open\src\hotspot\share\interpreter\linkResolver.cpp, line 773]
Event: 4.849 Thread 0x000001c8f10c9b30 Exception <a 'java/lang/NoSuchMethodError'{0x00000007080c5498}: 'java.lang.Object java.lang.invoke.Invokers$Holder.linkToTargetMethod(java.lang.Object, java.lang.Object, java.lang.Object, java.lang.Object, java.lang.Object, java.lang.Object, java.lang.Object, java.lang.Object, java.lang.Object, java.lang.Object, java.lang.Object, java.lang.Object)'> (0x00000007080c5498) 
thrown [s\open\src\hotspot\share\interpreter\linkResolver.cpp, line 773]
Event: 4.874 Thread 0x000001c8f10c9b30 Exception <a 'java/lang/IncompatibleClassChangeError'{0x0000000707ea4e40}: Found class java.lang.Object, but interface was expected> (0x0000000707ea4e40) 
thrown [s\open\src\hotspot\share\interpreter\linkResolver.cpp, line 840]
Event: 4.881 Thread 0x000001c8f10c9b30 Exception <a 'java/lang/NoSuchMethodError'{0x0000000707f4a540}: 'java.lang.Object java.lang.invoke.DirectMethodHandle$Holder.newInvokeSpecial(java.lang.Object, java.lang.Object, int, java.lang.Object, int, java.lang.Object, java.lang.Object)'> (0x0000000707f4a540) 
thrown [s\open\src\hotspot\share\interpreter\linkResolver.cpp, line 773]
Event: 4.888 Thread 0x000001c8f10c9b30 Exception <a 'java/lang/NoSuchMethodError'{0x0000000707fe21f8}: 'java.lang.Object java.lang.invoke.DirectMethodHandle$Holder.newInvokeSpecial(java.lang.Object, java.lang.Object, java.lang.Object, java.lang.Object, java.lang.Object, java.lang.Object, java.lang.Object, int)'> (0x0000000707fe21f8) 
thrown [s\open\src\hotspot\share\interpreter\linkResolver.cpp, line 773]
Event: 4.888 Thread 0x000001c8f10c9b30 Exception <a 'java/lang/NoSuchMethodError'{0x0000000707fe6768}: 'java.lang.Object java.lang.invoke.DirectMethodHandle$Holder.invokeSpecial(java.lang.Object, java.lang.Object, java.lang.Object, java.lang.Object, java.lang.Object, java.lang.Object, java.lang.Object, java.lang.Object, int)'> (0x0000000707fe6768) 
thrown [s\open\src\hotspot\share\interpreter\linkResolver.cpp, line 773]
Event: 4.888 Thread 0x000001c8f10c9b30 Exception <a 'java/lang/NoSuchMethodError'{0x0000000707fea790}: 'java.lang.Object java.lang.invoke.Invokers$Holder.linkToTargetMethod(java.lang.Object, java.lang.Object, java.lang.Object, java.lang.Object, java.lang.Object, java.lang.Object, int, java.lang.Object)'> (0x0000000707fea790) 
thrown [s\open\src\hotspot\share\interpreter\linkResolver.cpp, line 773]
Event: 5.037 Thread 0x000001c8f10c9b30 Exception <a 'java/lang/IncompatibleClassChangeError'{0x0000000707074228}: Found class java.lang.Object, but interface was expected> (0x0000000707074228) 
thrown [s\open\src\hotspot\share\interpreter\linkResolver.cpp, line 840]
Event: 5.064 Thread 0x000001c8f10c9b30 Exception <a 'java/lang/IncompatibleClassChangeError'{0x0000000706e931a8}: Found class java.lang.Object, but interface was expected> (0x0000000706e931a8) 
thrown [s\open\src\hotspot\share\interpreter\linkResolver.cpp, line 840]
Event: 5.167 Thread 0x000001c8f10c9b30 Exception <a 'java/lang/IncompatibleClassChangeError'{0x0000000708829de8}: Found class java.lang.Object, but interface was expected> (0x0000000708829de8) 
thrown [s\open\src\hotspot\share\interpreter\linkResolver.cpp, line 840]
Event: 5.207 Thread 0x000001c8f10c9b30 Exception <a 'java/lang/IncompatibleClassChangeError'{0x000000070876e270}: Found class java.lang.Object, but interface was expected> (0x000000070876e270) 
thrown [s\open\src\hotspot\share\interpreter\linkResolver.cpp, line 840]
Event: 5.208 Thread 0x000001c8f10c9b30 Exception <a 'java/lang/IncompatibleClassChangeError'{0x0000000708773788}: Found class java.lang.Object, but interface was expected> (0x0000000708773788) 
thrown [s\open\src\hotspot\share\interpreter\linkResolver.cpp, line 840]
Event: 5.233 Thread 0x000001c8f10c9b30 Exception <a 'java/lang/NoSuchMethodError'{0x0000000708545c70}: 'java.lang.Object java.lang.invoke.DirectMethodHandle$Holder.invokeStatic(java.lang.Object, int, java.lang.Object)'> (0x0000000708545c70) 
thrown [s\open\src\hotspot\share\interpreter\linkResolver.cpp, line 773]
Event: 5.755 Thread 0x000001c8f10c9b30 Exception <a 'java/io/FileNotFoundException'{0x0000000709a136f8}> (0x0000000709a136f8) 
thrown [s\open\src\hotspot\share\prims\jni.cpp, line 520]
Event: 5.755 Thread 0x000001c8f10c9b30 Exception <a 'java/io/FileNotFoundException'{0x0000000709a1d6d0}> (0x0000000709a1d6d0) 
thrown [s\open\src\hotspot\share\prims\jni.cpp, line 520]
Event: 5.788 Thread 0x000001c8f10c9b30 Exception <a 'java/lang/NoSuchMethodError'{0x000000070961ad78}: 'java.lang.Object java.lang.invoke.DirectMethodHandle$Holder.newInvokeSpecial(java.lang.Object, java.lang.Object, java.lang.Object, java.lang.Object, java.lang.Object, java.lang.Object, java.lang.Object, java.lang.Object)'> (0x000000070961ad78) 
thrown [s\open\src\hotspot\share\interpreter\linkResolver.cpp, line 773]
Event: 5.817 Thread 0x000001c8f10c9b30 Exception <a 'java/lang/NoSuchMethodError'{0x00000007095aaa78}: 'void java.lang.invoke.Invokers$Holder.invokeExact_MT(java.lang.Object, java.lang.Object, int, java.lang.Object)'> (0x00000007095aaa78) 
thrown [s\open\src\hotspot\share\interpreter\linkResolver.cpp, line 773]

ZGC Phase Switch (0 events):
No events

VM Operations (20 events):
Event: 5.607 Executing VM operation: G1PauseRemark done
Event: 5.616 Executing VM operation: G1PauseCleanup
Event: 5.616 Executing VM operation: G1PauseCleanup done
Event: 5.664 Executing VM operation: G1CollectForAllocation (G1 Evacuation Pause)
Event: 5.667 Executing VM operation: G1CollectForAllocation (G1 Evacuation Pause) done
Event: 5.691 Executing VM operation: HandshakeAllThreads (Deoptimize)
Event: 5.691 Executing VM operation: HandshakeAllThreads (Deoptimize) done
Event: 5.924 Executing VM operation: G1CollectForAllocation (G1 Evacuation Pause)
Event: 5.928 Executing VM operation: G1CollectForAllocation (G1 Evacuation Pause) done
Event: 5.994 Executing VM operation: G1CollectForAllocation (G1 Evacuation Pause)
Event: 5.999 Executing VM operation: G1CollectForAllocation (G1 Evacuation Pause) done
Event: 6.026 Executing VM operation: G1PauseRemark
Event: 6.030 Executing VM operation: G1PauseRemark done
Event: 6.043 Executing VM operation: G1PauseCleanup
Event: 6.043 Executing VM operation: G1PauseCleanup done
Event: 6.104 Executing VM operation: G1CollectForAllocation (G1 Evacuation Pause)
Event: 6.111 Executing VM operation: G1CollectForAllocation (G1 Evacuation Pause) done
Event: 6.174 Executing VM operation: G1CollectForAllocation (G1 Evacuation Pause)
Event: 6.180 Executing VM operation: G1CollectForAllocation (G1 Evacuation Pause) done
Event: 6.272 Executing VM operation: G1CollectForAllocation (G1 Evacuation Pause)

Events (20 events):
Event: 6.029 Thread 0x000001c88409f690 flushing nmethod 0x000001c8f9e6b110
Event: 6.029 Thread 0x000001c88409f690 flushing nmethod 0x000001c8f9e6b810
Event: 6.029 Thread 0x000001c88409f690 flushing nmethod 0x000001c8f9e6bd10
Event: 6.029 Thread 0x000001c88409f690 flushing nmethod 0x000001c8f9e6c110
Event: 6.029 Thread 0x000001c88409f690 flushing nmethod 0x000001c8f9e6c510
Event: 6.029 Thread 0x000001c88409f690 flushing nmethod 0x000001c8f9e6d390
Event: 6.029 Thread 0x000001c88409f690 flushing nmethod 0x000001c8f9eae690
Event: 6.029 Thread 0x000001c88409f690 flushing nmethod 0x000001c8f9eb1010
Event: 6.029 Thread 0x000001c88409f690 flushing nmethod 0x000001c8f9eb1690
Event: 6.029 Thread 0x000001c88409f690 flushing nmethod 0x000001c8f9eb3e10
Event: 6.029 Thread 0x000001c88409f690 flushing nmethod 0x000001c8f9efc610
Event: 6.029 Thread 0x000001c88409f690 flushing nmethod 0x000001c8f9efe590
Event: 6.029 Thread 0x000001c88409f690 flushing nmethod 0x000001c8f9efec90
Event: 6.029 Thread 0x000001c88409f690 flushing nmethod 0x000001c8f9eff210
Event: 6.029 Thread 0x000001c88409f690 flushing nmethod 0x000001c8f9eff790
Event: 6.029 Thread 0x000001c88409f690 flushing nmethod 0x000001c8f9f37810
Event: 6.029 Thread 0x000001c88409f690 flushing nmethod 0x000001c8f9f38610
Event: 6.029 Thread 0x000001c88409f690 flushing nmethod 0x000001c8fa406310
Event: 6.188 Thread 0x000001c8cbd82110 Thread added: 0x000001c8cbd82110
Event: 6.191 Thread 0x000001c8cbd82110 Thread exited: 0x000001c8cbd82110


Dynamic libraries:
0x00007ff670f40000 - 0x00007ff670f50000 	D:\Java\jdk21\bin\java.exe
0x00007ffc20d50000 - 0x00007ffc20f48000 	C:\WINDOWS\SYSTEM32\ntdll.dll
0x00007ffc20bb0000 - 0x00007ffc20c72000 	C:\WINDOWS\System32\KERNEL32.DLL
0x00007ffc1e410000 - 0x00007ffc1e706000 	C:\WINDOWS\System32\KERNELBASE.dll
0x00007ffc1e810000 - 0x00007ffc1e910000 	C:\WINDOWS\System32\ucrtbase.dll
0x00007ffc190c0000 - 0x00007ffc190d9000 	D:\Java\jdk21\bin\jli.dll
0x00007ffc18fc0000 - 0x00007ffc18fdb000 	D:\Java\jdk21\bin\VCRUNTIME140.dll
0x00007ffc1f320000 - 0x00007ffc1f3cf000 	C:\WINDOWS\System32\ADVAPI32.dll
0x00007ffc1fec0000 - 0x00007ffc1ff5e000 	C:\WINDOWS\System32\msvcrt.dll
0x00007ffc201b0000 - 0x00007ffc2024f000 	C:\WINDOWS\System32\sechost.dll
0x00007ffc1ffe0000 - 0x00007ffc20103000 	C:\WINDOWS\System32\RPCRT4.dll
0x00007ffc1ed40000 - 0x00007ffc1ed67000 	C:\WINDOWS\System32\bcrypt.dll
0x00007ffc20a10000 - 0x00007ffc20bad000 	C:\WINDOWS\System32\USER32.dll
0x00007ffc1e3e0000 - 0x00007ffc1e402000 	C:\WINDOWS\System32\win32u.dll
0x00007ffc0bf20000 - 0x00007ffc0c1ba000 	C:\WINDOWS\WinSxS\amd64_microsoft.windows.common-controls_6595b64144ccf1df_6.0.19041.4355_none_60b8b9eb71f62e16\COMCTL32.dll
0x00007ffc20c80000 - 0x00007ffc20cab000 	C:\WINDOWS\System32\GDI32.dll
0x00007ffc1ec20000 - 0x00007ffc1ed3a000 	C:\WINDOWS\System32\gdi32full.dll
0x00007ffc1e9a0000 - 0x00007ffc1ea3d000 	C:\WINDOWS\System32\msvcp_win.dll
0x00007ffc17ca0000 - 0x00007ffc17caa000 	C:\WINDOWS\SYSTEM32\VERSION.dll
0x00007ffc203a0000 - 0x00007ffc203cf000 	C:\WINDOWS\System32\IMM32.DLL
0x00007ffc1aed0000 - 0x00007ffc1aedc000 	D:\Java\jdk21\bin\vcruntime140_1.dll
0x00007ffbdeb20000 - 0x00007ffbdebae000 	D:\Java\jdk21\bin\msvcp140.dll
0x00007ffbad070000 - 0x00007ffbadd8a000 	D:\Java\jdk21\bin\server\jvm.dll
0x00007ffc1ff70000 - 0x00007ffc1ffdb000 	C:\WINDOWS\System32\WS2_32.dll
0x00007ffc1d840000 - 0x00007ffc1d88b000 	C:\WINDOWS\SYSTEM32\POWRPROF.dll
0x00007ffc12880000 - 0x00007ffc128a7000 	C:\WINDOWS\SYSTEM32\WINMM.dll
0x00007ffc1d7e0000 - 0x00007ffc1d7f2000 	C:\WINDOWS\SYSTEM32\UMPDC.dll
0x00007ffc1cc00000 - 0x00007ffc1cc12000 	C:\WINDOWS\SYSTEM32\kernel.appcore.dll
0x00007ffc19010000 - 0x00007ffc1901a000 	D:\Java\jdk21\bin\jimage.dll
0x00007ffc1bf80000 - 0x00007ffc1c164000 	C:\WINDOWS\SYSTEM32\DBGHELP.DLL
0x00007ffbf1980000 - 0x00007ffbf19b4000 	C:\WINDOWS\SYSTEM32\dbgcore.DLL
0x00007ffc1e910000 - 0x00007ffc1e992000 	C:\WINDOWS\System32\bcryptPrimitives.dll
0x00007ffc17ec0000 - 0x00007ffc17ecf000 	D:\Java\jdk21\bin\instrument.dll
0x00007ffc18fa0000 - 0x00007ffc18fbf000 	D:\Java\jdk21\bin\java.dll
0x00007ffc1f500000 - 0x00007ffc1fc6f000 	C:\WINDOWS\System32\SHELL32.dll
0x00007ffc1c440000 - 0x00007ffc1cbe3000 	C:\WINDOWS\SYSTEM32\windows.storage.dll
0x00007ffc1ed70000 - 0x00007ffc1f0c5000 	C:\WINDOWS\System32\combase.dll
0x00007ffc1de10000 - 0x00007ffc1de3b000 	C:\WINDOWS\SYSTEM32\Wldp.dll
0x00007ffc1f1f0000 - 0x00007ffc1f2bd000 	C:\WINDOWS\System32\OLEAUT32.dll
0x00007ffc202f0000 - 0x00007ffc2039d000 	C:\WINDOWS\System32\SHCORE.dll
0x00007ffc1fc70000 - 0x00007ffc1fcc5000 	C:\WINDOWS\System32\shlwapi.dll
0x00007ffc1e310000 - 0x00007ffc1e335000 	C:\WINDOWS\SYSTEM32\profapi.dll
0x00007ffc16a80000 - 0x00007ffc16a98000 	D:\Java\jdk21\bin\zip.dll
0x00007ffc17e50000 - 0x00007ffc17e60000 	D:\java\jdk21\bin\net.dll
0x00007ffc1b3d0000 - 0x00007ffc1b4da000 	C:\WINDOWS\SYSTEM32\WINHTTP.dll
0x00007ffc1db70000 - 0x00007ffc1dbdc000 	C:\WINDOWS\system32\mswsock.dll
0x00007ffc17280000 - 0x00007ffc17296000 	D:\java\jdk21\bin\nio.dll
0x00007ffc16a30000 - 0x00007ffc16a39000 	D:\java\jdk21\bin\extnet.dll
0x00007ffc1d890000 - 0x00007ffc1d95a000 	C:\WINDOWS\SYSTEM32\DNSAPI.dll
0x00007ffc1d800000 - 0x00007ffc1d83b000 	C:\WINDOWS\SYSTEM32\IPHLPAPI.DLL
0x00007ffc203d0000 - 0x00007ffc203d8000 	C:\WINDOWS\System32\NSI.dll
0x00007ffc181f0000 - 0x00007ffc181fa000 	C:\Windows\System32\rasadhlp.dll
0x00007ffc16ce0000 - 0x00007ffc16d60000 	C:\WINDOWS\System32\fwpuclnt.dll
0x00007ffc15940000 - 0x00007ffc1594a000 	D:\java\jdk21\bin\management.dll
0x00007ffc15900000 - 0x00007ffc1590b000 	D:\java\jdk21\bin\management_ext.dll
0x00007ffc201a0000 - 0x00007ffc201a8000 	C:\WINDOWS\System32\PSAPI.DLL
0x00007ffc1dd60000 - 0x00007ffc1dd78000 	C:\WINDOWS\SYSTEM32\CRYPTSP.dll
0x00007ffc1d420000 - 0x00007ffc1d458000 	C:\WINDOWS\system32\rsaenh.dll
0x00007ffc1e2d0000 - 0x00007ffc1e2fe000 	C:\WINDOWS\SYSTEM32\USERENV.dll
0x00007ffc1dd80000 - 0x00007ffc1dd8c000 	C:\WINDOWS\SYSTEM32\CRYPTBASE.dll
0x00007ffbd81e0000 - 0x00007ffbd81f7000 	C:\WINDOWS\system32\napinsp.dll
0x00007ffbab060000 - 0x00007ffbab07b000 	C:\WINDOWS\system32\pnrpnsp.dll
0x00007ffbe8310000 - 0x00007ffbe8325000 	C:\WINDOWS\system32\wshbth.dll
0x00007ffc1b3b0000 - 0x00007ffc1b3cd000 	C:\WINDOWS\system32\NLAapi.dll
0x00007ffbab040000 - 0x00007ffbab052000 	C:\WINDOWS\System32\winrnr.dll
0x00007ffbf7eb0000 - 0x00007ffbf7f01000 	C:\WINDOWS\SYSTEM32\pdh.dll
0x00007ffc17d30000 - 0x00007ffc17d3f000 	C:\WINDOWS\System32\perfproc.dll
0x00007ffbf3300000 - 0x00007ffbf330f000 	C:\WINDOWS\System32\perfos.dll
0x00007ffc144b0000 - 0x00007ffc144be000 	D:\java\jdk21\bin\sunmscapi.dll
0x00007ffc1ea40000 - 0x00007ffc1eb9d000 	C:\WINDOWS\System32\CRYPT32.dll
0x00007ffc1de80000 - 0x00007ffc1dea7000 	C:\WINDOWS\SYSTEM32\ncrypt.dll
0x00007ffc1de40000 - 0x00007ffc1de7b000 	C:\WINDOWS\SYSTEM32\NTASN1.dll
0x00007ffc144a0000 - 0x00007ffc144b0000 	D:\Java\jdk21\bin\verify.dll

dbghelp: loaded successfully - version: 4.0.5 - missing functions: none
symbol engine: initialized successfully - sym options: 0x614 - pdb path: .;D:\Java\jdk21\bin;C:\WINDOWS\SYSTEM32;C:\WINDOWS\WinSxS\amd64_microsoft.windows.common-controls_6595b64144ccf1df_6.0.19041.4355_none_60b8b9eb71f62e16;D:\Java\jdk21\bin\server

VM Arguments:
jvm_args: -XX:TieredStopAtLevel=1 -Dspring.output.ansi.enabled=always -Dcom.sun.management.jmxremote -Dspring.jmx.enabled=true -Dspring.liveBeansView.mbeanDomain -Dspring.application.admin.enabled=true -Dmanagement.endpoints.jmx.exposure.include=* -javaagent:D:\JetBrains\IntelliJ IDEA 2024.3.4.1\lib\idea_rt.jar=50664 -Dfile.encoding=UTF-8 -Dsun.stdout.encoding=UTF-8 -Dsun.stderr.encoding=UTF-8 
java_command: com.project.stationery_be_server.StationeryBeServerApplication
java_class_path (initial): D:\Project-Study\stationery-be-server\target\classes;C:\Users\dell\.m2\repository\org\springframework\boot\spring-boot-starter-security\3.4.3\spring-boot-starter-security-3.4.3.jar;C:\Users\dell\.m2\repository\org\springframework\boot\spring-boot-starter\3.4.3\spring-boot-starter-3.4.3.jar;C:\Users\dell\.m2\repository\org\springframework\boot\spring-boot\3.4.3\spring-boot-3.4.3.jar;C:\Users\dell\.m2\repository\org\springframework\boot\spring-boot-autoconfigure\3.4.3\spring-boot-autoconfigure-3.4.3.jar;C:\Users\dell\.m2\repository\org\springframework\boot\spring-boot-starter-logging\3.4.3\spring-boot-starter-logging-3.4.3.jar;C:\Users\dell\.m2\repository\ch\qos\logback\logback-classic\1.5.16\logback-classic-1.5.16.jar;C:\Users\dell\.m2\repository\ch\qos\logback\logback-core\1.5.16\logback-core-1.5.16.jar;C:\Users\dell\.m2\repository\org\apache\logging\log4j\log4j-to-slf4j\2.24.3\log4j-to-slf4j-2.24.3.jar;C:\Users\dell\.m2\repository\org\apache\logging\log4j\log4j-api\2.24.3\log4j-api-2.24.3.jar;C:\Users\dell\.m2\repository\org\slf4j\jul-to-slf4j\2.0.16\jul-to-slf4j-2.0.16.jar;C:\Users\dell\.m2\repository\jakarta\annotation\jakarta.annotation-api\2.1.1\jakarta.annotation-api-2.1.1.jar;C:\Users\dell\.m2\repository\org\yaml\snakeyaml\2.3\snakeyaml-2.3.jar;C:\Users\dell\.m2\repository\org\springframework\spring-aop\6.2.3\spring-aop-6.2.3.jar;C:\Users\dell\.m2\repository\org\springframework\spring-beans\6.2.3\spring-beans-6.2.3.jar;C:\Users\dell\.m2\repository\org\springframework\security\spring-security-config\6.4.3\spring-security-config-6.4.3.jar;C:\Users\dell\.m2\repository\org\springframework\spring-context\6.2.3\spring-context-6.2.3.jar;C:\Users\dell\.m2\repository\org\springframework\security\spring-security-web\6.4.3\spring-security-web-6.4.3.jar;C:\Users\dell\.m2\repository\org\springframework\spring-expression\6.2.3\spring-expression-6.2.3.jar;C:\Users\dell\.m2\repository\org\springframework\boot\spring-boot-starter-web\3.4.3\spring-boot-starter-web-3.4.3.jar;C:\Users\dell\.m2\repository\org\springframework\boot\spring-boot-starter-json\3.4.3\spring-boot-starter-json-3.4.3.jar;C:\Users\dell\.m2\repository\com\fasterxml\jackson\core\jackson-databind\2.18.2\jackson-databind-2.18.2.jar;C:\Users\dell\.m2\repository\com\fasterxml\jackson\core\jackson-annotations\2.18.2\jackson-annotations-2.18.2.jar;C:\Users\dell\.m2\repository\com\fasterxml\jackson\datatype\jackson-datatype-jdk8\2.18.2\jackson-datatype-jdk8-2.18.2.jar;C:\Users\dell\.m2\repository\com\fasterxml\jackson\datatype\jackson-datatype-jsr310\2.18.2\jackson-datatype-jsr310-2.18.2.jar;C:\Users\dell\.m2\repository\com\fasterxml\jackson\module\jackson-module-parameter-names\2.18.2\jackson-module-parameter-names-2.18.2.jar;C:\Users\dell\.m2\repository\org\springframework\boot\spring-boot-starter-tomcat\3.4.3\spring-boot-starter-tomcat-3.4.3.jar;C:\Users\dell\.m2\repository\org\apache\tomcat\embed\tomcat-embed-core\10.1.36\tomcat-embed-core-10.1.36.jar;C:\Users\dell\.m2\repository\org\apache\tomcat\embed\tomcat-embed-websocket\10.1.36\tomcat-embed-websocket-10.1.36.jar;C:\Users\dell\.m2\repository\org\springframework\spring-web\6.2.3\spring-web-6.2.3.jar;C:\Users\dell\.m2\repository\io\micrometer\micrometer-observation\1.14.4\micrometer-observation-1.14.4.jar;C:\Users\dell\.m2\repository\io\micrometer\micrometer-commons\1.14.4\micrometer-commons-1.14.4.jar;C:\Users\dell\.m2\repository\org\springframework\spring-webmvc\6.2.3\spring-webmvc-6.2.3.jar;C:\Users\dell\.m2\repository\org\springframework\boot\spring-boot-starter-validation\3.4.3\spring-boot-starter-validation-3.4.3.jar;C:\Users\dell\.m2\repository\org\apache\tomcat\embed\tomcat-embed-el\10.1.36\tomcat-embed-el-10.1.36.jar;C:\Users\dell\.m2\repository\org\hibernate\validator\hibernate-validator\8.0.2.Final\hibernate-validator-8.0.2.Final.jar;C:\Users\dell\.m2\repository\jakarta\validation\jakarta.validation-api\3.0.2\jakarta.validation-api-3.0.2.jar;C:\Users\dell\.m2\repository\org\jboss\logging\jboss-logging\3.6.1.Final\jboss-logging-3.6.1.Final.jar;C:\Users\dell\.m2\repository\com\fasterxml\classmate\1.7.0\classmate-1.7.0.jar;C:\Users\dell\.m2\repository\org\springframework\boot\spring-boot-starter-data-jpa\3.4.3\spring-boot-starter-data-jpa-3.4.3.jar;C:\Users\dell\.m2\repository\org\springframework\boot\spring-boot-starter-jdbc\3.4.3\spring-boot-starter-jdbc-3.4.3.jar;C:\Users\dell\.m2\repository\com\zaxxer\HikariCP\5.1.0\HikariCP-5.1.0.jar;C:\Users\dell\.m2\repository\org\springframework\spring-jdbc\6.2.3\spring-jdbc-6.2.3.jar;C:\Users\dell\.m2\repository\org\hibernate\orm\hibernate-core\6.6.8.Final\hibernate-core-6.6.8.Final.jar;C:\Users\dell\.m2\repository\jakarta\persistence\jakarta.persistence-api\3.1.0\jakarta.persistence-api-3.1.0.jar;C:\Users\dell\.m2\repository\jakarta\transaction\jakarta.transaction-api\2.0.1\jakarta.transaction-api-2.0.1.jar;C:\Users\dell\.m2\repository\org\hibernate\common\hibernate-commons-annotations\7.0.3.Final\hibernate-commons-annotations-7.0.3.Final.jar;C:\Users\dell\.m2\repository\io\smallrye\jandex\3.2.0\jandex-3.2.0.jar;C:\Users\dell\.m2\repository\net\bytebuddy\byte-buddy\1.15.11\byte-buddy-1.15.11.jar;C:\Users\dell\.m2\repository\org\glassfish\jaxb\jaxb-runtime\4.0.5\jaxb-runtime-4.0.5.jar;C:\Users\dell\.m2\repository\org\glassfish\jaxb\jaxb-core\4.0.5\jaxb-core-4.0.5.jar;C:\Users\dell\.m2\repository\org\glassfish\jaxb\txw2\4.0.5\txw2-4.0.5.jar;C:\Users\dell\.m2\repository\com\sun\istack\istack-commons-runtime\4.1.2\istack-commons-runtime-4.1.2.jar;C:\Users\dell\.m2\repository\jakarta\inject\jakarta.inject-api\2.0.1\jakarta.inject-api-2.0.1.jar;C:\Users\dell\.m2\repository\org\antlr\antlr4-runtime\4.13.0\antlr4-runtime-4.13.0.jar;C:\Users\dell\.m2\repository\org\springframework\data\spring-data-jpa\3.4.3\spring-data-jpa-3.4.3.jar;C:\Users\dell\.m2\repository\org\springframework\data\spring-data-commons\3.4.3\spring-data-commons-3.4.3.jar;C:\Users\dell\.m2\repository\org\springframework\spring-orm\6.2.3\spring-orm-6.2.3.jar;C:\Users\dell\.m2\repository\org\springframework\spring-tx\6.2.3\spring-tx-6.2.3.jar;C:\Users\dell\.m2\repository\org\slf4j\slf4j-api\2.0.16\slf4j-api-2.0.16.jar;C:\Users\dell\.m2\repository\org\springframework\spring-aspects\6.2.3\spring-aspects-6.2.3.jar;C:\Users\dell\.m2\repository\org\aspectj\aspectjweaver\1.9.22.1\aspectjweaver-1.9.22.1.jar;C:\Users\dell\.m2\repository\com\mysql\mysql-connector-j\9.1.0\mysql-connector-j-9.1.0.jar;C:\Users\dell\.m2\repository\org\projectlombok\lombok\1.18.36\lombok-1.18.36.jar;C:\Users\dell\.m2\repository\com\jayway\jsonpath\json-path\2.9.0\json-path-2.9.0.jar;C:\Users\dell\.m2\repository\jakarta\xml\bind\jakarta.xml.bind-api\4.0.2\jakarta.xml.bind-api-4.0.2.jar;C:\Users\dell\.m2\repository\jakarta\activation\jakarta.activation-api\2.1.3\jakarta.activation-api-2.1.3.jar;C:\Users\dell\.m2\repository\net\minidev\json-smart\2.5.2\json-smart-2.5.2.jar;C:\Users\dell\.m2\repository\net\minidev\accessors-smart\2.5.2\accessors-smart-2.5.2.jar;C:\Users\dell\.m2\repository\org\ow2\asm\asm\9.7.1\asm-9.7.1.jar;C:\Users\dell\.m2\repository\org\springframework\spring-core\6.2.3\spring-core-6.2.3.jar;C:\Users\dell\.m2\repository\org\springframework\spring-jcl\6.2.3\spring-jcl-6.2.3.jar;C:\Users\dell\.m2\repository\org\springframework\security\spring-security-core\6.4.3\spring-security-core-6.4.3.jar;C:\Users\dell\.m2\repository\org\springframework\security\spring-security-crypto\6.4.3\spring-security-crypto-6.4.3.jar;C:\Users\dell\.m2\repository\org\springframework\security\spring-security-oauth2-client\6.4.3\spring-security-oauth2-client-6.4.3.jar;C:\Users\dell\.m2\repository\org\springframework\security\spring-security-oauth2-core\6.4.3\spring-security-oauth2-core-6.4.3.jar;C:\Users\dell\.m2\repository\com\nimbusds\oauth2-oidc-sdk\9.43.6\oauth2-oidc-sdk-9.43.6.jar;C:\Users\dell\.m2\repository\com\github\stephenc\jcip\jcip-annotations\1.0-1\jcip-annotations-1.0-1.jar;C:\Users\dell\.m2\repository\com\nimbusds\content-type\2.2\content-type-2.2.jar;C:\Users\dell\.m2\repository\com\nimbusds\lang-tag\1.7\lang-tag-1.7.jar;C:\Users\dell\.m2\repository\com\nimbusds\nimbus-jose-jwt\9.37.3\nimbus-jose-jwt-9.37.3.jar;C:\Users\dell\.m2\repository\com\google\api-client\google-api-client\2.2.0\google-api-client-2.2.0.jar;C:\Users\dell\.m2\repository\commons-codec\commons-codec\1.17.2\commons-codec-1.17.2.jar;C:\Users\dell\.m2\repository\com\google\oauth-client\google-oauth-client\1.34.1\google-oauth-client-1.34.1.jar;C:\Users\dell\.m2\repository\com\google\http-client\google-http-client-gson\1.42.3\google-http-client-gson-1.42.3.jar;C:\Users\dell\.m2\repository\com\google\code\gson\gson\2.11.0\gson-2.11.0.jar;C:\Users\dell\.m2\repository\com\google\guava\guava\31.1-jre\guava-31.1-jre.jar;C:\Users\dell\.m2\repository\com\google\guava\failureaccess\1.0.1\failureaccess-1.0.1.jar;C:\Users\dell\.m2\repository\com\google\guava\listenablefuture\9999.0-empty-to-avoid-conflict-with-guava\listenablefuture-9999.0-empty-to-avoid-conflict-with-guava.jar;C:\Users\dell\.m2\repository\com\google\code\findbugs\jsr305\3.0.2\jsr305-3.0.2.jar;C:\Users\dell\.m2\repository\org\checkerframework\checker-qual\3.12.0\checker-qual-3.12.0.jar;C:\Users\dell\.m2\repository\com\google\errorprone\error_prone_annotations\2.11.0\error_prone_annotations-2.11.0.jar;C:\Users\dell\.m2\repository\com\google\j2objc\j2objc-annotations\1.3\j2objc-annotations-1.3.jar;C:\Users\dell\.m2\repository\com\google\http-client\google-http-client-apache-v2\1.42.3\google-http-client-apache-v2-1.42.3.jar;C:\Users\dell\.m2\repository\org\apache\httpcomponents\httpcore\4.4.16\httpcore-4.4.16.jar;C:\Users\dell\.m2\repository\org\apache\httpcomponents\httpclient\4.5.14\httpclient-4.5.14.jar;C:\Users\dell\.m2\repository\commons-logging\commons-logging\1.2\commons-logging-1.2.jar;C:\Users\dell\.m2\repository\com\google\http-client\google-http-client\1.42.3\google-http-client-1.42.3.jar;C:\Users\dell\.m2\repository\io\opencensus\opencensus-api\0.31.1\opencensus-api-0.31.1.jar;C:\Users\dell\.m2\repository\io\grpc\grpc-context\1.27.2\grpc-context-1.27.2.jar;C:\Users\dell\.m2\repository\io\opencensus\opencensus-contrib-http-util\0.31.1\opencensus-contrib-http-util-0.31.1.jar;C:\Users\dell\.m2\repository\com\google\http-client\google-http-client-jackson2\1.43.0\google-http-client-jackson2-1.43.0.jar;C:\Users\dell\.m2\repository\com\fasterxml\jackson\core\jackson-core\2.18.2\jackson-core-2.18.2.jar;C:\Users\dell\.m2\repository\org\springframework\boot\spring-boot-starter-oauth2-resource-server\3.4.3\spring-boot-starter-oauth2-resource-server-3.4.3.jar;C:\Users\dell\.m2\repository\org\springframework\security\spring-security-oauth2-resource-server\6.4.3\spring-security-oauth2-resource-server-6.4.3.jar;C:\Users\dell\.m2\repository\org\springframework\security\spring-security-oauth2-jose\6.4.3\spring-security-oauth2-jose-6.4.3.jar;C:\Users\dell\.m2\repository\org\mapstruct\mapstruct\1.5.5.Final\mapstruct-1.5.5.Final.jar;C:\Users\dell\.m2\repository\com\cloudinary\cloudinary-http5\2.0.0\cloudinary-http5-2.0.0.jar;C:\Users\dell\.m2\repository\com\cloudinary\cloudinary-core\2.0.0\cloudinary-core-2.0.0.jar;C:\Users\dell\.m2\repository\org\apache\commons\commons-lang3\3.17.0\commons-lang3-3.17.0.jar;C:\Users\dell\.m2\repository\org\apache\httpcomponents\client5\httpclient5\5.4.2\httpclient5-5.4.2.jar;C:\Users\dell\.m2\repository\org\apache\httpcomponents\core5\httpcore5-h2\5.3.3\httpcore5-h2-5.3.3.jar;C:\Users\dell\.m2\repository\org\apache\httpcomponents\core5\httpcore5\5.3.3\httpcore5-5.3.3.jar;C:\Users\dell\.m2\repository\org\springframework\boot\spring-boot-starter-mail\3.4.3\spring-boot-starter-mail-3.4.3.jar;C:\Users\dell\.m2\repository\org\springframework\spring-context-support\6.2.3\spring-context-support-6.2.3.jar;C:\Users\dell\.m2\repository\org\eclipse\angus\jakarta.mail\2.0.3\jakarta.mail-2.0.3.jar;C:\Users\dell\.m2\repository\org\eclipse\angus\angus-activation\2.0.2\angus-activation-2.0.2.jar;C:\Users\dell\.m2\repository\org\springframework\boot\spring-boot-starter-hateoas\3.4.3\spring-boot-starter-hateoas-3.4.3.jar;C:\Users\dell\.m2\repository\org\springframework\hateoas\spring-hateoas\2.4.1\spring-hateoas-2.4.1.jar;C:\Users\dell\.m2\repository\org\springframework\plugin\spring-plugin-core\3.0.0\spring-plugin-core-3.0.0.jar;C:\Users\dell\.m2\repository\org\springframework\boot\spring-boot-starter-webflux\3.4.3\spring-boot-starter-webflux-3.4.3.jar;C:\Users\dell\.m2\repository\org\springframework\boot\spring-boot-starter-reactor-netty\3.4.3\spring-boot-starter-reactor-netty-3.4.3.jar;C:\Users\dell\.m2\repository\io\projectreactor\netty\reactor-netty-http\1.2.3\reactor-netty-http-1.2.3.jar;C:\Users\dell\.m2\repository\io\netty\netty-codec-http\4.1.118.Final\netty-codec-http-4.1.118.Final.jar;C:\Users\dell\.m2\repository\io\netty\netty-common\4.1.118.Final\netty-common-4.1.118.Final.jar;C:\Users\dell\.m2\repository\io\netty\netty-buffer\4.1.118.Final\netty-buffer-4.1.118.Final.jar;C:\Users\dell\.m2\repository\io\netty\netty-transport\4.1.118.Final\netty-transport-4.1.118.Final.jar;C:\Users\dell\.m2\repository\io\netty\netty-codec\4.1.118.Final\netty-codec-4.1.118.Final.jar;C:\Users\dell\.m2\repository\io\netty\netty-handler\4.1.118.Final\netty-handler-4.1.118.Final.jar;C:\Users\dell\.m2\repository\io\netty\netty-codec-http2\4.1.118.Final\netty-codec-http2-4.1.118.Final.jar;C:\Users\dell\.m2\repository\io\netty\netty-resolver-dns\4.1.118.Final\netty-resolver-dns-4.1.118.Final.jar;C:\Users\dell\.m2\repository\io\netty\netty-resolver\4.1.118.Final\netty-resolver-4.1.118.Final.jar;C:\Users\dell\.m2\repository\io\netty\netty-codec-dns\4.1.118.Final\netty-codec-dns-4.1.118.Final.jar;C:\Users\dell\.m2\repository\io\netty\netty-resolver-dns-native-macos\4.1.118.Final\netty-resolver-dns-native-macos-4.1.118.Final-osx-x86_64.jar;C:\Users\dell\.m2\repository\io\netty\netty-resolver-dns-classes-macos\4.1.118.Final\netty-resolver-dns-classes-macos-4.1.118.Final.jar;C:\Users\dell\.m2\repository\io\netty\netty-transport-native-epoll\4.1.118.Final\netty-transport-native-epoll-4.1.118.Final-linux-x86_64.jar;C:\Users\dell\.m2\repository\io\netty\netty-transport-native-unix-common\4.1.118.Final\netty-transport-native-unix-common-4.1.118.Final.jar;C:\Users\dell\.m2\repository\io\netty\netty-transport-classes-epoll\4.1.118.Final\netty-transport-classes-epoll-4.1.118.Final.jar;C:\Users\dell\.m2\repository\io\projectreactor\netty\reactor-netty-core\1.2.3\reactor-netty-core-1.2.3.jar;C:\Users\dell\.m2\repository\io\netty\netty-handler-proxy\4.1.118.Final\netty-handler-proxy-4.1.118.Final.jar;C:\Users\dell\.m2\repository\io\netty\netty-codec-socks\4.1.118.Final\netty-codec-socks-4.1.118.Final.jar;C:\Users\dell\.m2\repository\org\springframework\spring-webflux\6.2.3\spring-webflux-6.2.3.jar;C:\Users\dell\.m2\repository\io\projectreactor\reactor-core\3.7.3\reactor-core-3.7.3.jar;C:\Users\dell\.m2\repository\org\reactivestreams\reactive-streams\1.0.4\reactive-streams-1.0.4.jar
Launcher Type: SUN_STANDARD

[Global flags]
     intx CICompilerCount                          = 4                                         {product} {ergonomic}
     uint ConcGCThreads                            = 2                                         {product} {ergonomic}
     uint G1ConcRefinementThreads                  = 8                                         {product} {ergonomic}
   size_t G1HeapRegionSize                         = 2097152                                   {product} {ergonomic}
    uintx GCDrainStackTargetSize                   = 64                                        {product} {ergonomic}
   size_t InitialHeapSize                          = 264241152                                 {product} {ergonomic}
     bool ManagementServer                         = true                                      {product} {command line}
   size_t MarkStackSize                            = 4194304                                   {product} {ergonomic}
   size_t MaxHeapSize                              = 4225761280                                {product} {ergonomic}
   size_t MaxNewSize                               = 2535456768                                {product} {ergonomic}
   size_t MinHeapDeltaBytes                        = 2097152                                   {product} {ergonomic}
   size_t MinHeapSize                              = 8388608                                   {product} {ergonomic}
    uintx NonNMethodCodeHeapSize                   = 4096                                   {pd product} {ergonomic}
    uintx NonProfiledCodeHeapSize                  = 0                                      {pd product} {ergonomic}
     bool ProfileInterpreter                       = false                                  {pd product} {command line}
    uintx ProfiledCodeHeapSize                     = 0                                      {pd product} {ergonomic}
   size_t SoftMaxHeapSize                          = 4225761280                             {manageable} {ergonomic}
     intx TieredStopAtLevel                        = 1                                         {product} {command line}
     bool UseCompressedOops                        = true                           {product lp64_product} {ergonomic}
     bool UseG1GC                                  = true                                      {product} {ergonomic}
     bool UseLargePagesIndividualAllocation        = false                                  {pd product} {ergonomic}

Logging:
Log output configuration:
 #0: stdout all=warning uptime,level,tags foldmultilines=false
 #1: stderr all=off uptime,level,tags foldmultilines=false

Environment Variables:
JAVA_HOME=D:\java\jdk21
PATH=C:\Program Files\Microsoft MPI\Bin\;C:\Program Files\Common Files\Oracle\Java\javapath;C:\WINDOWS\system32;C:\WINDOWS;C:\WINDOWS\System32\Wbem;C:\WINDOWS\System32\WindowsPowerShell\v1.0\;C:\WINDOWS\System32\OpenSSH\;C:\Program Files\Microsoft SQL Server\Client SDK\ODBC\170\Tools\Binn\;D:\Install\bin;D:\Git\cmd;D:\XAMPP\php;C:\ProgramData\ComposerSetup\bin;C:\mingw64\bin;C:\TDM-GCC-32\bin;D:\notejs\;D:\XAMPP\mysql\bin;D:\Maven\bin;D:\Maven\apache-maven-3.9.9\bin;C:\Program Files (x86)\Microsoft SQL Server\160\Tools\Binn\;C:\Program Files\Microsoft SQL Server\160\Tools\Binn\;C:\Program Files\Microsoft SQL Server\160\DTS\Binn\;C:\Program Files (x86)\Microsoft SQL Server\160\DTS\Binn\;D:\python\Scripts\;D:\python\;D:\java\jdk21\bin;D:\Microsoft VS Code\bin;C:\Users\dell\AppData\Roaming\Composer\vendor\bin;C:\mingw64\bin;C:\Users\dell\AppData\Roaming\npm;D:\nodejs;D:\PyCharm\PyCharm Community Edition 2024.2.4\bin;;D:\Wireshark;D:\python3.10;D:\python39;D:\JetBrains\IntelliJ IDEA 2024.3.4.1\bin;;D:\Maven\bin;
USERNAME=dell
OS=Windows_NT
PROCESSOR_IDENTIFIER=Intel64 Family 6 Model 140 Stepping 1, GenuineIntel
TMP=C:\Users\dell\AppData\Local\Temp
TEMP=C:\Users\dell\AppData\Local\Temp




Periodic native trim disabled

---------------  S Y S T E M  ---------------

OS:
 Windows 10 , 64 bit Build 19041 (10.0.19041.5678)
OS uptime: 1 days 3:24 hours

CPU: total 8 (initial active 8) (4 cores per cpu, 2 threads per core) family 6 model 140 stepping 1 microcode 0xbc, cx8, cmov, fxsr, ht, mmx, 3dnowpref, sse, sse2, sse3, ssse3, sse4.1, sse4.2, popcnt, lzcnt, tsc, tscinvbit, avx, avx2, aes, erms, clmul, bmi1, bmi2, adx, avx512f, avx512dq, avx512cd, avx512bw, avx512vl, sha, fma, vzeroupper, avx512_vpopcntdq, avx512_vpclmulqdq, avx512_vaes, avx512_vnni, clflush, clflushopt, clwb, avx512_vbmi2, avx512_vbmi, rdtscp, rdpid, fsrm, gfni, avx512_bitalg, f16c, pku, cet_ibt, cet_ss, avx512_ifma
Processor Information for all 8 processors :
  Max Mhz: 2419, Current Mhz: 2419, Mhz Limit: 2419

Memory: 4k page, system-wide physical 16118M (2827M free)
TotalPageFile size 17795M (AvailPageFile size 35M)
current process WorkingSet (physical memory assigned to process): 294M, peak: 294M
current process commit charge ("private bytes"): 334M, peak: 412M

vm_info: Java HotSpot(TM) 64-Bit Server VM (21.0.6+8-LTS-188) for windows-amd64 JRE (21.0.6+8-LTS-188), built on 2024-12-03T10:50:54Z by "mach5one" with MS VC++ 17.6 (VS2022)

END.
