#
# There is insufficient memory for the Java Runtime Environment to continue.
# Native memory allocation (mmap) failed to map 90177536 bytes for G1 virtual space
# Possible reasons:
#   The system is out of physical RAM or swap space
#   The process is running with CompressedOops enabled, and the Java Heap may be blocking the growth of the native heap
# Possible solutions:
#   Reduce memory load on the system
#   Increase physical memory or swap space
#   Check if swap backing store is full
#   Decrease Java heap size (-Xmx/-Xms)
#   Decrease number of Java threads
#   Decrease Java thread stack sizes (-Xss)
#   Set larger code cache with -XX:ReservedCodeCacheSize=
#   JVM is running with Zero Based Compressed Oops mode in which the Java heap is
#     placed in the first 32GB address space. The Java Heap base address is the
#     maximum limit for the native heap growth. Please use -XX:HeapBaseMinAddress
#     to set the Java Heap base and to place the Java Heap above 32GB virtual address.
# This output file may be truncated or incomplete.
#
#  Out of Memory Error (os_windows.cpp:3603), pid=18556, tid=14864
#
# JRE version: Java(TM) SE Runtime Environment (21.0.6+8) (build 21.0.6+8-LTS-188)
# Java VM: Java HotSpot(TM) 64-Bit Server VM (21.0.6+8-LTS-188, mixed mode, emulated-client, sharing, tiered, compressed oops, compressed class ptrs, g1 gc, windows-amd64)
# No core dump will be written. Minidumps are not enabled by default on client versions of Windows
#

---------------  S U M M A R Y ------------

Command Line: -XX:TieredStopAtLevel=1 -Dspring.output.ansi.enabled=always -Dcom.sun.management.jmxremote -Dspring.jmx.enabled=true -Dspring.liveBeansView.mbeanDomain -Dspring.application.admin.enabled=true -Dmanagement.endpoints.jmx.exposure.include=* -javaagent:D:\JetBrains\IntelliJ IDEA 2024.3.4.1\lib\idea_rt.jar=53362 -Dfile.encoding=UTF-8 -Dsun.stdout.encoding=UTF-8 -Dsun.stderr.encoding=UTF-8 com.project.stationery_be_server.StationeryBeServerApplication

Host: 11th Gen Intel(R) Core(TM) i5-1135G7 @ 2.40GHz, 8 cores, 15G,  Windows 10 , 64 bit Build 19041 (10.0.19041.5678)
Time: Sat May  3 15:48:43 2025 SE Asia Standard Time elapsed time: 9.128608 seconds (0d 0h 0m 9s)

---------------  T H R E A D  ---------------

Current thread (0x00000237bba41630):  VMThread "VM Thread"          [id=14864, stack(0x000000dead000000,0x000000dead100000) (1024K)]

Stack: [0x000000dead000000,0x000000dead100000]
Native frames: (J=compiled Java code, j=interpreted, Vv=VM code, C=native code)
V  [jvm.dll+0x6ca6d9]
V  [jvm.dll+0x854f51]
V  [jvm.dll+0x85747e]
V  [jvm.dll+0x857b53]
V  [jvm.dll+0x27dcc6]
V  [jvm.dll+0x6c6e55]
V  [jvm.dll+0x6bb9da]
V  [jvm.dll+0x35393a]
V  [jvm.dll+0x35b596]
V  [jvm.dll+0x3adefe]
V  [jvm.dll+0x3ae1a8]
V  [jvm.dll+0x327cbc]
V  [jvm.dll+0x327d47]
V  [jvm.dll+0x36c60c]
V  [jvm.dll+0x36ae5e]
V  [jvm.dll+0x327481]
V  [jvm.dll+0x36a57a]
V  [jvm.dll+0x85d920]
V  [jvm.dll+0x85eca4]
V  [jvm.dll+0x85f1e0]
V  [jvm.dll+0x85f483]
V  [jvm.dll+0x7ff2fb]
V  [jvm.dll+0x6c8dbd]
C  [ucrtbase.dll+0x21bb2]
C  [KERNEL32.DLL+0x17374]
C  [ntdll.dll+0x4cc91]

VM_Operation (0x000000deac9f6ee0): G1CollectForAllocation, mode: safepoint, requested by thread 0x00000237a8e4abd0


---------------  P R O C E S S  ---------------

Threads class SMR info:
_java_thread_list=0x0000023784cb5780, length=24, elements={
0x00000237a8e4abd0, 0x00000237bba5ef90, 0x00000237bba5fca0, 0x00000237bba60c30,
0x00000237bba62690, 0x00000237bba630e0, 0x00000237bba6bb40, 0x00000237bba6c590,
0x00000237fd0b4fa0, 0x00000237fd148ea0, 0x00000237fd431470, 0x00000237fd431b10,
0x00000237fd8145c0, 0x00000237fd815840, 0x00000237fda0f3e0, 0x00000237fda032e0,
0x00000237fda9b170, 0x00000237fdaa0d80, 0x00000237846bb8f0, 0x00000237846b9190,
0x00000237846b9820, 0x00000237846babd0, 0x00000237846bb260, 0x00000237846b8b00
}

Java Threads: ( => current thread )
  0x00000237a8e4abd0 JavaThread "main"                              [_thread_blocked, id=18712, stack(0x000000deac900000,0x000000deaca00000) (1024K)]
  0x00000237bba5ef90 JavaThread "Reference Handler"          daemon [_thread_blocked, id=18512, stack(0x000000dead100000,0x000000dead200000) (1024K)]
  0x00000237bba5fca0 JavaThread "Finalizer"                  daemon [_thread_blocked, id=2936, stack(0x000000dead200000,0x000000dead300000) (1024K)]
  0x00000237bba60c30 JavaThread "Signal Dispatcher"          daemon [_thread_blocked, id=16692, stack(0x000000dead300000,0x000000dead400000) (1024K)]
  0x00000237bba62690 JavaThread "Attach Listener"            daemon [_thread_blocked, id=19224, stack(0x000000dead400000,0x000000dead500000) (1024K)]
  0x00000237bba630e0 JavaThread "Service Thread"             daemon [_thread_blocked, id=10492, stack(0x000000dead500000,0x000000dead600000) (1024K)]
  0x00000237bba6bb40 JavaThread "Monitor Deflation Thread"   daemon [_thread_blocked, id=10916, stack(0x000000dead600000,0x000000dead700000) (1024K)]
  0x00000237bba6c590 JavaThread "C1 CompilerThread0"         daemon [_thread_blocked, id=17636, stack(0x000000dead700000,0x000000dead800000) (1024K)]
  0x00000237fd0b4fa0 JavaThread "C1 CompilerThread1"         daemon [_thread_blocked, id=13472, stack(0x000000dead800000,0x000000dead900000) (1024K)]
  0x00000237fd148ea0 JavaThread "Common-Cleaner"             daemon [_thread_blocked, id=944, stack(0x000000dead900000,0x000000deada00000) (1024K)]
  0x00000237fd431470 JavaThread "C1 CompilerThread2"         daemon [_thread_blocked, id=11068, stack(0x000000deada00000,0x000000deadb00000) (1024K)]
  0x00000237fd431b10 JavaThread "C1 CompilerThread3"         daemon [_thread_blocked, id=11916, stack(0x000000deadb00000,0x000000deadc00000) (1024K)]
  0x00000237fd8145c0 JavaThread "Monitor Ctrl-Break"         daemon [_thread_in_native, id=14640, stack(0x000000deadc00000,0x000000deadd00000) (1024K)]
  0x00000237fd815840 JavaThread "Notification Thread"        daemon [_thread_blocked, id=11880, stack(0x000000deadd00000,0x000000deade00000) (1024K)]
  0x00000237fda0f3e0 JavaThread "RMI TCP Accept-0"           daemon [_thread_in_native, id=14460, stack(0x000000deade00000,0x000000deadf00000) (1024K)]
  0x00000237fda032e0 JavaThread "RMI TCP Connection(1)-192.168.1.33" daemon [_thread_in_native, id=6368, stack(0x000000deadf00000,0x000000deae000000) (1024K)]
  0x00000237fda9b170 JavaThread "RMI Scheduler(0)"           daemon [_thread_blocked, id=17692, stack(0x000000deae700000,0x000000deae800000) (1024K)]
  0x00000237fdaa0d80 JavaThread "JMX server connection timeout 33" daemon [_thread_blocked, id=16040, stack(0x000000deae800000,0x000000deae900000) (1024K)]
  0x00000237846bb8f0 JavaThread "Catalina-utility-1"                [_thread_blocked, id=13908, stack(0x000000deae900000,0x000000deaea00000) (1024K)]
  0x00000237846b9190 JavaThread "Catalina-utility-2"                [_thread_blocked, id=11300, stack(0x000000deaeb00000,0x000000deaec00000) (1024K)]
  0x00000237846b9820 JavaThread "container-0"                       [_thread_blocked, id=17536, stack(0x000000deaec00000,0x000000deaed00000) (1024K)]
  0x00000237846babd0 JavaThread "mysql-cj-abandoned-connection-cleanup" daemon [_thread_blocked, id=15936, stack(0x000000deaed00000,0x000000deaee00000) (1024K)]
  0x00000237846bb260 JavaThread "HikariPool-1 housekeeper"   daemon [_thread_blocked, id=3632, stack(0x000000deaef00000,0x000000deaf000000) (1024K)]
  0x00000237846b8b00 JavaThread "HikariPool-1 connection adder" daemon [_thread_blocked, id=18020, stack(0x000000deaf000000,0x000000deaf100000) (1024K)]
Total: 24

Other Threads:
=>0x00000237bba41630 VMThread "VM Thread"                           [id=14864, stack(0x000000dead000000,0x000000dead100000) (1024K)]
  0x00000237bba30ca0 WatcherThread "VM Periodic Task Thread"        [id=14876, stack(0x000000deacf00000,0x000000dead000000) (1024K)]
  0x00000237a8eb0990 WorkerThread "GC Thread#0"                     [id=15652, stack(0x000000deaca00000,0x000000deacb00000) (1024K)]
  0x00000237fda49a70 WorkerThread "GC Thread#1"                     [id=1068, stack(0x000000deae000000,0x000000deae100000) (1024K)]
  0x00000237fda3f580 WorkerThread "GC Thread#2"                     [id=5552, stack(0x000000deae100000,0x000000deae200000) (1024K)]
  0x00000237fda22030 WorkerThread "GC Thread#3"                     [id=5044, stack(0x000000deae200000,0x000000deae300000) (1024K)]
  0x00000237fda223d0 WorkerThread "GC Thread#4"                     [id=9828, stack(0x000000deae300000,0x000000deae400000) (1024K)]
  0x00000237fda22770 WorkerThread "GC Thread#5"                     [id=14452, stack(0x000000deae400000,0x000000deae500000) (1024K)]
  0x00000237fda30c80 WorkerThread "GC Thread#6"                     [id=10892, stack(0x000000deae500000,0x000000deae600000) (1024K)]
  0x00000237fda7a890 WorkerThread "GC Thread#7"                     [id=4804, stack(0x000000deae600000,0x000000deae700000) (1024K)]
  0x00000237a8ec1500 ConcurrentGCThread "G1 Main Marker"            [id=9896, stack(0x000000deacb00000,0x000000deacc00000) (1024K)]
  0x00000237a8ec2620 WorkerThread "G1 Conc#0"                       [id=17756, stack(0x000000deacc00000,0x000000deacd00000) (1024K)]
  0x00000237fe53a120 WorkerThread "G1 Conc#1"                       [id=9960, stack(0x000000deaea00000,0x000000deaeb00000) (1024K)]
  0x00000237bb9037e0 ConcurrentGCThread "G1 Refine#0"               [id=6044, stack(0x000000deacd00000,0x000000deace00000) (1024K)]
  0x00000237bb904160 ConcurrentGCThread "G1 Service"                [id=4588, stack(0x000000deace00000,0x000000deacf00000) (1024K)]
Total: 15

Threads with active compile tasks:
Total: 0

VM state: at safepoint (normal execution)

VM Mutex/Monitor currently owned by a thread:  ([mutex/lock_event])
[0x00007ffbb550de98] Threads_lock - owner thread: 0x00000237bba41630
[0x00007ffbb550df98] Heap_lock - owner thread: 0x00000237a8e4abd0

Heap address: 0x0000000704200000, size: 4030 MB, Compressed Oops mode: Zero based, Oop shift amount: 3

CDS archive(s) mapped at: [0x00000237bc000000-0x00000237bcc90000-0x00000237bcc90000), size 13172736, SharedBaseAddress: 0x00000237bc000000, ArchiveRelocationMode: 1.
Compressed class space mapped at: 0x00000237bd000000-0x00000237fd000000, reserved size: 1073741824
Narrow klass base: 0x00000237bc000000, Narrow klass shift: 0, Narrow klass range: 0x100000000

GC Precious Log:
 CardTable entry size: 512
 Card Set container configuration: InlinePtr #cards 4 size 8 Array Of Cards #cards 16 size 48 Howl #buckets 8 coarsen threshold 3686 Howl Bitmap #cards 512 size 80 coarsen threshold 460 Card regions per heap region 1 cards per card region 4096
 CPUs: 8 total, 8 available
 Memory: 16118M
 Large Page Support: Disabled
 NUMA Support: Disabled
 Compressed Oops: Enabled (Zero based)
 Heap Region Size: 2M
 Heap Min Capacity: 8M
 Heap Initial Capacity: 252M
 Heap Max Capacity: 4030M
 Pre-touch: Disabled
 Parallel Workers: 8
 Concurrent Workers: 2
 Concurrent Refinement Workers: 8
 Periodic GC: Disabled

Heap:
 garbage-first heap   total 126976K, used 57311K [0x0000000704200000, 0x0000000800000000)
  region size 2048K, 1 young (2048K), 1 survivors (2048K)
 Metaspace       used 76953K, committed 77696K, reserved 1179648K
  class space    used 11144K, committed 11456K, reserved 1048576K

Heap Regions: E=young(eden), S=young(survivor), O=old, HS=humongous(starts), HC=humongous(continues), CS=collection set, F=free, TAMS=top-at-mark-start, PB=parsable bottom
|   0|0x0000000704200000, 0x0000000704400000, 0x0000000704400000|100%| O|  |TAMS 0x0000000704400000| PB 0x0000000704200000| Untracked 
|   1|0x0000000704400000, 0x0000000704600000, 0x0000000704600000|100%| O|  |TAMS 0x0000000704600000| PB 0x0000000704400000| Untracked 
|   2|0x0000000704600000, 0x0000000704800000, 0x0000000704800000|100%| O|  |TAMS 0x0000000704800000| PB 0x0000000704600000| Untracked 
|   3|0x0000000704800000, 0x0000000704a00000, 0x0000000704a00000|100%| O|  |TAMS 0x0000000704a00000| PB 0x0000000704800000| Untracked 
|   4|0x0000000704a00000, 0x0000000704c00000, 0x0000000704c00000|100%| O|  |TAMS 0x0000000704c00000| PB 0x0000000704a00000| Untracked 
|   5|0x0000000704c00000, 0x0000000704e00000, 0x0000000704e00000|100%| O|  |TAMS 0x0000000704e00000| PB 0x0000000704c00000| Untracked 
|   6|0x0000000704e00000, 0x0000000705000000, 0x0000000705000000|100%| O|  |TAMS 0x0000000705000000| PB 0x0000000704e00000| Untracked 
|   7|0x0000000705000000, 0x0000000705200000, 0x0000000705200000|100%| O|  |TAMS 0x0000000705200000| PB 0x0000000705000000| Untracked 
|   8|0x0000000705200000, 0x0000000705400000, 0x0000000705400000|100%| O|  |TAMS 0x0000000705400000| PB 0x0000000705200000| Untracked 
|   9|0x0000000705400000, 0x0000000705600000, 0x0000000705600000|100%| O|  |TAMS 0x0000000705600000| PB 0x0000000705400000| Untracked 
|  10|0x0000000705600000, 0x0000000705800000, 0x0000000705800000|100%| O|  |TAMS 0x0000000705800000| PB 0x0000000705600000| Untracked 
|  11|0x0000000705800000, 0x0000000705a00000, 0x0000000705a00000|100%| O|  |TAMS 0x0000000705a00000| PB 0x0000000705800000| Untracked 
|  12|0x0000000705a00000, 0x0000000705c00000, 0x0000000705c00000|100%| O|  |TAMS 0x0000000705c00000| PB 0x0000000705a00000| Untracked 
|  13|0x0000000705c00000, 0x0000000705e00000, 0x0000000705e00000|100%| O|  |TAMS 0x0000000705e00000| PB 0x0000000705c00000| Untracked 
|  14|0x0000000705e00000, 0x0000000706000000, 0x0000000706000000|100%| O|  |TAMS 0x0000000706000000| PB 0x0000000705e00000| Untracked 
|  15|0x0000000706000000, 0x0000000706200000, 0x0000000706200000|100%| O|  |TAMS 0x0000000706200000| PB 0x0000000706000000| Untracked 
|  16|0x0000000706200000, 0x0000000706400000, 0x0000000706400000|100%| O|  |TAMS 0x0000000706400000| PB 0x0000000706200000| Untracked 
|  17|0x0000000706400000, 0x0000000706600000, 0x0000000706600000|100%| O|  |TAMS 0x0000000706600000| PB 0x0000000706400000| Untracked 
|  18|0x0000000706600000, 0x0000000706800000, 0x0000000706800000|100%| O|  |TAMS 0x0000000706800000| PB 0x0000000706600000| Untracked 
|  19|0x0000000706800000, 0x0000000706a00000, 0x0000000706a00000|100%| O|  |TAMS 0x0000000706a00000| PB 0x0000000706800000| Untracked 
|  20|0x0000000706a00000, 0x0000000706c00000, 0x0000000706c00000|100%| O|  |TAMS 0x0000000706c00000| PB 0x0000000706a00000| Untracked 
|  21|0x0000000706c00000, 0x0000000706e00000, 0x0000000706e00000|100%| O|  |TAMS 0x0000000706c00000| PB 0x0000000706c00000| Untracked 
|  22|0x0000000706e00000, 0x0000000707000000, 0x0000000707000000|100%| O|  |TAMS 0x0000000707000000| PB 0x0000000706e00000| Untracked 
|  23|0x0000000707000000, 0x0000000707200000, 0x0000000707200000|100%| O|  |TAMS 0x00000007071ba300| PB 0x0000000707000000| Untracked 
|  24|0x0000000707200000, 0x0000000707286100, 0x0000000707400000| 26%| O|  |TAMS 0x0000000707200000| PB 0x0000000707200000| Untracked 
|  25|0x0000000707400000, 0x0000000707400000, 0x0000000707600000|  0%| F|  |TAMS 0x0000000707400000| PB 0x0000000707400000| Untracked 
|  26|0x0000000707600000, 0x0000000707600000, 0x0000000707800000|  0%| F|  |TAMS 0x0000000707600000| PB 0x0000000707600000| Untracked 
|  27|0x0000000707800000, 0x0000000707a00000, 0x0000000707a00000|100%| O|  |TAMS 0x0000000707a00000| PB 0x0000000707800000| Untracked 
|  28|0x0000000707a00000, 0x0000000707a00000, 0x0000000707c00000|  0%| F|  |TAMS 0x0000000707a00000| PB 0x0000000707a00000| Untracked 
|  29|0x0000000707c00000, 0x0000000707c00000, 0x0000000707e00000|  0%| F|  |TAMS 0x0000000707c00000| PB 0x0000000707c00000| Untracked 
|  30|0x0000000707e00000, 0x0000000708000000, 0x0000000708000000|100%| O|  |TAMS 0x0000000708000000| PB 0x0000000707e00000| Untracked 
|  31|0x0000000708000000, 0x0000000708000000, 0x0000000708200000|  0%| F|  |TAMS 0x0000000708000000| PB 0x0000000708000000| Untracked 
|  32|0x0000000708200000, 0x0000000708400000, 0x0000000708400000|100%| O|  |TAMS 0x0000000708400000| PB 0x0000000708200000| Untracked 
|  33|0x0000000708400000, 0x0000000708400000, 0x0000000708600000|  0%| F|  |TAMS 0x0000000708400000| PB 0x0000000708400000| Untracked 
|  34|0x0000000708600000, 0x0000000708600000, 0x0000000708800000|  0%| F|  |TAMS 0x0000000708600000| PB 0x0000000708600000| Untracked 
|  35|0x0000000708800000, 0x0000000708800000, 0x0000000708a00000|  0%| F|  |TAMS 0x0000000708800000| PB 0x0000000708800000| Untracked 
|  36|0x0000000708a00000, 0x0000000708b71e80, 0x0000000708c00000| 72%| S|CS|TAMS 0x0000000708a00000| PB 0x0000000708a00000| Complete 
|  37|0x0000000708c00000, 0x0000000708c00000, 0x0000000708e00000|  0%| F|  |TAMS 0x0000000708c00000| PB 0x0000000708c00000| Untracked 
|  38|0x0000000708e00000, 0x0000000708e00000, 0x0000000709000000|  0%| F|  |TAMS 0x0000000708e00000| PB 0x0000000708e00000| Untracked 
|  39|0x0000000709000000, 0x0000000709000000, 0x0000000709200000|  0%| F|  |TAMS 0x0000000709000000| PB 0x0000000709000000| Untracked 
|  40|0x0000000709200000, 0x0000000709200000, 0x0000000709400000|  0%| F|  |TAMS 0x0000000709200000| PB 0x0000000709200000| Untracked 
|  41|0x0000000709400000, 0x0000000709400000, 0x0000000709600000|  0%| F|  |TAMS 0x0000000709400000| PB 0x0000000709400000| Untracked 
|  42|0x0000000709600000, 0x0000000709600000, 0x0000000709800000|  0%| F|  |TAMS 0x0000000709600000| PB 0x0000000709600000| Untracked 
|  43|0x0000000709800000, 0x0000000709800000, 0x0000000709a00000|  0%| F|  |TAMS 0x0000000709800000| PB 0x0000000709800000| Untracked 
|  44|0x0000000709a00000, 0x0000000709a00000, 0x0000000709c00000|  0%| F|  |TAMS 0x0000000709a00000| PB 0x0000000709a00000| Untracked 
|  45|0x0000000709c00000, 0x0000000709c00000, 0x0000000709e00000|  0%| F|  |TAMS 0x0000000709c00000| PB 0x0000000709c00000| Untracked 
|  46|0x0000000709e00000, 0x0000000709e00000, 0x000000070a000000|  0%| F|  |TAMS 0x0000000709e00000| PB 0x0000000709e00000| Untracked 
|  47|0x000000070a000000, 0x000000070a000000, 0x000000070a200000|  0%| F|  |TAMS 0x000000070a000000| PB 0x000000070a000000| Untracked 
|  48|0x000000070a200000, 0x000000070a200000, 0x000000070a400000|  0%| F|  |TAMS 0x000000070a200000| PB 0x000000070a200000| Untracked 
|  49|0x000000070a400000, 0x000000070a400000, 0x000000070a600000|  0%| F|  |TAMS 0x000000070a400000| PB 0x000000070a400000| Untracked 
|  50|0x000000070a600000, 0x000000070a600000, 0x000000070a800000|  0%| F|  |TAMS 0x000000070a600000| PB 0x000000070a600000| Untracked 
|  51|0x000000070a800000, 0x000000070a800000, 0x000000070aa00000|  0%| F|  |TAMS 0x000000070a800000| PB 0x000000070a800000| Untracked 
|  52|0x000000070aa00000, 0x000000070aa00000, 0x000000070ac00000|  0%| F|  |TAMS 0x000000070aa00000| PB 0x000000070aa00000| Untracked 
|  53|0x000000070ac00000, 0x000000070ac00000, 0x000000070ae00000|  0%| F|  |TAMS 0x000000070ac00000| PB 0x000000070ac00000| Untracked 
|  54|0x000000070ae00000, 0x000000070ae00000, 0x000000070b000000|  0%| F|  |TAMS 0x000000070ae00000| PB 0x000000070ae00000| Untracked 
|  55|0x000000070b000000, 0x000000070b000000, 0x000000070b200000|  0%| F|  |TAMS 0x000000070b000000| PB 0x000000070b000000| Untracked 
|  56|0x000000070b200000, 0x000000070b200000, 0x000000070b400000|  0%| F|  |TAMS 0x000000070b200000| PB 0x000000070b200000| Untracked 
| 100|0x0000000710a00000, 0x0000000710a00000, 0x0000000710c00000|  0%| F|  |TAMS 0x0000000710a00000| PB 0x0000000710a00000| Untracked 
| 101|0x0000000710c00000, 0x0000000710c00000, 0x0000000710e00000|  0%| F|  |TAMS 0x0000000710c00000| PB 0x0000000710c00000| Untracked 
| 102|0x0000000710e00000, 0x0000000710e00000, 0x0000000711000000|  0%| F|  |TAMS 0x0000000710e00000| PB 0x0000000710e00000| Untracked 
| 124|0x0000000713a00000, 0x0000000713a00000, 0x0000000713c00000|  0%| F|  |TAMS 0x0000000713a00000| PB 0x0000000713a00000| Untracked 
| 125|0x0000000713c00000, 0x0000000713c00000, 0x0000000713e00000|  0%| F|  |TAMS 0x0000000713c00000| PB 0x0000000713c00000| Untracked 

Card table byte_map: [0x00000237b4bb0000,0x00000237b5390000] _byte_map_base: 0x00000237b138f000

Marking Bits: (CMBitMap*) 0x00000237a8eb0ea0
 Bits: [0x00000237b5390000, 0x00000237b9288000)

Polling page: 0x00000237a6d30000

Metaspace:

Usage:
  Non-class:     64.27 MB used.
      Class:     10.88 MB used.
       Both:     75.15 MB used.

Virtual space:
  Non-class space:      128.00 MB reserved,      64.69 MB ( 51%) committed,  2 nodes.
      Class space:        1.00 GB reserved,      11.19 MB (  1%) committed,  1 nodes.
             Both:        1.12 GB reserved,      75.88 MB (  7%) committed. 

Chunk freelists:
   Non-Class:  14.94 MB
       Class:  4.63 MB
        Both:  19.56 MB

MaxMetaspaceSize: unlimited
CompressedClassSpaceSize: 1.00 GB
Initial GC threshold: 21.00 MB
Current GC threshold: 125.94 MB
CDS: on
 - commit_granule_bytes: 65536.
 - commit_granule_words: 8192.
 - virtual_space_node_default_size: 8388608.
 - enlarge_chunks_in_place: 1.
 - use_allocation_guard: 0.


Internal statistics:

num_allocs_failed_limit: 6.
num_arena_births: 1098.
num_arena_deaths: 0.
num_vsnodes_births: 3.
num_vsnodes_deaths: 0.
num_space_committed: 1214.
num_space_uncommitted: 0.
num_chunks_returned_to_freelist: 6.
num_chunks_taken_from_freelist: 3710.
num_chunk_merges: 6.
num_chunk_splits: 2753.
num_chunks_enlarged: 2173.
num_inconsistent_stats: 0.

CodeCache: size=49152Kb used=14539Kb max_used=16058Kb free=34613Kb
 bounds [0x00000237b12c0000, 0x00000237b2270000, 0x00000237b42c0000]
 total_blobs=7853 nmethods=7111 adapters=661
 compilation: enabled
              stopped_count=0, restarted_count=0
 full_count=0

Compilation events (20 events):
Event: 8.931 Thread 0x00000237fd0b4fa0 8498       1       org.springframework.data.util.CustomCollections$SearchableTypes$$Lambda/0x00000237bd9dc6e0::test (12 bytes)
Event: 8.931 Thread 0x00000237fd431b10 8499       1       org.springframework.data.util.CustomCollections$SearchableTypes::lambda$static$1 (6 bytes)
Event: 8.931 Thread 0x00000237fd431b10 nmethod 8499 0x00000237b16bc610 code [0x00000237b16bc7c0, 0x00000237b16bc888]
Event: 8.931 Thread 0x00000237fd0b4fa0 nmethod 8498 0x00000237b161b690 code [0x00000237b161b840, 0x00000237b161b9b0]
Event: 8.931 Thread 0x00000237fd431b10 8500       1       org.springframework.data.util.CustomCollections$SearchableTypes$$Lambda/0x00000237bd9dc920::apply (8 bytes)
Event: 8.931 Thread 0x00000237fd0b4fa0 8501       1       org.springframework.data.util.CustomCollections$SearchableTypes::lambda$static$2 (13 bytes)
Event: 8.931 Thread 0x00000237bba6c590 nmethod 8497 0x00000237b14b9e90 code [0x00000237b14ba0a0, 0x00000237b14ba350]
Event: 8.931 Thread 0x00000237fd431470 nmethod 8496 0x00000237b1889490 code [0x00000237b1889660, 0x00000237b1889858]
Event: 8.931 Thread 0x00000237fd431b10 nmethod 8500 0x00000237b16cd890 code [0x00000237b16cda20, 0x00000237b16cdb40]
Event: 8.932 Thread 0x00000237fd0b4fa0 nmethod 8501 0x00000237b16da910 code [0x00000237b16daaa0, 0x00000237b16dab60]
Event: 8.970 Thread 0x00000237fd431b10 8502       1       org.antlr.v4.runtime.misc.FlexibleHashMap::<init> (60 bytes)
Event: 8.971 Thread 0x00000237fd431b10 nmethod 8502 0x00000237b19c5910 code [0x00000237b19c5b00, 0x00000237b19c5dc8]
Event: 9.024 Thread 0x00000237fd0b4fa0 8503       1       org.antlr.v4.runtime.atn.PredictionMode::allConfigsInRuleStopStates (41 bytes)
Event: 9.024 Thread 0x00000237fd0b4fa0 nmethod 8503 0x00000237b1803510 code [0x00000237b18036e0, 0x00000237b18039a0]
Event: 9.084 Thread 0x00000237fd0b4fa0 8504       1       org.antlr.v4.runtime.atn.PredictionMode::hasSLLConflictTerminatingPrediction (109 bytes)
Event: 9.085 Thread 0x00000237fd0b4fa0 nmethod 8504 0x00000237b1a12910 code [0x00000237b1a12b40, 0x00000237b1a13040]
Event: 9.090 Thread 0x00000237fd0b4fa0 8505   !   1       org.antlr.v4.runtime.atn.LexerATNSimulator::addDFAState (224 bytes)
Event: 9.090 Thread 0x00000237bba6c590 8506       1       org.antlr.v4.runtime.atn.LexerATNSimulator::addDFAEdge (37 bytes)
Event: 9.091 Thread 0x00000237bba6c590 nmethod 8506 0x00000237b167c310 code [0x00000237b167c4c0, 0x00000237b167c640]
Event: 9.091 Thread 0x00000237fd0b4fa0 nmethod 8505 0x00000237b16d1d90 code [0x00000237b16d1fe0, 0x00000237b16d2918]

GC Heap History (20 events):
Event: 7.598 GC heap after
{Heap after GC invocations=16 (full 0):
 garbage-first heap   total 83968K, used 38974K [0x0000000704200000, 0x0000000800000000)
  region size 2048K, 3 young (6144K), 3 survivors (6144K)
 Metaspace       used 71664K, committed 72448K, reserved 1114112K
  class space    used 10104K, committed 10432K, reserved 1048576K
}
Event: 7.911 GC heap before
{Heap before GC invocations=16 (full 0):
 garbage-first heap   total 83968K, used 67646K [0x0000000704200000, 0x0000000800000000)
  region size 2048K, 18 young (36864K), 3 survivors (6144K)
 Metaspace       used 74886K, committed 75648K, reserved 1114112K
  class space    used 10730K, committed 11072K, reserved 1048576K
}
Event: 7.916 GC heap after
{Heap after GC invocations=17 (full 0):
 garbage-first heap   total 83968K, used 40875K [0x0000000704200000, 0x0000000800000000)
  region size 2048K, 3 young (6144K), 3 survivors (6144K)
 Metaspace       used 74886K, committed 75648K, reserved 1114112K
  class space    used 10730K, committed 11072K, reserved 1048576K
}
Event: 8.066 GC heap before
{Heap before GC invocations=18 (full 0):
 garbage-first heap   total 83968K, used 69547K [0x0000000704200000, 0x0000000800000000)
  region size 2048K, 17 young (34816K), 3 survivors (6144K)
 Metaspace       used 75473K, committed 76288K, reserved 1114112K
  class space    used 10911K, committed 11264K, reserved 1048576K
}
Event: 8.071 GC heap after
{Heap after GC invocations=19 (full 0):
 garbage-first heap   total 83968K, used 42937K [0x0000000704200000, 0x0000000800000000)
  region size 2048K, 2 young (4096K), 2 survivors (4096K)
 Metaspace       used 75473K, committed 76288K, reserved 1114112K
  class space    used 10911K, committed 11264K, reserved 1048576K
}
Event: 8.265 GC heap before
{Heap before GC invocations=19 (full 0):
 garbage-first heap   total 83968K, used 71609K [0x0000000704200000, 0x0000000800000000)
  region size 2048K, 17 young (34816K), 2 survivors (4096K)
 Metaspace       used 76600K, committed 77376K, reserved 1179648K
  class space    used 11097K, committed 11456K, reserved 1048576K
}
Event: 8.270 GC heap after
{Heap after GC invocations=20 (full 0):
 garbage-first heap   total 83968K, used 46422K [0x0000000704200000, 0x0000000800000000)
  region size 2048K, 3 young (6144K), 3 survivors (6144K)
 Metaspace       used 76600K, committed 77376K, reserved 1179648K
  class space    used 11097K, committed 11456K, reserved 1048576K
}
Event: 8.323 GC heap before
{Heap before GC invocations=20 (full 0):
 garbage-first heap   total 83968K, used 70998K [0x0000000704200000, 0x0000000800000000)
  region size 2048K, 15 young (30720K), 3 survivors (6144K)
 Metaspace       used 76601K, committed 77376K, reserved 1179648K
  class space    used 11097K, committed 11456K, reserved 1048576K
}
Event: 8.329 GC heap after
{Heap after GC invocations=21 (full 0):
 garbage-first heap   total 102400K, used 52127K [0x0000000704200000, 0x0000000800000000)
  region size 2048K, 2 young (4096K), 2 survivors (4096K)
 Metaspace       used 76601K, committed 77376K, reserved 1179648K
  class space    used 11097K, committed 11456K, reserved 1048576K
}
Event: 8.427 GC heap before
{Heap before GC invocations=22 (full 0):
 garbage-first heap   total 112640K, used 82847K [0x0000000704200000, 0x0000000800000000)
  region size 2048K, 17 young (34816K), 2 survivors (4096K)
 Metaspace       used 76601K, committed 77376K, reserved 1179648K
  class space    used 11097K, committed 11456K, reserved 1048576K
}
Event: 8.434 GC heap after
{Heap after GC invocations=23 (full 0):
 garbage-first heap   total 112640K, used 63935K [0x0000000704200000, 0x0000000800000000)
  region size 2048K, 3 young (6144K), 3 survivors (6144K)
 Metaspace       used 76601K, committed 77376K, reserved 1179648K
  class space    used 11097K, committed 11456K, reserved 1048576K
}
Event: 8.591 GC heap before
{Heap before GC invocations=23 (full 0):
 garbage-first heap   total 112640K, used 90559K [0x0000000704200000, 0x0000000800000000)
  region size 2048K, 16 young (32768K), 3 survivors (6144K)
 Metaspace       used 76735K, committed 77504K, reserved 1179648K
  class space    used 11123K, committed 11456K, reserved 1048576K
}
Event: 8.598 GC heap after
{Heap after GC invocations=24 (full 0):
 garbage-first heap   total 112640K, used 67423K [0x0000000704200000, 0x0000000800000000)
  region size 2048K, 2 young (4096K), 2 survivors (4096K)
 Metaspace       used 76735K, committed 77504K, reserved 1179648K
  class space    used 11123K, committed 11456K, reserved 1048576K
}
Event: 8.666 GC heap before
{Heap before GC invocations=24 (full 0):
 garbage-first heap   total 112640K, used 91999K [0x0000000704200000, 0x0000000800000000)
  region size 2048K, 14 young (28672K), 2 survivors (4096K)
 Metaspace       used 76748K, committed 77504K, reserved 1179648K
  class space    used 11124K, committed 11456K, reserved 1048576K
}
Event: 8.667 GC heap after
{Heap after GC invocations=25 (full 0):
 garbage-first heap   total 112640K, used 66254K [0x0000000704200000, 0x0000000800000000)
  region size 2048K, 1 young (2048K), 1 survivors (2048K)
 Metaspace       used 76748K, committed 77504K, reserved 1179648K
  class space    used 11124K, committed 11456K, reserved 1048576K
}
Event: 8.786 GC heap before
{Heap before GC invocations=26 (full 0):
 garbage-first heap   total 126976K, used 88782K [0x0000000704200000, 0x0000000800000000)
  region size 2048K, 15 young (30720K), 1 survivors (2048K)
 Metaspace       used 76749K, committed 77504K, reserved 1179648K
  class space    used 11124K, committed 11456K, reserved 1048576K
}
Event: 8.789 GC heap after
{Heap after GC invocations=27 (full 0):
 garbage-first heap   total 126976K, used 64755K [0x0000000704200000, 0x0000000800000000)
  region size 2048K, 2 young (4096K), 2 survivors (4096K)
 Metaspace       used 76749K, committed 77504K, reserved 1179648K
  class space    used 11124K, committed 11456K, reserved 1048576K
}
Event: 8.984 GC heap before
{Heap before GC invocations=27 (full 0):
 garbage-first heap   total 126976K, used 103667K [0x0000000704200000, 0x0000000800000000)
  region size 2048K, 21 young (43008K), 2 survivors (4096K)
 Metaspace       used 76953K, committed 77696K, reserved 1179648K
  class space    used 11144K, committed 11456K, reserved 1048576K
}
Event: 8.989 GC heap after
{Heap after GC invocations=28 (full 0):
 garbage-first heap   total 126976K, used 58134K [0x0000000704200000, 0x0000000800000000)
  region size 2048K, 3 young (6144K), 3 survivors (6144K)
 Metaspace       used 76953K, committed 77696K, reserved 1179648K
  class space    used 11144K, committed 11456K, reserved 1048576K
}
Event: 9.122 GC heap before
{Heap before GC invocations=28 (full 0):
 garbage-first heap   total 126976K, used 103190K [0x0000000704200000, 0x0000000800000000)
  region size 2048K, 25 young (51200K), 3 survivors (6144K)
 Metaspace       used 76953K, committed 77696K, reserved 1179648K
  class space    used 11144K, committed 11456K, reserved 1048576K
}

Dll operation events (12 events):
Event: 0.007 Loaded shared library D:\Java\jdk21\bin\java.dll
Event: 0.180 Loaded shared library D:\Java\jdk21\bin\zip.dll
Event: 0.184 Loaded shared library D:\java\jdk21\bin\instrument.dll
Event: 0.190 Loaded shared library D:\java\jdk21\bin\net.dll
Event: 0.191 Loaded shared library D:\java\jdk21\bin\nio.dll
Event: 0.194 Loaded shared library D:\java\jdk21\bin\zip.dll
Event: 0.264 Loaded shared library D:\java\jdk21\bin\jimage.dll
Event: 0.341 Loaded shared library D:\java\jdk21\bin\extnet.dll
Event: 0.352 Loaded shared library D:\java\jdk21\bin\management.dll
Event: 0.365 Loaded shared library D:\java\jdk21\bin\management_ext.dll
Event: 2.181 Loaded shared library D:\java\jdk21\bin\sunmscapi.dll
Event: 3.467 Loaded shared library D:\Java\jdk21\bin\verify.dll

Deoptimization events (0 events):
No events

Classes loaded (20 events):
Event: 7.323 Loading class java/util/stream/ReduceOps$CountingSink$OfRef
Event: 7.323 Loading class java/util/stream/ReduceOps$CountingSink
Event: 7.323 Loading class java/util/stream/ReduceOps$CountingSink done
Event: 7.323 Loading class java/util/stream/ReduceOps$CountingSink$OfRef done
Event: 7.344 Loading class java/lang/Character$UnicodeBlock
Event: 7.345 Loading class java/lang/Character$Subset
Event: 7.345 Loading class java/lang/Character$Subset done
Event: 7.346 Loading class java/lang/Character$UnicodeBlock done
Event: 7.384 Loading class java/util/regex/Pattern$Bound
Event: 7.384 Loading class java/util/regex/Pattern$Bound done
Event: 7.385 Loading class java/util/regex/Pattern$Behind
Event: 7.386 Loading class java/util/regex/Pattern$Behind done
Event: 7.454 Loading class sun/nio/cs/ISO_8859_1$Decoder
Event: 7.455 Loading class sun/nio/cs/ISO_8859_1$Decoder done
Event: 7.489 Loading class java/lang/UnknownError
Event: 7.489 Loading class java/lang/UnknownError done
Event: 7.626 Loading class java/util/EmptyStackException
Event: 7.626 Loading class java/util/EmptyStackException done
Event: 7.707 Loading class java/io/InvalidClassException
Event: 7.707 Loading class java/io/InvalidClassException done

Classes unloaded (0 events):
No events

Classes redefined (0 events):
No events

Internal exceptions (20 events):
Event: 6.821 Thread 0x00000237a8e4abd0 Exception <a 'java/lang/NoSuchMethodError'{0x0000000707cf7f48}: 'int java.lang.invoke.DirectMethodHandle$Holder.invokeStatic(java.lang.Object, int, java.lang.Object)'> (0x0000000707cf7f48) 
thrown [s\open\src\hotspot\share\interpreter\linkResolver.cpp, line 773]
Event: 6.823 Thread 0x00000237a8e4abd0 Exception <a 'java/lang/NoSuchMethodError'{0x0000000707d17fb8}: 'java.lang.Object java.lang.invoke.DirectMethodHandle$Holder.newInvokeSpecial(java.lang.Object, java.lang.Object, java.lang.Object, java.lang.Object, java.lang.Object, int, java.lang.Object)'> (0x0000000707d17fb8) 
thrown [s\open\src\hotspot\share\interpreter\linkResolver.cpp, line 773]
Event: 6.826 Thread 0x00000237a8e4abd0 Exception <a 'java/lang/NoSuchMethodError'{0x0000000707d4d290}: 'java.lang.Object java.lang.invoke.DirectMethodHandle$Holder.newInvokeSpecial(java.lang.Object, java.lang.Object, java.lang.Object, java.lang.Object, java.lang.Object, java.lang.Object, java.lang.Object, java.lang.Object, java.lang.Object, java.lang.Object, java.lang.Object, java.lang.Object)'> (0x0000000707d4d290) 
thrown [s\open\src\hotspot\share\interpreter\linkResolver.cpp, line 773]
Event: 6.826 Thread 0x00000237a8e4abd0 Exception <a 'java/lang/NoSuchMethodError'{0x0000000707d51b38}: 'java.lang.Object java.lang.invoke.DirectMethodHandle$Holder.invokeSpecial(java.lang.Object, java.lang.Object, java.lang.Object, java.lang.Object, java.lang.Object, java.lang.Object, java.lang.Object, java.lang.Object, java.lang.Object, java.lang.Object, java.lang.Object, java.lang.Object, java.lang.Object)'> (0x0000000707d51b38) 
thrown [s\open\src\hotspot\share\interpreter\linkResolver.cpp, line 773]
Event: 6.826 Thread 0x00000237a8e4abd0 Exception <a 'java/lang/NoSuchMethodError'{0x0000000707d56020}: 'java.lang.Object java.lang.invoke.Invokers$Holder.linkToTargetMethod(java.lang.Object, java.lang.Object, java.lang.Object, java.lang.Object, java.lang.Object, java.lang.Object, java.lang.Object, java.lang.Object, java.lang.Object, java.lang.Object, java.lang.Object, java.lang.Object)'> (0x0000000707d56020) 
thrown [s\open\src\hotspot\share\interpreter\linkResolver.cpp, line 773]
Event: 6.862 Thread 0x00000237a8e4abd0 Exception <a 'java/lang/IncompatibleClassChangeError'{0x0000000707b62e70}: Found class java.lang.Object, but interface was expected> (0x0000000707b62e70) 
thrown [s\open\src\hotspot\share\interpreter\linkResolver.cpp, line 840]
Event: 6.874 Thread 0x00000237a8e4abd0 Exception <a 'java/lang/NoSuchMethodError'{0x00000007078128d8}: 'java.lang.Object java.lang.invoke.DirectMethodHandle$Holder.newInvokeSpecial(java.lang.Object, java.lang.Object, int, java.lang.Object, int, java.lang.Object, java.lang.Object)'> (0x00000007078128d8) 
thrown [s\open\src\hotspot\share\interpreter\linkResolver.cpp, line 773]
Event: 6.883 Thread 0x00000237a8e4abd0 Exception <a 'java/lang/NoSuchMethodError'{0x00000007078aa328}: 'java.lang.Object java.lang.invoke.DirectMethodHandle$Holder.newInvokeSpecial(java.lang.Object, java.lang.Object, java.lang.Object, java.lang.Object, java.lang.Object, java.lang.Object, java.lang.Object, int)'> (0x00000007078aa328) 
thrown [s\open\src\hotspot\share\interpreter\linkResolver.cpp, line 773]
Event: 6.883 Thread 0x00000237a8e4abd0 Exception <a 'java/lang/NoSuchMethodError'{0x00000007078ae898}: 'java.lang.Object java.lang.invoke.DirectMethodHandle$Holder.invokeSpecial(java.lang.Object, java.lang.Object, java.lang.Object, java.lang.Object, java.lang.Object, java.lang.Object, java.lang.Object, java.lang.Object, int)'> (0x00000007078ae898) 
thrown [s\open\src\hotspot\share\interpreter\linkResolver.cpp, line 773]
Event: 6.883 Thread 0x00000237a8e4abd0 Exception <a 'java/lang/NoSuchMethodError'{0x00000007078b2968}: 'java.lang.Object java.lang.invoke.Invokers$Holder.linkToTargetMethod(java.lang.Object, java.lang.Object, java.lang.Object, java.lang.Object, java.lang.Object, java.lang.Object, int, java.lang.Object)'> (0x00000007078b2968) 
thrown [s\open\src\hotspot\share\interpreter\linkResolver.cpp, line 773]
Event: 7.067 Thread 0x00000237a8e4abd0 Exception <a 'java/lang/IncompatibleClassChangeError'{0x0000000713cd6ca0}: Found class java.lang.Object, but interface was expected> (0x0000000713cd6ca0) 
thrown [s\open\src\hotspot\share\interpreter\linkResolver.cpp, line 840]
Event: 7.104 Thread 0x00000237a8e4abd0 Exception <a 'java/lang/IncompatibleClassChangeError'{0x0000000713b03308}: Found class java.lang.Object, but interface was expected> (0x0000000713b03308) 
thrown [s\open\src\hotspot\share\interpreter\linkResolver.cpp, line 840]
Event: 7.303 Thread 0x00000237a8e4abd0 Exception <a 'java/lang/IncompatibleClassChangeError'{0x000000070849ae60}: Found class java.lang.Object, but interface was expected> (0x000000070849ae60) 
thrown [s\open\src\hotspot\share\interpreter\linkResolver.cpp, line 840]
Event: 7.360 Thread 0x00000237a8e4abd0 Exception <a 'java/lang/IncompatibleClassChangeError'{0x00000007083a9500}: Found class java.lang.Object, but interface was expected> (0x00000007083a9500) 
thrown [s\open\src\hotspot\share\interpreter\linkResolver.cpp, line 840]
Event: 7.360 Thread 0x00000237a8e4abd0 Exception <a 'java/lang/IncompatibleClassChangeError'{0x00000007083aea18}: Found class java.lang.Object, but interface was expected> (0x00000007083aea18) 
thrown [s\open\src\hotspot\share\interpreter\linkResolver.cpp, line 840]
Event: 7.401 Thread 0x00000237a8e4abd0 Exception <a 'java/lang/NoSuchMethodError'{0x00000007081b46f8}: 'java.lang.Object java.lang.invoke.DirectMethodHandle$Holder.invokeStatic(java.lang.Object, int, java.lang.Object)'> (0x00000007081b46f8) 
thrown [s\open\src\hotspot\share\interpreter\linkResolver.cpp, line 773]
Event: 7.451 Thread 0x00000237a8e4abd0 Exception <a 'java/io/FileNotFoundException'{0x0000000707ca2e08}> (0x0000000707ca2e08) 
thrown [s\open\src\hotspot\share\prims\jni.cpp, line 520]
Event: 7.451 Thread 0x00000237a8e4abd0 Exception <a 'java/io/FileNotFoundException'{0x0000000707cacde0}> (0x0000000707cacde0) 
thrown [s\open\src\hotspot\share\prims\jni.cpp, line 520]
Event: 7.507 Thread 0x00000237a8e4abd0 Exception <a 'java/lang/NoSuchMethodError'{0x0000000707877538}: 'java.lang.Object java.lang.invoke.DirectMethodHandle$Holder.newInvokeSpecial(java.lang.Object, java.lang.Object, java.lang.Object, java.lang.Object, java.lang.Object, java.lang.Object, java.lang.Object, java.lang.Object)'> (0x0000000707877538) 
thrown [s\open\src\hotspot\share\interpreter\linkResolver.cpp, line 773]
Event: 7.552 Thread 0x00000237a8e4abd0 Exception <a 'java/lang/NoSuchMethodError'{0x00000007077f7750}: 'void java.lang.invoke.Invokers$Holder.invokeExact_MT(java.lang.Object, java.lang.Object, int, java.lang.Object)'> (0x00000007077f7750) 
thrown [s\open\src\hotspot\share\interpreter\linkResolver.cpp, line 773]

ZGC Phase Switch (0 events):
No events

VM Operations (20 events):
Event: 8.329 Executing VM operation: G1CollectForAllocation (G1 Evacuation Pause) done
Event: 8.370 Executing VM operation: G1PauseRemark
Event: 8.374 Executing VM operation: G1PauseRemark done
Event: 8.393 Executing VM operation: G1PauseCleanup
Event: 8.393 Executing VM operation: G1PauseCleanup done
Event: 8.427 Executing VM operation: G1CollectForAllocation (G1 Evacuation Pause)
Event: 8.434 Executing VM operation: G1CollectForAllocation (G1 Evacuation Pause) done
Event: 8.591 Executing VM operation: G1CollectForAllocation (G1 Evacuation Pause)
Event: 8.598 Executing VM operation: G1CollectForAllocation (G1 Evacuation Pause) done
Event: 8.666 Executing VM operation: G1CollectForAllocation (G1 Evacuation Pause)
Event: 8.667 Executing VM operation: G1CollectForAllocation (G1 Evacuation Pause) done
Event: 8.713 Executing VM operation: G1PauseRemark
Event: 8.716 Executing VM operation: G1PauseRemark done
Event: 8.735 Executing VM operation: G1PauseCleanup
Event: 8.735 Executing VM operation: G1PauseCleanup done
Event: 8.786 Executing VM operation: G1CollectForAllocation (G1 Evacuation Pause)
Event: 8.789 Executing VM operation: G1CollectForAllocation (G1 Evacuation Pause) done
Event: 8.984 Executing VM operation: G1CollectForAllocation (G1 Evacuation Pause)
Event: 8.989 Executing VM operation: G1CollectForAllocation (G1 Evacuation Pause) done
Event: 9.122 Executing VM operation: G1CollectForAllocation (G1 Evacuation Pause)

Events (20 events):
Event: 8.373 Thread 0x00000237bba41630 flushing nmethod 0x00000237b1bf0110
Event: 8.373 Thread 0x00000237bba41630 flushing nmethod 0x00000237b1bf0890
Event: 8.373 Thread 0x00000237bba41630 flushing nmethod 0x00000237b1bf1190
Event: 8.373 Thread 0x00000237bba41630 flushing nmethod 0x00000237b1bf1710
Event: 8.373 Thread 0x00000237bba41630 flushing nmethod 0x00000237b1bf2490
Event: 8.373 Thread 0x00000237bba41630 flushing nmethod 0x00000237b1bf2810
Event: 8.373 Thread 0x00000237bba41630 flushing nmethod 0x00000237b1bf2f10
Event: 8.373 Thread 0x00000237bba41630 flushing nmethod 0x00000237b1bf3710
Event: 8.373 Thread 0x00000237bba41630 flushing nmethod 0x00000237b1bf4010
Event: 8.373 Thread 0x00000237bba41630 flushing nmethod 0x00000237b1bf4910
Event: 8.373 Thread 0x00000237bba41630 flushing nmethod 0x00000237b1c25690
Event: 8.373 Thread 0x00000237bba41630 flushing nmethod 0x00000237b1c2a610
Event: 8.373 Thread 0x00000237bba41630 flushing nmethod 0x00000237b1c2a910
Event: 8.373 Thread 0x00000237bba41630 flushing nmethod 0x00000237b1c60610
Event: 8.373 Thread 0x00000237bba41630 flushing nmethod 0x00000237b1c61b10
Event: 8.373 Thread 0x00000237bba41630 flushing nmethod 0x00000237b1cb9110
Event: 8.373 Thread 0x00000237bba41630 flushing nmethod 0x00000237b1cb9490
Event: 8.373 Thread 0x00000237bba41630 flushing nmethod 0x00000237b1cba810
Event: 8.761 Thread 0x00000237846b9eb0 Thread added: 0x00000237846b9eb0
Event: 8.766 Thread 0x00000237846b9eb0 Thread exited: 0x00000237846b9eb0


Dynamic libraries:
0x00007ff7b70a0000 - 0x00007ff7b70b0000 	D:\Java\jdk21\bin\java.exe
0x00007ffc20d50000 - 0x00007ffc20f48000 	C:\WINDOWS\SYSTEM32\ntdll.dll
0x00007ffc20bb0000 - 0x00007ffc20c72000 	C:\WINDOWS\System32\KERNEL32.DLL
0x00007ffc1e410000 - 0x00007ffc1e706000 	C:\WINDOWS\System32\KERNELBASE.dll
0x00007ffc1e810000 - 0x00007ffc1e910000 	C:\WINDOWS\System32\ucrtbase.dll
0x00007ffc15910000 - 0x00007ffc15929000 	D:\Java\jdk21\bin\jli.dll
0x00007ffc158b0000 - 0x00007ffc158cb000 	D:\Java\jdk21\bin\VCRUNTIME140.dll
0x00007ffc1f320000 - 0x00007ffc1f3cf000 	C:\WINDOWS\System32\ADVAPI32.dll
0x00007ffc1fec0000 - 0x00007ffc1ff5e000 	C:\WINDOWS\System32\msvcrt.dll
0x00007ffc201b0000 - 0x00007ffc2024f000 	C:\WINDOWS\System32\sechost.dll
0x00007ffc1ffe0000 - 0x00007ffc20103000 	C:\WINDOWS\System32\RPCRT4.dll
0x00007ffc1ed40000 - 0x00007ffc1ed67000 	C:\WINDOWS\System32\bcrypt.dll
0x00007ffc20a10000 - 0x00007ffc20bad000 	C:\WINDOWS\System32\USER32.dll
0x00007ffc1e3e0000 - 0x00007ffc1e402000 	C:\WINDOWS\System32\win32u.dll
0x00007ffc0bf20000 - 0x00007ffc0c1ba000 	C:\WINDOWS\WinSxS\amd64_microsoft.windows.common-controls_6595b64144ccf1df_6.0.19041.4355_none_60b8b9eb71f62e16\COMCTL32.dll
0x00007ffc20c80000 - 0x00007ffc20cab000 	C:\WINDOWS\System32\GDI32.dll
0x00007ffc1ec20000 - 0x00007ffc1ed3a000 	C:\WINDOWS\System32\gdi32full.dll
0x00007ffc1e9a0000 - 0x00007ffc1ea3d000 	C:\WINDOWS\System32\msvcp_win.dll
0x00007ffc17ca0000 - 0x00007ffc17caa000 	C:\WINDOWS\SYSTEM32\VERSION.dll
0x00007ffc203a0000 - 0x00007ffc203cf000 	C:\WINDOWS\System32\IMM32.DLL
0x00007ffc1b630000 - 0x00007ffc1b63c000 	D:\Java\jdk21\bin\vcruntime140_1.dll
0x00007ffbf8620000 - 0x00007ffbf86ae000 	D:\Java\jdk21\bin\msvcp140.dll
0x00007ffbb48d0000 - 0x00007ffbb55ea000 	D:\Java\jdk21\bin\server\jvm.dll
0x00007ffc1ff70000 - 0x00007ffc1ffdb000 	C:\WINDOWS\System32\WS2_32.dll
0x00007ffc1d840000 - 0x00007ffc1d88b000 	C:\WINDOWS\SYSTEM32\POWRPROF.dll
0x00007ffc12880000 - 0x00007ffc128a7000 	C:\WINDOWS\SYSTEM32\WINMM.dll
0x00007ffc1d7e0000 - 0x00007ffc1d7f2000 	C:\WINDOWS\SYSTEM32\UMPDC.dll
0x00007ffc1cc00000 - 0x00007ffc1cc12000 	C:\WINDOWS\SYSTEM32\kernel.appcore.dll
0x00007ffc1aee0000 - 0x00007ffc1aeea000 	D:\Java\jdk21\bin\jimage.dll
0x00007ffc1bf80000 - 0x00007ffc1c164000 	C:\WINDOWS\SYSTEM32\DBGHELP.DLL
0x00007ffbf1980000 - 0x00007ffbf19b4000 	C:\WINDOWS\SYSTEM32\dbgcore.DLL
0x00007ffc1e910000 - 0x00007ffc1e992000 	C:\WINDOWS\System32\bcryptPrimitives.dll
0x00007ffbf9590000 - 0x00007ffbf959f000 	D:\Java\jdk21\bin\instrument.dll
0x00007ffc14f80000 - 0x00007ffc14f9f000 	D:\Java\jdk21\bin\java.dll
0x00007ffc1f500000 - 0x00007ffc1fc6f000 	C:\WINDOWS\System32\SHELL32.dll
0x00007ffc1c440000 - 0x00007ffc1cbe3000 	C:\WINDOWS\SYSTEM32\windows.storage.dll
0x00007ffc1ed70000 - 0x00007ffc1f0c5000 	C:\WINDOWS\System32\combase.dll
0x00007ffc1de10000 - 0x00007ffc1de3b000 	C:\WINDOWS\SYSTEM32\Wldp.dll
0x00007ffc1f1f0000 - 0x00007ffc1f2bd000 	C:\WINDOWS\System32\OLEAUT32.dll
0x00007ffc202f0000 - 0x00007ffc2039d000 	C:\WINDOWS\System32\SHCORE.dll
0x00007ffc1fc70000 - 0x00007ffc1fcc5000 	C:\WINDOWS\System32\shlwapi.dll
0x00007ffc1e310000 - 0x00007ffc1e335000 	C:\WINDOWS\SYSTEM32\profapi.dll
0x00007ffbf8970000 - 0x00007ffbf8988000 	D:\Java\jdk21\bin\zip.dll
0x00007ffbf94b0000 - 0x00007ffbf94c0000 	D:\java\jdk21\bin\net.dll
0x00007ffc1b3d0000 - 0x00007ffc1b4da000 	C:\WINDOWS\SYSTEM32\WINHTTP.dll
0x00007ffc1db70000 - 0x00007ffc1dbdc000 	C:\WINDOWS\system32\mswsock.dll
0x00007ffbf8cc0000 - 0x00007ffbf8cd6000 	D:\java\jdk21\bin\nio.dll
0x00007ffc1d890000 - 0x00007ffc1d95a000 	C:\WINDOWS\SYSTEM32\DNSAPI.dll
0x00007ffc1d800000 - 0x00007ffc1d83b000 	C:\WINDOWS\SYSTEM32\IPHLPAPI.DLL
0x00007ffc203d0000 - 0x00007ffc203d8000 	C:\WINDOWS\System32\NSI.dll
0x00007ffc181f0000 - 0x00007ffc181fa000 	C:\Windows\System32\rasadhlp.dll
0x00007ffbf9480000 - 0x00007ffbf9489000 	D:\java\jdk21\bin\extnet.dll
0x00007ffc16ce0000 - 0x00007ffc16d60000 	C:\WINDOWS\System32\fwpuclnt.dll
0x00007ffbf90e0000 - 0x00007ffbf90ea000 	D:\java\jdk21\bin\management.dll
0x00007ffbf8960000 - 0x00007ffbf896b000 	D:\java\jdk21\bin\management_ext.dll
0x00007ffc201a0000 - 0x00007ffc201a8000 	C:\WINDOWS\System32\PSAPI.DLL
0x00007ffc1dd60000 - 0x00007ffc1dd78000 	C:\WINDOWS\SYSTEM32\CRYPTSP.dll
0x00007ffc1d420000 - 0x00007ffc1d458000 	C:\WINDOWS\system32\rsaenh.dll
0x00007ffc1e2d0000 - 0x00007ffc1e2fe000 	C:\WINDOWS\SYSTEM32\USERENV.dll
0x00007ffc1dd80000 - 0x00007ffc1dd8c000 	C:\WINDOWS\SYSTEM32\CRYPTBASE.dll
0x00007ffbd81e0000 - 0x00007ffbd81f7000 	C:\WINDOWS\system32\napinsp.dll
0x00007ffbab060000 - 0x00007ffbab07b000 	C:\WINDOWS\system32\pnrpnsp.dll
0x00007ffbe8310000 - 0x00007ffbe8325000 	C:\WINDOWS\system32\wshbth.dll
0x00007ffc1b3b0000 - 0x00007ffc1b3cd000 	C:\WINDOWS\system32\NLAapi.dll
0x00007ffbab040000 - 0x00007ffbab052000 	C:\WINDOWS\System32\winrnr.dll
0x00007ffbf7eb0000 - 0x00007ffbf7f01000 	C:\WINDOWS\SYSTEM32\pdh.dll
0x00007ffc17d30000 - 0x00007ffc17d3f000 	C:\WINDOWS\System32\perfproc.dll
0x00007ffbf3300000 - 0x00007ffbf330f000 	C:\WINDOWS\System32\perfos.dll
0x00007ffbf8940000 - 0x00007ffbf894e000 	D:\java\jdk21\bin\sunmscapi.dll
0x00007ffc1ea40000 - 0x00007ffc1eb9d000 	C:\WINDOWS\System32\CRYPT32.dll
0x00007ffc1de80000 - 0x00007ffc1dea7000 	C:\WINDOWS\SYSTEM32\ncrypt.dll
0x00007ffc1de40000 - 0x00007ffc1de7b000 	C:\WINDOWS\SYSTEM32\NTASN1.dll
0x00007ffbf8930000 - 0x00007ffbf8940000 	D:\Java\jdk21\bin\verify.dll

dbghelp: loaded successfully - version: 4.0.5 - missing functions: none
symbol engine: initialized successfully - sym options: 0x614 - pdb path: .;D:\Java\jdk21\bin;C:\WINDOWS\SYSTEM32;C:\WINDOWS\WinSxS\amd64_microsoft.windows.common-controls_6595b64144ccf1df_6.0.19041.4355_none_60b8b9eb71f62e16;D:\Java\jdk21\bin\server

VM Arguments:
jvm_args: -XX:TieredStopAtLevel=1 -Dspring.output.ansi.enabled=always -Dcom.sun.management.jmxremote -Dspring.jmx.enabled=true -Dspring.liveBeansView.mbeanDomain -Dspring.application.admin.enabled=true -Dmanagement.endpoints.jmx.exposure.include=* -javaagent:D:\JetBrains\IntelliJ IDEA 2024.3.4.1\lib\idea_rt.jar=53362 -Dfile.encoding=UTF-8 -Dsun.stdout.encoding=UTF-8 -Dsun.stderr.encoding=UTF-8 
java_command: com.project.stationery_be_server.StationeryBeServerApplication
java_class_path (initial): D:\Project-Study\stationery-be-server\target\classes;C:\Users\dell\.m2\repository\org\springframework\boot\spring-boot-starter-security\3.4.3\spring-boot-starter-security-3.4.3.jar;C:\Users\dell\.m2\repository\org\springframework\boot\spring-boot-starter\3.4.3\spring-boot-starter-3.4.3.jar;C:\Users\dell\.m2\repository\org\springframework\boot\spring-boot\3.4.3\spring-boot-3.4.3.jar;C:\Users\dell\.m2\repository\org\springframework\boot\spring-boot-autoconfigure\3.4.3\spring-boot-autoconfigure-3.4.3.jar;C:\Users\dell\.m2\repository\org\springframework\boot\spring-boot-starter-logging\3.4.3\spring-boot-starter-logging-3.4.3.jar;C:\Users\dell\.m2\repository\ch\qos\logback\logback-classic\1.5.16\logback-classic-1.5.16.jar;C:\Users\dell\.m2\repository\ch\qos\logback\logback-core\1.5.16\logback-core-1.5.16.jar;C:\Users\dell\.m2\repository\org\apache\logging\log4j\log4j-to-slf4j\2.24.3\log4j-to-slf4j-2.24.3.jar;C:\Users\dell\.m2\repository\org\apache\logging\log4j\log4j-api\2.24.3\log4j-api-2.24.3.jar;C:\Users\dell\.m2\repository\org\slf4j\jul-to-slf4j\2.0.16\jul-to-slf4j-2.0.16.jar;C:\Users\dell\.m2\repository\jakarta\annotation\jakarta.annotation-api\2.1.1\jakarta.annotation-api-2.1.1.jar;C:\Users\dell\.m2\repository\org\yaml\snakeyaml\2.3\snakeyaml-2.3.jar;C:\Users\dell\.m2\repository\org\springframework\spring-aop\6.2.3\spring-aop-6.2.3.jar;C:\Users\dell\.m2\repository\org\springframework\spring-beans\6.2.3\spring-beans-6.2.3.jar;C:\Users\dell\.m2\repository\org\springframework\security\spring-security-config\6.4.3\spring-security-config-6.4.3.jar;C:\Users\dell\.m2\repository\org\springframework\spring-context\6.2.3\spring-context-6.2.3.jar;C:\Users\dell\.m2\repository\org\springframework\security\spring-security-web\6.4.3\spring-security-web-6.4.3.jar;C:\Users\dell\.m2\repository\org\springframework\spring-expression\6.2.3\spring-expression-6.2.3.jar;C:\Users\dell\.m2\repository\org\springframework\boot\spring-boot-starter-web\3.4.3\spring-boot-starter-web-3.4.3.jar;C:\Users\dell\.m2\repository\org\springframework\boot\spring-boot-starter-json\3.4.3\spring-boot-starter-json-3.4.3.jar;C:\Users\dell\.m2\repository\com\fasterxml\jackson\core\jackson-databind\2.18.2\jackson-databind-2.18.2.jar;C:\Users\dell\.m2\repository\com\fasterxml\jackson\core\jackson-annotations\2.18.2\jackson-annotations-2.18.2.jar;C:\Users\dell\.m2\repository\com\fasterxml\jackson\datatype\jackson-datatype-jdk8\2.18.2\jackson-datatype-jdk8-2.18.2.jar;C:\Users\dell\.m2\repository\com\fasterxml\jackson\datatype\jackson-datatype-jsr310\2.18.2\jackson-datatype-jsr310-2.18.2.jar;C:\Users\dell\.m2\repository\com\fasterxml\jackson\module\jackson-module-parameter-names\2.18.2\jackson-module-parameter-names-2.18.2.jar;C:\Users\dell\.m2\repository\org\springframework\boot\spring-boot-starter-tomcat\3.4.3\spring-boot-starter-tomcat-3.4.3.jar;C:\Users\dell\.m2\repository\org\apache\tomcat\embed\tomcat-embed-core\10.1.36\tomcat-embed-core-10.1.36.jar;C:\Users\dell\.m2\repository\org\apache\tomcat\embed\tomcat-embed-websocket\10.1.36\tomcat-embed-websocket-10.1.36.jar;C:\Users\dell\.m2\repository\org\springframework\spring-web\6.2.3\spring-web-6.2.3.jar;C:\Users\dell\.m2\repository\io\micrometer\micrometer-observation\1.14.4\micrometer-observation-1.14.4.jar;C:\Users\dell\.m2\repository\io\micrometer\micrometer-commons\1.14.4\micrometer-commons-1.14.4.jar;C:\Users\dell\.m2\repository\org\springframework\spring-webmvc\6.2.3\spring-webmvc-6.2.3.jar;C:\Users\dell\.m2\repository\org\springframework\boot\spring-boot-starter-validation\3.4.3\spring-boot-starter-validation-3.4.3.jar;C:\Users\dell\.m2\repository\org\apache\tomcat\embed\tomcat-embed-el\10.1.36\tomcat-embed-el-10.1.36.jar;C:\Users\dell\.m2\repository\org\hibernate\validator\hibernate-validator\8.0.2.Final\hibernate-validator-8.0.2.Final.jar;C:\Users\dell\.m2\repository\jakarta\validation\jakarta.validation-api\3.0.2\jakarta.validation-api-3.0.2.jar;C:\Users\dell\.m2\repository\org\jboss\logging\jboss-logging\3.6.1.Final\jboss-logging-3.6.1.Final.jar;C:\Users\dell\.m2\repository\com\fasterxml\classmate\1.7.0\classmate-1.7.0.jar;C:\Users\dell\.m2\repository\org\springframework\boot\spring-boot-starter-data-jpa\3.4.3\spring-boot-starter-data-jpa-3.4.3.jar;C:\Users\dell\.m2\repository\org\springframework\boot\spring-boot-starter-jdbc\3.4.3\spring-boot-starter-jdbc-3.4.3.jar;C:\Users\dell\.m2\repository\com\zaxxer\HikariCP\5.1.0\HikariCP-5.1.0.jar;C:\Users\dell\.m2\repository\org\springframework\spring-jdbc\6.2.3\spring-jdbc-6.2.3.jar;C:\Users\dell\.m2\repository\org\hibernate\orm\hibernate-core\6.6.8.Final\hibernate-core-6.6.8.Final.jar;C:\Users\dell\.m2\repository\jakarta\persistence\jakarta.persistence-api\3.1.0\jakarta.persistence-api-3.1.0.jar;C:\Users\dell\.m2\repository\jakarta\transaction\jakarta.transaction-api\2.0.1\jakarta.transaction-api-2.0.1.jar;C:\Users\dell\.m2\repository\org\hibernate\common\hibernate-commons-annotations\7.0.3.Final\hibernate-commons-annotations-7.0.3.Final.jar;C:\Users\dell\.m2\repository\io\smallrye\jandex\3.2.0\jandex-3.2.0.jar;C:\Users\dell\.m2\repository\net\bytebuddy\byte-buddy\1.15.11\byte-buddy-1.15.11.jar;C:\Users\dell\.m2\repository\org\glassfish\jaxb\jaxb-runtime\4.0.5\jaxb-runtime-4.0.5.jar;C:\Users\dell\.m2\repository\org\glassfish\jaxb\jaxb-core\4.0.5\jaxb-core-4.0.5.jar;C:\Users\dell\.m2\repository\org\glassfish\jaxb\txw2\4.0.5\txw2-4.0.5.jar;C:\Users\dell\.m2\repository\com\sun\istack\istack-commons-runtime\4.1.2\istack-commons-runtime-4.1.2.jar;C:\Users\dell\.m2\repository\jakarta\inject\jakarta.inject-api\2.0.1\jakarta.inject-api-2.0.1.jar;C:\Users\dell\.m2\repository\org\antlr\antlr4-runtime\4.13.0\antlr4-runtime-4.13.0.jar;C:\Users\dell\.m2\repository\org\springframework\data\spring-data-jpa\3.4.3\spring-data-jpa-3.4.3.jar;C:\Users\dell\.m2\repository\org\springframework\data\spring-data-commons\3.4.3\spring-data-commons-3.4.3.jar;C:\Users\dell\.m2\repository\org\springframework\spring-orm\6.2.3\spring-orm-6.2.3.jar;C:\Users\dell\.m2\repository\org\springframework\spring-tx\6.2.3\spring-tx-6.2.3.jar;C:\Users\dell\.m2\repository\org\slf4j\slf4j-api\2.0.16\slf4j-api-2.0.16.jar;C:\Users\dell\.m2\repository\org\springframework\spring-aspects\6.2.3\spring-aspects-6.2.3.jar;C:\Users\dell\.m2\repository\org\aspectj\aspectjweaver\1.9.22.1\aspectjweaver-1.9.22.1.jar;C:\Users\dell\.m2\repository\com\mysql\mysql-connector-j\9.1.0\mysql-connector-j-9.1.0.jar;C:\Users\dell\.m2\repository\org\projectlombok\lombok\1.18.36\lombok-1.18.36.jar;C:\Users\dell\.m2\repository\com\jayway\jsonpath\json-path\2.9.0\json-path-2.9.0.jar;C:\Users\dell\.m2\repository\jakarta\xml\bind\jakarta.xml.bind-api\4.0.2\jakarta.xml.bind-api-4.0.2.jar;C:\Users\dell\.m2\repository\jakarta\activation\jakarta.activation-api\2.1.3\jakarta.activation-api-2.1.3.jar;C:\Users\dell\.m2\repository\net\minidev\json-smart\2.5.2\json-smart-2.5.2.jar;C:\Users\dell\.m2\repository\net\minidev\accessors-smart\2.5.2\accessors-smart-2.5.2.jar;C:\Users\dell\.m2\repository\org\ow2\asm\asm\9.7.1\asm-9.7.1.jar;C:\Users\dell\.m2\repository\org\springframework\spring-core\6.2.3\spring-core-6.2.3.jar;C:\Users\dell\.m2\repository\org\springframework\spring-jcl\6.2.3\spring-jcl-6.2.3.jar;C:\Users\dell\.m2\repository\org\springframework\security\spring-security-core\6.4.3\spring-security-core-6.4.3.jar;C:\Users\dell\.m2\repository\org\springframework\security\spring-security-crypto\6.4.3\spring-security-crypto-6.4.3.jar;C:\Users\dell\.m2\repository\org\springframework\security\spring-security-oauth2-client\6.4.3\spring-security-oauth2-client-6.4.3.jar;C:\Users\dell\.m2\repository\org\springframework\security\spring-security-oauth2-core\6.4.3\spring-security-oauth2-core-6.4.3.jar;C:\Users\dell\.m2\repository\com\nimbusds\oauth2-oidc-sdk\9.43.6\oauth2-oidc-sdk-9.43.6.jar;C:\Users\dell\.m2\repository\com\github\stephenc\jcip\jcip-annotations\1.0-1\jcip-annotations-1.0-1.jar;C:\Users\dell\.m2\repository\com\nimbusds\content-type\2.2\content-type-2.2.jar;C:\Users\dell\.m2\repository\com\nimbusds\lang-tag\1.7\lang-tag-1.7.jar;C:\Users\dell\.m2\repository\com\nimbusds\nimbus-jose-jwt\9.37.3\nimbus-jose-jwt-9.37.3.jar;C:\Users\dell\.m2\repository\com\google\api-client\google-api-client\2.2.0\google-api-client-2.2.0.jar;C:\Users\dell\.m2\repository\commons-codec\commons-codec\1.17.2\commons-codec-1.17.2.jar;C:\Users\dell\.m2\repository\com\google\oauth-client\google-oauth-client\1.34.1\google-oauth-client-1.34.1.jar;C:\Users\dell\.m2\repository\com\google\http-client\google-http-client-gson\1.42.3\google-http-client-gson-1.42.3.jar;C:\Users\dell\.m2\repository\com\google\code\gson\gson\2.11.0\gson-2.11.0.jar;C:\Users\dell\.m2\repository\com\google\guava\guava\31.1-jre\guava-31.1-jre.jar;C:\Users\dell\.m2\repository\com\google\guava\failureaccess\1.0.1\failureaccess-1.0.1.jar;C:\Users\dell\.m2\repository\com\google\guava\listenablefuture\9999.0-empty-to-avoid-conflict-with-guava\listenablefuture-9999.0-empty-to-avoid-conflict-with-guava.jar;C:\Users\dell\.m2\repository\com\google\code\findbugs\jsr305\3.0.2\jsr305-3.0.2.jar;C:\Users\dell\.m2\repository\org\checkerframework\checker-qual\3.12.0\checker-qual-3.12.0.jar;C:\Users\dell\.m2\repository\com\google\errorprone\error_prone_annotations\2.11.0\error_prone_annotations-2.11.0.jar;C:\Users\dell\.m2\repository\com\google\j2objc\j2objc-annotations\1.3\j2objc-annotations-1.3.jar;C:\Users\dell\.m2\repository\com\google\http-client\google-http-client-apache-v2\1.42.3\google-http-client-apache-v2-1.42.3.jar;C:\Users\dell\.m2\repository\org\apache\httpcomponents\httpcore\4.4.16\httpcore-4.4.16.jar;C:\Users\dell\.m2\repository\org\apache\httpcomponents\httpclient\4.5.14\httpclient-4.5.14.jar;C:\Users\dell\.m2\repository\commons-logging\commons-logging\1.2\commons-logging-1.2.jar;C:\Users\dell\.m2\repository\com\google\http-client\google-http-client\1.42.3\google-http-client-1.42.3.jar;C:\Users\dell\.m2\repository\io\opencensus\opencensus-api\0.31.1\opencensus-api-0.31.1.jar;C:\Users\dell\.m2\repository\io\grpc\grpc-context\1.27.2\grpc-context-1.27.2.jar;C:\Users\dell\.m2\repository\io\opencensus\opencensus-contrib-http-util\0.31.1\opencensus-contrib-http-util-0.31.1.jar;C:\Users\dell\.m2\repository\com\google\http-client\google-http-client-jackson2\1.43.0\google-http-client-jackson2-1.43.0.jar;C:\Users\dell\.m2\repository\com\fasterxml\jackson\core\jackson-core\2.18.2\jackson-core-2.18.2.jar;C:\Users\dell\.m2\repository\org\springframework\boot\spring-boot-starter-oauth2-resource-server\3.4.3\spring-boot-starter-oauth2-resource-server-3.4.3.jar;C:\Users\dell\.m2\repository\org\springframework\security\spring-security-oauth2-resource-server\6.4.3\spring-security-oauth2-resource-server-6.4.3.jar;C:\Users\dell\.m2\repository\org\springframework\security\spring-security-oauth2-jose\6.4.3\spring-security-oauth2-jose-6.4.3.jar;C:\Users\dell\.m2\repository\org\mapstruct\mapstruct\1.5.5.Final\mapstruct-1.5.5.Final.jar;C:\Users\dell\.m2\repository\com\cloudinary\cloudinary-http5\2.0.0\cloudinary-http5-2.0.0.jar;C:\Users\dell\.m2\repository\com\cloudinary\cloudinary-core\2.0.0\cloudinary-core-2.0.0.jar;C:\Users\dell\.m2\repository\org\apache\commons\commons-lang3\3.17.0\commons-lang3-3.17.0.jar;C:\Users\dell\.m2\repository\org\apache\httpcomponents\client5\httpclient5\5.4.2\httpclient5-5.4.2.jar;C:\Users\dell\.m2\repository\org\apache\httpcomponents\core5\httpcore5-h2\5.3.3\httpcore5-h2-5.3.3.jar;C:\Users\dell\.m2\repository\org\apache\httpcomponents\core5\httpcore5\5.3.3\httpcore5-5.3.3.jar;C:\Users\dell\.m2\repository\org\springframework\boot\spring-boot-starter-mail\3.4.3\spring-boot-starter-mail-3.4.3.jar;C:\Users\dell\.m2\repository\org\springframework\spring-context-support\6.2.3\spring-context-support-6.2.3.jar;C:\Users\dell\.m2\repository\org\eclipse\angus\jakarta.mail\2.0.3\jakarta.mail-2.0.3.jar;C:\Users\dell\.m2\repository\org\eclipse\angus\angus-activation\2.0.2\angus-activation-2.0.2.jar;C:\Users\dell\.m2\repository\org\springframework\boot\spring-boot-starter-hateoas\3.4.3\spring-boot-starter-hateoas-3.4.3.jar;C:\Users\dell\.m2\repository\org\springframework\hateoas\spring-hateoas\2.4.1\spring-hateoas-2.4.1.jar;C:\Users\dell\.m2\repository\org\springframework\plugin\spring-plugin-core\3.0.0\spring-plugin-core-3.0.0.jar;C:\Users\dell\.m2\repository\org\springframework\boot\spring-boot-starter-webflux\3.4.3\spring-boot-starter-webflux-3.4.3.jar;C:\Users\dell\.m2\repository\org\springframework\boot\spring-boot-starter-reactor-netty\3.4.3\spring-boot-starter-reactor-netty-3.4.3.jar;C:\Users\dell\.m2\repository\io\projectreactor\netty\reactor-netty-http\1.2.3\reactor-netty-http-1.2.3.jar;C:\Users\dell\.m2\repository\io\netty\netty-codec-http\4.1.118.Final\netty-codec-http-4.1.118.Final.jar;C:\Users\dell\.m2\repository\io\netty\netty-common\4.1.118.Final\netty-common-4.1.118.Final.jar;C:\Users\dell\.m2\repository\io\netty\netty-buffer\4.1.118.Final\netty-buffer-4.1.118.Final.jar;C:\Users\dell\.m2\repository\io\netty\netty-transport\4.1.118.Final\netty-transport-4.1.118.Final.jar;C:\Users\dell\.m2\repository\io\netty\netty-codec\4.1.118.Final\netty-codec-4.1.118.Final.jar;C:\Users\dell\.m2\repository\io\netty\netty-handler\4.1.118.Final\netty-handler-4.1.118.Final.jar;C:\Users\dell\.m2\repository\io\netty\netty-codec-http2\4.1.118.Final\netty-codec-http2-4.1.118.Final.jar;C:\Users\dell\.m2\repository\io\netty\netty-resolver-dns\4.1.118.Final\netty-resolver-dns-4.1.118.Final.jar;C:\Users\dell\.m2\repository\io\netty\netty-resolver\4.1.118.Final\netty-resolver-4.1.118.Final.jar;C:\Users\dell\.m2\repository\io\netty\netty-codec-dns\4.1.118.Final\netty-codec-dns-4.1.118.Final.jar;C:\Users\dell\.m2\repository\io\netty\netty-resolver-dns-native-macos\4.1.118.Final\netty-resolver-dns-native-macos-4.1.118.Final-osx-x86_64.jar;C:\Users\dell\.m2\repository\io\netty\netty-resolver-dns-classes-macos\4.1.118.Final\netty-resolver-dns-classes-macos-4.1.118.Final.jar;C:\Users\dell\.m2\repository\io\netty\netty-transport-native-epoll\4.1.118.Final\netty-transport-native-epoll-4.1.118.Final-linux-x86_64.jar;C:\Users\dell\.m2\repository\io\netty\netty-transport-native-unix-common\4.1.118.Final\netty-transport-native-unix-common-4.1.118.Final.jar;C:\Users\dell\.m2\repository\io\netty\netty-transport-classes-epoll\4.1.118.Final\netty-transport-classes-epoll-4.1.118.Final.jar;C:\Users\dell\.m2\repository\io\projectreactor\netty\reactor-netty-core\1.2.3\reactor-netty-core-1.2.3.jar;C:\Users\dell\.m2\repository\io\netty\netty-handler-proxy\4.1.118.Final\netty-handler-proxy-4.1.118.Final.jar;C:\Users\dell\.m2\repository\io\netty\netty-codec-socks\4.1.118.Final\netty-codec-socks-4.1.118.Final.jar;C:\Users\dell\.m2\repository\org\springframework\spring-webflux\6.2.3\spring-webflux-6.2.3.jar;C:\Users\dell\.m2\repository\io\projectreactor\reactor-core\3.7.3\reactor-core-3.7.3.jar;C:\Users\dell\.m2\repository\org\reactivestreams\reactive-streams\1.0.4\reactive-streams-1.0.4.jar
Launcher Type: SUN_STANDARD

[Global flags]
     intx CICompilerCount                          = 4                                         {product} {ergonomic}
     uint ConcGCThreads                            = 2                                         {product} {ergonomic}
     uint G1ConcRefinementThreads                  = 8                                         {product} {ergonomic}
   size_t G1HeapRegionSize                         = 2097152                                   {product} {ergonomic}
    uintx GCDrainStackTargetSize                   = 64                                        {product} {ergonomic}
   size_t InitialHeapSize                          = 264241152                                 {product} {ergonomic}
     bool ManagementServer                         = true                                      {product} {command line}
   size_t MarkStackSize                            = 4194304                                   {product} {ergonomic}
   size_t MaxHeapSize                              = 4225761280                                {product} {ergonomic}
   size_t MaxNewSize                               = 2535456768                                {product} {ergonomic}
   size_t MinHeapDeltaBytes                        = 2097152                                   {product} {ergonomic}
   size_t MinHeapSize                              = 8388608                                   {product} {ergonomic}
    uintx NonNMethodCodeHeapSize                   = 4096                                   {pd product} {ergonomic}
    uintx NonProfiledCodeHeapSize                  = 0                                      {pd product} {ergonomic}
     bool ProfileInterpreter                       = false                                  {pd product} {command line}
    uintx ProfiledCodeHeapSize                     = 0                                      {pd product} {ergonomic}
   size_t SoftMaxHeapSize                          = 4225761280                             {manageable} {ergonomic}
     intx TieredStopAtLevel                        = 1                                         {product} {command line}
     bool UseCompressedOops                        = true                           {product lp64_product} {ergonomic}
     bool UseG1GC                                  = true                                      {product} {ergonomic}
     bool UseLargePagesIndividualAllocation        = false                                  {pd product} {ergonomic}

Logging:
Log output configuration:
 #0: stdout all=warning uptime,level,tags foldmultilines=false
 #1: stderr all=off uptime,level,tags foldmultilines=false

Environment Variables:
JAVA_HOME=D:\java\jdk21
PATH=C:\Program Files\Microsoft MPI\Bin\;C:\Program Files\Common Files\Oracle\Java\javapath;C:\WINDOWS\system32;C:\WINDOWS;C:\WINDOWS\System32\Wbem;C:\WINDOWS\System32\WindowsPowerShell\v1.0\;C:\WINDOWS\System32\OpenSSH\;C:\Program Files\Microsoft SQL Server\Client SDK\ODBC\170\Tools\Binn\;D:\Install\bin;D:\Git\cmd;D:\XAMPP\php;C:\ProgramData\ComposerSetup\bin;C:\mingw64\bin;C:\TDM-GCC-32\bin;D:\notejs\;D:\XAMPP\mysql\bin;D:\Maven\bin;D:\Maven\apache-maven-3.9.9\bin;C:\Program Files (x86)\Microsoft SQL Server\160\Tools\Binn\;C:\Program Files\Microsoft SQL Server\160\Tools\Binn\;C:\Program Files\Microsoft SQL Server\160\DTS\Binn\;C:\Program Files (x86)\Microsoft SQL Server\160\DTS\Binn\;D:\python\Scripts\;D:\python\;D:\java\jdk21\bin;D:\Microsoft VS Code\bin;C:\Users\dell\AppData\Roaming\Composer\vendor\bin;C:\mingw64\bin;C:\Users\dell\AppData\Roaming\npm;D:\nodejs;D:\PyCharm\PyCharm Community Edition 2024.2.4\bin;;D:\Wireshark;D:\python3.10;D:\python39;D:\JetBrains\IntelliJ IDEA 2024.3.4.1\bin;;D:\Maven\bin;
USERNAME=dell
OS=Windows_NT
PROCESSOR_IDENTIFIER=Intel64 Family 6 Model 140 Stepping 1, GenuineIntel
TMP=C:\Users\dell\AppData\Local\Temp
TEMP=C:\Users\dell\AppData\Local\Temp




Periodic native trim disabled

---------------  S Y S T E M  ---------------

OS:
 Windows 10 , 64 bit Build 19041 (10.0.19041.5678)
OS uptime: 0 days 1:46 hours

CPU: total 8 (initial active 8) (4 cores per cpu, 2 threads per core) family 6 model 140 stepping 1 microcode 0xbc, cx8, cmov, fxsr, ht, mmx, 3dnowpref, sse, sse2, sse3, ssse3, sse4.1, sse4.2, popcnt, lzcnt, tsc, tscinvbit, avx, avx2, aes, erms, clmul, bmi1, bmi2, adx, avx512f, avx512dq, avx512cd, avx512bw, avx512vl, sha, fma, vzeroupper, avx512_vpopcntdq, avx512_vpclmulqdq, avx512_vaes, avx512_vnni, clflush, clflushopt, clwb, avx512_vbmi2, avx512_vbmi, rdtscp, rdpid, fsrm, gfni, avx512_bitalg, f16c, pku, cet_ibt, cet_ss, avx512_ifma
Processor Information for all 8 processors :
  Max Mhz: 2419, Current Mhz: 2419, Mhz Limit: 2419

Memory: 4k page, system-wide physical 16118M (4184M free)
TotalPageFile size 18453M (AvailPageFile size 26M)
current process WorkingSet (physical memory assigned to process): 308M, peak: 308M
current process commit charge ("private bytes"): 350M, peak: 436M

vm_info: Java HotSpot(TM) 64-Bit Server VM (21.0.6+8-LTS-188) for windows-amd64 JRE (21.0.6+8-LTS-188), built on 2024-12-03T10:50:54Z by "mach5one" with MS VC++ 17.6 (VS2022)

END.
