#
# There is insufficient memory for the Java Runtime Environment to continue.
# Native memory allocation (mmap) failed to map 104857600 bytes for G1 virtual space
# Possible reasons:
#   The system is out of physical RAM or swap space
#   The process is running with CompressedOops enabled, and the Java Heap may be blocking the growth of the native heap
# Possible solutions:
#   Reduce memory load on the system
#   Increase physical memory or swap space
#   Check if swap backing store is full
#   Decrease Java heap size (-Xmx/-Xms)
#   Decrease number of Java threads
#   Decrease Java thread stack sizes (-Xss)
#   Set larger code cache with -XX:ReservedCodeCacheSize=
#   JVM is running with Zero Based Compressed Oops mode in which the Java heap is
#     placed in the first 32GB address space. The Java Heap base address is the
#     maximum limit for the native heap growth. Please use -XX:HeapBaseMinAddress
#     to set the Java Heap base and to place the Java Heap above 32GB virtual address.
# This output file may be truncated or incomplete.
#
#  Out of Memory Error (os_windows.cpp:3603), pid=16544, tid=16272
#
# JRE version: Java(TM) SE Runtime Environment (21.0.6+8) (build 21.0.6+8-LTS-188)
# Java VM: Java HotSpot(TM) 64-Bit Server VM (21.0.6+8-LTS-188, mixed mode, emulated-client, sharing, tiered, compressed oops, compressed class ptrs, g1 gc, windows-amd64)
# No core dump will be written. Minidumps are not enabled by default on client versions of Windows
#

---------------  S U M M A R Y ------------

Command Line: -XX:TieredStopAtLevel=1 -Dspring.output.ansi.enabled=always -Dcom.sun.management.jmxremote -Dspring.jmx.enabled=true -Dspring.liveBeansView.mbeanDomain -Dspring.application.admin.enabled=true -Dmanagement.endpoints.jmx.exposure.include=* -javaagent:D:\JetBrains\IntelliJ IDEA 2024.3.4.1\lib\idea_rt.jar=51754 -Dfile.encoding=UTF-8 -Dsun.stdout.encoding=UTF-8 -Dsun.stderr.encoding=UTF-8 com.project.stationery_be_server.StationeryBeServerApplication

Host: 11th Gen Intel(R) Core(TM) i5-1135G7 @ 2.40GHz, 8 cores, 15G,  Windows 10 , 64 bit Build 19041 (10.0.19041.5678)
Time: Sat May  3 00:44:26 2025 SE Asia Standard Time elapsed time: 6.145840 seconds (0d 0h 0m 6s)

---------------  T H R E A D  ---------------

Current thread (0x0000021f0fa7dde0):  VMThread "VM Thread"          [id=16272, stack(0x000000ac92400000,0x000000ac92500000) (1024K)]

Stack: [0x000000ac92400000,0x000000ac92500000]
Native frames: (J=compiled Java code, j=interpreted, Vv=VM code, C=native code)
V  [jvm.dll+0x6ca6d9]
V  [jvm.dll+0x854f51]
V  [jvm.dll+0x85747e]
V  [jvm.dll+0x857b53]
V  [jvm.dll+0x27dcc6]
V  [jvm.dll+0x6c6e55]
V  [jvm.dll+0x6bb9da]
V  [jvm.dll+0x35393a]
V  [jvm.dll+0x35b596]
V  [jvm.dll+0x3adefe]
V  [jvm.dll+0x3ae1a8]
V  [jvm.dll+0x327cbc]
V  [jvm.dll+0x327d47]
V  [jvm.dll+0x36c60c]
V  [jvm.dll+0x36ae5e]
V  [jvm.dll+0x327481]
V  [jvm.dll+0x36a57a]
V  [jvm.dll+0x85d920]
V  [jvm.dll+0x85eca4]
V  [jvm.dll+0x85f1e0]
V  [jvm.dll+0x85f483]
V  [jvm.dll+0x7ff2fb]
V  [jvm.dll+0x6c8dbd]
C  [ucrtbase.dll+0x21bb2]
C  [KERNEL32.DLL+0x17374]
C  [ntdll.dll+0x4cc91]

VM_Operation (0x000000ac91df7690): G1CollectForAllocation, mode: safepoint, requested by thread 0x0000021f7cb27da0


---------------  P R O C E S S  ---------------

Threads class SMR info:
_java_thread_list=0x0000021f56cefdd0, length=24, elements={
0x0000021f7cb27da0, 0x0000021f0fa98ff0, 0x0000021f0fa99f00, 0x0000021f0fa9cfa0,
0x0000021f0fa9eb60, 0x0000021f0fa9fbc0, 0x0000021f0faa0610, 0x0000021f0faaf570,
0x0000021f0fd05670, 0x0000021f0fd07790, 0x0000021f0ff8cb10, 0x0000021f0ff8d5c0,
0x0000021f553fa030, 0x0000021f553faaa0, 0x0000021f55582c40, 0x0000021f555c1b80,
0x0000021f55650c60, 0x0000021f5565d410, 0x0000021f5757caa0, 0x0000021f5757d130,
0x0000021f5757bd80, 0x0000021f5757c410, 0x0000021f57c71040, 0x0000021f57c6e8e0
}

Java Threads: ( => current thread )
  0x0000021f7cb27da0 JavaThread "main"                              [_thread_blocked, id=1904, stack(0x000000ac91d00000,0x000000ac91e00000) (1024K)]
  0x0000021f0fa98ff0 JavaThread "Reference Handler"          daemon [_thread_blocked, id=9552, stack(0x000000ac92500000,0x000000ac92600000) (1024K)]
  0x0000021f0fa99f00 JavaThread "Finalizer"                  daemon [_thread_blocked, id=18500, stack(0x000000ac92600000,0x000000ac92700000) (1024K)]
  0x0000021f0fa9cfa0 JavaThread "Signal Dispatcher"          daemon [_thread_blocked, id=3000, stack(0x000000ac92700000,0x000000ac92800000) (1024K)]
  0x0000021f0fa9eb60 JavaThread "Attach Listener"            daemon [_thread_blocked, id=2540, stack(0x000000ac92800000,0x000000ac92900000) (1024K)]
  0x0000021f0fa9fbc0 JavaThread "Service Thread"             daemon [_thread_blocked, id=18764, stack(0x000000ac92900000,0x000000ac92a00000) (1024K)]
  0x0000021f0faa0610 JavaThread "Monitor Deflation Thread"   daemon [_thread_blocked, id=1384, stack(0x000000ac92a00000,0x000000ac92b00000) (1024K)]
  0x0000021f0faaf570 JavaThread "C1 CompilerThread0"         daemon [_thread_blocked, id=16396, stack(0x000000ac92b00000,0x000000ac92c00000) (1024K)]
  0x0000021f0fd05670 JavaThread "Common-Cleaner"             daemon [_thread_blocked, id=3864, stack(0x000000ac92c00000,0x000000ac92d00000) (1024K)]
  0x0000021f0fd07790 JavaThread "C1 CompilerThread1"         daemon [_thread_blocked, id=1636, stack(0x000000ac92d00000,0x000000ac92e00000) (1024K)]
  0x0000021f0ff8cb10 JavaThread "C1 CompilerThread2"         daemon [_thread_blocked, id=6724, stack(0x000000ac92e00000,0x000000ac92f00000) (1024K)]
  0x0000021f0ff8d5c0 JavaThread "C1 CompilerThread3"         daemon [_thread_blocked, id=17720, stack(0x000000ac92f00000,0x000000ac93000000) (1024K)]
  0x0000021f553fa030 JavaThread "Monitor Ctrl-Break"         daemon [_thread_in_native, id=3456, stack(0x000000ac93000000,0x000000ac93100000) (1024K)]
  0x0000021f553faaa0 JavaThread "Notification Thread"        daemon [_thread_blocked, id=14232, stack(0x000000ac93100000,0x000000ac93200000) (1024K)]
  0x0000021f55582c40 JavaThread "RMI TCP Accept-0"           daemon [_thread_in_native, id=10940, stack(0x000000ac93200000,0x000000ac93300000) (1024K)]
  0x0000021f555c1b80 JavaThread "RMI TCP Connection(1)-192.168.1.33" daemon [_thread_in_native, id=15136, stack(0x000000ac93300000,0x000000ac93400000) (1024K)]
  0x0000021f55650c60 JavaThread "RMI Scheduler(0)"           daemon [_thread_blocked, id=7080, stack(0x000000ac93b00000,0x000000ac93c00000) (1024K)]
  0x0000021f5565d410 JavaThread "JMX server connection timeout 33" daemon [_thread_blocked, id=18356, stack(0x000000ac93c00000,0x000000ac93d00000) (1024K)]
  0x0000021f5757caa0 JavaThread "Catalina-utility-1"                [_thread_blocked, id=2896, stack(0x000000ac93d00000,0x000000ac93e00000) (1024K)]
  0x0000021f5757d130 JavaThread "Catalina-utility-2"                [_thread_blocked, id=2256, stack(0x000000ac93f00000,0x000000ac94000000) (1024K)]
  0x0000021f5757bd80 JavaThread "container-0"                       [_thread_blocked, id=14192, stack(0x000000ac94000000,0x000000ac94100000) (1024K)]
  0x0000021f5757c410 JavaThread "mysql-cj-abandoned-connection-cleanup" daemon [_thread_blocked, id=1444, stack(0x000000ac94100000,0x000000ac94200000) (1024K)]
  0x0000021f57c71040 JavaThread "HikariPool-1 housekeeper"   daemon [_thread_blocked, id=10180, stack(0x000000ac94300000,0x000000ac94400000) (1024K)]
  0x0000021f57c6e8e0 JavaThread "HikariPool-1 connection adder" daemon [_thread_blocked, id=12828, stack(0x000000ac94400000,0x000000ac94500000) (1024K)]
Total: 24

Other Threads:
=>0x0000021f0fa7dde0 VMThread "VM Thread"                           [id=16272, stack(0x000000ac92400000,0x000000ac92500000) (1024K)]
  0x0000021f0fa6d0b0 WatcherThread "VM Periodic Task Thread"        [id=10784, stack(0x000000ac92300000,0x000000ac92400000) (1024K)]
  0x0000021f7cb8e400 WorkerThread "GC Thread#0"                     [id=17824, stack(0x000000ac91e00000,0x000000ac91f00000) (1024K)]
  0x0000021f555d46f0 WorkerThread "GC Thread#1"                     [id=6544, stack(0x000000ac93400000,0x000000ac93500000) (1024K)]
  0x0000021f555d6aa0 WorkerThread "GC Thread#2"                     [id=6468, stack(0x000000ac93500000,0x000000ac93600000) (1024K)]
  0x0000021f555d8e50 WorkerThread "GC Thread#3"                     [id=4536, stack(0x000000ac93600000,0x000000ac93700000) (1024K)]
  0x0000021f555db3c0 WorkerThread "GC Thread#4"                     [id=12936, stack(0x000000ac93700000,0x000000ac93800000) (1024K)]
  0x0000021f555dac80 WorkerThread "GC Thread#5"                     [id=1160, stack(0x000000ac93800000,0x000000ac93900000) (1024K)]
  0x0000021f555d9e00 WorkerThread "GC Thread#6"                     [id=8584, stack(0x000000ac93900000,0x000000ac93a00000) (1024K)]
  0x0000021f555da8e0 WorkerThread "GC Thread#7"                     [id=19144, stack(0x000000ac93a00000,0x000000ac93b00000) (1024K)]
  0x0000021f7cb9f880 ConcurrentGCThread "G1 Main Marker"            [id=1552, stack(0x000000ac91f00000,0x000000ac92000000) (1024K)]
  0x0000021f7cba0a30 WorkerThread "G1 Conc#0"                       [id=18520, stack(0x000000ac92000000,0x000000ac92100000) (1024K)]
  0x0000021f5673e550 WorkerThread "G1 Conc#1"                       [id=4640, stack(0x000000ac93e00000,0x000000ac93f00000) (1024K)]
  0x0000021f0f93c9e0 ConcurrentGCThread "G1 Refine#0"               [id=12092, stack(0x000000ac92100000,0x000000ac92200000) (1024K)]
  0x0000021f0f93d460 ConcurrentGCThread "G1 Service"                [id=14844, stack(0x000000ac92200000,0x000000ac92300000) (1024K)]
Total: 15

Threads with active compile tasks:
Total: 0

VM state: at safepoint (normal execution)

VM Mutex/Monitor currently owned by a thread:  ([mutex/lock_event])
[0x00007ffa4581de98] Threads_lock - owner thread: 0x0000021f0fa7dde0
[0x00007ffa4581df98] Heap_lock - owner thread: 0x0000021f7cb27da0

Heap address: 0x0000000704200000, size: 4030 MB, Compressed Oops mode: Zero based, Oop shift amount: 3

CDS archive(s) mapped at: [0x0000021f10000000-0x0000021f10c90000-0x0000021f10c90000), size 13172736, SharedBaseAddress: 0x0000021f10000000, ArchiveRelocationMode: 1.
Compressed class space mapped at: 0x0000021f11000000-0x0000021f51000000, reserved size: 1073741824
Narrow klass base: 0x0000021f10000000, Narrow klass shift: 0, Narrow klass range: 0x100000000

GC Precious Log:
 CardTable entry size: 512
 Card Set container configuration: InlinePtr #cards 4 size 8 Array Of Cards #cards 16 size 48 Howl #buckets 8 coarsen threshold 3686 Howl Bitmap #cards 512 size 80 coarsen threshold 460 Card regions per heap region 1 cards per card region 4096
 CPUs: 8 total, 8 available
 Memory: 16118M
 Large Page Support: Disabled
 NUMA Support: Disabled
 Compressed Oops: Enabled (Zero based)
 Heap Region Size: 2M
 Heap Min Capacity: 8M
 Heap Initial Capacity: 252M
 Heap Max Capacity: 4030M
 Pre-touch: Disabled
 Parallel Workers: 8
 Concurrent Workers: 2
 Concurrent Refinement Workers: 8
 Periodic GC: Disabled

Heap:
 garbage-first heap   total 141312K, used 68411K [0x0000000704200000, 0x0000000800000000)
  region size 2048K, 4 young (8192K), 4 survivors (8192K)
 Metaspace       used 77272K, committed 78080K, reserved 1179648K
  class space    used 11158K, committed 11520K, reserved 1048576K

Heap Regions: E=young(eden), S=young(survivor), O=old, HS=humongous(starts), HC=humongous(continues), CS=collection set, F=free, TAMS=top-at-mark-start, PB=parsable bottom
|   0|0x0000000704200000, 0x0000000704400000, 0x0000000704400000|100%| O|  |TAMS 0x0000000704200000| PB 0x0000000704200000| Untracked 
|   1|0x0000000704400000, 0x0000000704600000, 0x0000000704600000|100%| O|  |TAMS 0x0000000704400000| PB 0x0000000704400000| Untracked 
|   2|0x0000000704600000, 0x0000000704800000, 0x0000000704800000|100%| O|  |TAMS 0x0000000704600000| PB 0x0000000704600000| Untracked 
|   3|0x0000000704800000, 0x0000000704a00000, 0x0000000704a00000|100%| O|  |TAMS 0x0000000704800000| PB 0x0000000704800000| Untracked 
|   4|0x0000000704a00000, 0x0000000704c00000, 0x0000000704c00000|100%| O|  |TAMS 0x0000000704a00000| PB 0x0000000704a00000| Untracked 
|   5|0x0000000704c00000, 0x0000000704e00000, 0x0000000704e00000|100%| O|  |TAMS 0x0000000704c00000| PB 0x0000000704c00000| Untracked 
|   6|0x0000000704e00000, 0x0000000705000000, 0x0000000705000000|100%| O|  |TAMS 0x0000000704e00000| PB 0x0000000704e00000| Untracked 
|   7|0x0000000705000000, 0x0000000705200000, 0x0000000705200000|100%| O|  |TAMS 0x0000000705000000| PB 0x0000000705000000| Untracked 
|   8|0x0000000705200000, 0x0000000705400000, 0x0000000705400000|100%| O|  |TAMS 0x0000000705200000| PB 0x0000000705200000| Untracked 
|   9|0x0000000705400000, 0x0000000705600000, 0x0000000705600000|100%| O|  |TAMS 0x0000000705400000| PB 0x0000000705400000| Untracked 
|  10|0x0000000705600000, 0x0000000705800000, 0x0000000705800000|100%| O|  |TAMS 0x0000000705600000| PB 0x0000000705600000| Untracked 
|  11|0x0000000705800000, 0x0000000705a00000, 0x0000000705a00000|100%| O|  |TAMS 0x0000000705800000| PB 0x0000000705800000| Untracked 
|  12|0x0000000705a00000, 0x0000000705c00000, 0x0000000705c00000|100%| O|  |TAMS 0x0000000705a00000| PB 0x0000000705a00000| Untracked 
|  13|0x0000000705c00000, 0x0000000705e00000, 0x0000000705e00000|100%| O|  |TAMS 0x0000000705c00000| PB 0x0000000705c00000| Untracked 
|  14|0x0000000705e00000, 0x0000000706000000, 0x0000000706000000|100%| O|  |TAMS 0x0000000705e00000| PB 0x0000000705e00000| Untracked 
|  15|0x0000000706000000, 0x0000000706200000, 0x0000000706200000|100%| O|  |TAMS 0x0000000706000000| PB 0x0000000706000000| Untracked 
|  16|0x0000000706200000, 0x0000000706400000, 0x0000000706400000|100%| O|  |TAMS 0x0000000706200000| PB 0x0000000706200000| Untracked 
|  17|0x0000000706400000, 0x0000000706600000, 0x0000000706600000|100%| O|  |TAMS 0x0000000706400000| PB 0x0000000706400000| Untracked 
|  18|0x0000000706600000, 0x0000000706800000, 0x0000000706800000|100%| O|  |TAMS 0x0000000706600000| PB 0x0000000706600000| Untracked 
|  19|0x0000000706800000, 0x0000000706a00000, 0x0000000706a00000|100%| O|  |TAMS 0x0000000706800000| PB 0x0000000706800000| Untracked 
|  20|0x0000000706a00000, 0x0000000706c00000, 0x0000000706c00000|100%| O|  |TAMS 0x0000000706a00000| PB 0x0000000706a00000| Untracked 
|  21|0x0000000706c00000, 0x0000000706e00000, 0x0000000706e00000|100%| O|  |TAMS 0x0000000706c00000| PB 0x0000000706c00000| Untracked 
|  22|0x0000000706e00000, 0x0000000707000000, 0x0000000707000000|100%| O|  |TAMS 0x0000000706e00000| PB 0x0000000706e00000| Untracked 
|  23|0x0000000707000000, 0x0000000707200000, 0x0000000707200000|100%| O|  |TAMS 0x0000000707000000| PB 0x0000000707000000| Untracked 
|  24|0x0000000707200000, 0x0000000707400000, 0x0000000707400000|100%| O|  |TAMS 0x0000000707200000| PB 0x0000000707200000| Untracked 
|  25|0x0000000707400000, 0x0000000707600000, 0x0000000707600000|100%| O|  |TAMS 0x0000000707400000| PB 0x0000000707400000| Untracked 
|  26|0x0000000707600000, 0x0000000707800000, 0x0000000707800000|100%| O|  |TAMS 0x0000000707600000| PB 0x0000000707600000| Untracked 
|  27|0x0000000707800000, 0x0000000707a00000, 0x0000000707a00000|100%| O|  |TAMS 0x0000000707800000| PB 0x0000000707800000| Untracked 
|  28|0x0000000707a00000, 0x0000000707a79a20, 0x0000000707c00000| 23%| O|  |TAMS 0x0000000707a00000| PB 0x0000000707a00000| Untracked 
|  29|0x0000000707c00000, 0x0000000707e00000, 0x0000000707e00000|100%| O|  |TAMS 0x0000000707c00000| PB 0x0000000707c00000| Untracked 
|  30|0x0000000707e00000, 0x0000000708000000, 0x0000000708000000|100%| O|  |TAMS 0x0000000707e00000| PB 0x0000000707e00000| Untracked 
|  31|0x0000000708000000, 0x0000000708000000, 0x0000000708200000|  0%| F|  |TAMS 0x0000000708000000| PB 0x0000000708000000| Untracked 
|  32|0x0000000708200000, 0x0000000708200000, 0x0000000708400000|  0%| F|  |TAMS 0x0000000708200000| PB 0x0000000708200000| Untracked 
|  33|0x0000000708400000, 0x0000000708400000, 0x0000000708600000|  0%| F|  |TAMS 0x0000000708400000| PB 0x0000000708400000| Untracked 
|  34|0x0000000708600000, 0x0000000708600000, 0x0000000708800000|  0%| F|  |TAMS 0x0000000708600000| PB 0x0000000708600000| Untracked 
|  35|0x0000000708800000, 0x0000000708800000, 0x0000000708a00000|  0%| F|  |TAMS 0x0000000708800000| PB 0x0000000708800000| Untracked 
|  36|0x0000000708a00000, 0x0000000708a00000, 0x0000000708c00000|  0%| F|  |TAMS 0x0000000708a00000| PB 0x0000000708a00000| Untracked 
|  37|0x0000000708c00000, 0x0000000708c00000, 0x0000000708e00000|  0%| F|  |TAMS 0x0000000708c00000| PB 0x0000000708c00000| Untracked 
|  38|0x0000000708e00000, 0x0000000708e552e0, 0x0000000709000000| 16%| S|CS|TAMS 0x0000000708e00000| PB 0x0000000708e00000| Complete 
|  39|0x0000000709000000, 0x0000000709200000, 0x0000000709200000|100%| S|CS|TAMS 0x0000000709000000| PB 0x0000000709000000| Complete 
|  40|0x0000000709200000, 0x0000000709400000, 0x0000000709400000|100%| S|CS|TAMS 0x0000000709200000| PB 0x0000000709200000| Complete 
|  41|0x0000000709400000, 0x0000000709400000, 0x0000000709600000|  0%| F|  |TAMS 0x0000000709400000| PB 0x0000000709400000| Untracked 
|  42|0x0000000709600000, 0x0000000709600000, 0x0000000709800000|  0%| F|  |TAMS 0x0000000709600000| PB 0x0000000709600000| Untracked 
|  43|0x0000000709800000, 0x0000000709a00000, 0x0000000709a00000|100%| S|CS|TAMS 0x0000000709800000| PB 0x0000000709800000| Complete 
|  44|0x0000000709a00000, 0x0000000709a00000, 0x0000000709c00000|  0%| F|  |TAMS 0x0000000709a00000| PB 0x0000000709a00000| Untracked 
|  45|0x0000000709c00000, 0x0000000709c00000, 0x0000000709e00000|  0%| F|  |TAMS 0x0000000709c00000| PB 0x0000000709c00000| Untracked 
|  46|0x0000000709e00000, 0x0000000709e00000, 0x000000070a000000|  0%| F|  |TAMS 0x0000000709e00000| PB 0x0000000709e00000| Untracked 
|  47|0x000000070a000000, 0x000000070a000000, 0x000000070a200000|  0%| F|  |TAMS 0x000000070a000000| PB 0x000000070a000000| Untracked 
|  48|0x000000070a200000, 0x000000070a200000, 0x000000070a400000|  0%| F|  |TAMS 0x000000070a200000| PB 0x000000070a200000| Untracked 
|  49|0x000000070a400000, 0x000000070a400000, 0x000000070a600000|  0%| F|  |TAMS 0x000000070a400000| PB 0x000000070a400000| Untracked 
|  50|0x000000070a600000, 0x000000070a600000, 0x000000070a800000|  0%| F|  |TAMS 0x000000070a600000| PB 0x000000070a600000| Untracked 
|  51|0x000000070a800000, 0x000000070a800000, 0x000000070aa00000|  0%| F|  |TAMS 0x000000070a800000| PB 0x000000070a800000| Untracked 
|  52|0x000000070aa00000, 0x000000070aa00000, 0x000000070ac00000|  0%| F|  |TAMS 0x000000070aa00000| PB 0x000000070aa00000| Untracked 
|  53|0x000000070ac00000, 0x000000070ac00000, 0x000000070ae00000|  0%| F|  |TAMS 0x000000070ac00000| PB 0x000000070ac00000| Untracked 
|  54|0x000000070ae00000, 0x000000070ae00000, 0x000000070b000000|  0%| F|  |TAMS 0x000000070ae00000| PB 0x000000070ae00000| Untracked 
|  55|0x000000070b000000, 0x000000070b000000, 0x000000070b200000|  0%| F|  |TAMS 0x000000070b000000| PB 0x000000070b000000| Untracked 
|  56|0x000000070b200000, 0x000000070b200000, 0x000000070b400000|  0%| F|  |TAMS 0x000000070b200000| PB 0x000000070b200000| Untracked 
|  57|0x000000070b400000, 0x000000070b400000, 0x000000070b600000|  0%| F|  |TAMS 0x000000070b400000| PB 0x000000070b400000| Untracked 
|  58|0x000000070b600000, 0x000000070b600000, 0x000000070b800000|  0%| F|  |TAMS 0x000000070b600000| PB 0x000000070b600000| Untracked 
|  59|0x000000070b800000, 0x000000070b800000, 0x000000070ba00000|  0%| F|  |TAMS 0x000000070b800000| PB 0x000000070b800000| Untracked 
|  60|0x000000070ba00000, 0x000000070ba00000, 0x000000070bc00000|  0%| F|  |TAMS 0x000000070ba00000| PB 0x000000070ba00000| Untracked 
|  61|0x000000070bc00000, 0x000000070bc00000, 0x000000070be00000|  0%| F|  |TAMS 0x000000070bc00000| PB 0x000000070bc00000| Untracked 
|  62|0x000000070be00000, 0x000000070be00000, 0x000000070c000000|  0%| F|  |TAMS 0x000000070be00000| PB 0x000000070be00000| Untracked 
|  63|0x000000070c000000, 0x000000070c000000, 0x000000070c200000|  0%| F|  |TAMS 0x000000070c000000| PB 0x000000070c000000| Untracked 
|  64|0x000000070c200000, 0x000000070c200000, 0x000000070c400000|  0%| F|  |TAMS 0x000000070c200000| PB 0x000000070c200000| Untracked 
|  65|0x000000070c400000, 0x000000070c400000, 0x000000070c600000|  0%| F|  |TAMS 0x000000070c400000| PB 0x000000070c400000| Untracked 
|  66|0x000000070c600000, 0x000000070c600000, 0x000000070c800000|  0%| F|  |TAMS 0x000000070c600000| PB 0x000000070c600000| Untracked 
|  67|0x000000070c800000, 0x000000070c800000, 0x000000070ca00000|  0%| F|  |TAMS 0x000000070c800000| PB 0x000000070c800000| Untracked 
| 125|0x0000000713c00000, 0x0000000713c00000, 0x0000000713e00000|  0%| F|  |TAMS 0x0000000713c00000| PB 0x0000000713c00000| Untracked 

Card table byte_map: [0x0000021f08ba0000,0x0000021f09380000] _byte_map_base: 0x0000021f0537f000

Marking Bits: (CMBitMap*) 0x0000021f7cb8ea10
 Bits: [0x0000021f09380000, 0x0000021f0d278000)

Polling page: 0x0000021f7a910000

Metaspace:

Usage:
  Non-class:     64.56 MB used.
      Class:     10.90 MB used.
       Both:     75.46 MB used.

Virtual space:
  Non-class space:      128.00 MB reserved,      65.00 MB ( 51%) committed,  2 nodes.
      Class space:        1.00 GB reserved,      11.25 MB (  1%) committed,  1 nodes.
             Both:        1.12 GB reserved,      76.25 MB (  7%) committed. 

Chunk freelists:
   Non-Class:  14.64 MB
       Class:  4.60 MB
        Both:  19.24 MB

MaxMetaspaceSize: unlimited
CompressedClassSpaceSize: 1.00 GB
Initial GC threshold: 21.00 MB
Current GC threshold: 126.69 MB
CDS: on
 - commit_granule_bytes: 65536.
 - commit_granule_words: 8192.
 - virtual_space_node_default_size: 8388608.
 - enlarge_chunks_in_place: 1.
 - use_allocation_guard: 0.


Internal statistics:

num_allocs_failed_limit: 9.
num_arena_births: 1110.
num_arena_deaths: 0.
num_vsnodes_births: 3.
num_vsnodes_deaths: 0.
num_space_committed: 1220.
num_space_uncommitted: 0.
num_chunks_returned_to_freelist: 9.
num_chunks_taken_from_freelist: 3738.
num_chunk_merges: 9.
num_chunk_splits: 2789.
num_chunks_enlarged: 2183.
num_inconsistent_stats: 0.

CodeCache: size=49152Kb used=14524Kb max_used=16044Kb free=34627Kb
 bounds [0x0000021f7cbe0000, 0x0000021f7db90000, 0x0000021f7fbe0000]
 total_blobs=7866 nmethods=7124 adapters=661
 compilation: enabled
              stopped_count=0, restarted_count=0
 full_count=0

Compilation events (20 events):
Event: 6.130 Thread 0x0000021f0fd07790 8493   !   1       java.net.Socket$SocketOutputStream::write (54 bytes)
Event: 6.130 Thread 0x0000021f0ff8cb10 8496   !   1       sun.nio.ch.NioSocketImpl::implWrite (119 bytes)
Event: 6.130 Thread 0x0000021f0faaf570 nmethod 8494 0x0000021f7cf8af10 code [0x0000021f7cf8b0c0, 0x0000021f7cf8b1b0]
Event: 6.130 Thread 0x0000021f0faaf570 8497   !   1       sun.nio.ch.NioSocketImpl::beginWrite (30 bytes)
Event: 6.130 Thread 0x0000021f0fd07790 nmethod 8493 0x0000021f7d2d6990 code [0x0000021f7d2d6b60, 0x0000021f7d2d6dd0]
Event: 6.130 Thread 0x0000021f0fd07790 8498   !   1       sun.nio.ch.NioSocketImpl::tryWrite (78 bytes)
Event: 6.130 Thread 0x0000021f0faaf570 nmethod 8497 0x0000021f7d2db210 code [0x0000021f7d2db3c0, 0x0000021f7d2db620]
Event: 6.130 Thread 0x0000021f0faaf570 8499       1       java.nio.ByteBuffer::put (69 bytes)
Event: 6.131 Thread 0x0000021f0fd07790 nmethod 8498 0x0000021f7d174510 code [0x0000021f7d174700, 0x0000021f7d174970]
Event: 6.131 Thread 0x0000021f0ff8d5c0 nmethod 8495 0x0000021f7d1a9b90 code [0x0000021f7d1a9dc0, 0x0000021f7d1aa250]
Event: 6.131 Thread 0x0000021f0fd07790 8500   !   1       sun.nio.ch.NioSocketImpl::endWrite (58 bytes)
Event: 6.131 Thread 0x0000021f0faaf570 nmethod 8499 0x0000021f7d273e10 code [0x0000021f7d274020, 0x0000021f7d274360]
Event: 6.131 Thread 0x0000021f0fd07790 nmethod 8500 0x0000021f7d00a090 code [0x0000021f7d00a260, 0x0000021f7d00a558]
Event: 6.131 Thread 0x0000021f0ff8cb10 nmethod 8496 0x0000021f7d381190 code [0x0000021f7d3813a0, 0x0000021f7d381980]
Event: 6.132 Thread 0x0000021f0ff8d5c0 8502       1       java.io.ObjectInputStream$FilterValues::serialClass (5 bytes)
Event: 6.132 Thread 0x0000021f0faaf570 8501       1       java.io.ObjectInputStream$FilterValues::depth (5 bytes)
Event: 6.132 Thread 0x0000021f0ff8d5c0 nmethod 8502 0x0000021f7cf96110 code [0x0000021f7cf962a0, 0x0000021f7cf96370]
Event: 6.132 Thread 0x0000021f0faaf570 nmethod 8501 0x0000021f7cfaf310 code [0x0000021f7cfaf4a0, 0x0000021f7cfaf568]
Event: 6.132 Thread 0x0000021f0ff8d5c0 8503       1       java.io.DataOutputStream::<init> (19 bytes)
Event: 6.132 Thread 0x0000021f0ff8d5c0 nmethod 8503 0x0000021f7d495b10 code [0x0000021f7d495cc0, 0x0000021f7d495fe0]

GC Heap History (20 events):
Event: 3.975 GC heap after
{Heap after GC invocations=12 (full 0):
 garbage-first heap   total 96256K, used 31005K [0x0000000704200000, 0x0000000800000000)
  region size 2048K, 3 young (6144K), 3 survivors (6144K)
 Metaspace       used 55652K, committed 56320K, reserved 1114112K
  class space    used 7726K, committed 8064K, reserved 1048576K
}
Event: 4.472 GC heap before
{Heap before GC invocations=13 (full 0):
 garbage-first heap   total 96256K, used 78109K [0x0000000704200000, 0x0000000800000000)
  region size 2048K, 27 young (55296K), 3 survivors (6144K)
 Metaspace       used 63521K, committed 64192K, reserved 1114112K
  class space    used 8971K, committed 9280K, reserved 1048576K
}
Event: 4.475 GC heap after
{Heap after GC invocations=14 (full 0):
 garbage-first heap   total 96256K, used 32143K [0x0000000704200000, 0x0000000800000000)
  region size 2048K, 3 young (6144K), 3 survivors (6144K)
 Metaspace       used 63521K, committed 64192K, reserved 1114112K
  class space    used 8971K, committed 9280K, reserved 1048576K
}
Event: 4.977 GC heap before
{Heap before GC invocations=14 (full 0):
 garbage-first heap   total 96256K, used 81295K [0x0000000704200000, 0x0000000800000000)
  region size 2048K, 28 young (57344K), 3 survivors (6144K)
 Metaspace       used 70986K, committed 71744K, reserved 1114112K
  class space    used 10019K, committed 10368K, reserved 1048576K
}
Event: 4.985 GC heap after
{Heap after GC invocations=15 (full 0):
 garbage-first heap   total 98304K, used 36382K [0x0000000704200000, 0x0000000800000000)
  region size 2048K, 4 young (8192K), 4 survivors (8192K)
 Metaspace       used 70986K, committed 71744K, reserved 1114112K
  class space    used 10019K, committed 10368K, reserved 1048576K
}
Event: 5.360 GC heap before
{Heap before GC invocations=15 (full 0):
 garbage-first heap   total 98304K, used 81438K [0x0000000704200000, 0x0000000800000000)
  region size 2048K, 26 young (53248K), 4 survivors (8192K)
 Metaspace       used 75537K, committed 76352K, reserved 1114112K
  class space    used 10918K, committed 11264K, reserved 1048576K
}
Event: 5.365 GC heap after
{Heap after GC invocations=16 (full 0):
 garbage-first heap   total 98304K, used 40251K [0x0000000704200000, 0x0000000800000000)
  region size 2048K, 2 young (4096K), 2 survivors (4096K)
 Metaspace       used 75537K, committed 76352K, reserved 1114112K
  class space    used 10918K, committed 11264K, reserved 1048576K
}
Event: 5.512 GC heap before
{Heap before GC invocations=16 (full 0):
 garbage-first heap   total 98304K, used 85307K [0x0000000704200000, 0x0000000800000000)
  region size 2048K, 24 young (49152K), 2 survivors (4096K)
 Metaspace       used 76994K, committed 77824K, reserved 1179648K
  class space    used 11100K, committed 11456K, reserved 1048576K
}
Event: 5.516 GC heap after
{Heap after GC invocations=17 (full 0):
 garbage-first heap   total 118784K, used 42839K [0x0000000704200000, 0x0000000800000000)
  region size 2048K, 2 young (4096K), 2 survivors (4096K)
 Metaspace       used 76994K, committed 77824K, reserved 1179648K
  class space    used 11100K, committed 11456K, reserved 1048576K
}
Event: 5.629 GC heap before
{Heap before GC invocations=18 (full 0):
 garbage-first heap   total 118784K, used 102231K [0x0000000704200000, 0x0000000800000000)
  region size 2048K, 31 young (63488K), 2 survivors (4096K)
 Metaspace       used 76995K, committed 77824K, reserved 1179648K
  class space    used 11100K, committed 11456K, reserved 1048576K
}
Event: 5.636 GC heap after
{Heap after GC invocations=19 (full 0):
 garbage-first heap   total 118784K, used 55296K [0x0000000704200000, 0x0000000800000000)
  region size 2048K, 4 young (8192K), 4 survivors (8192K)
 Metaspace       used 76995K, committed 77824K, reserved 1179648K
  class space    used 11100K, committed 11456K, reserved 1048576K
}
Event: 5.736 GC heap before
{Heap before GC invocations=19 (full 0):
 garbage-first heap   total 118784K, used 96256K [0x0000000704200000, 0x0000000800000000)
  region size 2048K, 24 young (49152K), 4 survivors (8192K)
 Metaspace       used 77062K, committed 77824K, reserved 1179648K
  class space    used 11124K, committed 11456K, reserved 1048576K
}
Event: 5.741 GC heap after
{Heap after GC invocations=20 (full 0):
 garbage-first heap   total 118784K, used 57344K [0x0000000704200000, 0x0000000800000000)
  region size 2048K, 1 young (2048K), 1 survivors (2048K)
 Metaspace       used 77062K, committed 77824K, reserved 1179648K
  class space    used 11124K, committed 11456K, reserved 1048576K
}
Event: 5.809 GC heap before
{Heap before GC invocations=20 (full 0):
 garbage-first heap   total 118784K, used 100352K [0x0000000704200000, 0x0000000800000000)
  region size 2048K, 22 young (45056K), 1 survivors (2048K)
 Metaspace       used 77067K, committed 77824K, reserved 1179648K
  class space    used 11125K, committed 11456K, reserved 1048576K
}
Event: 5.814 GC heap after
{Heap after GC invocations=21 (full 0):
 garbage-first heap   total 118784K, used 62086K [0x0000000704200000, 0x0000000800000000)
  region size 2048K, 3 young (6144K), 3 survivors (6144K)
 Metaspace       used 77067K, committed 77824K, reserved 1179648K
  class space    used 11125K, committed 11456K, reserved 1048576K
}
Event: 5.943 GC heap before
{Heap before GC invocations=22 (full 0):
 garbage-first heap   total 141312K, used 98950K [0x0000000704200000, 0x0000000800000000)
  region size 2048K, 21 young (43008K), 3 survivors (6144K)
 Metaspace       used 77195K, committed 77952K, reserved 1179648K
  class space    used 11146K, committed 11456K, reserved 1048576K
}
Event: 5.947 GC heap after
{Heap after GC invocations=23 (full 0):
 garbage-first heap   total 141312K, used 66523K [0x0000000704200000, 0x0000000800000000)
  region size 2048K, 3 young (6144K), 3 survivors (6144K)
 Metaspace       used 77195K, committed 77952K, reserved 1179648K
  class space    used 11146K, committed 11456K, reserved 1048576K
}
Event: 6.023 GC heap before
{Heap before GC invocations=23 (full 0):
 garbage-first heap   total 141312K, used 113627K [0x0000000704200000, 0x0000000800000000)
  region size 2048K, 26 young (53248K), 3 survivors (6144K)
 Metaspace       used 77195K, committed 77952K, reserved 1179648K
  class space    used 11146K, committed 11456K, reserved 1048576K
}
Event: 6.026 GC heap after
{Heap after GC invocations=24 (full 0):
 garbage-first heap   total 141312K, used 65360K [0x0000000704200000, 0x0000000800000000)
  region size 2048K, 2 young (4096K), 2 survivors (4096K)
 Metaspace       used 77195K, committed 77952K, reserved 1179648K
  class space    used 11146K, committed 11456K, reserved 1048576K
}
Event: 6.138 GC heap before
{Heap before GC invocations=24 (full 0):
 garbage-first heap   total 141312K, used 116560K [0x0000000704200000, 0x0000000800000000)
  region size 2048K, 27 young (55296K), 2 survivors (4096K)
 Metaspace       used 77272K, committed 78080K, reserved 1179648K
  class space    used 11158K, committed 11520K, reserved 1048576K
}

Dll operation events (12 events):
Event: 0.006 Loaded shared library D:\Java\jdk21\bin\java.dll
Event: 0.119 Loaded shared library D:\Java\jdk21\bin\zip.dll
Event: 0.122 Loaded shared library D:\java\jdk21\bin\instrument.dll
Event: 0.126 Loaded shared library D:\java\jdk21\bin\net.dll
Event: 0.127 Loaded shared library D:\java\jdk21\bin\nio.dll
Event: 0.129 Loaded shared library D:\java\jdk21\bin\zip.dll
Event: 0.161 Loaded shared library D:\java\jdk21\bin\jimage.dll
Event: 0.219 Loaded shared library D:\java\jdk21\bin\extnet.dll
Event: 0.226 Loaded shared library D:\java\jdk21\bin\management.dll
Event: 0.235 Loaded shared library D:\java\jdk21\bin\management_ext.dll
Event: 1.448 Loaded shared library D:\java\jdk21\bin\sunmscapi.dll
Event: 2.275 Loaded shared library D:\Java\jdk21\bin\verify.dll

Deoptimization events (0 events):
No events

Classes loaded (20 events):
Event: 4.896 Loading class java/util/stream/ReduceOps$CountingSink$OfRef
Event: 4.896 Loading class java/util/stream/ReduceOps$CountingSink
Event: 4.896 Loading class java/util/stream/ReduceOps$CountingSink done
Event: 4.896 Loading class java/util/stream/ReduceOps$CountingSink$OfRef done
Event: 4.911 Loading class java/lang/Character$UnicodeBlock
Event: 4.912 Loading class java/lang/Character$Subset
Event: 4.912 Loading class java/lang/Character$Subset done
Event: 4.913 Loading class java/lang/Character$UnicodeBlock done
Event: 4.942 Loading class java/util/regex/Pattern$Bound
Event: 4.942 Loading class java/util/regex/Pattern$Bound done
Event: 4.943 Loading class java/util/regex/Pattern$Behind
Event: 4.943 Loading class java/util/regex/Pattern$Behind done
Event: 4.988 Loading class sun/nio/cs/ISO_8859_1$Decoder
Event: 4.989 Loading class sun/nio/cs/ISO_8859_1$Decoder done
Event: 5.008 Loading class java/lang/UnknownError
Event: 5.008 Loading class java/lang/UnknownError done
Event: 5.108 Loading class java/util/EmptyStackException
Event: 5.108 Loading class java/util/EmptyStackException done
Event: 5.170 Loading class java/io/InvalidClassException
Event: 5.170 Loading class java/io/InvalidClassException done

Classes unloaded (0 events):
No events

Classes redefined (0 events):
No events

Internal exceptions (20 events):
Event: 4.591 Thread 0x0000021f7cb27da0 Exception <a 'java/lang/NoSuchMethodError'{0x00000007092c80f8}: 'int java.lang.invoke.DirectMethodHandle$Holder.invokeStatic(java.lang.Object, int, java.lang.Object)'> (0x00000007092c80f8) 
thrown [s\open\src\hotspot\share\interpreter\linkResolver.cpp, line 773]
Event: 4.592 Thread 0x0000021f7cb27da0 Exception <a 'java/lang/NoSuchMethodError'{0x00000007092e8130}: 'java.lang.Object java.lang.invoke.DirectMethodHandle$Holder.newInvokeSpecial(java.lang.Object, java.lang.Object, java.lang.Object, java.lang.Object, java.lang.Object, int, java.lang.Object)'> (0x00000007092e8130) 
thrown [s\open\src\hotspot\share\interpreter\linkResolver.cpp, line 773]
Event: 4.596 Thread 0x0000021f7cb27da0 Exception <a 'java/lang/NoSuchMethodError'{0x000000070931d408}: 'java.lang.Object java.lang.invoke.DirectMethodHandle$Holder.newInvokeSpecial(java.lang.Object, java.lang.Object, java.lang.Object, java.lang.Object, java.lang.Object, java.lang.Object, java.lang.Object, java.lang.Object, java.lang.Object, java.lang.Object, java.lang.Object, java.lang.Object)'> (0x000000070931d408) 
thrown [s\open\src\hotspot\share\interpreter\linkResolver.cpp, line 773]
Event: 4.596 Thread 0x0000021f7cb27da0 Exception <a 'java/lang/NoSuchMethodError'{0x000000070934cad0}: 'java.lang.Object java.lang.invoke.DirectMethodHandle$Holder.invokeSpecial(java.lang.Object, java.lang.Object, java.lang.Object, java.lang.Object, java.lang.Object, java.lang.Object, java.lang.Object, java.lang.Object, java.lang.Object, java.lang.Object, java.lang.Object, java.lang.Object, java.lang.Object)'> (0x000000070934cad0) 
thrown [s\open\src\hotspot\share\interpreter\linkResolver.cpp, line 773]
Event: 4.596 Thread 0x0000021f7cb27da0 Exception <a 'java/lang/NoSuchMethodError'{0x0000000709350fb8}: 'java.lang.Object java.lang.invoke.Invokers$Holder.linkToTargetMethod(java.lang.Object, java.lang.Object, java.lang.Object, java.lang.Object, java.lang.Object, java.lang.Object, java.lang.Object, java.lang.Object, java.lang.Object, java.lang.Object, java.lang.Object, java.lang.Object)'> (0x0000000709350fb8) 
thrown [s\open\src\hotspot\share\interpreter\linkResolver.cpp, line 773]
Event: 4.622 Thread 0x0000021f7cb27da0 Exception <a 'java/lang/IncompatibleClassChangeError'{0x0000000709135030}: Found class java.lang.Object, but interface was expected> (0x0000000709135030) 
thrown [s\open\src\hotspot\share\interpreter\linkResolver.cpp, line 840]
Event: 4.630 Thread 0x0000021f7cb27da0 Exception <a 'java/lang/NoSuchMethodError'{0x0000000708e1ae18}: 'java.lang.Object java.lang.invoke.DirectMethodHandle$Holder.newInvokeSpecial(java.lang.Object, java.lang.Object, int, java.lang.Object, int, java.lang.Object, java.lang.Object)'> (0x0000000708e1ae18) 
thrown [s\open\src\hotspot\share\interpreter\linkResolver.cpp, line 773]
Event: 4.637 Thread 0x0000021f7cb27da0 Exception <a 'java/lang/NoSuchMethodError'{0x0000000708eb2868}: 'java.lang.Object java.lang.invoke.DirectMethodHandle$Holder.newInvokeSpecial(java.lang.Object, java.lang.Object, java.lang.Object, java.lang.Object, java.lang.Object, java.lang.Object, java.lang.Object, int)'> (0x0000000708eb2868) 
thrown [s\open\src\hotspot\share\interpreter\linkResolver.cpp, line 773]
Event: 4.637 Thread 0x0000021f7cb27da0 Exception <a 'java/lang/NoSuchMethodError'{0x0000000708eb6dd8}: 'java.lang.Object java.lang.invoke.DirectMethodHandle$Holder.invokeSpecial(java.lang.Object, java.lang.Object, java.lang.Object, java.lang.Object, java.lang.Object, java.lang.Object, java.lang.Object, java.lang.Object, int)'> (0x0000000708eb6dd8) 
thrown [s\open\src\hotspot\share\interpreter\linkResolver.cpp, line 773]
Event: 4.637 Thread 0x0000021f7cb27da0 Exception <a 'java/lang/NoSuchMethodError'{0x0000000708ebae00}: 'java.lang.Object java.lang.invoke.Invokers$Holder.linkToTargetMethod(java.lang.Object, java.lang.Object, java.lang.Object, java.lang.Object, java.lang.Object, java.lang.Object, int, java.lang.Object)'> (0x0000000708ebae00) 
thrown [s\open\src\hotspot\share\interpreter\linkResolver.cpp, line 773]
Event: 4.761 Thread 0x0000021f7cb27da0 Exception <a 'java/lang/IncompatibleClassChangeError'{0x00000007082b32d8}: Found class java.lang.Object, but interface was expected> (0x00000007082b32d8) 
thrown [s\open\src\hotspot\share\interpreter\linkResolver.cpp, line 840]
Event: 4.781 Thread 0x0000021f7cb27da0 Exception <a 'java/lang/IncompatibleClassChangeError'{0x00000007080d0840}: Found class java.lang.Object, but interface was expected> (0x00000007080d0840) 
thrown [s\open\src\hotspot\share\interpreter\linkResolver.cpp, line 840]
Event: 4.883 Thread 0x0000021f7cb27da0 Exception <a 'java/lang/IncompatibleClassChangeError'{0x00000007074515f8}: Found class java.lang.Object, but interface was expected> (0x00000007074515f8) 
thrown [s\open\src\hotspot\share\interpreter\linkResolver.cpp, line 840]
Event: 4.926 Thread 0x0000021f7cb27da0 Exception <a 'java/lang/IncompatibleClassChangeError'{0x000000070735a7c0}: Found class java.lang.Object, but interface was expected> (0x000000070735a7c0) 
thrown [s\open\src\hotspot\share\interpreter\linkResolver.cpp, line 840]
Event: 4.926 Thread 0x0000021f7cb27da0 Exception <a 'java/lang/IncompatibleClassChangeError'{0x000000070735fcd8}: Found class java.lang.Object, but interface was expected> (0x000000070735fcd8) 
thrown [s\open\src\hotspot\share\interpreter\linkResolver.cpp, line 840]
Event: 4.951 Thread 0x0000021f7cb27da0 Exception <a 'java/lang/NoSuchMethodError'{0x000000070712b100}: 'java.lang.Object java.lang.invoke.DirectMethodHandle$Holder.invokeStatic(java.lang.Object, int, java.lang.Object)'> (0x000000070712b100) 
thrown [s\open\src\hotspot\share\interpreter\linkResolver.cpp, line 773]
Event: 4.987 Thread 0x0000021f7cb27da0 Exception <a 'java/io/FileNotFoundException'{0x0000000713c4e400}> (0x0000000713c4e400) 
thrown [s\open\src\hotspot\share\prims\jni.cpp, line 520]
Event: 4.987 Thread 0x0000021f7cb27da0 Exception <a 'java/io/FileNotFoundException'{0x0000000713c583d8}> (0x0000000713c583d8) 
thrown [s\open\src\hotspot\share\prims\jni.cpp, line 520]
Event: 5.020 Thread 0x0000021f7cb27da0 Exception <a 'java/lang/NoSuchMethodError'{0x000000070be2d0c0}: 'java.lang.Object java.lang.invoke.DirectMethodHandle$Holder.newInvokeSpecial(java.lang.Object, java.lang.Object, java.lang.Object, java.lang.Object, java.lang.Object, java.lang.Object, java.lang.Object, java.lang.Object)'> (0x000000070be2d0c0) 
thrown [s\open\src\hotspot\share\interpreter\linkResolver.cpp, line 773]
Event: 5.048 Thread 0x0000021f7cb27da0 Exception <a 'java/lang/NoSuchMethodError'{0x000000070bdac958}: 'void java.lang.invoke.Invokers$Holder.invokeExact_MT(java.lang.Object, java.lang.Object, int, java.lang.Object)'> (0x000000070bdac958) 
thrown [s\open\src\hotspot\share\interpreter\linkResolver.cpp, line 773]

ZGC Phase Switch (0 events):
No events

VM Operations (20 events):
Event: 5.516 Executing VM operation: G1CollectForAllocation (G1 Evacuation Pause) done
Event: 5.552 Executing VM operation: G1PauseRemark
Event: 5.556 Executing VM operation: G1PauseRemark done
Event: 5.567 Executing VM operation: G1PauseCleanup
Event: 5.567 Executing VM operation: G1PauseCleanup done
Event: 5.629 Executing VM operation: G1CollectForAllocation (G1 Evacuation Pause)
Event: 5.636 Executing VM operation: G1CollectForAllocation (G1 Evacuation Pause) done
Event: 5.736 Executing VM operation: G1CollectForAllocation (G1 Evacuation Pause)
Event: 5.741 Executing VM operation: G1CollectForAllocation (G1 Evacuation Pause) done
Event: 5.809 Executing VM operation: G1CollectForAllocation (G1 Evacuation Pause)
Event: 5.814 Executing VM operation: G1CollectForAllocation (G1 Evacuation Pause) done
Event: 5.870 Executing VM operation: G1PauseRemark
Event: 5.874 Executing VM operation: G1PauseRemark done
Event: 5.890 Executing VM operation: G1PauseCleanup
Event: 5.890 Executing VM operation: G1PauseCleanup done
Event: 5.943 Executing VM operation: G1CollectForAllocation (G1 Evacuation Pause)
Event: 5.947 Executing VM operation: G1CollectForAllocation (G1 Evacuation Pause) done
Event: 6.023 Executing VM operation: G1CollectForAllocation (G1 Evacuation Pause)
Event: 6.026 Executing VM operation: G1CollectForAllocation (G1 Evacuation Pause) done
Event: 6.138 Executing VM operation: G1CollectForAllocation (G1 Evacuation Pause)

Events (20 events):
Event: 5.873 Thread 0x0000021f0fa7dde0 flushing nmethod 0x0000021f7d528510
Event: 5.873 Thread 0x0000021f0fa7dde0 flushing nmethod 0x0000021f7d528a90
Event: 5.873 Thread 0x0000021f0fa7dde0 flushing nmethod 0x0000021f7d528d90
Event: 5.873 Thread 0x0000021f0fa7dde0 flushing nmethod 0x0000021f7d52ae90
Event: 5.873 Thread 0x0000021f0fa7dde0 flushing nmethod 0x0000021f7d54fc90
Event: 5.873 Thread 0x0000021f0fa7dde0 flushing nmethod 0x0000021f7d551f10
Event: 5.873 Thread 0x0000021f0fa7dde0 flushing nmethod 0x0000021f7d552590
Event: 5.873 Thread 0x0000021f0fa7dde0 flushing nmethod 0x0000021f7d558890
Event: 5.873 Thread 0x0000021f0fa7dde0 flushing nmethod 0x0000021f7d59cf10
Event: 5.873 Thread 0x0000021f0fa7dde0 flushing nmethod 0x0000021f7d59d490
Event: 5.873 Thread 0x0000021f0fa7dde0 flushing nmethod 0x0000021f7d59db90
Event: 5.873 Thread 0x0000021f0fa7dde0 flushing nmethod 0x0000021f7d59f390
Event: 5.873 Thread 0x0000021f0fa7dde0 flushing nmethod 0x0000021f7d59f910
Event: 5.873 Thread 0x0000021f0fa7dde0 flushing nmethod 0x0000021f7d5a2f90
Event: 5.873 Thread 0x0000021f0fa7dde0 flushing nmethod 0x0000021f7d5e2910
Event: 5.873 Thread 0x0000021f0fa7dde0 flushing nmethod 0x0000021f7da22e90
Event: 5.873 Thread 0x0000021f0fa7dde0 flushing nmethod 0x0000021f7da23390
Event: 5.873 Thread 0x0000021f0fa7dde0 flushing nmethod 0x0000021f7dae4990
Event: 6.131 Thread 0x0000021f57c6a0b0 Thread added: 0x0000021f57c6a0b0
Event: 6.134 Thread 0x0000021f57c6a0b0 Thread exited: 0x0000021f57c6a0b0


Dynamic libraries:
0x00007ff6e0b20000 - 0x00007ff6e0b30000 	D:\Java\jdk21\bin\java.exe
0x00007ffa9af70000 - 0x00007ffa9b168000 	C:\WINDOWS\SYSTEM32\ntdll.dll
0x00007ffa9aae0000 - 0x00007ffa9aba2000 	C:\WINDOWS\System32\KERNEL32.DLL
0x00007ffa98680000 - 0x00007ffa98976000 	C:\WINDOWS\System32\KERNELBASE.dll
0x00007ffa98980000 - 0x00007ffa98a80000 	C:\WINDOWS\System32\ucrtbase.dll
0x00007ffa90960000 - 0x00007ffa90979000 	D:\Java\jdk21\bin\jli.dll
0x00007ffa90940000 - 0x00007ffa9095b000 	D:\Java\jdk21\bin\VCRUNTIME140.dll
0x00007ffa99800000 - 0x00007ffa998af000 	C:\WINDOWS\System32\ADVAPI32.dll
0x00007ffa995d0000 - 0x00007ffa9966e000 	C:\WINDOWS\System32\msvcrt.dll
0x00007ffa9ac80000 - 0x00007ffa9ad1f000 	C:\WINDOWS\System32\sechost.dll
0x00007ffa996d0000 - 0x00007ffa997f3000 	C:\WINDOWS\System32\RPCRT4.dll
0x00007ffa98c80000 - 0x00007ffa98ca7000 	C:\WINDOWS\System32\bcrypt.dll
0x00007ffa9a790000 - 0x00007ffa9a92d000 	C:\WINDOWS\System32\USER32.dll
0x00007ffa98e40000 - 0x00007ffa98e62000 	C:\WINDOWS\System32\win32u.dll
0x00007ffa998b0000 - 0x00007ffa998db000 	C:\WINDOWS\System32\GDI32.dll
0x00007ffa86420000 - 0x00007ffa866ba000 	C:\WINDOWS\WinSxS\amd64_microsoft.windows.common-controls_6595b64144ccf1df_6.0.19041.4355_none_60b8b9eb71f62e16\COMCTL32.dll
0x00007ffa98e70000 - 0x00007ffa98f8a000 	C:\WINDOWS\System32\gdi32full.dll
0x00007ffa98be0000 - 0x00007ffa98c7d000 	C:\WINDOWS\System32\msvcp_win.dll
0x00007ffa92070000 - 0x00007ffa9207a000 	C:\WINDOWS\SYSTEM32\VERSION.dll
0x00007ffa9abb0000 - 0x00007ffa9abdf000 	C:\WINDOWS\System32\IMM32.DLL
0x00007ffa94450000 - 0x00007ffa9445c000 	D:\Java\jdk21\bin\vcruntime140_1.dll
0x00007ffa816a0000 - 0x00007ffa8172e000 	D:\Java\jdk21\bin\msvcp140.dll
0x00007ffa44be0000 - 0x00007ffa458fa000 	D:\Java\jdk21\bin\server\jvm.dll
0x00007ffa998f0000 - 0x00007ffa9995b000 	C:\WINDOWS\System32\WS2_32.dll
0x00007ffa97b90000 - 0x00007ffa97bdb000 	C:\WINDOWS\SYSTEM32\POWRPROF.dll
0x00007ffa8e450000 - 0x00007ffa8e477000 	C:\WINDOWS\SYSTEM32\WINMM.dll
0x00007ffa97a00000 - 0x00007ffa97a12000 	C:\WINDOWS\SYSTEM32\UMPDC.dll
0x00007ffa96e20000 - 0x00007ffa96e32000 	C:\WINDOWS\SYSTEM32\kernel.appcore.dll
0x00007ffa92330000 - 0x00007ffa9233a000 	D:\Java\jdk21\bin\jimage.dll
0x00007ffa96b20000 - 0x00007ffa96d04000 	C:\WINDOWS\SYSTEM32\DBGHELP.DLL
0x00007ffa6b640000 - 0x00007ffa6b674000 	C:\WINDOWS\SYSTEM32\dbgcore.DLL
0x00007ffa98cb0000 - 0x00007ffa98d32000 	C:\WINDOWS\System32\bcryptPrimitives.dll
0x00007ffa915e0000 - 0x00007ffa915ef000 	D:\Java\jdk21\bin\instrument.dll
0x00007ffa90920000 - 0x00007ffa9093f000 	D:\Java\jdk21\bin\java.dll
0x00007ffa999e0000 - 0x00007ffa9a14f000 	C:\WINDOWS\System32\SHELL32.dll
0x00007ffa962a0000 - 0x00007ffa96a43000 	C:\WINDOWS\SYSTEM32\windows.storage.dll
0x00007ffa9a3d0000 - 0x00007ffa9a725000 	C:\WINDOWS\System32\combase.dll
0x00007ffa98030000 - 0x00007ffa9805b000 	C:\WINDOWS\SYSTEM32\Wldp.dll
0x00007ffa9ae60000 - 0x00007ffa9af2d000 	C:\WINDOWS\System32\OLEAUT32.dll
0x00007ffa99040000 - 0x00007ffa990ed000 	C:\WINDOWS\System32\SHCORE.dll
0x00007ffa99670000 - 0x00007ffa996c5000 	C:\WINDOWS\System32\shlwapi.dll
0x00007ffa98530000 - 0x00007ffa98555000 	C:\WINDOWS\SYSTEM32\profapi.dll
0x00007ffa90780000 - 0x00007ffa90798000 	D:\Java\jdk21\bin\zip.dll
0x00007ffa90910000 - 0x00007ffa90920000 	D:\java\jdk21\bin\net.dll
0x00007ffa955f0000 - 0x00007ffa956fa000 	C:\WINDOWS\SYSTEM32\WINHTTP.dll
0x00007ffa97d90000 - 0x00007ffa97dfc000 	C:\WINDOWS\system32\mswsock.dll
0x00007ffa907a0000 - 0x00007ffa907b6000 	D:\java\jdk21\bin\nio.dll
0x00007ffa97a70000 - 0x00007ffa97b3a000 	C:\WINDOWS\SYSTEM32\DNSAPI.dll
0x00007ffa97a20000 - 0x00007ffa97a5b000 	C:\WINDOWS\SYSTEM32\IPHLPAPI.DLL
0x00007ffa9abe0000 - 0x00007ffa9abe8000 	C:\WINDOWS\System32\NSI.dll
0x00007ffa90900000 - 0x00007ffa90909000 	D:\java\jdk21\bin\extnet.dll
0x00007ffa92060000 - 0x00007ffa9206a000 	C:\Windows\System32\rasadhlp.dll
0x00007ffa91050000 - 0x00007ffa910d0000 	C:\WINDOWS\System32\fwpuclnt.dll
0x00007ffa90770000 - 0x00007ffa9077a000 	D:\java\jdk21\bin\management.dll
0x00007ffa8fba0000 - 0x00007ffa8fbab000 	D:\java\jdk21\bin\management_ext.dll
0x00007ffa998e0000 - 0x00007ffa998e8000 	C:\WINDOWS\System32\PSAPI.DLL
0x00007ffa97f90000 - 0x00007ffa97fa8000 	C:\WINDOWS\SYSTEM32\CRYPTSP.dll
0x00007ffa97640000 - 0x00007ffa97678000 	C:\WINDOWS\system32\rsaenh.dll
0x00007ffa984f0000 - 0x00007ffa9851e000 	C:\WINDOWS\SYSTEM32\USERENV.dll
0x00007ffa97f80000 - 0x00007ffa97f8c000 	C:\WINDOWS\SYSTEM32\CRYPTBASE.dll
0x00007ffa30e90000 - 0x00007ffa30ea7000 	C:\WINDOWS\system32\napinsp.dll
0x00007ffa30e70000 - 0x00007ffa30e8b000 	C:\WINDOWS\system32\pnrpnsp.dll
0x00007ffa6b040000 - 0x00007ffa6b055000 	C:\WINDOWS\system32\wshbth.dll
0x00007ffa955c0000 - 0x00007ffa955dd000 	C:\WINDOWS\system32\NLAapi.dll
0x00007ffa30e50000 - 0x00007ffa30e62000 	C:\WINDOWS\System32\winrnr.dll
0x00007ffa6e1e0000 - 0x00007ffa6e231000 	C:\WINDOWS\SYSTEM32\pdh.dll
0x00007ffa95870000 - 0x00007ffa9587f000 	C:\WINDOWS\System32\perfproc.dll
0x00007ffa6d0c0000 - 0x00007ffa6d0cf000 	C:\WINDOWS\System32\perfos.dll
0x00007ffa8faf0000 - 0x00007ffa8fafe000 	D:\java\jdk21\bin\sunmscapi.dll
0x00007ffa98a80000 - 0x00007ffa98bdd000 	C:\WINDOWS\System32\CRYPT32.dll
0x00007ffa980a0000 - 0x00007ffa980c7000 	C:\WINDOWS\SYSTEM32\ncrypt.dll
0x00007ffa98060000 - 0x00007ffa9809b000 	C:\WINDOWS\SYSTEM32\NTASN1.dll
0x00007ffa8fae0000 - 0x00007ffa8faf0000 	D:\Java\jdk21\bin\verify.dll

dbghelp: loaded successfully - version: 4.0.5 - missing functions: none
symbol engine: initialized successfully - sym options: 0x614 - pdb path: .;D:\Java\jdk21\bin;C:\WINDOWS\SYSTEM32;C:\WINDOWS\WinSxS\amd64_microsoft.windows.common-controls_6595b64144ccf1df_6.0.19041.4355_none_60b8b9eb71f62e16;D:\Java\jdk21\bin\server

VM Arguments:
jvm_args: -XX:TieredStopAtLevel=1 -Dspring.output.ansi.enabled=always -Dcom.sun.management.jmxremote -Dspring.jmx.enabled=true -Dspring.liveBeansView.mbeanDomain -Dspring.application.admin.enabled=true -Dmanagement.endpoints.jmx.exposure.include=* -javaagent:D:\JetBrains\IntelliJ IDEA 2024.3.4.1\lib\idea_rt.jar=51754 -Dfile.encoding=UTF-8 -Dsun.stdout.encoding=UTF-8 -Dsun.stderr.encoding=UTF-8 
java_command: com.project.stationery_be_server.StationeryBeServerApplication
java_class_path (initial): D:\Project-Study\stationery-be-server\target\classes;C:\Users\dell\.m2\repository\org\springframework\boot\spring-boot-starter-security\3.4.3\spring-boot-starter-security-3.4.3.jar;C:\Users\dell\.m2\repository\org\springframework\boot\spring-boot-starter\3.4.3\spring-boot-starter-3.4.3.jar;C:\Users\dell\.m2\repository\org\springframework\boot\spring-boot\3.4.3\spring-boot-3.4.3.jar;C:\Users\dell\.m2\repository\org\springframework\boot\spring-boot-autoconfigure\3.4.3\spring-boot-autoconfigure-3.4.3.jar;C:\Users\dell\.m2\repository\org\springframework\boot\spring-boot-starter-logging\3.4.3\spring-boot-starter-logging-3.4.3.jar;C:\Users\dell\.m2\repository\ch\qos\logback\logback-classic\1.5.16\logback-classic-1.5.16.jar;C:\Users\dell\.m2\repository\ch\qos\logback\logback-core\1.5.16\logback-core-1.5.16.jar;C:\Users\dell\.m2\repository\org\apache\logging\log4j\log4j-to-slf4j\2.24.3\log4j-to-slf4j-2.24.3.jar;C:\Users\dell\.m2\repository\org\apache\logging\log4j\log4j-api\2.24.3\log4j-api-2.24.3.jar;C:\Users\dell\.m2\repository\org\slf4j\jul-to-slf4j\2.0.16\jul-to-slf4j-2.0.16.jar;C:\Users\dell\.m2\repository\jakarta\annotation\jakarta.annotation-api\2.1.1\jakarta.annotation-api-2.1.1.jar;C:\Users\dell\.m2\repository\org\yaml\snakeyaml\2.3\snakeyaml-2.3.jar;C:\Users\dell\.m2\repository\org\springframework\spring-aop\6.2.3\spring-aop-6.2.3.jar;C:\Users\dell\.m2\repository\org\springframework\spring-beans\6.2.3\spring-beans-6.2.3.jar;C:\Users\dell\.m2\repository\org\springframework\security\spring-security-config\6.4.3\spring-security-config-6.4.3.jar;C:\Users\dell\.m2\repository\org\springframework\spring-context\6.2.3\spring-context-6.2.3.jar;C:\Users\dell\.m2\repository\org\springframework\security\spring-security-web\6.4.3\spring-security-web-6.4.3.jar;C:\Users\dell\.m2\repository\org\springframework\spring-expression\6.2.3\spring-expression-6.2.3.jar;C:\Users\dell\.m2\repository\org\springframework\boot\spring-boot-starter-web\3.4.3\spring-boot-starter-web-3.4.3.jar;C:\Users\dell\.m2\repository\org\springframework\boot\spring-boot-starter-json\3.4.3\spring-boot-starter-json-3.4.3.jar;C:\Users\dell\.m2\repository\com\fasterxml\jackson\core\jackson-databind\2.18.2\jackson-databind-2.18.2.jar;C:\Users\dell\.m2\repository\com\fasterxml\jackson\core\jackson-annotations\2.18.2\jackson-annotations-2.18.2.jar;C:\Users\dell\.m2\repository\com\fasterxml\jackson\datatype\jackson-datatype-jdk8\2.18.2\jackson-datatype-jdk8-2.18.2.jar;C:\Users\dell\.m2\repository\com\fasterxml\jackson\datatype\jackson-datatype-jsr310\2.18.2\jackson-datatype-jsr310-2.18.2.jar;C:\Users\dell\.m2\repository\com\fasterxml\jackson\module\jackson-module-parameter-names\2.18.2\jackson-module-parameter-names-2.18.2.jar;C:\Users\dell\.m2\repository\org\springframework\boot\spring-boot-starter-tomcat\3.4.3\spring-boot-starter-tomcat-3.4.3.jar;C:\Users\dell\.m2\repository\org\apache\tomcat\embed\tomcat-embed-core\10.1.36\tomcat-embed-core-10.1.36.jar;C:\Users\dell\.m2\repository\org\apache\tomcat\embed\tomcat-embed-websocket\10.1.36\tomcat-embed-websocket-10.1.36.jar;C:\Users\dell\.m2\repository\org\springframework\spring-web\6.2.3\spring-web-6.2.3.jar;C:\Users\dell\.m2\repository\io\micrometer\micrometer-observation\1.14.4\micrometer-observation-1.14.4.jar;C:\Users\dell\.m2\repository\io\micrometer\micrometer-commons\1.14.4\micrometer-commons-1.14.4.jar;C:\Users\dell\.m2\repository\org\springframework\spring-webmvc\6.2.3\spring-webmvc-6.2.3.jar;C:\Users\dell\.m2\repository\org\springframework\boot\spring-boot-starter-validation\3.4.3\spring-boot-starter-validation-3.4.3.jar;C:\Users\dell\.m2\repository\org\apache\tomcat\embed\tomcat-embed-el\10.1.36\tomcat-embed-el-10.1.36.jar;C:\Users\dell\.m2\repository\org\hibernate\validator\hibernate-validator\8.0.2.Final\hibernate-validator-8.0.2.Final.jar;C:\Users\dell\.m2\repository\jakarta\validation\jakarta.validation-api\3.0.2\jakarta.validation-api-3.0.2.jar;C:\Users\dell\.m2\repository\org\jboss\logging\jboss-logging\3.6.1.Final\jboss-logging-3.6.1.Final.jar;C:\Users\dell\.m2\repository\com\fasterxml\classmate\1.7.0\classmate-1.7.0.jar;C:\Users\dell\.m2\repository\org\springframework\boot\spring-boot-starter-data-jpa\3.4.3\spring-boot-starter-data-jpa-3.4.3.jar;C:\Users\dell\.m2\repository\org\springframework\boot\spring-boot-starter-jdbc\3.4.3\spring-boot-starter-jdbc-3.4.3.jar;C:\Users\dell\.m2\repository\com\zaxxer\HikariCP\5.1.0\HikariCP-5.1.0.jar;C:\Users\dell\.m2\repository\org\springframework\spring-jdbc\6.2.3\spring-jdbc-6.2.3.jar;C:\Users\dell\.m2\repository\org\hibernate\orm\hibernate-core\6.6.8.Final\hibernate-core-6.6.8.Final.jar;C:\Users\dell\.m2\repository\jakarta\persistence\jakarta.persistence-api\3.1.0\jakarta.persistence-api-3.1.0.jar;C:\Users\dell\.m2\repository\jakarta\transaction\jakarta.transaction-api\2.0.1\jakarta.transaction-api-2.0.1.jar;C:\Users\dell\.m2\repository\org\hibernate\common\hibernate-commons-annotations\7.0.3.Final\hibernate-commons-annotations-7.0.3.Final.jar;C:\Users\dell\.m2\repository\io\smallrye\jandex\3.2.0\jandex-3.2.0.jar;C:\Users\dell\.m2\repository\net\bytebuddy\byte-buddy\1.15.11\byte-buddy-1.15.11.jar;C:\Users\dell\.m2\repository\org\glassfish\jaxb\jaxb-runtime\4.0.5\jaxb-runtime-4.0.5.jar;C:\Users\dell\.m2\repository\org\glassfish\jaxb\jaxb-core\4.0.5\jaxb-core-4.0.5.jar;C:\Users\dell\.m2\repository\org\glassfish\jaxb\txw2\4.0.5\txw2-4.0.5.jar;C:\Users\dell\.m2\repository\com\sun\istack\istack-commons-runtime\4.1.2\istack-commons-runtime-4.1.2.jar;C:\Users\dell\.m2\repository\jakarta\inject\jakarta.inject-api\2.0.1\jakarta.inject-api-2.0.1.jar;C:\Users\dell\.m2\repository\org\antlr\antlr4-runtime\4.13.0\antlr4-runtime-4.13.0.jar;C:\Users\dell\.m2\repository\org\springframework\data\spring-data-jpa\3.4.3\spring-data-jpa-3.4.3.jar;C:\Users\dell\.m2\repository\org\springframework\data\spring-data-commons\3.4.3\spring-data-commons-3.4.3.jar;C:\Users\dell\.m2\repository\org\springframework\spring-orm\6.2.3\spring-orm-6.2.3.jar;C:\Users\dell\.m2\repository\org\springframework\spring-tx\6.2.3\spring-tx-6.2.3.jar;C:\Users\dell\.m2\repository\org\slf4j\slf4j-api\2.0.16\slf4j-api-2.0.16.jar;C:\Users\dell\.m2\repository\org\springframework\spring-aspects\6.2.3\spring-aspects-6.2.3.jar;C:\Users\dell\.m2\repository\org\aspectj\aspectjweaver\1.9.22.1\aspectjweaver-1.9.22.1.jar;C:\Users\dell\.m2\repository\com\mysql\mysql-connector-j\9.1.0\mysql-connector-j-9.1.0.jar;C:\Users\dell\.m2\repository\org\projectlombok\lombok\1.18.36\lombok-1.18.36.jar;C:\Users\dell\.m2\repository\com\jayway\jsonpath\json-path\2.9.0\json-path-2.9.0.jar;C:\Users\dell\.m2\repository\jakarta\xml\bind\jakarta.xml.bind-api\4.0.2\jakarta.xml.bind-api-4.0.2.jar;C:\Users\dell\.m2\repository\jakarta\activation\jakarta.activation-api\2.1.3\jakarta.activation-api-2.1.3.jar;C:\Users\dell\.m2\repository\net\minidev\json-smart\2.5.2\json-smart-2.5.2.jar;C:\Users\dell\.m2\repository\net\minidev\accessors-smart\2.5.2\accessors-smart-2.5.2.jar;C:\Users\dell\.m2\repository\org\ow2\asm\asm\9.7.1\asm-9.7.1.jar;C:\Users\dell\.m2\repository\org\springframework\spring-core\6.2.3\spring-core-6.2.3.jar;C:\Users\dell\.m2\repository\org\springframework\spring-jcl\6.2.3\spring-jcl-6.2.3.jar;C:\Users\dell\.m2\repository\org\springframework\security\spring-security-core\6.4.3\spring-security-core-6.4.3.jar;C:\Users\dell\.m2\repository\org\springframework\security\spring-security-crypto\6.4.3\spring-security-crypto-6.4.3.jar;C:\Users\dell\.m2\repository\org\springframework\security\spring-security-oauth2-client\6.4.3\spring-security-oauth2-client-6.4.3.jar;C:\Users\dell\.m2\repository\org\springframework\security\spring-security-oauth2-core\6.4.3\spring-security-oauth2-core-6.4.3.jar;C:\Users\dell\.m2\repository\com\nimbusds\oauth2-oidc-sdk\9.43.6\oauth2-oidc-sdk-9.43.6.jar;C:\Users\dell\.m2\repository\com\github\stephenc\jcip\jcip-annotations\1.0-1\jcip-annotations-1.0-1.jar;C:\Users\dell\.m2\repository\com\nimbusds\content-type\2.2\content-type-2.2.jar;C:\Users\dell\.m2\repository\com\nimbusds\lang-tag\1.7\lang-tag-1.7.jar;C:\Users\dell\.m2\repository\com\nimbusds\nimbus-jose-jwt\9.37.3\nimbus-jose-jwt-9.37.3.jar;C:\Users\dell\.m2\repository\com\google\api-client\google-api-client\2.2.0\google-api-client-2.2.0.jar;C:\Users\dell\.m2\repository\commons-codec\commons-codec\1.17.2\commons-codec-1.17.2.jar;C:\Users\dell\.m2\repository\com\google\oauth-client\google-oauth-client\1.34.1\google-oauth-client-1.34.1.jar;C:\Users\dell\.m2\repository\com\google\http-client\google-http-client-gson\1.42.3\google-http-client-gson-1.42.3.jar;C:\Users\dell\.m2\repository\com\google\code\gson\gson\2.11.0\gson-2.11.0.jar;C:\Users\dell\.m2\repository\com\google\guava\guava\31.1-jre\guava-31.1-jre.jar;C:\Users\dell\.m2\repository\com\google\guava\failureaccess\1.0.1\failureaccess-1.0.1.jar;C:\Users\dell\.m2\repository\com\google\guava\listenablefuture\9999.0-empty-to-avoid-conflict-with-guava\listenablefuture-9999.0-empty-to-avoid-conflict-with-guava.jar;C:\Users\dell\.m2\repository\com\google\code\findbugs\jsr305\3.0.2\jsr305-3.0.2.jar;C:\Users\dell\.m2\repository\org\checkerframework\checker-qual\3.12.0\checker-qual-3.12.0.jar;C:\Users\dell\.m2\repository\com\google\errorprone\error_prone_annotations\2.11.0\error_prone_annotations-2.11.0.jar;C:\Users\dell\.m2\repository\com\google\j2objc\j2objc-annotations\1.3\j2objc-annotations-1.3.jar;C:\Users\dell\.m2\repository\com\google\http-client\google-http-client-apache-v2\1.42.3\google-http-client-apache-v2-1.42.3.jar;C:\Users\dell\.m2\repository\org\apache\httpcomponents\httpcore\4.4.16\httpcore-4.4.16.jar;C:\Users\dell\.m2\repository\org\apache\httpcomponents\httpclient\4.5.14\httpclient-4.5.14.jar;C:\Users\dell\.m2\repository\commons-logging\commons-logging\1.2\commons-logging-1.2.jar;C:\Users\dell\.m2\repository\com\google\http-client\google-http-client\1.42.3\google-http-client-1.42.3.jar;C:\Users\dell\.m2\repository\io\opencensus\opencensus-api\0.31.1\opencensus-api-0.31.1.jar;C:\Users\dell\.m2\repository\io\grpc\grpc-context\1.27.2\grpc-context-1.27.2.jar;C:\Users\dell\.m2\repository\io\opencensus\opencensus-contrib-http-util\0.31.1\opencensus-contrib-http-util-0.31.1.jar;C:\Users\dell\.m2\repository\com\google\http-client\google-http-client-jackson2\1.43.0\google-http-client-jackson2-1.43.0.jar;C:\Users\dell\.m2\repository\com\fasterxml\jackson\core\jackson-core\2.18.2\jackson-core-2.18.2.jar;C:\Users\dell\.m2\repository\org\springframework\boot\spring-boot-starter-oauth2-resource-server\3.4.3\spring-boot-starter-oauth2-resource-server-3.4.3.jar;C:\Users\dell\.m2\repository\org\springframework\security\spring-security-oauth2-resource-server\6.4.3\spring-security-oauth2-resource-server-6.4.3.jar;C:\Users\dell\.m2\repository\org\springframework\security\spring-security-oauth2-jose\6.4.3\spring-security-oauth2-jose-6.4.3.jar;C:\Users\dell\.m2\repository\org\mapstruct\mapstruct\1.5.5.Final\mapstruct-1.5.5.Final.jar;C:\Users\dell\.m2\repository\com\cloudinary\cloudinary-http5\2.0.0\cloudinary-http5-2.0.0.jar;C:\Users\dell\.m2\repository\com\cloudinary\cloudinary-core\2.0.0\cloudinary-core-2.0.0.jar;C:\Users\dell\.m2\repository\org\apache\commons\commons-lang3\3.17.0\commons-lang3-3.17.0.jar;C:\Users\dell\.m2\repository\org\apache\httpcomponents\client5\httpclient5\5.4.2\httpclient5-5.4.2.jar;C:\Users\dell\.m2\repository\org\apache\httpcomponents\core5\httpcore5-h2\5.3.3\httpcore5-h2-5.3.3.jar;C:\Users\dell\.m2\repository\org\apache\httpcomponents\core5\httpcore5\5.3.3\httpcore5-5.3.3.jar;C:\Users\dell\.m2\repository\org\springframework\boot\spring-boot-starter-mail\3.4.3\spring-boot-starter-mail-3.4.3.jar;C:\Users\dell\.m2\repository\org\springframework\spring-context-support\6.2.3\spring-context-support-6.2.3.jar;C:\Users\dell\.m2\repository\org\eclipse\angus\jakarta.mail\2.0.3\jakarta.mail-2.0.3.jar;C:\Users\dell\.m2\repository\org\eclipse\angus\angus-activation\2.0.2\angus-activation-2.0.2.jar;C:\Users\dell\.m2\repository\org\springframework\boot\spring-boot-starter-hateoas\3.4.3\spring-boot-starter-hateoas-3.4.3.jar;C:\Users\dell\.m2\repository\org\springframework\hateoas\spring-hateoas\2.4.1\spring-hateoas-2.4.1.jar;C:\Users\dell\.m2\repository\org\springframework\plugin\spring-plugin-core\3.0.0\spring-plugin-core-3.0.0.jar;C:\Users\dell\.m2\repository\org\springframework\boot\spring-boot-starter-webflux\3.4.3\spring-boot-starter-webflux-3.4.3.jar;C:\Users\dell\.m2\repository\org\springframework\boot\spring-boot-starter-reactor-netty\3.4.3\spring-boot-starter-reactor-netty-3.4.3.jar;C:\Users\dell\.m2\repository\io\projectreactor\netty\reactor-netty-http\1.2.3\reactor-netty-http-1.2.3.jar;C:\Users\dell\.m2\repository\io\netty\netty-codec-http\4.1.118.Final\netty-codec-http-4.1.118.Final.jar;C:\Users\dell\.m2\repository\io\netty\netty-common\4.1.118.Final\netty-common-4.1.118.Final.jar;C:\Users\dell\.m2\repository\io\netty\netty-buffer\4.1.118.Final\netty-buffer-4.1.118.Final.jar;C:\Users\dell\.m2\repository\io\netty\netty-transport\4.1.118.Final\netty-transport-4.1.118.Final.jar;C:\Users\dell\.m2\repository\io\netty\netty-codec\4.1.118.Final\netty-codec-4.1.118.Final.jar;C:\Users\dell\.m2\repository\io\netty\netty-handler\4.1.118.Final\netty-handler-4.1.118.Final.jar;C:\Users\dell\.m2\repository\io\netty\netty-codec-http2\4.1.118.Final\netty-codec-http2-4.1.118.Final.jar;C:\Users\dell\.m2\repository\io\netty\netty-resolver-dns\4.1.118.Final\netty-resolver-dns-4.1.118.Final.jar;C:\Users\dell\.m2\repository\io\netty\netty-resolver\4.1.118.Final\netty-resolver-4.1.118.Final.jar;C:\Users\dell\.m2\repository\io\netty\netty-codec-dns\4.1.118.Final\netty-codec-dns-4.1.118.Final.jar;C:\Users\dell\.m2\repository\io\netty\netty-resolver-dns-native-macos\4.1.118.Final\netty-resolver-dns-native-macos-4.1.118.Final-osx-x86_64.jar;C:\Users\dell\.m2\repository\io\netty\netty-resolver-dns-classes-macos\4.1.118.Final\netty-resolver-dns-classes-macos-4.1.118.Final.jar;C:\Users\dell\.m2\repository\io\netty\netty-transport-native-epoll\4.1.118.Final\netty-transport-native-epoll-4.1.118.Final-linux-x86_64.jar;C:\Users\dell\.m2\repository\io\netty\netty-transport-native-unix-common\4.1.118.Final\netty-transport-native-unix-common-4.1.118.Final.jar;C:\Users\dell\.m2\repository\io\netty\netty-transport-classes-epoll\4.1.118.Final\netty-transport-classes-epoll-4.1.118.Final.jar;C:\Users\dell\.m2\repository\io\projectreactor\netty\reactor-netty-core\1.2.3\reactor-netty-core-1.2.3.jar;C:\Users\dell\.m2\repository\io\netty\netty-handler-proxy\4.1.118.Final\netty-handler-proxy-4.1.118.Final.jar;C:\Users\dell\.m2\repository\io\netty\netty-codec-socks\4.1.118.Final\netty-codec-socks-4.1.118.Final.jar;C:\Users\dell\.m2\repository\org\springframework\spring-webflux\6.2.3\spring-webflux-6.2.3.jar;C:\Users\dell\.m2\repository\io\projectreactor\reactor-core\3.7.3\reactor-core-3.7.3.jar;C:\Users\dell\.m2\repository\org\reactivestreams\reactive-streams\1.0.4\reactive-streams-1.0.4.jar
Launcher Type: SUN_STANDARD

[Global flags]
     intx CICompilerCount                          = 4                                         {product} {ergonomic}
     uint ConcGCThreads                            = 2                                         {product} {ergonomic}
     uint G1ConcRefinementThreads                  = 8                                         {product} {ergonomic}
   size_t G1HeapRegionSize                         = 2097152                                   {product} {ergonomic}
    uintx GCDrainStackTargetSize                   = 64                                        {product} {ergonomic}
   size_t InitialHeapSize                          = 264241152                                 {product} {ergonomic}
     bool ManagementServer                         = true                                      {product} {command line}
   size_t MarkStackSize                            = 4194304                                   {product} {ergonomic}
   size_t MaxHeapSize                              = 4225761280                                {product} {ergonomic}
   size_t MaxNewSize                               = 2535456768                                {product} {ergonomic}
   size_t MinHeapDeltaBytes                        = 2097152                                   {product} {ergonomic}
   size_t MinHeapSize                              = 8388608                                   {product} {ergonomic}
    uintx NonNMethodCodeHeapSize                   = 4096                                   {pd product} {ergonomic}
    uintx NonProfiledCodeHeapSize                  = 0                                      {pd product} {ergonomic}
     bool ProfileInterpreter                       = false                                  {pd product} {command line}
    uintx ProfiledCodeHeapSize                     = 0                                      {pd product} {ergonomic}
   size_t SoftMaxHeapSize                          = 4225761280                             {manageable} {ergonomic}
     intx TieredStopAtLevel                        = 1                                         {product} {command line}
     bool UseCompressedOops                        = true                           {product lp64_product} {ergonomic}
     bool UseG1GC                                  = true                                      {product} {ergonomic}
     bool UseLargePagesIndividualAllocation        = false                                  {pd product} {ergonomic}

Logging:
Log output configuration:
 #0: stdout all=warning uptime,level,tags foldmultilines=false
 #1: stderr all=off uptime,level,tags foldmultilines=false

Environment Variables:
JAVA_HOME=D:\java\jdk21
PATH=C:\Program Files\Microsoft MPI\Bin\;C:\Program Files\Common Files\Oracle\Java\javapath;C:\WINDOWS\system32;C:\WINDOWS;C:\WINDOWS\System32\Wbem;C:\WINDOWS\System32\WindowsPowerShell\v1.0\;C:\WINDOWS\System32\OpenSSH\;C:\Program Files\Microsoft SQL Server\Client SDK\ODBC\170\Tools\Binn\;D:\Install\bin;D:\Git\cmd;D:\XAMPP\php;C:\ProgramData\ComposerSetup\bin;C:\mingw64\bin;C:\TDM-GCC-32\bin;D:\notejs\;D:\XAMPP\mysql\bin;D:\Maven\bin;D:\Maven\apache-maven-3.9.9\bin;C:\Program Files (x86)\Microsoft SQL Server\160\Tools\Binn\;C:\Program Files\Microsoft SQL Server\160\Tools\Binn\;C:\Program Files\Microsoft SQL Server\160\DTS\Binn\;C:\Program Files (x86)\Microsoft SQL Server\160\DTS\Binn\;D:\python\Scripts\;D:\python\;D:\java\jdk21\bin;D:\Microsoft VS Code\bin;C:\Users\dell\AppData\Roaming\Composer\vendor\bin;C:\mingw64\bin;C:\Users\dell\AppData\Roaming\npm;D:\nodejs;D:\PyCharm\PyCharm Community Edition 2024.2.4\bin;;D:\Wireshark;D:\python3.10;D:\python39;D:\JetBrains\IntelliJ IDEA 2024.3.4.1\bin;;D:\Maven\bin;
USERNAME=dell
OS=Windows_NT
PROCESSOR_IDENTIFIER=Intel64 Family 6 Model 140 Stepping 1, GenuineIntel
TMP=C:\Users\dell\AppData\Local\Temp
TEMP=C:\Users\dell\AppData\Local\Temp




Periodic native trim disabled

---------------  S Y S T E M  ---------------

OS:
 Windows 10 , 64 bit Build 19041 (10.0.19041.5678)
OS uptime: 1 days 5:42 hours

CPU: total 8 (initial active 8) (4 cores per cpu, 2 threads per core) family 6 model 140 stepping 1 microcode 0xbc, cx8, cmov, fxsr, ht, mmx, 3dnowpref, sse, sse2, sse3, ssse3, sse4.1, sse4.2, popcnt, lzcnt, tsc, tscinvbit, avx, avx2, aes, erms, clmul, bmi1, bmi2, adx, avx512f, avx512dq, avx512cd, avx512bw, avx512vl, sha, fma, vzeroupper, avx512_vpopcntdq, avx512_vpclmulqdq, avx512_vaes, avx512_vnni, clflush, clflushopt, clwb, avx512_vbmi2, avx512_vbmi, rdtscp, rdpid, fsrm, gfni, avx512_bitalg, f16c, pku, cet_ibt, cet_ss, avx512_ifma
Processor Information for all 8 processors :
  Max Mhz: 2419, Current Mhz: 2419, Mhz Limit: 2419

Memory: 4k page, system-wide physical 16118M (3617M free)
TotalPageFile size 18531M (AvailPageFile size 28M)
current process WorkingSet (physical memory assigned to process): 323M, peak: 323M
current process commit charge ("private bytes"): 363M, peak: 463M

vm_info: Java HotSpot(TM) 64-Bit Server VM (21.0.6+8-LTS-188) for windows-amd64 JRE (21.0.6+8-LTS-188), built on 2024-12-03T10:50:54Z by "mach5one" with MS VC++ 17.6 (VS2022)

END.
