#
# There is insufficient memory for the Java Runtime Environment to continue.
# Native memory allocation (mmap) failed to map 6291456 bytes for G1 virtual space
# Possible reasons:
#   The system is out of physical RAM or swap space
#   The process is running with CompressedOops enabled, and the Java Heap may be blocking the growth of the native heap
# Possible solutions:
#   Reduce memory load on the system
#   Increase physical memory or swap space
#   Check if swap backing store is full
#   Decrease Java heap size (-Xmx/-Xms)
#   Decrease number of Java threads
#   Decrease Java thread stack sizes (-Xss)
#   Set larger code cache with -XX:ReservedCodeCacheSize=
#   JVM is running with Zero Based Compressed Oops mode in which the Java heap is
#     placed in the first 32GB address space. The Java Heap base address is the
#     maximum limit for the native heap growth. Please use -XX:HeapBaseMinAddress
#     to set the Java Heap base and to place the Java Heap above 32GB virtual address.
# This output file may be truncated or incomplete.
#
#  Out of Memory Error (os_windows.cpp:3603), pid=11436, tid=11440
#
# JRE version: Java(TM) SE Runtime Environment (21.0.6+8) (build 21.0.6+8-LTS-188)
# Java VM: Java HotSpot(TM) 64-Bit Server VM (21.0.6+8-LTS-188, mixed mode, emulated-client, sharing, tiered, compressed oops, compressed class ptrs, g1 gc, windows-amd64)
# No core dump will be written. Minidumps are not enabled by default on client versions of Windows
#

---------------  S U M M A R Y ------------

Command Line: -XX:TieredStopAtLevel=1 -Dspring.output.ansi.enabled=always -Dcom.sun.management.jmxremote -Dspring.jmx.enabled=true -Dspring.liveBeansView.mbeanDomain -Dspring.application.admin.enabled=true -Dmanagement.endpoints.jmx.exposure.include=* -javaagent:D:\JetBrains\IntelliJ IDEA 2024.3.4.1\lib\idea_rt.jar=58840 -Dfile.encoding=UTF-8 -Dsun.stdout.encoding=UTF-8 -Dsun.stderr.encoding=UTF-8 com.project.stationery_be_server.StationeryBeServerApplication

Host: 11th Gen Intel(R) Core(TM) i5-1135G7 @ 2.40GHz, 8 cores, 15G,  Windows 10 , 64 bit Build 19041 (10.0.19041.5678)
Time: Sat May  3 19:39:09 2025 SE Asia Standard Time elapsed time: 9.277833 seconds (0d 0h 0m 9s)

---------------  T H R E A D  ---------------

Current thread (0x000001a663aec110):  VMThread "VM Thread"          [id=11440, stack(0x0000004656b00000,0x0000004656c00000) (1024K)]

Stack: [0x0000004656b00000,0x0000004656c00000]
Native frames: (J=compiled Java code, j=interpreted, Vv=VM code, C=native code)
V  [jvm.dll+0x6ca6d9]
V  [jvm.dll+0x854f51]
V  [jvm.dll+0x85747e]
V  [jvm.dll+0x857b53]
V  [jvm.dll+0x27dcc6]
V  [jvm.dll+0x6c6e55]
V  [jvm.dll+0x6bb9da]
V  [jvm.dll+0x35393a]
V  [jvm.dll+0x35b596]
V  [jvm.dll+0x3adefe]
V  [jvm.dll+0x3ae1a8]
V  [jvm.dll+0x327cbc]
V  [jvm.dll+0x327d47]
V  [jvm.dll+0x36c60c]
V  [jvm.dll+0x36ae5e]
V  [jvm.dll+0x327481]
V  [jvm.dll+0x36a57a]
V  [jvm.dll+0x85d920]
V  [jvm.dll+0x85eca4]
V  [jvm.dll+0x85f1e0]
V  [jvm.dll+0x85f483]
V  [jvm.dll+0x7ff2fb]
V  [jvm.dll+0x6c8dbd]
C  [ucrtbase.dll+0x21bb2]
C  [KERNEL32.DLL+0x17374]
C  [ntdll.dll+0x4cc91]

VM_Operation (0x00000046564f7c20): G1CollectForAllocation, mode: safepoint, requested by thread 0x000001a650bdccb0


---------------  P R O C E S S  ---------------

Threads class SMR info:
_java_thread_list=0x000001a66b907390, length=24, elements={
0x000001a650bdccb0, 0x000001a663b09e40, 0x000001a663b0b360, 0x000001a663b12fc0,
0x000001a663b14b80, 0x000001a663b155d0, 0x000001a663b16020, 0x000001a663b16a70,
0x000001a668116760, 0x000001a663ad9d00, 0x000001a6681026c0, 0x000001a66833d850,
0x000001a6687ab6d0, 0x000001a6687abe40, 0x000001a668a162e0, 0x000001a668a65660,
0x000001a668ab72b0, 0x000001a668adb8f0, 0x000001a66a6c91e0, 0x000001a66a6c8b50,
0x000001a66a6c9870, 0x000001a66a6c9f00, 0x000001a66a6c7e30, 0x000001a66a6ca590
}

Java Threads: ( => current thread )
  0x000001a650bdccb0 JavaThread "main"                              [_thread_blocked, id=19940, stack(0x0000004656400000,0x0000004656500000) (1024K)]
  0x000001a663b09e40 JavaThread "Reference Handler"          daemon [_thread_blocked, id=1064, stack(0x0000004656d00000,0x0000004656e00000) (1024K)]
  0x000001a663b0b360 JavaThread "Finalizer"                  daemon [_thread_blocked, id=14780, stack(0x0000004656e00000,0x0000004656f00000) (1024K)]
  0x000001a663b12fc0 JavaThread "Signal Dispatcher"          daemon [_thread_blocked, id=13908, stack(0x0000004656f00000,0x0000004657000000) (1024K)]
  0x000001a663b14b80 JavaThread "Attach Listener"            daemon [_thread_blocked, id=14288, stack(0x0000004657000000,0x0000004657100000) (1024K)]
  0x000001a663b155d0 JavaThread "Service Thread"             daemon [_thread_blocked, id=19812, stack(0x0000004657100000,0x0000004657200000) (1024K)]
  0x000001a663b16020 JavaThread "Monitor Deflation Thread"   daemon [_thread_blocked, id=18048, stack(0x0000004657200000,0x0000004657300000) (1024K)]
  0x000001a663b16a70 JavaThread "C1 CompilerThread0"         daemon [_thread_blocked, id=7936, stack(0x0000004657300000,0x0000004657400000) (1024K)]
  0x000001a668116760 JavaThread "Common-Cleaner"             daemon [_thread_blocked, id=3500, stack(0x0000004657400000,0x0000004657500000) (1024K)]
  0x000001a663ad9d00 JavaThread "C1 CompilerThread1"         daemon [_thread_blocked, id=4072, stack(0x0000004657500000,0x0000004657600000) (1024K)]
  0x000001a6681026c0 JavaThread "C1 CompilerThread2"         daemon [_thread_blocked, id=20056, stack(0x0000004657600000,0x0000004657700000) (1024K)]
  0x000001a66833d850 JavaThread "C1 CompilerThread3"         daemon [_thread_blocked, id=14100, stack(0x0000004657700000,0x0000004657800000) (1024K)]
  0x000001a6687ab6d0 JavaThread "Monitor Ctrl-Break"         daemon [_thread_in_native, id=6324, stack(0x0000004657800000,0x0000004657900000) (1024K)]
  0x000001a6687abe40 JavaThread "Notification Thread"        daemon [_thread_blocked, id=14176, stack(0x0000004657900000,0x0000004657a00000) (1024K)]
  0x000001a668a162e0 JavaThread "RMI TCP Accept-0"           daemon [_thread_in_native, id=12292, stack(0x0000004657a00000,0x0000004657b00000) (1024K)]
  0x000001a668a65660 JavaThread "RMI TCP Connection(1)-192.168.1.33" daemon [_thread_in_native, id=32, stack(0x0000004657b00000,0x0000004657c00000) (1024K)]
  0x000001a668ab72b0 JavaThread "RMI Scheduler(0)"           daemon [_thread_blocked, id=1352, stack(0x0000004658300000,0x0000004658400000) (1024K)]
  0x000001a668adb8f0 JavaThread "JMX server connection timeout 33" daemon [_thread_blocked, id=9668, stack(0x0000004658400000,0x0000004658500000) (1024K)]
  0x000001a66a6c91e0 JavaThread "Catalina-utility-1"                [_thread_blocked, id=13768, stack(0x0000004658500000,0x0000004658600000) (1024K)]
  0x000001a66a6c8b50 JavaThread "Catalina-utility-2"                [_thread_blocked, id=5792, stack(0x0000004658700000,0x0000004658800000) (1024K)]
  0x000001a66a6c9870 JavaThread "container-0"                       [_thread_blocked, id=13664, stack(0x0000004658800000,0x0000004658900000) (1024K)]
  0x000001a66a6c9f00 JavaThread "mysql-cj-abandoned-connection-cleanup" daemon [_thread_blocked, id=13564, stack(0x0000004658900000,0x0000004658a00000) (1024K)]
  0x000001a66a6c7e30 JavaThread "HikariPool-1 housekeeper"   daemon [_thread_blocked, id=12648, stack(0x0000004658b00000,0x0000004658c00000) (1024K)]
  0x000001a66a6ca590 JavaThread "HikariPool-1 connection adder" daemon [_thread_blocked, id=2112, stack(0x0000004658c00000,0x0000004658d00000) (1024K)]
Total: 24

Other Threads:
=>0x000001a663aec110 VMThread "VM Thread"                           [id=11440, stack(0x0000004656b00000,0x0000004656c00000) (1024K)]
  0x000001a663ad8d90 WatcherThread "VM Periodic Task Thread"        [id=15048, stack(0x0000004656a00000,0x0000004656b00000) (1024K)]
  0x000001a650c3dd20 WorkerThread "GC Thread#0"                     [id=676, stack(0x0000004656500000,0x0000004656600000) (1024K)]
  0x000001a668a64e70 WorkerThread "GC Thread#1"                     [id=11220, stack(0x0000004657c00000,0x0000004657d00000) (1024K)]
  0x000001a668a32f30 WorkerThread "GC Thread#2"                     [id=18556, stack(0x0000004657d00000,0x0000004657e00000) (1024K)]
  0x000001a668a332d0 WorkerThread "GC Thread#3"                     [id=13660, stack(0x0000004657e00000,0x0000004657f00000) (1024K)]
  0x000001a668a33670 WorkerThread "GC Thread#4"                     [id=7704, stack(0x0000004657f00000,0x0000004658000000) (1024K)]
  0x000001a668a36230 WorkerThread "GC Thread#5"                     [id=9220, stack(0x0000004658000000,0x0000004658100000) (1024K)]
  0x000001a668a86530 WorkerThread "GC Thread#6"                     [id=8428, stack(0x0000004658100000,0x0000004658200000) (1024K)]
  0x000001a668a868d0 WorkerThread "GC Thread#7"                     [id=10080, stack(0x0000004658200000,0x0000004658300000) (1024K)]
  0x000001a650c4e7e0 ConcurrentGCThread "G1 Main Marker"            [id=16412, stack(0x0000004656600000,0x0000004656700000) (1024K)]
  0x000001a650c4f1f0 WorkerThread "G1 Conc#0"                       [id=7344, stack(0x0000004656700000,0x0000004656800000) (1024K)]
  0x000001a669684c20 WorkerThread "G1 Conc#1"                       [id=5968, stack(0x0000004658600000,0x0000004658700000) (1024K)]
  0x000001a6639ac9e0 ConcurrentGCThread "G1 Refine#0"               [id=18936, stack(0x0000004656800000,0x0000004656900000) (1024K)]
  0x000001a6639ad200 ConcurrentGCThread "G1 Service"                [id=17568, stack(0x0000004656900000,0x0000004656a00000) (1024K)]
Total: 15

Threads with active compile tasks:
Total: 0

VM state: at safepoint (normal execution)

VM Mutex/Monitor currently owned by a thread:  ([mutex/lock_event])
[0x00007ffba33dde98] Threads_lock - owner thread: 0x000001a663aec110
[0x00007ffba33ddf98] Heap_lock - owner thread: 0x000001a650bdccb0

Heap address: 0x0000000704200000, size: 4030 MB, Compressed Oops mode: Zero based, Oop shift amount: 3

CDS archive(s) mapped at: [0x000001a600000000-0x000001a600c90000-0x000001a600c90000), size 13172736, SharedBaseAddress: 0x000001a600000000, ArchiveRelocationMode: 1.
Compressed class space mapped at: 0x000001a601000000-0x000001a641000000, reserved size: 1073741824
Narrow klass base: 0x000001a600000000, Narrow klass shift: 0, Narrow klass range: 0x100000000

GC Precious Log:
 CardTable entry size: 512
 Card Set container configuration: InlinePtr #cards 4 size 8 Array Of Cards #cards 16 size 48 Howl #buckets 8 coarsen threshold 3686 Howl Bitmap #cards 512 size 80 coarsen threshold 460 Card regions per heap region 1 cards per card region 4096
 CPUs: 8 total, 8 available
 Memory: 16118M
 Large Page Support: Disabled
 NUMA Support: Disabled
 Compressed Oops: Enabled (Zero based)
 Heap Region Size: 2M
 Heap Min Capacity: 8M
 Heap Initial Capacity: 252M
 Heap Max Capacity: 4030M
 Pre-touch: Disabled
 Parallel Workers: 8
 Concurrent Workers: 2
 Concurrent Refinement Workers: 8
 Periodic GC: Disabled

Heap:
 garbage-first heap   total 215040K, used 69279K [0x0000000704200000, 0x0000000800000000)
  region size 2048K, 2 young (4096K), 2 survivors (4096K)
 Metaspace       used 76747K, committed 77504K, reserved 1179648K
  class space    used 11124K, committed 11456K, reserved 1048576K

Heap Regions: E=young(eden), S=young(survivor), O=old, HS=humongous(starts), HC=humongous(continues), CS=collection set, F=free, TAMS=top-at-mark-start, PB=parsable bottom
|   0|0x0000000704200000, 0x0000000704400000, 0x0000000704400000|100%| O|  |TAMS 0x0000000704400000| PB 0x0000000704200000| Untracked 
|   1|0x0000000704400000, 0x0000000704600000, 0x0000000704600000|100%| O|  |TAMS 0x0000000704600000| PB 0x0000000704400000| Untracked 
|   2|0x0000000704600000, 0x0000000704800000, 0x0000000704800000|100%| O|  |TAMS 0x0000000704800000| PB 0x0000000704600000| Untracked 
|   3|0x0000000704800000, 0x0000000704a00000, 0x0000000704a00000|100%| O|  |TAMS 0x0000000704a00000| PB 0x0000000704800000| Untracked 
|   4|0x0000000704a00000, 0x0000000704c00000, 0x0000000704c00000|100%| O|  |TAMS 0x0000000704c00000| PB 0x0000000704a00000| Untracked 
|   5|0x0000000704c00000, 0x0000000704e00000, 0x0000000704e00000|100%| O|  |TAMS 0x0000000704e00000| PB 0x0000000704c00000| Untracked 
|   6|0x0000000704e00000, 0x0000000705000000, 0x0000000705000000|100%| O|  |TAMS 0x0000000705000000| PB 0x0000000704e00000| Untracked 
|   7|0x0000000705000000, 0x0000000705200000, 0x0000000705200000|100%| O|  |TAMS 0x0000000705200000| PB 0x0000000705000000| Untracked 
|   8|0x0000000705200000, 0x0000000705400000, 0x0000000705400000|100%| O|  |TAMS 0x0000000705400000| PB 0x0000000705200000| Untracked 
|   9|0x0000000705400000, 0x0000000705600000, 0x0000000705600000|100%| O|  |TAMS 0x0000000705600000| PB 0x0000000705400000| Untracked 
|  10|0x0000000705600000, 0x0000000705800000, 0x0000000705800000|100%| O|  |TAMS 0x0000000705800000| PB 0x0000000705600000| Untracked 
|  11|0x0000000705800000, 0x0000000705a00000, 0x0000000705a00000|100%| O|  |TAMS 0x0000000705a00000| PB 0x0000000705800000| Untracked 
|  12|0x0000000705a00000, 0x0000000705c00000, 0x0000000705c00000|100%| O|  |TAMS 0x0000000705c00000| PB 0x0000000705a00000| Untracked 
|  13|0x0000000705c00000, 0x0000000705e00000, 0x0000000705e00000|100%| O|  |TAMS 0x0000000705e00000| PB 0x0000000705c00000| Untracked 
|  14|0x0000000705e00000, 0x0000000706000000, 0x0000000706000000|100%| O|  |TAMS 0x0000000706000000| PB 0x0000000705e00000| Untracked 
|  15|0x0000000706000000, 0x0000000706200000, 0x0000000706200000|100%| O|  |TAMS 0x0000000706200000| PB 0x0000000706000000| Untracked 
|  16|0x0000000706200000, 0x0000000706400000, 0x0000000706400000|100%| O|  |TAMS 0x0000000706400000| PB 0x0000000706200000| Untracked 
|  17|0x0000000706400000, 0x0000000706600000, 0x0000000706600000|100%| O|  |TAMS 0x0000000706600000| PB 0x0000000706400000| Untracked 
|  18|0x0000000706600000, 0x0000000706800000, 0x0000000706800000|100%| O|  |TAMS 0x0000000706800000| PB 0x0000000706600000| Untracked 
|  19|0x0000000706800000, 0x0000000706a00000, 0x0000000706a00000|100%| O|  |TAMS 0x0000000706a00000| PB 0x0000000706800000| Untracked 
|  20|0x0000000706a00000, 0x0000000706c00000, 0x0000000706c00000|100%| O|  |TAMS 0x0000000706a00000| PB 0x0000000706a00000| Untracked 
|  21|0x0000000706c00000, 0x0000000706e00000, 0x0000000706e00000|100%| O|  |TAMS 0x0000000706e00000| PB 0x0000000706c00000| Untracked 
|  22|0x0000000706e00000, 0x0000000707000000, 0x0000000707000000|100%| O|  |TAMS 0x0000000707000000| PB 0x0000000706e00000| Untracked 
|  23|0x0000000707000000, 0x0000000707200000, 0x0000000707200000|100%| O|  |TAMS 0x0000000707200000| PB 0x0000000707000000| Untracked 
|  24|0x0000000707200000, 0x0000000707400000, 0x0000000707400000|100%| O|  |TAMS 0x0000000707400000| PB 0x0000000707200000| Untracked 
|  25|0x0000000707400000, 0x0000000707600000, 0x0000000707600000|100%| O|  |TAMS 0x0000000707600000| PB 0x0000000707400000| Untracked 
|  26|0x0000000707600000, 0x0000000707800000, 0x0000000707800000|100%| O|  |TAMS 0x0000000707800000| PB 0x0000000707600000| Untracked 
|  27|0x0000000707800000, 0x0000000707a00000, 0x0000000707a00000|100%| O|  |TAMS 0x0000000707a00000| PB 0x0000000707800000| Untracked 
|  28|0x0000000707a00000, 0x0000000707c00000, 0x0000000707c00000|100%| O|  |TAMS 0x0000000707c00000| PB 0x0000000707a00000| Untracked 
|  29|0x0000000707c00000, 0x0000000707e00000, 0x0000000707e00000|100%| O|  |TAMS 0x0000000707e00000| PB 0x0000000707c00000| Untracked 
|  30|0x0000000707e00000, 0x0000000708000000, 0x0000000708000000|100%| O|  |TAMS 0x0000000708000000| PB 0x0000000707e00000| Untracked 
|  31|0x0000000708000000, 0x0000000708200000, 0x0000000708200000|100%| O|  |TAMS 0x0000000708054c20| PB 0x0000000708000000| Untracked 
|  32|0x0000000708200000, 0x00000007082da750, 0x0000000708400000| 42%| O|  |TAMS 0x0000000708200000| PB 0x0000000708200000| Untracked 
|  33|0x0000000708400000, 0x0000000708400000, 0x0000000708600000|  0%| F|  |TAMS 0x0000000708400000| PB 0x0000000708400000| Untracked 
|  34|0x0000000708600000, 0x0000000708600000, 0x0000000708800000|  0%| F|  |TAMS 0x0000000708600000| PB 0x0000000708600000| Untracked 
|  35|0x0000000708800000, 0x0000000708800000, 0x0000000708a00000|  0%| F|  |TAMS 0x0000000708800000| PB 0x0000000708800000| Untracked 
|  36|0x0000000708a00000, 0x0000000708a00000, 0x0000000708c00000|  0%| F|  |TAMS 0x0000000708a00000| PB 0x0000000708a00000| Untracked 
|  37|0x0000000708c00000, 0x0000000708c00000, 0x0000000708e00000|  0%| F|  |TAMS 0x0000000708c00000| PB 0x0000000708c00000| Untracked 
|  38|0x0000000708e00000, 0x0000000708e00000, 0x0000000709000000|  0%| F|  |TAMS 0x0000000708e00000| PB 0x0000000708e00000| Untracked 
|  39|0x0000000709000000, 0x0000000709000000, 0x0000000709200000|  0%| F|  |TAMS 0x0000000709000000| PB 0x0000000709000000| Untracked 
|  40|0x0000000709200000, 0x00000007092cd740, 0x0000000709400000| 40%| S|CS|TAMS 0x0000000709200000| PB 0x0000000709200000| Complete 
|  41|0x0000000709400000, 0x0000000709600000, 0x0000000709600000|100%| S|CS|TAMS 0x0000000709400000| PB 0x0000000709400000| Complete 
|  42|0x0000000709600000, 0x0000000709600000, 0x0000000709800000|  0%| F|  |TAMS 0x0000000709600000| PB 0x0000000709600000| Untracked 
|  43|0x0000000709800000, 0x0000000709800000, 0x0000000709a00000|  0%| F|  |TAMS 0x0000000709800000| PB 0x0000000709800000| Untracked 
|  44|0x0000000709a00000, 0x0000000709a00000, 0x0000000709c00000|  0%| F|  |TAMS 0x0000000709a00000| PB 0x0000000709a00000| Untracked 
|  45|0x0000000709c00000, 0x0000000709c00000, 0x0000000709e00000|  0%| F|  |TAMS 0x0000000709c00000| PB 0x0000000709c00000| Untracked 
|  46|0x0000000709e00000, 0x0000000709e00000, 0x000000070a000000|  0%| F|  |TAMS 0x0000000709e00000| PB 0x0000000709e00000| Untracked 
|  47|0x000000070a000000, 0x000000070a000000, 0x000000070a200000|  0%| F|  |TAMS 0x000000070a000000| PB 0x000000070a000000| Untracked 
|  48|0x000000070a200000, 0x000000070a200000, 0x000000070a400000|  0%| F|  |TAMS 0x000000070a200000| PB 0x000000070a200000| Untracked 
|  49|0x000000070a400000, 0x000000070a400000, 0x000000070a600000|  0%| F|  |TAMS 0x000000070a400000| PB 0x000000070a400000| Untracked 
|  50|0x000000070a600000, 0x000000070a600000, 0x000000070a800000|  0%| F|  |TAMS 0x000000070a600000| PB 0x000000070a600000| Untracked 
|  51|0x000000070a800000, 0x000000070a800000, 0x000000070aa00000|  0%| F|  |TAMS 0x000000070a800000| PB 0x000000070a800000| Untracked 
|  52|0x000000070aa00000, 0x000000070aa00000, 0x000000070ac00000|  0%| F|  |TAMS 0x000000070aa00000| PB 0x000000070aa00000| Untracked 
|  53|0x000000070ac00000, 0x000000070ac00000, 0x000000070ae00000|  0%| F|  |TAMS 0x000000070ac00000| PB 0x000000070ac00000| Untracked 
|  54|0x000000070ae00000, 0x000000070ae00000, 0x000000070b000000|  0%| F|  |TAMS 0x000000070ae00000| PB 0x000000070ae00000| Untracked 
|  55|0x000000070b000000, 0x000000070b000000, 0x000000070b200000|  0%| F|  |TAMS 0x000000070b000000| PB 0x000000070b000000| Untracked 
|  56|0x000000070b200000, 0x000000070b200000, 0x000000070b400000|  0%| F|  |TAMS 0x000000070b200000| PB 0x000000070b200000| Untracked 
|  57|0x000000070b400000, 0x000000070b400000, 0x000000070b600000|  0%| F|  |TAMS 0x000000070b400000| PB 0x000000070b400000| Untracked 
|  58|0x000000070b600000, 0x000000070b600000, 0x000000070b800000|  0%| F|  |TAMS 0x000000070b600000| PB 0x000000070b600000| Untracked 
|  59|0x000000070b800000, 0x000000070b800000, 0x000000070ba00000|  0%| F|  |TAMS 0x000000070b800000| PB 0x000000070b800000| Untracked 
|  60|0x000000070ba00000, 0x000000070ba00000, 0x000000070bc00000|  0%| F|  |TAMS 0x000000070ba00000| PB 0x000000070ba00000| Untracked 
|  61|0x000000070bc00000, 0x000000070bc00000, 0x000000070be00000|  0%| F|  |TAMS 0x000000070bc00000| PB 0x000000070bc00000| Untracked 
|  62|0x000000070be00000, 0x000000070be00000, 0x000000070c000000|  0%| F|  |TAMS 0x000000070be00000| PB 0x000000070be00000| Untracked 
|  63|0x000000070c000000, 0x000000070c000000, 0x000000070c200000|  0%| F|  |TAMS 0x000000070c000000| PB 0x000000070c000000| Untracked 
|  64|0x000000070c200000, 0x000000070c200000, 0x000000070c400000|  0%| F|  |TAMS 0x000000070c200000| PB 0x000000070c200000| Untracked 
|  65|0x000000070c400000, 0x000000070c400000, 0x000000070c600000|  0%| F|  |TAMS 0x000000070c400000| PB 0x000000070c400000| Untracked 
|  66|0x000000070c600000, 0x000000070c600000, 0x000000070c800000|  0%| F|  |TAMS 0x000000070c600000| PB 0x000000070c600000| Untracked 
|  67|0x000000070c800000, 0x000000070c800000, 0x000000070ca00000|  0%| F|  |TAMS 0x000000070c800000| PB 0x000000070c800000| Untracked 
|  68|0x000000070ca00000, 0x000000070ca00000, 0x000000070cc00000|  0%| F|  |TAMS 0x000000070ca00000| PB 0x000000070ca00000| Untracked 
|  69|0x000000070cc00000, 0x000000070cc00000, 0x000000070ce00000|  0%| F|  |TAMS 0x000000070cc00000| PB 0x000000070cc00000| Untracked 
|  70|0x000000070ce00000, 0x000000070ce00000, 0x000000070d000000|  0%| F|  |TAMS 0x000000070ce00000| PB 0x000000070ce00000| Untracked 
|  71|0x000000070d000000, 0x000000070d000000, 0x000000070d200000|  0%| F|  |TAMS 0x000000070d000000| PB 0x000000070d000000| Untracked 
|  72|0x000000070d200000, 0x000000070d200000, 0x000000070d400000|  0%| F|  |TAMS 0x000000070d200000| PB 0x000000070d200000| Untracked 
|  73|0x000000070d400000, 0x000000070d400000, 0x000000070d600000|  0%| F|  |TAMS 0x000000070d400000| PB 0x000000070d400000| Untracked 
|  74|0x000000070d600000, 0x000000070d600000, 0x000000070d800000|  0%| F|  |TAMS 0x000000070d600000| PB 0x000000070d600000| Untracked 
|  75|0x000000070d800000, 0x000000070d800000, 0x000000070da00000|  0%| F|  |TAMS 0x000000070d800000| PB 0x000000070d800000| Untracked 
|  76|0x000000070da00000, 0x000000070da00000, 0x000000070dc00000|  0%| F|  |TAMS 0x000000070da00000| PB 0x000000070da00000| Untracked 
|  77|0x000000070dc00000, 0x000000070dc00000, 0x000000070de00000|  0%| F|  |TAMS 0x000000070dc00000| PB 0x000000070dc00000| Untracked 
|  78|0x000000070de00000, 0x000000070de00000, 0x000000070e000000|  0%| F|  |TAMS 0x000000070de00000| PB 0x000000070de00000| Untracked 
|  79|0x000000070e000000, 0x000000070e000000, 0x000000070e200000|  0%| F|  |TAMS 0x000000070e000000| PB 0x000000070e000000| Untracked 
|  80|0x000000070e200000, 0x000000070e200000, 0x000000070e400000|  0%| F|  |TAMS 0x000000070e200000| PB 0x000000070e200000| Untracked 
|  81|0x000000070e400000, 0x000000070e400000, 0x000000070e600000|  0%| F|  |TAMS 0x000000070e400000| PB 0x000000070e400000| Untracked 
|  82|0x000000070e600000, 0x000000070e600000, 0x000000070e800000|  0%| F|  |TAMS 0x000000070e600000| PB 0x000000070e600000| Untracked 
|  83|0x000000070e800000, 0x000000070e800000, 0x000000070ea00000|  0%| F|  |TAMS 0x000000070e800000| PB 0x000000070e800000| Untracked 
|  84|0x000000070ea00000, 0x000000070ea00000, 0x000000070ec00000|  0%| F|  |TAMS 0x000000070ea00000| PB 0x000000070ea00000| Untracked 
|  85|0x000000070ec00000, 0x000000070ec00000, 0x000000070ee00000|  0%| F|  |TAMS 0x000000070ec00000| PB 0x000000070ec00000| Untracked 
|  86|0x000000070ee00000, 0x000000070ee00000, 0x000000070f000000|  0%| F|  |TAMS 0x000000070ee00000| PB 0x000000070ee00000| Untracked 
|  87|0x000000070f000000, 0x000000070f000000, 0x000000070f200000|  0%| F|  |TAMS 0x000000070f000000| PB 0x000000070f000000| Untracked 
|  88|0x000000070f200000, 0x000000070f200000, 0x000000070f400000|  0%| F|  |TAMS 0x000000070f200000| PB 0x000000070f200000| Untracked 
|  89|0x000000070f400000, 0x000000070f400000, 0x000000070f600000|  0%| F|  |TAMS 0x000000070f400000| PB 0x000000070f400000| Untracked 
|  90|0x000000070f600000, 0x000000070f600000, 0x000000070f800000|  0%| F|  |TAMS 0x000000070f600000| PB 0x000000070f600000| Untracked 
|  91|0x000000070f800000, 0x000000070f800000, 0x000000070fa00000|  0%| F|  |TAMS 0x000000070f800000| PB 0x000000070f800000| Untracked 
|  92|0x000000070fa00000, 0x000000070fa00000, 0x000000070fc00000|  0%| F|  |TAMS 0x000000070fa00000| PB 0x000000070fa00000| Untracked 
|  93|0x000000070fc00000, 0x000000070fc00000, 0x000000070fe00000|  0%| F|  |TAMS 0x000000070fc00000| PB 0x000000070fc00000| Untracked 
|  94|0x000000070fe00000, 0x000000070fe00000, 0x0000000710000000|  0%| F|  |TAMS 0x000000070fe00000| PB 0x000000070fe00000| Untracked 
|  95|0x0000000710000000, 0x0000000710000000, 0x0000000710200000|  0%| F|  |TAMS 0x0000000710000000| PB 0x0000000710000000| Untracked 
|  96|0x0000000710200000, 0x0000000710200000, 0x0000000710400000|  0%| F|  |TAMS 0x0000000710200000| PB 0x0000000710200000| Untracked 
|  97|0x0000000710400000, 0x0000000710400000, 0x0000000710600000|  0%| F|  |TAMS 0x0000000710400000| PB 0x0000000710400000| Untracked 
|  98|0x0000000710600000, 0x0000000710600000, 0x0000000710800000|  0%| F|  |TAMS 0x0000000710600000| PB 0x0000000710600000| Untracked 
|  99|0x0000000710800000, 0x0000000710800000, 0x0000000710a00000|  0%| F|  |TAMS 0x0000000710800000| PB 0x0000000710800000| Untracked 
| 100|0x0000000710a00000, 0x0000000710a00000, 0x0000000710c00000|  0%| F|  |TAMS 0x0000000710a00000| PB 0x0000000710a00000| Untracked 
| 101|0x0000000710c00000, 0x0000000710c00000, 0x0000000710e00000|  0%| F|  |TAMS 0x0000000710c00000| PB 0x0000000710c00000| Untracked 
| 102|0x0000000710e00000, 0x0000000710e00000, 0x0000000711000000|  0%| F|  |TAMS 0x0000000710e00000| PB 0x0000000710e00000| Untracked 
| 103|0x0000000711000000, 0x0000000711000000, 0x0000000711200000|  0%| F|  |TAMS 0x0000000711000000| PB 0x0000000711000000| Untracked 
| 125|0x0000000713c00000, 0x0000000713c00000, 0x0000000713e00000|  0%| F|  |TAMS 0x0000000713c00000| PB 0x0000000713c00000| Untracked 

Card table byte_map: [0x000001a65c940000,0x000001a65d120000] _byte_map_base: 0x000001a65911f000

Marking Bits: (CMBitMap*) 0x000001a650c3e330
 Bits: [0x000001a65d120000, 0x000001a661018000)

Polling page: 0x000001a650390000

Metaspace:

Usage:
  Non-class:     64.08 MB used.
      Class:     10.86 MB used.
       Both:     74.95 MB used.

Virtual space:
  Non-class space:      128.00 MB reserved,      64.50 MB ( 50%) committed,  2 nodes.
      Class space:        1.00 GB reserved,      11.19 MB (  1%) committed,  1 nodes.
             Both:        1.12 GB reserved,      75.69 MB (  7%) committed. 

Chunk freelists:
   Non-Class:  15.12 MB
       Class:  4.63 MB
        Both:  19.76 MB

MaxMetaspaceSize: unlimited
CompressedClassSpaceSize: 1.00 GB
Initial GC threshold: 21.00 MB
Current GC threshold: 125.94 MB
CDS: on
 - commit_granule_bytes: 65536.
 - commit_granule_words: 8192.
 - virtual_space_node_default_size: 8388608.
 - enlarge_chunks_in_place: 1.
 - use_allocation_guard: 0.


Internal statistics:

num_allocs_failed_limit: 9.
num_arena_births: 1096.
num_arena_deaths: 0.
num_vsnodes_births: 3.
num_vsnodes_deaths: 0.
num_space_committed: 1211.
num_space_uncommitted: 0.
num_chunks_returned_to_freelist: 9.
num_chunks_taken_from_freelist: 3709.
num_chunk_merges: 9.
num_chunk_splits: 2756.
num_chunks_enlarged: 2156.
num_inconsistent_stats: 0.

CodeCache: size=49152Kb used=14478Kb max_used=16078Kb free=34673Kb
 bounds [0x000001a659050000, 0x000001a65a010000, 0x000001a65c050000]
 total_blobs=7810 nmethods=7069 adapters=661
 compilation: enabled
              stopped_count=0, restarted_count=0
 full_count=0

Compilation events (20 events):
Event: 9.131 Thread 0x000001a6681026c0 8460       1       org.springframework.beans.BeanWrapperImpl::getCachedIntrospectionResults (23 bytes)
Event: 9.131 Thread 0x000001a6681026c0 nmethod 8460 0x000001a6593b2510 code [0x000001a6593b26c0, 0x000001a6593b2908]
Event: 9.131 Thread 0x000001a66833d850 8461       1       org.hibernate.internal.JdbcSessionContextImpl::getObserver (5 bytes)
Event: 9.132 Thread 0x000001a66833d850 nmethod 8461 0x000001a659401d90 code [0x000001a659401f20, 0x000001a659401ff0]
Event: 9.132 Thread 0x000001a66833d850 8462       1       org.springframework.data.repository.core.support.RepositoryComposition$RepositoryFragments$$Lambda/0x000001a601a0b560::apply (10 bytes)
Event: 9.132 Thread 0x000001a6681026c0 8463       1       org.springframework.data.repository.core.support.RepositoryFragment::methods (13 bytes)
Event: 9.133 Thread 0x000001a66833d850 nmethod 8462 0x000001a6593cc810 code [0x000001a6593cc9c0, 0x000001a6593ccb08]
Event: 9.133 Thread 0x000001a6681026c0 nmethod 8463 0x000001a6594b1b10 code [0x000001a6594b1d20, 0x000001a6594b2028]
Event: 9.133 Thread 0x000001a6681026c0 8464       1       java.util.concurrent.atomic.AtomicBoolean::set (14 bytes)
Event: 9.133 Thread 0x000001a6681026c0 nmethod 8464 0x000001a659407510 code [0x000001a6594076a0, 0x000001a659407780]
Event: 9.135 Thread 0x000001a6681026c0 8465       1       org.antlr.v4.runtime.atn.LexerATNSimulator::computeTargetState (59 bytes)
Event: 9.135 Thread 0x000001a66833d850 8466   !   1       org.antlr.v4.runtime.atn.LexerATNSimulator::addDFAEdge (57 bytes)
Event: 9.135 Thread 0x000001a66833d850 nmethod 8466 0x000001a659611890 code [0x000001a659611a40, 0x000001a659611e40]
Event: 9.135 Thread 0x000001a6681026c0 nmethod 8465 0x000001a65952a490 code [0x000001a65952a680, 0x000001a65952aa70]
Event: 9.149 Thread 0x000001a66833d850 8467       1       org.antlr.v4.runtime.misc.FlexibleHashMap::createEntryListArray (7 bytes)
Event: 9.149 Thread 0x000001a66833d850 nmethod 8467 0x000001a6593d9f90 code [0x000001a6593da120, 0x000001a6593da260]
Event: 9.235 Thread 0x000001a66833d850 8468       1       org.antlr.v4.runtime.atn.ParserATNSimulator::computeTargetState (286 bytes)
Event: 9.235 Thread 0x000001a6681026c0 8469   !   1       org.antlr.v4.runtime.atn.ParserATNSimulator::addDFAEdge (207 bytes)
Event: 9.236 Thread 0x000001a66833d850 nmethod 8468 0x000001a65981f690 code [0x000001a65981fa40, 0x000001a659820660]
Event: 9.237 Thread 0x000001a6681026c0 nmethod 8469 0x000001a6594c2390 code [0x000001a6594c26c0, 0x000001a6594c3230]

GC Heap History (20 events):
Event: 5.661 GC heap after
{Heap after GC invocations=12 (full 0):
 garbage-first heap   total 83968K, used 31405K [0x0000000704200000, 0x0000000800000000)
  region size 2048K, 1 young (2048K), 1 survivors (2048K)
 Metaspace       used 55648K, committed 56320K, reserved 1114112K
  class space    used 7726K, committed 8064K, reserved 1048576K
}
Event: 6.576 GC heap before
{Heap before GC invocations=13 (full 0):
 garbage-first heap   total 83968K, used 70317K [0x0000000704200000, 0x0000000800000000)
  region size 2048K, 20 young (40960K), 1 survivors (2048K)
 Metaspace       used 63430K, committed 64128K, reserved 1114112K
  class space    used 8954K, committed 9280K, reserved 1048576K
}
Event: 6.579 GC heap after
{Heap after GC invocations=14 (full 0):
 garbage-first heap   total 83968K, used 32559K [0x0000000704200000, 0x0000000800000000)
  region size 2048K, 2 young (4096K), 2 survivors (4096K)
 Metaspace       used 63430K, committed 64128K, reserved 1114112K
  class space    used 8954K, committed 9280K, reserved 1048576K
}
Event: 7.107 GC heap before
{Heap before GC invocations=14 (full 0):
 garbage-first heap   total 83968K, used 71471K [0x0000000704200000, 0x0000000800000000)
  region size 2048K, 21 young (43008K), 2 survivors (4096K)
 Metaspace       used 67655K, committed 68352K, reserved 1114112K
  class space    used 9544K, committed 9856K, reserved 1048576K
}
Event: 7.112 GC heap after
{Heap after GC invocations=15 (full 0):
 garbage-first heap   total 83968K, used 34957K [0x0000000704200000, 0x0000000800000000)
  region size 2048K, 3 young (6144K), 3 survivors (6144K)
 Metaspace       used 67655K, committed 68352K, reserved 1114112K
  class space    used 9544K, committed 9856K, reserved 1048576K
}
Event: 7.816 GC heap before
{Heap before GC invocations=15 (full 0):
 garbage-first heap   total 83968K, used 69773K [0x0000000704200000, 0x0000000800000000)
  region size 2048K, 20 young (40960K), 3 survivors (6144K)
 Metaspace       used 71634K, committed 72384K, reserved 1114112K
  class space    used 10100K, committed 10432K, reserved 1048576K
}
Event: 7.823 GC heap after
{Heap after GC invocations=16 (full 0):
 garbage-first heap   total 83968K, used 38108K [0x0000000704200000, 0x0000000800000000)
  region size 2048K, 3 young (6144K), 3 survivors (6144K)
 Metaspace       used 71634K, committed 72384K, reserved 1114112K
  class space    used 10100K, committed 10432K, reserved 1048576K
}
Event: 8.340 GC heap before
{Heap before GC invocations=16 (full 0):
 garbage-first heap   total 83968K, used 68828K [0x0000000704200000, 0x0000000800000000)
  region size 2048K, 19 young (38912K), 3 survivors (6144K)
 Metaspace       used 75521K, committed 76288K, reserved 1114112K
  class space    used 10911K, committed 11264K, reserved 1048576K
}
Event: 8.346 GC heap after
{Heap after GC invocations=17 (full 0):
 garbage-first heap   total 83968K, used 39820K [0x0000000704200000, 0x0000000800000000)
  region size 2048K, 3 young (6144K), 3 survivors (6144K)
 Metaspace       used 75521K, committed 76288K, reserved 1114112K
  class space    used 10911K, committed 11264K, reserved 1048576K
}
Event: 8.513 GC heap before
{Heap before GC invocations=18 (full 0):
 garbage-first heap   total 83968K, used 66444K [0x0000000704200000, 0x0000000800000000)
  region size 2048K, 17 young (34816K), 3 survivors (6144K)
 Metaspace       used 75521K, committed 76288K, reserved 1114112K
  class space    used 10911K, committed 11264K, reserved 1048576K
}
Event: 8.517 GC heap after
{Heap after GC invocations=19 (full 0):
 garbage-first heap   total 83968K, used 41002K [0x0000000704200000, 0x0000000800000000)
  region size 2048K, 2 young (4096K), 2 survivors (4096K)
 Metaspace       used 75521K, committed 76288K, reserved 1114112K
  class space    used 10911K, committed 11264K, reserved 1048576K
}
Event: 8.790 GC heap before
{Heap before GC invocations=19 (full 0):
 garbage-first heap   total 83968K, used 71722K [0x0000000704200000, 0x0000000800000000)
  region size 2048K, 17 young (34816K), 2 survivors (4096K)
 Metaspace       used 76605K, committed 77376K, reserved 1179648K
  class space    used 11098K, committed 11456K, reserved 1048576K
}
Event: 8.797 GC heap after
{Heap after GC invocations=20 (full 0):
 garbage-first heap   total 83968K, used 46064K [0x0000000704200000, 0x0000000800000000)
  region size 2048K, 3 young (6144K), 3 survivors (6144K)
 Metaspace       used 76605K, committed 77376K, reserved 1179648K
  class space    used 11098K, committed 11456K, reserved 1048576K
}
Event: 8.872 GC heap before
{Heap before GC invocations=20 (full 0):
 garbage-first heap   total 83968K, used 70640K [0x0000000704200000, 0x0000000800000000)
  region size 2048K, 15 young (30720K), 3 survivors (6144K)
 Metaspace       used 76606K, committed 77376K, reserved 1179648K
  class space    used 11098K, committed 11456K, reserved 1048576K
}
Event: 8.878 GC heap after
{Heap after GC invocations=21 (full 0):
 garbage-first heap   total 83968K, used 51859K [0x0000000704200000, 0x0000000800000000)
  region size 2048K, 2 young (4096K), 2 survivors (4096K)
 Metaspace       used 76606K, committed 77376K, reserved 1179648K
  class space    used 11098K, committed 11456K, reserved 1048576K
}
Event: 8.962 GC heap before
{Heap before GC invocations=22 (full 0):
 garbage-first heap   total 110592K, used 70291K [0x0000000704200000, 0x0000000800000000)
  region size 2048K, 11 young (22528K), 2 survivors (4096K)
 Metaspace       used 76606K, committed 77376K, reserved 1179648K
  class space    used 11098K, committed 11456K, reserved 1048576K
}
Event: 8.969 GC heap after
{Heap after GC invocations=23 (full 0):
 garbage-first heap   total 110592K, used 60275K [0x0000000704200000, 0x0000000800000000)
  region size 2048K, 2 young (4096K), 2 survivors (4096K)
 Metaspace       used 76606K, committed 77376K, reserved 1179648K
  class space    used 11098K, committed 11456K, reserved 1048576K
}
Event: 9.168 GC heap before
{Heap before GC invocations=23 (full 0):
 garbage-first heap   total 110592K, used 86899K [0x0000000704200000, 0x0000000800000000)
  region size 2048K, 15 young (30720K), 2 survivors (4096K)
 Metaspace       used 76733K, committed 77504K, reserved 1179648K
  class space    used 11123K, committed 11456K, reserved 1048576K
}
Event: 9.176 GC heap after
{Heap after GC invocations=24 (full 0):
 garbage-first heap   total 110592K, used 65875K [0x0000000704200000, 0x0000000800000000)
  region size 2048K, 2 young (4096K), 2 survivors (4096K)
 Metaspace       used 76733K, committed 77504K, reserved 1179648K
  class space    used 11123K, committed 11456K, reserved 1048576K
}
Event: 9.270 GC heap before
{Heap before GC invocations=24 (full 0):
 garbage-first heap   total 110592K, used 90451K [0x0000000704200000, 0x0000000800000000)
  region size 2048K, 14 young (28672K), 2 survivors (4096K)
 Metaspace       used 76747K, committed 77504K, reserved 1179648K
  class space    used 11124K, committed 11456K, reserved 1048576K
}

Dll operation events (12 events):
Event: 0.011 Loaded shared library D:\Java\jdk21\bin\java.dll
Event: 0.259 Loaded shared library D:\Java\jdk21\bin\zip.dll
Event: 0.262 Loaded shared library D:\java\jdk21\bin\instrument.dll
Event: 0.267 Loaded shared library D:\java\jdk21\bin\net.dll
Event: 0.268 Loaded shared library D:\java\jdk21\bin\nio.dll
Event: 0.271 Loaded shared library D:\java\jdk21\bin\zip.dll
Event: 0.322 Loaded shared library D:\java\jdk21\bin\jimage.dll
Event: 0.429 Loaded shared library D:\java\jdk21\bin\extnet.dll
Event: 0.442 Loaded shared library D:\java\jdk21\bin\management.dll
Event: 0.452 Loaded shared library D:\java\jdk21\bin\management_ext.dll
Event: 2.319 Loaded shared library D:\java\jdk21\bin\sunmscapi.dll
Event: 3.622 Loaded shared library D:\Java\jdk21\bin\verify.dll

Deoptimization events (0 events):
No events

Classes loaded (20 events):
Event: 7.418 Loading class java/util/stream/ReduceOps$CountingSink$OfRef
Event: 7.418 Loading class java/util/stream/ReduceOps$CountingSink
Event: 7.418 Loading class java/util/stream/ReduceOps$CountingSink done
Event: 7.418 Loading class java/util/stream/ReduceOps$CountingSink$OfRef done
Event: 7.451 Loading class java/lang/Character$UnicodeBlock
Event: 7.453 Loading class java/lang/Character$Subset
Event: 7.453 Loading class java/lang/Character$Subset done
Event: 7.454 Loading class java/lang/Character$UnicodeBlock done
Event: 7.517 Loading class java/util/regex/Pattern$Bound
Event: 7.517 Loading class java/util/regex/Pattern$Bound done
Event: 7.519 Loading class java/util/regex/Pattern$Behind
Event: 7.519 Loading class java/util/regex/Pattern$Behind done
Event: 7.619 Loading class sun/nio/cs/ISO_8859_1$Decoder
Event: 7.619 Loading class sun/nio/cs/ISO_8859_1$Decoder done
Event: 7.663 Loading class java/lang/UnknownError
Event: 7.663 Loading class java/lang/UnknownError done
Event: 7.878 Loading class java/util/EmptyStackException
Event: 7.878 Loading class java/util/EmptyStackException done
Event: 7.983 Loading class java/io/InvalidClassException
Event: 7.983 Loading class java/io/InvalidClassException done

Classes unloaded (0 events):
No events

Classes redefined (0 events):
No events

Internal exceptions (20 events):
Event: 6.855 Thread 0x000001a650bdccb0 Exception <a 'java/lang/NoSuchMethodError'{0x0000000707d86c68}: 'int java.lang.invoke.DirectMethodHandle$Holder.invokeStatic(java.lang.Object, int, java.lang.Object)'> (0x0000000707d86c68) 
thrown [s\open\src\hotspot\share\interpreter\linkResolver.cpp, line 773]
Event: 6.856 Thread 0x000001a650bdccb0 Exception <a 'java/lang/NoSuchMethodError'{0x0000000707da6ca0}: 'java.lang.Object java.lang.invoke.DirectMethodHandle$Holder.newInvokeSpecial(java.lang.Object, java.lang.Object, java.lang.Object, java.lang.Object, java.lang.Object, int, java.lang.Object)'> (0x0000000707da6ca0) 
thrown [s\open\src\hotspot\share\interpreter\linkResolver.cpp, line 773]
Event: 6.861 Thread 0x000001a650bdccb0 Exception <a 'java/lang/NoSuchMethodError'{0x0000000707ddbf78}: 'java.lang.Object java.lang.invoke.DirectMethodHandle$Holder.newInvokeSpecial(java.lang.Object, java.lang.Object, java.lang.Object, java.lang.Object, java.lang.Object, java.lang.Object, java.lang.Object, java.lang.Object, java.lang.Object, java.lang.Object, java.lang.Object, java.lang.Object)'> (0x0000000707ddbf78) 
thrown [s\open\src\hotspot\share\interpreter\linkResolver.cpp, line 773]
Event: 6.861 Thread 0x000001a650bdccb0 Exception <a 'java/lang/NoSuchMethodError'{0x0000000707de0820}: 'java.lang.Object java.lang.invoke.DirectMethodHandle$Holder.invokeSpecial(java.lang.Object, java.lang.Object, java.lang.Object, java.lang.Object, java.lang.Object, java.lang.Object, java.lang.Object, java.lang.Object, java.lang.Object, java.lang.Object, java.lang.Object, java.lang.Object, java.lang.Object)'> (0x0000000707de0820) 
thrown [s\open\src\hotspot\share\interpreter\linkResolver.cpp, line 773]
Event: 6.861 Thread 0x000001a650bdccb0 Exception <a 'java/lang/NoSuchMethodError'{0x0000000707de4d08}: 'java.lang.Object java.lang.invoke.Invokers$Holder.linkToTargetMethod(java.lang.Object, java.lang.Object, java.lang.Object, java.lang.Object, java.lang.Object, java.lang.Object, java.lang.Object, java.lang.Object, java.lang.Object, java.lang.Object, java.lang.Object, java.lang.Object)'> (0x0000000707de4d08) 
thrown [s\open\src\hotspot\share\interpreter\linkResolver.cpp, line 773]
Event: 6.900 Thread 0x000001a650bdccb0 Exception <a 'java/lang/IncompatibleClassChangeError'{0x0000000707bcd3f8}: Found class java.lang.Object, but interface was expected> (0x0000000707bcd3f8) 
thrown [s\open\src\hotspot\share\interpreter\linkResolver.cpp, line 840]
Event: 6.913 Thread 0x000001a650bdccb0 Exception <a 'java/lang/NoSuchMethodError'{0x00000007078730b8}: 'java.lang.Object java.lang.invoke.DirectMethodHandle$Holder.newInvokeSpecial(java.lang.Object, java.lang.Object, int, java.lang.Object, int, java.lang.Object, java.lang.Object)'> (0x00000007078730b8) 
thrown [s\open\src\hotspot\share\interpreter\linkResolver.cpp, line 773]
Event: 6.925 Thread 0x000001a650bdccb0 Exception <a 'java/lang/NoSuchMethodError'{0x000000070790adb8}: 'java.lang.Object java.lang.invoke.DirectMethodHandle$Holder.newInvokeSpecial(java.lang.Object, java.lang.Object, java.lang.Object, java.lang.Object, java.lang.Object, java.lang.Object, java.lang.Object, int)'> (0x000000070790adb8) 
thrown [s\open\src\hotspot\share\interpreter\linkResolver.cpp, line 773]
Event: 6.925 Thread 0x000001a650bdccb0 Exception <a 'java/lang/NoSuchMethodError'{0x000000070790f328}: 'java.lang.Object java.lang.invoke.DirectMethodHandle$Holder.invokeSpecial(java.lang.Object, java.lang.Object, java.lang.Object, java.lang.Object, java.lang.Object, java.lang.Object, java.lang.Object, java.lang.Object, int)'> (0x000000070790f328) 
thrown [s\open\src\hotspot\share\interpreter\linkResolver.cpp, line 773]
Event: 6.925 Thread 0x000001a650bdccb0 Exception <a 'java/lang/NoSuchMethodError'{0x0000000707913350}: 'java.lang.Object java.lang.invoke.Invokers$Holder.linkToTargetMethod(java.lang.Object, java.lang.Object, java.lang.Object, java.lang.Object, java.lang.Object, java.lang.Object, int, java.lang.Object)'> (0x0000000707913350) 
thrown [s\open\src\hotspot\share\interpreter\linkResolver.cpp, line 773]
Event: 7.125 Thread 0x000001a650bdccb0 Exception <a 'java/lang/IncompatibleClassChangeError'{0x0000000713d67fd8}: Found class java.lang.Object, but interface was expected> (0x0000000713d67fd8) 
thrown [s\open\src\hotspot\share\interpreter\linkResolver.cpp, line 840]
Event: 7.153 Thread 0x000001a650bdccb0 Exception <a 'java/lang/IncompatibleClassChangeError'{0x000000071119b3f0}: Found class java.lang.Object, but interface was expected> (0x000000071119b3f0) 
thrown [s\open\src\hotspot\share\interpreter\linkResolver.cpp, line 840]
Event: 7.392 Thread 0x000001a650bdccb0 Exception <a 'java/lang/IncompatibleClassChangeError'{0x000000070853d910}: Found class java.lang.Object, but interface was expected> (0x000000070853d910) 
thrown [s\open\src\hotspot\share\interpreter\linkResolver.cpp, line 840]
Event: 7.476 Thread 0x000001a650bdccb0 Exception <a 'java/lang/IncompatibleClassChangeError'{0x000000070804a998}: Found class java.lang.Object, but interface was expected> (0x000000070804a998) 
thrown [s\open\src\hotspot\share\interpreter\linkResolver.cpp, line 840]
Event: 7.477 Thread 0x000001a650bdccb0 Exception <a 'java/lang/IncompatibleClassChangeError'{0x000000070804feb0}: Found class java.lang.Object, but interface was expected> (0x000000070804feb0) 
thrown [s\open\src\hotspot\share\interpreter\linkResolver.cpp, line 840]
Event: 7.540 Thread 0x000001a650bdccb0 Exception <a 'java/lang/NoSuchMethodError'{0x0000000707e14f18}: 'java.lang.Object java.lang.invoke.DirectMethodHandle$Holder.invokeStatic(java.lang.Object, int, java.lang.Object)'> (0x0000000707e14f18) 
thrown [s\open\src\hotspot\share\interpreter\linkResolver.cpp, line 773]
Event: 7.615 Thread 0x000001a650bdccb0 Exception <a 'java/io/FileNotFoundException'{0x0000000707cffe88}> (0x0000000707cffe88) 
thrown [s\open\src\hotspot\share\prims\jni.cpp, line 520]
Event: 7.616 Thread 0x000001a650bdccb0 Exception <a 'java/io/FileNotFoundException'{0x0000000707d09e60}> (0x0000000707d09e60) 
thrown [s\open\src\hotspot\share\prims\jni.cpp, line 520]
Event: 7.681 Thread 0x000001a650bdccb0 Exception <a 'java/lang/NoSuchMethodError'{0x00000007078d8988}: 'java.lang.Object java.lang.invoke.DirectMethodHandle$Holder.newInvokeSpecial(java.lang.Object, java.lang.Object, java.lang.Object, java.lang.Object, java.lang.Object, java.lang.Object, java.lang.Object, java.lang.Object)'> (0x00000007078d8988) 
thrown [s\open\src\hotspot\share\interpreter\linkResolver.cpp, line 773]
Event: 7.744 Thread 0x000001a650bdccb0 Exception <a 'java/lang/NoSuchMethodError'{0x000000070744d2f0}: 'void java.lang.invoke.Invokers$Holder.invokeExact_MT(java.lang.Object, java.lang.Object, int, java.lang.Object)'> (0x000000070744d2f0) 
thrown [s\open\src\hotspot\share\interpreter\linkResolver.cpp, line 773]

ZGC Phase Switch (0 events):
No events

VM Operations (20 events):
Event: 8.393 Executing VM operation: G1PauseRemark done
Event: 8.407 Executing VM operation: G1PauseCleanup
Event: 8.407 Executing VM operation: G1PauseCleanup done
Event: 8.513 Executing VM operation: G1CollectForAllocation (G1 Evacuation Pause)
Event: 8.517 Executing VM operation: G1CollectForAllocation (G1 Evacuation Pause) done
Event: 8.552 Executing VM operation: HandshakeAllThreads (Deoptimize)
Event: 8.552 Executing VM operation: HandshakeAllThreads (Deoptimize) done
Event: 8.790 Executing VM operation: G1CollectForAllocation (G1 Evacuation Pause)
Event: 8.797 Executing VM operation: G1CollectForAllocation (G1 Evacuation Pause) done
Event: 8.872 Executing VM operation: G1CollectForAllocation (G1 Evacuation Pause)
Event: 8.878 Executing VM operation: G1CollectForAllocation (G1 Evacuation Pause) done
Event: 8.924 Executing VM operation: G1PauseRemark
Event: 8.929 Executing VM operation: G1PauseRemark done
Event: 8.947 Executing VM operation: G1PauseCleanup
Event: 8.947 Executing VM operation: G1PauseCleanup done
Event: 8.962 Executing VM operation: G1CollectForAllocation (G1 Evacuation Pause)
Event: 8.969 Executing VM operation: G1CollectForAllocation (G1 Evacuation Pause) done
Event: 9.168 Executing VM operation: G1CollectForAllocation (G1 Evacuation Pause)
Event: 9.176 Executing VM operation: G1CollectForAllocation (G1 Evacuation Pause) done
Event: 9.270 Executing VM operation: G1CollectForAllocation (G1 Evacuation Pause)

Events (20 events):
Event: 8.928 Thread 0x000001a663aec110 flushing nmethod 0x000001a6599ac310
Event: 8.928 Thread 0x000001a663aec110 flushing nmethod 0x000001a6599ac890
Event: 8.928 Thread 0x000001a663aec110 flushing nmethod 0x000001a6599acb90
Event: 8.928 Thread 0x000001a663aec110 flushing nmethod 0x000001a6599af610
Event: 8.928 Thread 0x000001a663aec110 flushing nmethod 0x000001a6599b1010
Event: 8.928 Thread 0x000001a663aec110 flushing nmethod 0x000001a6599d5d90
Event: 8.928 Thread 0x000001a663aec110 flushing nmethod 0x000001a6599d6090
Event: 8.928 Thread 0x000001a663aec110 flushing nmethod 0x000001a6599d8710
Event: 8.928 Thread 0x000001a663aec110 flushing nmethod 0x000001a6599d8c10
Event: 8.928 Thread 0x000001a663aec110 flushing nmethod 0x000001a659a10b90
Event: 8.928 Thread 0x000001a663aec110 flushing nmethod 0x000001a659a22510
Event: 8.928 Thread 0x000001a663aec110 flushing nmethod 0x000001a659a22990
Event: 8.928 Thread 0x000001a663aec110 flushing nmethod 0x000001a659a22f10
Event: 8.928 Thread 0x000001a663aec110 flushing nmethod 0x000001a659a23610
Event: 8.928 Thread 0x000001a663aec110 flushing nmethod 0x000001a659a23b90
Event: 8.928 Thread 0x000001a663aec110 flushing nmethod 0x000001a659a26290
Event: 8.928 Thread 0x000001a663aec110 flushing nmethod 0x000001a659d07090
Event: 8.928 Thread 0x000001a663aec110 flushing nmethod 0x000001a659ed6810
Event: 8.928 Thread 0x000001a663aec110 flushing nmethod 0x000001a659ed7a90
Event: 8.928 Thread 0x000001a663aec110 flushing nmethod 0x000001a659fb3b90


Dynamic libraries:
0x00007ff7b70a0000 - 0x00007ff7b70b0000 	D:\Java\jdk21\bin\java.exe
0x00007ffc20d50000 - 0x00007ffc20f48000 	C:\WINDOWS\SYSTEM32\ntdll.dll
0x00007ffc20bb0000 - 0x00007ffc20c72000 	C:\WINDOWS\System32\KERNEL32.DLL
0x00007ffc1e410000 - 0x00007ffc1e706000 	C:\WINDOWS\System32\KERNELBASE.dll
0x00007ffc1e810000 - 0x00007ffc1e910000 	C:\WINDOWS\System32\ucrtbase.dll
0x00007ffc15820000 - 0x00007ffc15839000 	D:\Java\jdk21\bin\jli.dll
0x00007ffc1f320000 - 0x00007ffc1f3cf000 	C:\WINDOWS\System32\ADVAPI32.dll
0x00007ffc1fec0000 - 0x00007ffc1ff5e000 	C:\WINDOWS\System32\msvcrt.dll
0x00007ffc201b0000 - 0x00007ffc2024f000 	C:\WINDOWS\System32\sechost.dll
0x00007ffc1ffe0000 - 0x00007ffc20103000 	C:\WINDOWS\System32\RPCRT4.dll
0x00007ffc1ed40000 - 0x00007ffc1ed67000 	C:\WINDOWS\System32\bcrypt.dll
0x00007ffc14f80000 - 0x00007ffc14f9b000 	D:\Java\jdk21\bin\VCRUNTIME140.dll
0x00007ffc20a10000 - 0x00007ffc20bad000 	C:\WINDOWS\System32\USER32.dll
0x00007ffc1e3e0000 - 0x00007ffc1e402000 	C:\WINDOWS\System32\win32u.dll
0x00007ffc20c80000 - 0x00007ffc20cab000 	C:\WINDOWS\System32\GDI32.dll
0x00007ffc1ec20000 - 0x00007ffc1ed3a000 	C:\WINDOWS\System32\gdi32full.dll
0x00007ffc1e9a0000 - 0x00007ffc1ea3d000 	C:\WINDOWS\System32\msvcp_win.dll
0x00007ffc0bf20000 - 0x00007ffc0c1ba000 	C:\WINDOWS\WinSxS\amd64_microsoft.windows.common-controls_6595b64144ccf1df_6.0.19041.4355_none_60b8b9eb71f62e16\COMCTL32.dll
0x00007ffc17ca0000 - 0x00007ffc17caa000 	C:\WINDOWS\SYSTEM32\VERSION.dll
0x00007ffc203a0000 - 0x00007ffc203cf000 	C:\WINDOWS\System32\IMM32.DLL
0x00007ffc158c0000 - 0x00007ffc158cc000 	D:\Java\jdk21\bin\vcruntime140_1.dll
0x00007ffbf88e0000 - 0x00007ffbf896e000 	D:\Java\jdk21\bin\msvcp140.dll
0x00007ffba27a0000 - 0x00007ffba34ba000 	D:\Java\jdk21\bin\server\jvm.dll
0x00007ffc1ff70000 - 0x00007ffc1ffdb000 	C:\WINDOWS\System32\WS2_32.dll
0x00007ffc1d840000 - 0x00007ffc1d88b000 	C:\WINDOWS\SYSTEM32\POWRPROF.dll
0x00007ffc12880000 - 0x00007ffc128a7000 	C:\WINDOWS\SYSTEM32\WINMM.dll
0x00007ffc1d7e0000 - 0x00007ffc1d7f2000 	C:\WINDOWS\SYSTEM32\UMPDC.dll
0x00007ffc1cc00000 - 0x00007ffc1cc12000 	C:\WINDOWS\SYSTEM32\kernel.appcore.dll
0x00007ffc0cad0000 - 0x00007ffc0cada000 	D:\Java\jdk21\bin\jimage.dll
0x00007ffc1bf80000 - 0x00007ffc1c164000 	C:\WINDOWS\SYSTEM32\DBGHELP.DLL
0x00007ffbf1980000 - 0x00007ffbf19b4000 	C:\WINDOWS\SYSTEM32\dbgcore.DLL
0x00007ffc1e910000 - 0x00007ffc1e992000 	C:\WINDOWS\System32\bcryptPrimitives.dll
0x00007ffc0ca90000 - 0x00007ffc0ca9f000 	D:\Java\jdk21\bin\instrument.dll
0x00007ffbf8720000 - 0x00007ffbf873f000 	D:\Java\jdk21\bin\java.dll
0x00007ffc1f500000 - 0x00007ffc1fc6f000 	C:\WINDOWS\System32\SHELL32.dll
0x00007ffc1c440000 - 0x00007ffc1cbe3000 	C:\WINDOWS\SYSTEM32\windows.storage.dll
0x00007ffc1ed70000 - 0x00007ffc1f0c5000 	C:\WINDOWS\System32\combase.dll
0x00007ffc1de10000 - 0x00007ffc1de3b000 	C:\WINDOWS\SYSTEM32\Wldp.dll
0x00007ffc1f1f0000 - 0x00007ffc1f2bd000 	C:\WINDOWS\System32\OLEAUT32.dll
0x00007ffc202f0000 - 0x00007ffc2039d000 	C:\WINDOWS\System32\SHCORE.dll
0x00007ffc1fc70000 - 0x00007ffc1fcc5000 	C:\WINDOWS\System32\shlwapi.dll
0x00007ffc1e310000 - 0x00007ffc1e335000 	C:\WINDOWS\SYSTEM32\profapi.dll
0x00007ffbf8600000 - 0x00007ffbf8618000 	D:\Java\jdk21\bin\zip.dll
0x00007ffbf8ce0000 - 0x00007ffbf8cf0000 	D:\java\jdk21\bin\net.dll
0x00007ffc1b3d0000 - 0x00007ffc1b4da000 	C:\WINDOWS\SYSTEM32\WINHTTP.dll
0x00007ffc1db70000 - 0x00007ffc1dbdc000 	C:\WINDOWS\system32\mswsock.dll
0x00007ffbf86b0000 - 0x00007ffbf86c6000 	D:\java\jdk21\bin\nio.dll
0x00007ffbf8a00000 - 0x00007ffbf8a09000 	D:\java\jdk21\bin\extnet.dll
0x00007ffc1d890000 - 0x00007ffc1d95a000 	C:\WINDOWS\SYSTEM32\DNSAPI.dll
0x00007ffc1d800000 - 0x00007ffc1d83b000 	C:\WINDOWS\SYSTEM32\IPHLPAPI.DLL
0x00007ffc203d0000 - 0x00007ffc203d8000 	C:\WINDOWS\System32\NSI.dll
0x00007ffc181f0000 - 0x00007ffc181fa000 	C:\Windows\System32\rasadhlp.dll
0x00007ffc16ce0000 - 0x00007ffc16d60000 	C:\WINDOWS\System32\fwpuclnt.dll
0x00007ffbf88d0000 - 0x00007ffbf88da000 	D:\java\jdk21\bin\management.dll
0x00007ffbf8890000 - 0x00007ffbf889b000 	D:\java\jdk21\bin\management_ext.dll
0x00007ffc201a0000 - 0x00007ffc201a8000 	C:\WINDOWS\System32\PSAPI.DLL
0x00007ffc1dd60000 - 0x00007ffc1dd78000 	C:\WINDOWS\SYSTEM32\CRYPTSP.dll
0x00007ffc1d420000 - 0x00007ffc1d458000 	C:\WINDOWS\system32\rsaenh.dll
0x00007ffc1e2d0000 - 0x00007ffc1e2fe000 	C:\WINDOWS\SYSTEM32\USERENV.dll
0x00007ffc1dd80000 - 0x00007ffc1dd8c000 	C:\WINDOWS\SYSTEM32\CRYPTBASE.dll
0x00007ffbd81e0000 - 0x00007ffbd81f7000 	C:\WINDOWS\system32\napinsp.dll
0x00007ffbab060000 - 0x00007ffbab07b000 	C:\WINDOWS\system32\pnrpnsp.dll
0x00007ffbe8310000 - 0x00007ffbe8325000 	C:\WINDOWS\system32\wshbth.dll
0x00007ffc1b3b0000 - 0x00007ffc1b3cd000 	C:\WINDOWS\system32\NLAapi.dll
0x00007ffbab040000 - 0x00007ffbab052000 	C:\WINDOWS\System32\winrnr.dll
0x00007ffbf7eb0000 - 0x00007ffbf7f01000 	C:\WINDOWS\SYSTEM32\pdh.dll
0x00007ffc17d30000 - 0x00007ffc17d3f000 	C:\WINDOWS\System32\perfproc.dll
0x00007ffbf3300000 - 0x00007ffbf330f000 	C:\WINDOWS\System32\perfos.dll
0x00007ffbf85f0000 - 0x00007ffbf85fe000 	D:\java\jdk21\bin\sunmscapi.dll
0x00007ffc1ea40000 - 0x00007ffc1eb9d000 	C:\WINDOWS\System32\CRYPT32.dll
0x00007ffc1de80000 - 0x00007ffc1dea7000 	C:\WINDOWS\SYSTEM32\ncrypt.dll
0x00007ffc1de40000 - 0x00007ffc1de7b000 	C:\WINDOWS\SYSTEM32\NTASN1.dll
0x00007ffbf21a0000 - 0x00007ffbf21b0000 	D:\Java\jdk21\bin\verify.dll

dbghelp: loaded successfully - version: 4.0.5 - missing functions: none
symbol engine: initialized successfully - sym options: 0x614 - pdb path: .;D:\Java\jdk21\bin;C:\WINDOWS\SYSTEM32;C:\WINDOWS\WinSxS\amd64_microsoft.windows.common-controls_6595b64144ccf1df_6.0.19041.4355_none_60b8b9eb71f62e16;D:\Java\jdk21\bin\server

VM Arguments:
jvm_args: -XX:TieredStopAtLevel=1 -Dspring.output.ansi.enabled=always -Dcom.sun.management.jmxremote -Dspring.jmx.enabled=true -Dspring.liveBeansView.mbeanDomain -Dspring.application.admin.enabled=true -Dmanagement.endpoints.jmx.exposure.include=* -javaagent:D:\JetBrains\IntelliJ IDEA 2024.3.4.1\lib\idea_rt.jar=58840 -Dfile.encoding=UTF-8 -Dsun.stdout.encoding=UTF-8 -Dsun.stderr.encoding=UTF-8 
java_command: com.project.stationery_be_server.StationeryBeServerApplication
java_class_path (initial): D:\Project-Study\stationery-be-server\target\classes;C:\Users\dell\.m2\repository\org\springframework\boot\spring-boot-starter-security\3.4.3\spring-boot-starter-security-3.4.3.jar;C:\Users\dell\.m2\repository\org\springframework\boot\spring-boot-starter\3.4.3\spring-boot-starter-3.4.3.jar;C:\Users\dell\.m2\repository\org\springframework\boot\spring-boot\3.4.3\spring-boot-3.4.3.jar;C:\Users\dell\.m2\repository\org\springframework\boot\spring-boot-autoconfigure\3.4.3\spring-boot-autoconfigure-3.4.3.jar;C:\Users\dell\.m2\repository\org\springframework\boot\spring-boot-starter-logging\3.4.3\spring-boot-starter-logging-3.4.3.jar;C:\Users\dell\.m2\repository\ch\qos\logback\logback-classic\1.5.16\logback-classic-1.5.16.jar;C:\Users\dell\.m2\repository\ch\qos\logback\logback-core\1.5.16\logback-core-1.5.16.jar;C:\Users\dell\.m2\repository\org\apache\logging\log4j\log4j-to-slf4j\2.24.3\log4j-to-slf4j-2.24.3.jar;C:\Users\dell\.m2\repository\org\apache\logging\log4j\log4j-api\2.24.3\log4j-api-2.24.3.jar;C:\Users\dell\.m2\repository\org\slf4j\jul-to-slf4j\2.0.16\jul-to-slf4j-2.0.16.jar;C:\Users\dell\.m2\repository\jakarta\annotation\jakarta.annotation-api\2.1.1\jakarta.annotation-api-2.1.1.jar;C:\Users\dell\.m2\repository\org\yaml\snakeyaml\2.3\snakeyaml-2.3.jar;C:\Users\dell\.m2\repository\org\springframework\spring-aop\6.2.3\spring-aop-6.2.3.jar;C:\Users\dell\.m2\repository\org\springframework\spring-beans\6.2.3\spring-beans-6.2.3.jar;C:\Users\dell\.m2\repository\org\springframework\security\spring-security-config\6.4.3\spring-security-config-6.4.3.jar;C:\Users\dell\.m2\repository\org\springframework\spring-context\6.2.3\spring-context-6.2.3.jar;C:\Users\dell\.m2\repository\org\springframework\security\spring-security-web\6.4.3\spring-security-web-6.4.3.jar;C:\Users\dell\.m2\repository\org\springframework\spring-expression\6.2.3\spring-expression-6.2.3.jar;C:\Users\dell\.m2\repository\org\springframework\boot\spring-boot-starter-web\3.4.3\spring-boot-starter-web-3.4.3.jar;C:\Users\dell\.m2\repository\org\springframework\boot\spring-boot-starter-json\3.4.3\spring-boot-starter-json-3.4.3.jar;C:\Users\dell\.m2\repository\com\fasterxml\jackson\core\jackson-databind\2.18.2\jackson-databind-2.18.2.jar;C:\Users\dell\.m2\repository\com\fasterxml\jackson\core\jackson-annotations\2.18.2\jackson-annotations-2.18.2.jar;C:\Users\dell\.m2\repository\com\fasterxml\jackson\datatype\jackson-datatype-jdk8\2.18.2\jackson-datatype-jdk8-2.18.2.jar;C:\Users\dell\.m2\repository\com\fasterxml\jackson\datatype\jackson-datatype-jsr310\2.18.2\jackson-datatype-jsr310-2.18.2.jar;C:\Users\dell\.m2\repository\com\fasterxml\jackson\module\jackson-module-parameter-names\2.18.2\jackson-module-parameter-names-2.18.2.jar;C:\Users\dell\.m2\repository\org\springframework\boot\spring-boot-starter-tomcat\3.4.3\spring-boot-starter-tomcat-3.4.3.jar;C:\Users\dell\.m2\repository\org\apache\tomcat\embed\tomcat-embed-core\10.1.36\tomcat-embed-core-10.1.36.jar;C:\Users\dell\.m2\repository\org\apache\tomcat\embed\tomcat-embed-websocket\10.1.36\tomcat-embed-websocket-10.1.36.jar;C:\Users\dell\.m2\repository\org\springframework\spring-web\6.2.3\spring-web-6.2.3.jar;C:\Users\dell\.m2\repository\io\micrometer\micrometer-observation\1.14.4\micrometer-observation-1.14.4.jar;C:\Users\dell\.m2\repository\io\micrometer\micrometer-commons\1.14.4\micrometer-commons-1.14.4.jar;C:\Users\dell\.m2\repository\org\springframework\spring-webmvc\6.2.3\spring-webmvc-6.2.3.jar;C:\Users\dell\.m2\repository\org\springframework\boot\spring-boot-starter-validation\3.4.3\spring-boot-starter-validation-3.4.3.jar;C:\Users\dell\.m2\repository\org\apache\tomcat\embed\tomcat-embed-el\10.1.36\tomcat-embed-el-10.1.36.jar;C:\Users\dell\.m2\repository\org\hibernate\validator\hibernate-validator\8.0.2.Final\hibernate-validator-8.0.2.Final.jar;C:\Users\dell\.m2\repository\jakarta\validation\jakarta.validation-api\3.0.2\jakarta.validation-api-3.0.2.jar;C:\Users\dell\.m2\repository\org\jboss\logging\jboss-logging\3.6.1.Final\jboss-logging-3.6.1.Final.jar;C:\Users\dell\.m2\repository\com\fasterxml\classmate\1.7.0\classmate-1.7.0.jar;C:\Users\dell\.m2\repository\org\springframework\boot\spring-boot-starter-data-jpa\3.4.3\spring-boot-starter-data-jpa-3.4.3.jar;C:\Users\dell\.m2\repository\org\springframework\boot\spring-boot-starter-jdbc\3.4.3\spring-boot-starter-jdbc-3.4.3.jar;C:\Users\dell\.m2\repository\com\zaxxer\HikariCP\5.1.0\HikariCP-5.1.0.jar;C:\Users\dell\.m2\repository\org\springframework\spring-jdbc\6.2.3\spring-jdbc-6.2.3.jar;C:\Users\dell\.m2\repository\org\hibernate\orm\hibernate-core\6.6.8.Final\hibernate-core-6.6.8.Final.jar;C:\Users\dell\.m2\repository\jakarta\persistence\jakarta.persistence-api\3.1.0\jakarta.persistence-api-3.1.0.jar;C:\Users\dell\.m2\repository\jakarta\transaction\jakarta.transaction-api\2.0.1\jakarta.transaction-api-2.0.1.jar;C:\Users\dell\.m2\repository\org\hibernate\common\hibernate-commons-annotations\7.0.3.Final\hibernate-commons-annotations-7.0.3.Final.jar;C:\Users\dell\.m2\repository\io\smallrye\jandex\3.2.0\jandex-3.2.0.jar;C:\Users\dell\.m2\repository\net\bytebuddy\byte-buddy\1.15.11\byte-buddy-1.15.11.jar;C:\Users\dell\.m2\repository\org\glassfish\jaxb\jaxb-runtime\4.0.5\jaxb-runtime-4.0.5.jar;C:\Users\dell\.m2\repository\org\glassfish\jaxb\jaxb-core\4.0.5\jaxb-core-4.0.5.jar;C:\Users\dell\.m2\repository\org\glassfish\jaxb\txw2\4.0.5\txw2-4.0.5.jar;C:\Users\dell\.m2\repository\com\sun\istack\istack-commons-runtime\4.1.2\istack-commons-runtime-4.1.2.jar;C:\Users\dell\.m2\repository\jakarta\inject\jakarta.inject-api\2.0.1\jakarta.inject-api-2.0.1.jar;C:\Users\dell\.m2\repository\org\antlr\antlr4-runtime\4.13.0\antlr4-runtime-4.13.0.jar;C:\Users\dell\.m2\repository\org\springframework\data\spring-data-jpa\3.4.3\spring-data-jpa-3.4.3.jar;C:\Users\dell\.m2\repository\org\springframework\data\spring-data-commons\3.4.3\spring-data-commons-3.4.3.jar;C:\Users\dell\.m2\repository\org\springframework\spring-orm\6.2.3\spring-orm-6.2.3.jar;C:\Users\dell\.m2\repository\org\springframework\spring-tx\6.2.3\spring-tx-6.2.3.jar;C:\Users\dell\.m2\repository\org\slf4j\slf4j-api\2.0.16\slf4j-api-2.0.16.jar;C:\Users\dell\.m2\repository\org\springframework\spring-aspects\6.2.3\spring-aspects-6.2.3.jar;C:\Users\dell\.m2\repository\org\aspectj\aspectjweaver\1.9.22.1\aspectjweaver-1.9.22.1.jar;C:\Users\dell\.m2\repository\com\mysql\mysql-connector-j\9.1.0\mysql-connector-j-9.1.0.jar;C:\Users\dell\.m2\repository\org\projectlombok\lombok\1.18.36\lombok-1.18.36.jar;C:\Users\dell\.m2\repository\com\jayway\jsonpath\json-path\2.9.0\json-path-2.9.0.jar;C:\Users\dell\.m2\repository\jakarta\xml\bind\jakarta.xml.bind-api\4.0.2\jakarta.xml.bind-api-4.0.2.jar;C:\Users\dell\.m2\repository\jakarta\activation\jakarta.activation-api\2.1.3\jakarta.activation-api-2.1.3.jar;C:\Users\dell\.m2\repository\net\minidev\json-smart\2.5.2\json-smart-2.5.2.jar;C:\Users\dell\.m2\repository\net\minidev\accessors-smart\2.5.2\accessors-smart-2.5.2.jar;C:\Users\dell\.m2\repository\org\ow2\asm\asm\9.7.1\asm-9.7.1.jar;C:\Users\dell\.m2\repository\org\springframework\spring-core\6.2.3\spring-core-6.2.3.jar;C:\Users\dell\.m2\repository\org\springframework\spring-jcl\6.2.3\spring-jcl-6.2.3.jar;C:\Users\dell\.m2\repository\org\springframework\security\spring-security-core\6.4.3\spring-security-core-6.4.3.jar;C:\Users\dell\.m2\repository\org\springframework\security\spring-security-crypto\6.4.3\spring-security-crypto-6.4.3.jar;C:\Users\dell\.m2\repository\org\springframework\security\spring-security-oauth2-client\6.4.3\spring-security-oauth2-client-6.4.3.jar;C:\Users\dell\.m2\repository\org\springframework\security\spring-security-oauth2-core\6.4.3\spring-security-oauth2-core-6.4.3.jar;C:\Users\dell\.m2\repository\com\nimbusds\oauth2-oidc-sdk\9.43.6\oauth2-oidc-sdk-9.43.6.jar;C:\Users\dell\.m2\repository\com\github\stephenc\jcip\jcip-annotations\1.0-1\jcip-annotations-1.0-1.jar;C:\Users\dell\.m2\repository\com\nimbusds\content-type\2.2\content-type-2.2.jar;C:\Users\dell\.m2\repository\com\nimbusds\lang-tag\1.7\lang-tag-1.7.jar;C:\Users\dell\.m2\repository\com\nimbusds\nimbus-jose-jwt\9.37.3\nimbus-jose-jwt-9.37.3.jar;C:\Users\dell\.m2\repository\com\google\api-client\google-api-client\2.2.0\google-api-client-2.2.0.jar;C:\Users\dell\.m2\repository\commons-codec\commons-codec\1.17.2\commons-codec-1.17.2.jar;C:\Users\dell\.m2\repository\com\google\oauth-client\google-oauth-client\1.34.1\google-oauth-client-1.34.1.jar;C:\Users\dell\.m2\repository\com\google\http-client\google-http-client-gson\1.42.3\google-http-client-gson-1.42.3.jar;C:\Users\dell\.m2\repository\com\google\code\gson\gson\2.11.0\gson-2.11.0.jar;C:\Users\dell\.m2\repository\com\google\guava\guava\31.1-jre\guava-31.1-jre.jar;C:\Users\dell\.m2\repository\com\google\guava\failureaccess\1.0.1\failureaccess-1.0.1.jar;C:\Users\dell\.m2\repository\com\google\guava\listenablefuture\9999.0-empty-to-avoid-conflict-with-guava\listenablefuture-9999.0-empty-to-avoid-conflict-with-guava.jar;C:\Users\dell\.m2\repository\com\google\code\findbugs\jsr305\3.0.2\jsr305-3.0.2.jar;C:\Users\dell\.m2\repository\org\checkerframework\checker-qual\3.12.0\checker-qual-3.12.0.jar;C:\Users\dell\.m2\repository\com\google\errorprone\error_prone_annotations\2.11.0\error_prone_annotations-2.11.0.jar;C:\Users\dell\.m2\repository\com\google\j2objc\j2objc-annotations\1.3\j2objc-annotations-1.3.jar;C:\Users\dell\.m2\repository\com\google\http-client\google-http-client-apache-v2\1.42.3\google-http-client-apache-v2-1.42.3.jar;C:\Users\dell\.m2\repository\org\apache\httpcomponents\httpcore\4.4.16\httpcore-4.4.16.jar;C:\Users\dell\.m2\repository\org\apache\httpcomponents\httpclient\4.5.14\httpclient-4.5.14.jar;C:\Users\dell\.m2\repository\commons-logging\commons-logging\1.2\commons-logging-1.2.jar;C:\Users\dell\.m2\repository\com\google\http-client\google-http-client\1.42.3\google-http-client-1.42.3.jar;C:\Users\dell\.m2\repository\io\opencensus\opencensus-api\0.31.1\opencensus-api-0.31.1.jar;C:\Users\dell\.m2\repository\io\grpc\grpc-context\1.27.2\grpc-context-1.27.2.jar;C:\Users\dell\.m2\repository\io\opencensus\opencensus-contrib-http-util\0.31.1\opencensus-contrib-http-util-0.31.1.jar;C:\Users\dell\.m2\repository\com\google\http-client\google-http-client-jackson2\1.43.0\google-http-client-jackson2-1.43.0.jar;C:\Users\dell\.m2\repository\com\fasterxml\jackson\core\jackson-core\2.18.2\jackson-core-2.18.2.jar;C:\Users\dell\.m2\repository\org\springframework\boot\spring-boot-starter-oauth2-resource-server\3.4.3\spring-boot-starter-oauth2-resource-server-3.4.3.jar;C:\Users\dell\.m2\repository\org\springframework\security\spring-security-oauth2-resource-server\6.4.3\spring-security-oauth2-resource-server-6.4.3.jar;C:\Users\dell\.m2\repository\org\springframework\security\spring-security-oauth2-jose\6.4.3\spring-security-oauth2-jose-6.4.3.jar;C:\Users\dell\.m2\repository\org\mapstruct\mapstruct\1.5.5.Final\mapstruct-1.5.5.Final.jar;C:\Users\dell\.m2\repository\com\cloudinary\cloudinary-http5\2.0.0\cloudinary-http5-2.0.0.jar;C:\Users\dell\.m2\repository\com\cloudinary\cloudinary-core\2.0.0\cloudinary-core-2.0.0.jar;C:\Users\dell\.m2\repository\org\apache\commons\commons-lang3\3.17.0\commons-lang3-3.17.0.jar;C:\Users\dell\.m2\repository\org\apache\httpcomponents\client5\httpclient5\5.4.2\httpclient5-5.4.2.jar;C:\Users\dell\.m2\repository\org\apache\httpcomponents\core5\httpcore5-h2\5.3.3\httpcore5-h2-5.3.3.jar;C:\Users\dell\.m2\repository\org\apache\httpcomponents\core5\httpcore5\5.3.3\httpcore5-5.3.3.jar;C:\Users\dell\.m2\repository\org\springframework\boot\spring-boot-starter-mail\3.4.3\spring-boot-starter-mail-3.4.3.jar;C:\Users\dell\.m2\repository\org\springframework\spring-context-support\6.2.3\spring-context-support-6.2.3.jar;C:\Users\dell\.m2\repository\org\eclipse\angus\jakarta.mail\2.0.3\jakarta.mail-2.0.3.jar;C:\Users\dell\.m2\repository\org\eclipse\angus\angus-activation\2.0.2\angus-activation-2.0.2.jar;C:\Users\dell\.m2\repository\org\springframework\boot\spring-boot-starter-hateoas\3.4.3\spring-boot-starter-hateoas-3.4.3.jar;C:\Users\dell\.m2\repository\org\springframework\hateoas\spring-hateoas\2.4.1\spring-hateoas-2.4.1.jar;C:\Users\dell\.m2\repository\org\springframework\plugin\spring-plugin-core\3.0.0\spring-plugin-core-3.0.0.jar;C:\Users\dell\.m2\repository\org\springframework\boot\spring-boot-starter-webflux\3.4.3\spring-boot-starter-webflux-3.4.3.jar;C:\Users\dell\.m2\repository\org\springframework\boot\spring-boot-starter-reactor-netty\3.4.3\spring-boot-starter-reactor-netty-3.4.3.jar;C:\Users\dell\.m2\repository\io\projectreactor\netty\reactor-netty-http\1.2.3\reactor-netty-http-1.2.3.jar;C:\Users\dell\.m2\repository\io\netty\netty-codec-http\4.1.118.Final\netty-codec-http-4.1.118.Final.jar;C:\Users\dell\.m2\repository\io\netty\netty-common\4.1.118.Final\netty-common-4.1.118.Final.jar;C:\Users\dell\.m2\repository\io\netty\netty-buffer\4.1.118.Final\netty-buffer-4.1.118.Final.jar;C:\Users\dell\.m2\repository\io\netty\netty-transport\4.1.118.Final\netty-transport-4.1.118.Final.jar;C:\Users\dell\.m2\repository\io\netty\netty-codec\4.1.118.Final\netty-codec-4.1.118.Final.jar;C:\Users\dell\.m2\repository\io\netty\netty-handler\4.1.118.Final\netty-handler-4.1.118.Final.jar;C:\Users\dell\.m2\repository\io\netty\netty-codec-http2\4.1.118.Final\netty-codec-http2-4.1.118.Final.jar;C:\Users\dell\.m2\repository\io\netty\netty-resolver-dns\4.1.118.Final\netty-resolver-dns-4.1.118.Final.jar;C:\Users\dell\.m2\repository\io\netty\netty-resolver\4.1.118.Final\netty-resolver-4.1.118.Final.jar;C:\Users\dell\.m2\repository\io\netty\netty-codec-dns\4.1.118.Final\netty-codec-dns-4.1.118.Final.jar;C:\Users\dell\.m2\repository\io\netty\netty-resolver-dns-native-macos\4.1.118.Final\netty-resolver-dns-native-macos-4.1.118.Final-osx-x86_64.jar;C:\Users\dell\.m2\repository\io\netty\netty-resolver-dns-classes-macos\4.1.118.Final\netty-resolver-dns-classes-macos-4.1.118.Final.jar;C:\Users\dell\.m2\repository\io\netty\netty-transport-native-epoll\4.1.118.Final\netty-transport-native-epoll-4.1.118.Final-linux-x86_64.jar;C:\Users\dell\.m2\repository\io\netty\netty-transport-native-unix-common\4.1.118.Final\netty-transport-native-unix-common-4.1.118.Final.jar;C:\Users\dell\.m2\repository\io\netty\netty-transport-classes-epoll\4.1.118.Final\netty-transport-classes-epoll-4.1.118.Final.jar;C:\Users\dell\.m2\repository\io\projectreactor\netty\reactor-netty-core\1.2.3\reactor-netty-core-1.2.3.jar;C:\Users\dell\.m2\repository\io\netty\netty-handler-proxy\4.1.118.Final\netty-handler-proxy-4.1.118.Final.jar;C:\Users\dell\.m2\repository\io\netty\netty-codec-socks\4.1.118.Final\netty-codec-socks-4.1.118.Final.jar;C:\Users\dell\.m2\repository\org\springframework\spring-webflux\6.2.3\spring-webflux-6.2.3.jar;C:\Users\dell\.m2\repository\io\projectreactor\reactor-core\3.7.3\reactor-core-3.7.3.jar;C:\Users\dell\.m2\repository\org\reactivestreams\reactive-streams\1.0.4\reactive-streams-1.0.4.jar
Launcher Type: SUN_STANDARD

[Global flags]
     intx CICompilerCount                          = 4                                         {product} {ergonomic}
     uint ConcGCThreads                            = 2                                         {product} {ergonomic}
     uint G1ConcRefinementThreads                  = 8                                         {product} {ergonomic}
   size_t G1HeapRegionSize                         = 2097152                                   {product} {ergonomic}
    uintx GCDrainStackTargetSize                   = 64                                        {product} {ergonomic}
   size_t InitialHeapSize                          = 264241152                                 {product} {ergonomic}
     bool ManagementServer                         = true                                      {product} {command line}
   size_t MarkStackSize                            = 4194304                                   {product} {ergonomic}
   size_t MaxHeapSize                              = 4225761280                                {product} {ergonomic}
   size_t MaxNewSize                               = 2535456768                                {product} {ergonomic}
   size_t MinHeapDeltaBytes                        = 2097152                                   {product} {ergonomic}
   size_t MinHeapSize                              = 8388608                                   {product} {ergonomic}
    uintx NonNMethodCodeHeapSize                   = 4096                                   {pd product} {ergonomic}
    uintx NonProfiledCodeHeapSize                  = 0                                      {pd product} {ergonomic}
     bool ProfileInterpreter                       = false                                  {pd product} {command line}
    uintx ProfiledCodeHeapSize                     = 0                                      {pd product} {ergonomic}
   size_t SoftMaxHeapSize                          = 4225761280                             {manageable} {ergonomic}
     intx TieredStopAtLevel                        = 1                                         {product} {command line}
     bool UseCompressedOops                        = true                           {product lp64_product} {ergonomic}
     bool UseG1GC                                  = true                                      {product} {ergonomic}
     bool UseLargePagesIndividualAllocation        = false                                  {pd product} {ergonomic}

Logging:
Log output configuration:
 #0: stdout all=warning uptime,level,tags foldmultilines=false
 #1: stderr all=off uptime,level,tags foldmultilines=false

Environment Variables:
JAVA_HOME=D:\java\jdk21
PATH=C:\Program Files\Microsoft MPI\Bin\;C:\Program Files\Common Files\Oracle\Java\javapath;C:\WINDOWS\system32;C:\WINDOWS;C:\WINDOWS\System32\Wbem;C:\WINDOWS\System32\WindowsPowerShell\v1.0\;C:\WINDOWS\System32\OpenSSH\;C:\Program Files\Microsoft SQL Server\Client SDK\ODBC\170\Tools\Binn\;D:\Install\bin;D:\Git\cmd;D:\XAMPP\php;C:\ProgramData\ComposerSetup\bin;C:\mingw64\bin;C:\TDM-GCC-32\bin;D:\notejs\;D:\XAMPP\mysql\bin;D:\Maven\bin;D:\Maven\apache-maven-3.9.9\bin;C:\Program Files (x86)\Microsoft SQL Server\160\Tools\Binn\;C:\Program Files\Microsoft SQL Server\160\Tools\Binn\;C:\Program Files\Microsoft SQL Server\160\DTS\Binn\;C:\Program Files (x86)\Microsoft SQL Server\160\DTS\Binn\;D:\python\Scripts\;D:\python\;D:\java\jdk21\bin;D:\Microsoft VS Code\bin;C:\Users\dell\AppData\Roaming\Composer\vendor\bin;C:\mingw64\bin;C:\Users\dell\AppData\Roaming\npm;D:\nodejs;D:\PyCharm\PyCharm Community Edition 2024.2.4\bin;;D:\Wireshark;D:\python3.10;D:\python39;D:\JetBrains\IntelliJ IDEA 2024.3.4.1\bin;;D:\Maven\bin;
USERNAME=dell
OS=Windows_NT
PROCESSOR_IDENTIFIER=Intel64 Family 6 Model 140 Stepping 1, GenuineIntel
TMP=C:\Users\dell\AppData\Local\Temp
TEMP=C:\Users\dell\AppData\Local\Temp




Periodic native trim disabled

---------------  S Y S T E M  ---------------

OS:
 Windows 10 , 64 bit Build 19041 (10.0.19041.5678)
OS uptime: 0 days 5:37 hours

CPU: total 8 (initial active 8) (4 cores per cpu, 2 threads per core) family 6 model 140 stepping 1 microcode 0xbc, cx8, cmov, fxsr, ht, mmx, 3dnowpref, sse, sse2, sse3, ssse3, sse4.1, sse4.2, popcnt, lzcnt, tsc, tscinvbit, avx, avx2, aes, erms, clmul, bmi1, bmi2, adx, avx512f, avx512dq, avx512cd, avx512bw, avx512vl, sha, fma, vzeroupper, avx512_vpopcntdq, avx512_vpclmulqdq, avx512_vaes, avx512_vnni, clflush, clflushopt, clwb, avx512_vbmi2, avx512_vbmi, rdtscp, rdpid, fsrm, gfni, avx512_bitalg, f16c, pku, cet_ibt, cet_ss, avx512_ifma
Processor Information for all 8 processors :
  Max Mhz: 2419, Current Mhz: 2419, Mhz Limit: 2419

Memory: 4k page, system-wide physical 16118M (3261M free)
TotalPageFile size 18249M (AvailPageFile size 17M)
current process WorkingSet (physical memory assigned to process): 292M, peak: 292M
current process commit charge ("private bytes"): 436M, peak: 442M

vm_info: Java HotSpot(TM) 64-Bit Server VM (21.0.6+8-LTS-188) for windows-amd64 JRE (21.0.6+8-LTS-188), built on 2024-12-03T10:50:54Z by "mach5one" with MS VC++ 17.6 (VS2022)

END.
