#
# There is insufficient memory for the Java Runtime Environment to continue.
# Native memory allocation (mmap) failed to map 264241152 bytes for G1 virtual space
# Possible reasons:
#   The system is out of physical RAM or swap space
#   The process is running with CompressedOops enabled, and the Java Heap may be blocking the growth of the native heap
# Possible solutions:
#   Reduce memory load on the system
#   Increase physical memory or swap space
#   Check if swap backing store is full
#   Decrease Java heap size (-Xmx/-Xms)
#   Decrease number of Java threads
#   Decrease Java thread stack sizes (-Xss)
#   Set larger code cache with -XX:ReservedCodeCacheSize=
#   JVM is running with Zero Based Compressed Oops mode in which the Java heap is
#     placed in the first 32GB address space. The Java Heap base address is the
#     maximum limit for the native heap growth. Please use -XX:HeapBaseMinAddress
#     to set the Java Heap base and to place the Java Heap above 32GB virtual address.
# This output file may be truncated or incomplete.
#
#  Out of Memory Error (os_windows.cpp:3603), pid=4124, tid=2412
#
# JRE version:  (21.0.6+8) (build )
# Java VM: Java HotSpot(TM) 64-Bit Server VM (21.0.6+8-LTS-188, mixed mode, emulated-client, sharing, tiered, compressed oops, compressed class ptrs, g1 gc, windows-amd64)
# No core dump will be written. Minidumps are not enabled by default on client versions of Windows
#

---------------  S U M M A R Y ------------

Command Line: -XX:TieredStopAtLevel=1 -Dspring.output.ansi.enabled=always -Dcom.sun.management.jmxremote -Dspring.jmx.enabled=true -Dspring.liveBeansView.mbeanDomain -Dspring.application.admin.enabled=true -Dmanagement.endpoints.jmx.exposure.include=* -javaagent:D:\JetBrains\IntelliJ IDEA 2024.3.4.1\lib\idea_rt.jar=57024 -Dfile.encoding=UTF-8 -Dsun.stdout.encoding=UTF-8 -Dsun.stderr.encoding=UTF-8 com.project.stationery_be_server.StationeryBeServerApplication

Host: 11th Gen Intel(R) Core(TM) i5-1135G7 @ 2.40GHz, 8 cores, 15G,  Windows 10 , 64 bit Build 19041 (10.0.19041.5678)
Time: Fri May  2 15:06:18 2025 SE Asia Standard Time elapsed time: 0.011910 seconds (0d 0h 0m 0s)

---------------  T H R E A D  ---------------

Current thread (0x00000260f9527af0):  JavaThread "Unknown thread" [_thread_in_vm, id=2412, stack(0x0000008c51c00000,0x0000008c51d00000) (1024K)]

Stack: [0x0000008c51c00000,0x0000008c51d00000]
Native frames: (J=compiled Java code, j=interpreted, Vv=VM code, C=native code)
V  [jvm.dll+0x6ca6d9]
V  [jvm.dll+0x854f51]
V  [jvm.dll+0x85747e]
V  [jvm.dll+0x857b53]
V  [jvm.dll+0x27dcc6]
V  [jvm.dll+0x6c6e55]
V  [jvm.dll+0x6bb9da]
V  [jvm.dll+0x35393a]
V  [jvm.dll+0x35b596]
V  [jvm.dll+0x3adefe]
V  [jvm.dll+0x3ae1a8]
V  [jvm.dll+0x327cbc]
V  [jvm.dll+0x32881b]
V  [jvm.dll+0x81e309]
V  [jvm.dll+0x3babe1]
V  [jvm.dll+0x807658]
V  [jvm.dll+0x44fdae]
V  [jvm.dll+0x4519a1]
C  [jli.dll+0x52a3]
C  [ucrtbase.dll+0x21bb2]
C  [KERNEL32.DLL+0x17374]
C  [ntdll.dll+0x4cc91]


---------------  P R O C E S S  ---------------

Threads class SMR info:
_java_thread_list=0x00007ffa3c4dcc08, length=0, elements={
}

Java Threads: ( => current thread )
Total: 0

Other Threads:
  0x00000260fb76e0c0 WorkerThread "GC Thread#0"                     [id=14172, stack(0x0000008c51d00000,0x0000008c51e00000) (1024K)]
  0x00000260fb77ed30 ConcurrentGCThread "G1 Main Marker"            [id=15296, stack(0x0000008c51e00000,0x0000008c51f00000) (1024K)]
  0x00000260fb7806f0 WorkerThread "G1 Conc#0"                       [id=6528, stack(0x0000008c51f00000,0x0000008c52000000) (1024K)]

[error occurred during error reporting (printing all threads), id 0xc0000005, EXCEPTION_ACCESS_VIOLATION (0xc0000005) at pc=0x00007ffa3bc4a427]
VM state: not at safepoint (not fully initialized)

VM Mutex/Monitor currently owned by a thread:  ([mutex/lock_event])
[0x00007ffa3c54df98] Heap_lock - owner thread: 0x00000260f9527af0

Heap address: 0x0000000704200000, size: 4030 MB, Compressed Oops mode: Zero based, Oop shift amount: 3

CDS archive(s) mapped at: [0x0000000000000000-0x0000000000000000-0x0000000000000000), size 0, SharedBaseAddress: 0x0000000800000000, ArchiveRelocationMode: 1.
Narrow klass base: 0x0000000000000000, Narrow klass shift: 0, Narrow klass range: 0x0

GC Precious Log:
 CardTable entry size: 512
 Card Set container configuration: InlinePtr #cards 4 size 8 Array Of Cards #cards 16 size 48 Howl #buckets 8 coarsen threshold 3686 Howl Bitmap #cards 512 size 80 coarsen threshold 460 Card regions per heap region 1 cards per card region 4096

Heap:
 garbage-first heap   total 0K, used 0K [0x0000000704200000, 0x0000000800000000)
  region size 2048K, 0 young (0K), 0 survivors (0K)

[error occurred during error reporting (printing heap information), id 0xc0000005, EXCEPTION_ACCESS_VIOLATION (0xc0000005) at pc=0x00007ffa3c0336a9]
GC Heap History (0 events):
No events

Dll operation events (1 events):
Event: 0.007 Loaded shared library D:\Java\jdk21\bin\java.dll

Deoptimization events (0 events):
No events

Classes loaded (0 events):
No events

Classes unloaded (0 events):
No events

Classes redefined (0 events):
No events

Internal exceptions (0 events):
No events

ZGC Phase Switch (0 events):
No events

VM Operations (0 events):
No events

Events (0 events):
No events


Dynamic libraries:
0x00007ff6e0b20000 - 0x00007ff6e0b30000 	D:\Java\jdk21\bin\java.exe
0x00007ffa9af70000 - 0x00007ffa9b168000 	C:\WINDOWS\SYSTEM32\ntdll.dll
0x00007ffa9aae0000 - 0x00007ffa9aba2000 	C:\WINDOWS\System32\KERNEL32.DLL
0x00007ffa98680000 - 0x00007ffa98976000 	C:\WINDOWS\System32\KERNELBASE.dll
0x00007ffa98980000 - 0x00007ffa98a80000 	C:\WINDOWS\System32\ucrtbase.dll
0x00007ffa81b10000 - 0x00007ffa81b2b000 	D:\Java\jdk21\bin\VCRUNTIME140.dll
0x00007ffa81c50000 - 0x00007ffa81c69000 	D:\Java\jdk21\bin\jli.dll
0x00007ffa99800000 - 0x00007ffa998af000 	C:\WINDOWS\System32\ADVAPI32.dll
0x00007ffa995d0000 - 0x00007ffa9966e000 	C:\WINDOWS\System32\msvcrt.dll
0x00007ffa9ac80000 - 0x00007ffa9ad1f000 	C:\WINDOWS\System32\sechost.dll
0x00007ffa996d0000 - 0x00007ffa997f3000 	C:\WINDOWS\System32\RPCRT4.dll
0x00007ffa98c80000 - 0x00007ffa98ca7000 	C:\WINDOWS\System32\bcrypt.dll
0x00007ffa9a790000 - 0x00007ffa9a92d000 	C:\WINDOWS\System32\USER32.dll
0x00007ffa98e40000 - 0x00007ffa98e62000 	C:\WINDOWS\System32\win32u.dll
0x00007ffa86420000 - 0x00007ffa866ba000 	C:\WINDOWS\WinSxS\amd64_microsoft.windows.common-controls_6595b64144ccf1df_6.0.19041.4355_none_60b8b9eb71f62e16\COMCTL32.dll
0x00007ffa998b0000 - 0x00007ffa998db000 	C:\WINDOWS\System32\GDI32.dll
0x00007ffa98e70000 - 0x00007ffa98f8a000 	C:\WINDOWS\System32\gdi32full.dll
0x00007ffa98be0000 - 0x00007ffa98c7d000 	C:\WINDOWS\System32\msvcp_win.dll
0x00007ffa92070000 - 0x00007ffa9207a000 	C:\WINDOWS\SYSTEM32\VERSION.dll
0x00007ffa9abb0000 - 0x00007ffa9abdf000 	C:\WINDOWS\System32\IMM32.DLL
0x00007ffa94e00000 - 0x00007ffa94e0c000 	D:\Java\jdk21\bin\vcruntime140_1.dll
0x00007ffa56a00000 - 0x00007ffa56a8e000 	D:\Java\jdk21\bin\msvcp140.dll
0x00007ffa3b910000 - 0x00007ffa3c62a000 	D:\Java\jdk21\bin\server\jvm.dll
0x00007ffa998f0000 - 0x00007ffa9995b000 	C:\WINDOWS\System32\WS2_32.dll
0x00007ffa97b90000 - 0x00007ffa97bdb000 	C:\WINDOWS\SYSTEM32\POWRPROF.dll
0x00007ffa8e450000 - 0x00007ffa8e477000 	C:\WINDOWS\SYSTEM32\WINMM.dll
0x00007ffa97a00000 - 0x00007ffa97a12000 	C:\WINDOWS\SYSTEM32\UMPDC.dll
0x00007ffa96e20000 - 0x00007ffa96e32000 	C:\WINDOWS\SYSTEM32\kernel.appcore.dll
0x00007ffa94d90000 - 0x00007ffa94d9a000 	D:\Java\jdk21\bin\jimage.dll
0x00007ffa96b20000 - 0x00007ffa96d04000 	C:\WINDOWS\SYSTEM32\DBGHELP.DLL
0x00007ffa6b640000 - 0x00007ffa6b674000 	C:\WINDOWS\SYSTEM32\dbgcore.DLL
0x00007ffa98cb0000 - 0x00007ffa98d32000 	C:\WINDOWS\System32\bcryptPrimitives.dll
0x00007ffa94460000 - 0x00007ffa9446f000 	D:\Java\jdk21\bin\instrument.dll
0x00007ffa81af0000 - 0x00007ffa81b0f000 	D:\Java\jdk21\bin\java.dll

dbghelp: loaded successfully - version: 4.0.5 - missing functions: none
symbol engine: initialized successfully - sym options: 0x614 - pdb path: .;D:\Java\jdk21\bin;C:\WINDOWS\SYSTEM32;C:\WINDOWS\WinSxS\amd64_microsoft.windows.common-controls_6595b64144ccf1df_6.0.19041.4355_none_60b8b9eb71f62e16;D:\Java\jdk21\bin\server

VM Arguments:
jvm_args: -XX:TieredStopAtLevel=1 -Dspring.output.ansi.enabled=always -Dcom.sun.management.jmxremote -Dspring.jmx.enabled=true -Dspring.liveBeansView.mbeanDomain -Dspring.application.admin.enabled=true -Dmanagement.endpoints.jmx.exposure.include=* -javaagent:D:\JetBrains\IntelliJ IDEA 2024.3.4.1\lib\idea_rt.jar=57024 -Dfile.encoding=UTF-8 -Dsun.stdout.encoding=UTF-8 -Dsun.stderr.encoding=UTF-8 
java_command: com.project.stationery_be_server.StationeryBeServerApplication
java_class_path (initial): D:\Project-Study\stationery-be-server\target\classes;C:\Users\dell\.m2\repository\org\springframework\boot\spring-boot-starter-security\3.4.3\spring-boot-starter-security-3.4.3.jar;C:\Users\dell\.m2\repository\org\springframework\boot\spring-boot-starter\3.4.3\spring-boot-starter-3.4.3.jar;C:\Users\dell\.m2\repository\org\springframework\boot\spring-boot\3.4.3\spring-boot-3.4.3.jar;C:\Users\dell\.m2\repository\org\springframework\boot\spring-boot-autoconfigure\3.4.3\spring-boot-autoconfigure-3.4.3.jar;C:\Users\dell\.m2\repository\org\springframework\boot\spring-boot-starter-logging\3.4.3\spring-boot-starter-logging-3.4.3.jar;C:\Users\dell\.m2\repository\ch\qos\logback\logback-classic\1.5.16\logback-classic-1.5.16.jar;C:\Users\dell\.m2\repository\ch\qos\logback\logback-core\1.5.16\logback-core-1.5.16.jar;C:\Users\dell\.m2\repository\org\apache\logging\log4j\log4j-to-slf4j\2.24.3\log4j-to-slf4j-2.24.3.jar;C:\Users\dell\.m2\repository\org\apache\logging\log4j\log4j-api\2.24.3\log4j-api-2.24.3.jar;C:\Users\dell\.m2\repository\org\slf4j\jul-to-slf4j\2.0.16\jul-to-slf4j-2.0.16.jar;C:\Users\dell\.m2\repository\jakarta\annotation\jakarta.annotation-api\2.1.1\jakarta.annotation-api-2.1.1.jar;C:\Users\dell\.m2\repository\org\yaml\snakeyaml\2.3\snakeyaml-2.3.jar;C:\Users\dell\.m2\repository\org\springframework\spring-aop\6.2.3\spring-aop-6.2.3.jar;C:\Users\dell\.m2\repository\org\springframework\spring-beans\6.2.3\spring-beans-6.2.3.jar;C:\Users\dell\.m2\repository\org\springframework\security\spring-security-config\6.4.3\spring-security-config-6.4.3.jar;C:\Users\dell\.m2\repository\org\springframework\spring-context\6.2.3\spring-context-6.2.3.jar;C:\Users\dell\.m2\repository\org\springframework\security\spring-security-web\6.4.3\spring-security-web-6.4.3.jar;C:\Users\dell\.m2\repository\org\springframework\spring-expression\6.2.3\spring-expression-6.2.3.jar;C:\Users\dell\.m2\repository\org\springframework\boot\spring-boot-starter-web\3.4.3\spring-boot-starter-web-3.4.3.jar;C:\Users\dell\.m2\repository\org\springframework\boot\spring-boot-starter-json\3.4.3\spring-boot-starter-json-3.4.3.jar;C:\Users\dell\.m2\repository\com\fasterxml\jackson\core\jackson-databind\2.18.2\jackson-databind-2.18.2.jar;C:\Users\dell\.m2\repository\com\fasterxml\jackson\core\jackson-annotations\2.18.2\jackson-annotations-2.18.2.jar;C:\Users\dell\.m2\repository\com\fasterxml\jackson\datatype\jackson-datatype-jdk8\2.18.2\jackson-datatype-jdk8-2.18.2.jar;C:\Users\dell\.m2\repository\com\fasterxml\jackson\datatype\jackson-datatype-jsr310\2.18.2\jackson-datatype-jsr310-2.18.2.jar;C:\Users\dell\.m2\repository\com\fasterxml\jackson\module\jackson-module-parameter-names\2.18.2\jackson-module-parameter-names-2.18.2.jar;C:\Users\dell\.m2\repository\org\springframework\boot\spring-boot-starter-tomcat\3.4.3\spring-boot-starter-tomcat-3.4.3.jar;C:\Users\dell\.m2\repository\org\apache\tomcat\embed\tomcat-embed-core\10.1.36\tomcat-embed-core-10.1.36.jar;C:\Users\dell\.m2\repository\org\apache\tomcat\embed\tomcat-embed-websocket\10.1.36\tomcat-embed-websocket-10.1.36.jar;C:\Users\dell\.m2\repository\org\springframework\spring-web\6.2.3\spring-web-6.2.3.jar;C:\Users\dell\.m2\repository\io\micrometer\micrometer-observation\1.14.4\micrometer-observation-1.14.4.jar;C:\Users\dell\.m2\repository\io\micrometer\micrometer-commons\1.14.4\micrometer-commons-1.14.4.jar;C:\Users\dell\.m2\repository\org\springframework\spring-webmvc\6.2.3\spring-webmvc-6.2.3.jar;C:\Users\dell\.m2\repository\org\springframework\boot\spring-boot-starter-validation\3.4.3\spring-boot-starter-validation-3.4.3.jar;C:\Users\dell\.m2\repository\org\apache\tomcat\embed\tomcat-embed-el\10.1.36\tomcat-embed-el-10.1.36.jar;C:\Users\dell\.m2\repository\org\hibernate\validator\hibernate-validator\8.0.2.Final\hibernate-validator-8.0.2.Final.jar;C:\Users\dell\.m2\repository\jakarta\validation\jakarta.validation-api\3.0.2\jakarta.validation-api-3.0.2.jar;C:\Users\dell\.m2\repository\org\jboss\logging\jboss-logging\3.6.1.Final\jboss-logging-3.6.1.Final.jar;C:\Users\dell\.m2\repository\com\fasterxml\classmate\1.7.0\classmate-1.7.0.jar;C:\Users\dell\.m2\repository\org\springframework\boot\spring-boot-starter-data-jpa\3.4.3\spring-boot-starter-data-jpa-3.4.3.jar;C:\Users\dell\.m2\repository\org\springframework\boot\spring-boot-starter-jdbc\3.4.3\spring-boot-starter-jdbc-3.4.3.jar;C:\Users\dell\.m2\repository\com\zaxxer\HikariCP\5.1.0\HikariCP-5.1.0.jar;C:\Users\dell\.m2\repository\org\springframework\spring-jdbc\6.2.3\spring-jdbc-6.2.3.jar;C:\Users\dell\.m2\repository\org\hibernate\orm\hibernate-core\6.6.8.Final\hibernate-core-6.6.8.Final.jar;C:\Users\dell\.m2\repository\jakarta\persistence\jakarta.persistence-api\3.1.0\jakarta.persistence-api-3.1.0.jar;C:\Users\dell\.m2\repository\jakarta\transaction\jakarta.transaction-api\2.0.1\jakarta.transaction-api-2.0.1.jar;C:\Users\dell\.m2\repository\org\hibernate\common\hibernate-commons-annotations\7.0.3.Final\hibernate-commons-annotations-7.0.3.Final.jar;C:\Users\dell\.m2\repository\io\smallrye\jandex\3.2.0\jandex-3.2.0.jar;C:\Users\dell\.m2\repository\net\bytebuddy\byte-buddy\1.15.11\byte-buddy-1.15.11.jar;C:\Users\dell\.m2\repository\org\glassfish\jaxb\jaxb-runtime\4.0.5\jaxb-runtime-4.0.5.jar;C:\Users\dell\.m2\repository\org\glassfish\jaxb\jaxb-core\4.0.5\jaxb-core-4.0.5.jar;C:\Users\dell\.m2\repository\org\glassfish\jaxb\txw2\4.0.5\txw2-4.0.5.jar;C:\Users\dell\.m2\repository\com\sun\istack\istack-commons-runtime\4.1.2\istack-commons-runtime-4.1.2.jar;C:\Users\dell\.m2\repository\jakarta\inject\jakarta.inject-api\2.0.1\jakarta.inject-api-2.0.1.jar;C:\Users\dell\.m2\repository\org\antlr\antlr4-runtime\4.13.0\antlr4-runtime-4.13.0.jar;C:\Users\dell\.m2\repository\org\springframework\data\spring-data-jpa\3.4.3\spring-data-jpa-3.4.3.jar;C:\Users\dell\.m2\repository\org\springframework\data\spring-data-commons\3.4.3\spring-data-commons-3.4.3.jar;C:\Users\dell\.m2\repository\org\springframework\spring-orm\6.2.3\spring-orm-6.2.3.jar;C:\Users\dell\.m2\repository\org\springframework\spring-tx\6.2.3\spring-tx-6.2.3.jar;C:\Users\dell\.m2\repository\org\slf4j\slf4j-api\2.0.16\slf4j-api-2.0.16.jar;C:\Users\dell\.m2\repository\org\springframework\spring-aspects\6.2.3\spring-aspects-6.2.3.jar;C:\Users\dell\.m2\repository\org\aspectj\aspectjweaver\1.9.22.1\aspectjweaver-1.9.22.1.jar;C:\Users\dell\.m2\repository\com\mysql\mysql-connector-j\9.1.0\mysql-connector-j-9.1.0.jar;C:\Users\dell\.m2\repository\org\projectlombok\lombok\1.18.36\lombok-1.18.36.jar;C:\Users\dell\.m2\repository\com\jayway\jsonpath\json-path\2.9.0\json-path-2.9.0.jar;C:\Users\dell\.m2\repository\jakarta\xml\bind\jakarta.xml.bind-api\4.0.2\jakarta.xml.bind-api-4.0.2.jar;C:\Users\dell\.m2\repository\jakarta\activation\jakarta.activation-api\2.1.3\jakarta.activation-api-2.1.3.jar;C:\Users\dell\.m2\repository\net\minidev\json-smart\2.5.2\json-smart-2.5.2.jar;C:\Users\dell\.m2\repository\net\minidev\accessors-smart\2.5.2\accessors-smart-2.5.2.jar;C:\Users\dell\.m2\repository\org\ow2\asm\asm\9.7.1\asm-9.7.1.jar;C:\Users\dell\.m2\repository\org\springframework\spring-core\6.2.3\spring-core-6.2.3.jar;C:\Users\dell\.m2\repository\org\springframework\spring-jcl\6.2.3\spring-jcl-6.2.3.jar;C:\Users\dell\.m2\repository\org\springframework\security\spring-security-core\6.4.3\spring-security-core-6.4.3.jar;C:\Users\dell\.m2\repository\org\springframework\security\spring-security-crypto\6.4.3\spring-security-crypto-6.4.3.jar;C:\Users\dell\.m2\repository\org\springframework\security\spring-security-oauth2-client\6.4.3\spring-security-oauth2-client-6.4.3.jar;C:\Users\dell\.m2\repository\org\springframework\security\spring-security-oauth2-core\6.4.3\spring-security-oauth2-core-6.4.3.jar;C:\Users\dell\.m2\repository\com\nimbusds\oauth2-oidc-sdk\9.43.6\oauth2-oidc-sdk-9.43.6.jar;C:\Users\dell\.m2\repository\com\github\stephenc\jcip\jcip-annotations\1.0-1\jcip-annotations-1.0-1.jar;C:\Users\dell\.m2\repository\com\nimbusds\content-type\2.2\content-type-2.2.jar;C:\Users\dell\.m2\repository\com\nimbusds\lang-tag\1.7\lang-tag-1.7.jar;C:\Users\dell\.m2\repository\com\nimbusds\nimbus-jose-jwt\9.37.3\nimbus-jose-jwt-9.37.3.jar;C:\Users\dell\.m2\repository\com\google\api-client\google-api-client\2.2.0\google-api-client-2.2.0.jar;C:\Users\dell\.m2\repository\commons-codec\commons-codec\1.17.2\commons-codec-1.17.2.jar;C:\Users\dell\.m2\repository\com\google\oauth-client\google-oauth-client\1.34.1\google-oauth-client-1.34.1.jar;C:\Users\dell\.m2\repository\com\google\http-client\google-http-client-gson\1.42.3\google-http-client-gson-1.42.3.jar;C:\Users\dell\.m2\repository\com\google\code\gson\gson\2.11.0\gson-2.11.0.jar;C:\Users\dell\.m2\repository\com\google\guava\guava\31.1-jre\guava-31.1-jre.jar;C:\Users\dell\.m2\repository\com\google\guava\failureaccess\1.0.1\failureaccess-1.0.1.jar;C:\Users\dell\.m2\repository\com\google\guava\listenablefuture\9999.0-empty-to-avoid-conflict-with-guava\listenablefuture-9999.0-empty-to-avoid-conflict-with-guava.jar;C:\Users\dell\.m2\repository\com\google\code\findbugs\jsr305\3.0.2\jsr305-3.0.2.jar;C:\Users\dell\.m2\repository\org\checkerframework\checker-qual\3.12.0\checker-qual-3.12.0.jar;C:\Users\dell\.m2\repository\com\google\errorprone\error_prone_annotations\2.11.0\error_prone_annotations-2.11.0.jar;C:\Users\dell\.m2\repository\com\google\j2objc\j2objc-annotations\1.3\j2objc-annotations-1.3.jar;C:\Users\dell\.m2\repository\com\google\http-client\google-http-client-apache-v2\1.42.3\google-http-client-apache-v2-1.42.3.jar;C:\Users\dell\.m2\repository\org\apache\httpcomponents\httpcore\4.4.16\httpcore-4.4.16.jar;C:\Users\dell\.m2\repository\org\apache\httpcomponents\httpclient\4.5.14\httpclient-4.5.14.jar;C:\Users\dell\.m2\repository\commons-logging\commons-logging\1.2\commons-logging-1.2.jar;C:\Users\dell\.m2\repository\com\google\http-client\google-http-client\1.42.3\google-http-client-1.42.3.jar;C:\Users\dell\.m2\repository\io\opencensus\opencensus-api\0.31.1\opencensus-api-0.31.1.jar;C:\Users\dell\.m2\repository\io\grpc\grpc-context\1.27.2\grpc-context-1.27.2.jar;C:\Users\dell\.m2\repository\io\opencensus\opencensus-contrib-http-util\0.31.1\opencensus-contrib-http-util-0.31.1.jar;C:\Users\dell\.m2\repository\com\google\http-client\google-http-client-jackson2\1.43.0\google-http-client-jackson2-1.43.0.jar;C:\Users\dell\.m2\repository\com\fasterxml\jackson\core\jackson-core\2.18.2\jackson-core-2.18.2.jar;C:\Users\dell\.m2\repository\org\springframework\boot\spring-boot-starter-oauth2-resource-server\3.4.3\spring-boot-starter-oauth2-resource-server-3.4.3.jar;C:\Users\dell\.m2\repository\org\springframework\security\spring-security-oauth2-resource-server\6.4.3\spring-security-oauth2-resource-server-6.4.3.jar;C:\Users\dell\.m2\repository\org\springframework\security\spring-security-oauth2-jose\6.4.3\spring-security-oauth2-jose-6.4.3.jar;C:\Users\dell\.m2\repository\org\mapstruct\mapstruct\1.5.5.Final\mapstruct-1.5.5.Final.jar;C:\Users\dell\.m2\repository\com\cloudinary\cloudinary-http5\2.0.0\cloudinary-http5-2.0.0.jar;C:\Users\dell\.m2\repository\com\cloudinary\cloudinary-core\2.0.0\cloudinary-core-2.0.0.jar;C:\Users\dell\.m2\repository\org\apache\commons\commons-lang3\3.17.0\commons-lang3-3.17.0.jar;C:\Users\dell\.m2\repository\org\apache\httpcomponents\client5\httpclient5\5.4.2\httpclient5-5.4.2.jar;C:\Users\dell\.m2\repository\org\apache\httpcomponents\core5\httpcore5-h2\5.3.3\httpcore5-h2-5.3.3.jar;C:\Users\dell\.m2\repository\org\apache\httpcomponents\core5\httpcore5\5.3.3\httpcore5-5.3.3.jar;C:\Users\dell\.m2\repository\org\springframework\boot\spring-boot-starter-mail\3.4.3\spring-boot-starter-mail-3.4.3.jar;C:\Users\dell\.m2\repository\org\springframework\spring-context-support\6.2.3\spring-context-support-6.2.3.jar;C:\Users\dell\.m2\repository\org\eclipse\angus\jakarta.mail\2.0.3\jakarta.mail-2.0.3.jar;C:\Users\dell\.m2\repository\org\eclipse\angus\angus-activation\2.0.2\angus-activation-2.0.2.jar;C:\Users\dell\.m2\repository\org\springframework\boot\spring-boot-starter-hateoas\3.4.3\spring-boot-starter-hateoas-3.4.3.jar;C:\Users\dell\.m2\repository\org\springframework\hateoas\spring-hateoas\2.4.1\spring-hateoas-2.4.1.jar;C:\Users\dell\.m2\repository\org\springframework\plugin\spring-plugin-core\3.0.0\spring-plugin-core-3.0.0.jar;C:\Users\dell\.m2\repository\org\springframework\boot\spring-boot-starter-webflux\3.4.3\spring-boot-starter-webflux-3.4.3.jar;C:\Users\dell\.m2\repository\org\springframework\boot\spring-boot-starter-reactor-netty\3.4.3\spring-boot-starter-reactor-netty-3.4.3.jar;C:\Users\dell\.m2\repository\io\projectreactor\netty\reactor-netty-http\1.2.3\reactor-netty-http-1.2.3.jar;C:\Users\dell\.m2\repository\io\netty\netty-codec-http\4.1.118.Final\netty-codec-http-4.1.118.Final.jar;C:\Users\dell\.m2\repository\io\netty\netty-common\4.1.118.Final\netty-common-4.1.118.Final.jar;C:\Users\dell\.m2\repository\io\netty\netty-buffer\4.1.118.Final\netty-buffer-4.1.118.Final.jar;C:\Users\dell\.m2\repository\io\netty\netty-transport\4.1.118.Final\netty-transport-4.1.118.Final.jar;C:\Users\dell\.m2\repository\io\netty\netty-codec\4.1.118.Final\netty-codec-4.1.118.Final.jar;C:\Users\dell\.m2\repository\io\netty\netty-handler\4.1.118.Final\netty-handler-4.1.118.Final.jar;C:\Users\dell\.m2\repository\io\netty\netty-codec-http2\4.1.118.Final\netty-codec-http2-4.1.118.Final.jar;C:\Users\dell\.m2\repository\io\netty\netty-resolver-dns\4.1.118.Final\netty-resolver-dns-4.1.118.Final.jar;C:\Users\dell\.m2\repository\io\netty\netty-resolver\4.1.118.Final\netty-resolver-4.1.118.Final.jar;C:\Users\dell\.m2\repository\io\netty\netty-codec-dns\4.1.118.Final\netty-codec-dns-4.1.118.Final.jar;C:\Users\dell\.m2\repository\io\netty\netty-resolver-dns-native-macos\4.1.118.Final\netty-resolver-dns-native-macos-4.1.118.Final-osx-x86_64.jar;C:\Users\dell\.m2\repository\io\netty\netty-resolver-dns-classes-macos\4.1.118.Final\netty-resolver-dns-classes-macos-4.1.118.Final.jar;C:\Users\dell\.m2\repository\io\netty\netty-transport-native-epoll\4.1.118.Final\netty-transport-native-epoll-4.1.118.Final-linux-x86_64.jar;C:\Users\dell\.m2\repository\io\netty\netty-transport-native-unix-common\4.1.118.Final\netty-transport-native-unix-common-4.1.118.Final.jar;C:\Users\dell\.m2\repository\io\netty\netty-transport-classes-epoll\4.1.118.Final\netty-transport-classes-epoll-4.1.118.Final.jar;C:\Users\dell\.m2\repository\io\projectreactor\netty\reactor-netty-core\1.2.3\reactor-netty-core-1.2.3.jar;C:\Users\dell\.m2\repository\io\netty\netty-handler-proxy\4.1.118.Final\netty-handler-proxy-4.1.118.Final.jar;C:\Users\dell\.m2\repository\io\netty\netty-codec-socks\4.1.118.Final\netty-codec-socks-4.1.118.Final.jar;C:\Users\dell\.m2\repository\org\springframework\spring-webflux\6.2.3\spring-webflux-6.2.3.jar;C:\Users\dell\.m2\repository\io\projectreactor\reactor-core\3.7.3\reactor-core-3.7.3.jar;C:\Users\dell\.m2\repository\org\reactivestreams\reactive-streams\1.0.4\reactive-streams-1.0.4.jar
Launcher Type: SUN_STANDARD

[Global flags]
     intx CICompilerCount                          = 4                                         {product} {ergonomic}
     uint ConcGCThreads                            = 2                                         {product} {ergonomic}
     uint G1ConcRefinementThreads                  = 8                                         {product} {ergonomic}
   size_t G1HeapRegionSize                         = 2097152                                   {product} {ergonomic}
    uintx GCDrainStackTargetSize                   = 64                                        {product} {ergonomic}
   size_t InitialHeapSize                          = 264241152                                 {product} {ergonomic}
     bool ManagementServer                         = true                                      {product} {command line}
   size_t MarkStackSize                            = 4194304                                   {product} {ergonomic}
   size_t MaxHeapSize                              = 4225761280                                {product} {ergonomic}
   size_t MinHeapDeltaBytes                        = 2097152                                   {product} {ergonomic}
   size_t MinHeapSize                              = 8388608                                   {product} {ergonomic}
    uintx NonNMethodCodeHeapSize                   = 4096                                   {pd product} {ergonomic}
    uintx NonProfiledCodeHeapSize                  = 0                                      {pd product} {ergonomic}
     bool ProfileInterpreter                       = false                                  {pd product} {command line}
    uintx ProfiledCodeHeapSize                     = 0                                      {pd product} {ergonomic}
   size_t SoftMaxHeapSize                          = 4225761280                             {manageable} {ergonomic}
     intx TieredStopAtLevel                        = 1                                         {product} {command line}
     bool UseCompressedOops                        = true                           {product lp64_product} {ergonomic}
     bool UseG1GC                                  = true                                      {product} {ergonomic}
     bool UseLargePagesIndividualAllocation        = false                                  {pd product} {ergonomic}

Logging:
Log output configuration:
 #0: stdout all=warning uptime,level,tags foldmultilines=false
 #1: stderr all=off uptime,level,tags foldmultilines=false

Environment Variables:
JAVA_HOME=D:\java\jdk21
PATH=C:\Program Files\Microsoft MPI\Bin\;C:\Program Files\Common Files\Oracle\Java\javapath;C:\WINDOWS\system32;C:\WINDOWS;C:\WINDOWS\System32\Wbem;C:\WINDOWS\System32\WindowsPowerShell\v1.0\;C:\WINDOWS\System32\OpenSSH\;C:\Program Files\Microsoft SQL Server\Client SDK\ODBC\170\Tools\Binn\;D:\Install\bin;D:\Git\cmd;D:\XAMPP\php;C:\ProgramData\ComposerSetup\bin;C:\mingw64\bin;C:\TDM-GCC-32\bin;D:\notejs\;D:\XAMPP\mysql\bin;D:\Maven\bin;D:\Maven\apache-maven-3.9.9\bin;C:\Program Files (x86)\Microsoft SQL Server\160\Tools\Binn\;C:\Program Files\Microsoft SQL Server\160\Tools\Binn\;C:\Program Files\Microsoft SQL Server\160\DTS\Binn\;C:\Program Files (x86)\Microsoft SQL Server\160\DTS\Binn\;D:\python\Scripts\;D:\python\;D:\java\jdk21\bin;D:\Microsoft VS Code\bin;C:\Users\dell\AppData\Roaming\Composer\vendor\bin;C:\mingw64\bin;C:\Users\dell\AppData\Roaming\npm;D:\nodejs;D:\PyCharm\PyCharm Community Edition 2024.2.4\bin;;D:\Wireshark;D:\python3.10;D:\python39;D:\JetBrains\IntelliJ IDEA 2024.3.4.1\bin;;D:\Maven\bin;
USERNAME=dell
OS=Windows_NT
PROCESSOR_IDENTIFIER=Intel64 Family 6 Model 140 Stepping 1, GenuineIntel
TMP=C:\Users\dell\AppData\Local\Temp
TEMP=C:\Users\dell\AppData\Local\Temp




Periodic native trim disabled

---------------  S Y S T E M  ---------------

OS:
 Windows 10 , 64 bit Build 19041 (10.0.19041.5678)
OS uptime: 0 days 20:03 hours

CPU: total 8 (initial active 8) (4 cores per cpu, 2 threads per core) family 6 model 140 stepping 1 microcode 0xbc, cx8, cmov, fxsr, ht, mmx, 3dnowpref, sse, sse2, sse3, ssse3, sse4.1, sse4.2, popcnt, lzcnt, tsc, tscinvbit, avx, avx2, aes, erms, clmul, bmi1, bmi2, adx, avx512f, avx512dq, avx512cd, avx512bw, avx512vl, sha, fma, vzeroupper, avx512_vpopcntdq, avx512_vpclmulqdq, avx512_vaes, avx512_vnni, clflush, clflushopt, clwb, avx512_vbmi2, avx512_vbmi, rdtscp, rdpid, fsrm, gfni, avx512_bitalg, f16c, pku, cet_ibt, cet_ss, avx512_ifma
Processor Information for all 8 processors :
  Max Mhz: 2419, Current Mhz: 2419, Mhz Limit: 2419

Memory: 4k page, system-wide physical 16118M (3391M free)
TotalPageFile size 18533M (AvailPageFile size 216M)
current process WorkingSet (physical memory assigned to process): 10M, peak: 10M
current process commit charge ("private bytes"): 55M, peak: 307M

vm_info: Java HotSpot(TM) 64-Bit Server VM (21.0.6+8-LTS-188) for windows-amd64 JRE (21.0.6+8-LTS-188), built on 2024-12-03T10:50:54Z by "mach5one" with MS VC++ 17.6 (VS2022)

END.
