#
# There is insufficient memory for the Java Runtime Environment to continue.
# Native memory allocation (mmap) failed to map 41943040 bytes for G1 virtual space
# Possible reasons:
#   The system is out of physical RAM or swap space
#   The process is running with CompressedOops enabled, and the Java Heap may be blocking the growth of the native heap
# Possible solutions:
#   Reduce memory load on the system
#   Increase physical memory or swap space
#   Check if swap backing store is full
#   Decrease Java heap size (-Xmx/-Xms)
#   Decrease number of Java threads
#   Decrease Java thread stack sizes (-Xss)
#   Set larger code cache with -XX:ReservedCodeCacheSize=
#   JVM is running with Zero Based Compressed Oops mode in which the Java heap is
#     placed in the first 32GB address space. The Java Heap base address is the
#     maximum limit for the native heap growth. Please use -XX:HeapBaseMinAddress
#     to set the Java Heap base and to place the Java Heap above 32GB virtual address.
# This output file may be truncated or incomplete.
#
#  Out of Memory Error (os_windows.cpp:3603), pid=2120, tid=18776
#
# JRE version: Java(TM) SE Runtime Environment (21.0.6+8) (build 21.0.6+8-LTS-188)
# Java VM: Java HotSpot(TM) 64-Bit Server VM (21.0.6+8-LTS-188, mixed mode, emulated-client, sharing, tiered, compressed oops, compressed class ptrs, g1 gc, windows-amd64)
# No core dump will be written. Minidumps are not enabled by default on client versions of Windows
#

---------------  S U M M A R Y ------------

Command Line: -XX:TieredStopAtLevel=1 -Dspring.output.ansi.enabled=always -Dcom.sun.management.jmxremote -Dspring.jmx.enabled=true -Dspring.liveBeansView.mbeanDomain -Dspring.application.admin.enabled=true -Dmanagement.endpoints.jmx.exposure.include=* -javaagent:D:\JetBrains\IntelliJ IDEA 2024.3.4.1\lib\idea_rt.jar=50714 -Dfile.encoding=UTF-8 -Dsun.stdout.encoding=UTF-8 -Dsun.stderr.encoding=UTF-8 com.project.stationery_be_server.StationeryBeServerApplication

Host: 11th Gen Intel(R) Core(TM) i5-1135G7 @ 2.40GHz, 8 cores, 15G,  Windows 10 , 64 bit Build 19041 (10.0.19041.5678)
Time: Sun Apr 13 13:05:03 2025 SE Asia Standard Time elapsed time: 14.521961 seconds (0d 0h 0m 14s)

---------------  T H R E A D  ---------------

Current thread (0x0000022cd6fc2df0):  VMThread "VM Thread"          [id=18776, stack(0x00000032d8700000,0x00000032d8800000) (1024K)]

Stack: [0x00000032d8700000,0x00000032d8800000]
Native frames: (J=compiled Java code, j=interpreted, Vv=VM code, C=native code)
V  [jvm.dll+0x6ca6d9]
V  [jvm.dll+0x854f51]
V  [jvm.dll+0x85747e]
V  [jvm.dll+0x857b53]
V  [jvm.dll+0x27dcc6]
V  [jvm.dll+0x6c6e55]
V  [jvm.dll+0x6bb9da]
V  [jvm.dll+0x35393a]
V  [jvm.dll+0x35b596]
V  [jvm.dll+0x3adefe]
V  [jvm.dll+0x3ae1a8]
V  [jvm.dll+0x327cbc]
V  [jvm.dll+0x327d47]
V  [jvm.dll+0x36c60c]
V  [jvm.dll+0x36ae5e]
V  [jvm.dll+0x327481]
V  [jvm.dll+0x36a57a]
V  [jvm.dll+0x85d920]
V  [jvm.dll+0x85eca4]
V  [jvm.dll+0x85f1e0]
V  [jvm.dll+0x85f483]
V  [jvm.dll+0x7ff2fb]
V  [jvm.dll+0x6c8dbd]
C  [ucrtbase.dll+0x21bb2]
C  [KERNEL32.DLL+0x17374]
C  [ntdll.dll+0x4cc91]

VM_Operation (0x00000032d80f9970): G1CollectForAllocation, mode: safepoint, requested by thread 0x0000022cc1e91530


---------------  P R O C E S S  ---------------

Threads class SMR info:
_java_thread_list=0x0000022cdda71bb0, length=24, elements={
0x0000022cc1e91530, 0x0000022cd6fe0f80, 0x0000022cd6fe1e40, 0x0000022cd6fe2d00,
0x0000022cd6fe4b40, 0x0000022cd6fe5740, 0x0000022cd6fe6340, 0x0000022cd6fec7a0,
0x0000022cd6fb3b70, 0x0000022cd702d7e0, 0x0000022cd702de80, 0x0000022cd752e820,
0x0000022cd77051d0, 0x0000022cd78b59c0, 0x0000022cd7949390, 0x0000022cd78f94a0,
0x0000022cd79a4c30, 0x0000022cdc8ea880, 0x0000022cdd6fce80, 0x0000022cdd853de0,
0x0000022cdd77be50, 0x0000022cdd8a3de0, 0x0000022cdd8a5190, 0x0000022cdd8a4470
}

Java Threads: ( => current thread )
  0x0000022cc1e91530 JavaThread "main"                              [_thread_blocked, id=7192, stack(0x00000032d8000000,0x00000032d8100000) (1024K)]
  0x0000022cd6fe0f80 JavaThread "Reference Handler"          daemon [_thread_blocked, id=8168, stack(0x00000032d8800000,0x00000032d8900000) (1024K)]
  0x0000022cd6fe1e40 JavaThread "Finalizer"                  daemon [_thread_blocked, id=10328, stack(0x00000032d8900000,0x00000032d8a00000) (1024K)]
  0x0000022cd6fe2d00 JavaThread "Signal Dispatcher"          daemon [_thread_blocked, id=1840, stack(0x00000032d8a00000,0x00000032d8b00000) (1024K)]
  0x0000022cd6fe4b40 JavaThread "Attach Listener"            daemon [_thread_blocked, id=1144, stack(0x00000032d8b00000,0x00000032d8c00000) (1024K)]
  0x0000022cd6fe5740 JavaThread "Service Thread"             daemon [_thread_blocked, id=14532, stack(0x00000032d8c00000,0x00000032d8d00000) (1024K)]
  0x0000022cd6fe6340 JavaThread "Monitor Deflation Thread"   daemon [_thread_blocked, id=5136, stack(0x00000032d8d00000,0x00000032d8e00000) (1024K)]
  0x0000022cd6fec7a0 JavaThread "C1 CompilerThread0"         daemon [_thread_blocked, id=2904, stack(0x00000032d8e00000,0x00000032d8f00000) (1024K)]
  0x0000022cd6fb3b70 JavaThread "Common-Cleaner"             daemon [_thread_blocked, id=15656, stack(0x00000032d8f00000,0x00000032d9000000) (1024K)]
  0x0000022cd702d7e0 JavaThread "C1 CompilerThread1"         daemon [_thread_blocked, id=1592, stack(0x00000032d9000000,0x00000032d9100000) (1024K)]
  0x0000022cd702de80 JavaThread "C1 CompilerThread2"         daemon [_thread_blocked, id=12448, stack(0x00000032d9100000,0x00000032d9200000) (1024K)]
  0x0000022cd752e820 JavaThread "Monitor Ctrl-Break"         daemon [_thread_in_native, id=15332, stack(0x00000032d9200000,0x00000032d9300000) (1024K)]
  0x0000022cd77051d0 JavaThread "Notification Thread"        daemon [_thread_blocked, id=11052, stack(0x00000032d9300000,0x00000032d9400000) (1024K)]
  0x0000022cd78b59c0 JavaThread "RMI TCP Accept-0"           daemon [_thread_in_native, id=10172, stack(0x00000032d9400000,0x00000032d9500000) (1024K)]
  0x0000022cd7949390 JavaThread "RMI TCP Connection(1)-192.168.1.26" daemon [_thread_in_native, id=2484, stack(0x00000032d9500000,0x00000032d9600000) (1024K)]
  0x0000022cd78f94a0 JavaThread "RMI Scheduler(0)"           daemon [_thread_blocked, id=19932, stack(0x00000032d9600000,0x00000032d9700000) (1024K)]
  0x0000022cd79a4c30 JavaThread "JMX server connection timeout 33" daemon [_thread_blocked, id=7388, stack(0x00000032d9e00000,0x00000032d9f00000) (1024K)]
  0x0000022cdc8ea880 JavaThread "C1 CompilerThread3"         daemon [_thread_blocked, id=5784, stack(0x00000032da000000,0x00000032da100000) (1024K)]
  0x0000022cdd6fce80 JavaThread "Catalina-utility-1"                [_thread_blocked, id=16876, stack(0x00000032d9f00000,0x00000032da000000) (1024K)]
  0x0000022cdd853de0 JavaThread "Catalina-utility-2"                [_thread_blocked, id=10464, stack(0x00000032da200000,0x00000032da300000) (1024K)]
  0x0000022cdd77be50 JavaThread "container-0"                       [_thread_blocked, id=19092, stack(0x00000032da300000,0x00000032da400000) (1024K)]
  0x0000022cdd8a3de0 JavaThread "mysql-cj-abandoned-connection-cleanup" daemon [_thread_blocked, id=17164, stack(0x00000032da400000,0x00000032da500000) (1024K)]
  0x0000022cdd8a5190 JavaThread "HikariPool-1 housekeeper"   daemon [_thread_blocked, id=576, stack(0x00000032da600000,0x00000032da700000) (1024K)]
  0x0000022cdd8a4470 JavaThread "HikariPool-1 connection adder" daemon [_thread_blocked, id=8200, stack(0x00000032da700000,0x00000032da800000) (1024K)]
Total: 24

Other Threads:
=>0x0000022cd6fc2df0 VMThread "VM Thread"                           [id=18776, stack(0x00000032d8700000,0x00000032d8800000) (1024K)]
  0x0000022cd6fb2db0 WatcherThread "VM Periodic Task Thread"        [id=17256, stack(0x00000032d8600000,0x00000032d8700000) (1024K)]
  0x0000022cc41248c0 WorkerThread "GC Thread#0"                     [id=9976, stack(0x00000032d8100000,0x00000032d8200000) (1024K)]
  0x0000022cd78f80c0 WorkerThread "GC Thread#1"                     [id=8280, stack(0x00000032d9700000,0x00000032d9800000) (1024K)]
  0x0000022cd799e7d0 WorkerThread "GC Thread#2"                     [id=19732, stack(0x00000032d9800000,0x00000032d9900000) (1024K)]
  0x0000022cd799eb70 WorkerThread "GC Thread#3"                     [id=10528, stack(0x00000032d9900000,0x00000032d9a00000) (1024K)]
  0x0000022cd79a0f20 WorkerThread "GC Thread#4"                     [id=16768, stack(0x00000032d9a00000,0x00000032d9b00000) (1024K)]
  0x0000022cd79a12c0 WorkerThread "GC Thread#5"                     [id=18532, stack(0x00000032d9b00000,0x00000032d9c00000) (1024K)]
  0x0000022cd79c8bb0 WorkerThread "GC Thread#6"                     [id=8016, stack(0x00000032d9c00000,0x00000032d9d00000) (1024K)]
  0x0000022cd79c8f50 WorkerThread "GC Thread#7"                     [id=13616, stack(0x00000032d9d00000,0x00000032d9e00000) (1024K)]
  0x0000022cc4135430 ConcurrentGCThread "G1 Main Marker"            [id=20464, stack(0x00000032d8200000,0x00000032d8300000) (1024K)]
  0x0000022cc4135d40 WorkerThread "G1 Conc#0"                       [id=7912, stack(0x00000032d8300000,0x00000032d8400000) (1024K)]
  0x0000022cdc4566d0 WorkerThread "G1 Conc#1"                       [id=5612, stack(0x00000032da100000,0x00000032da200000) (1024K)]
  0x0000022cd6e84590 ConcurrentGCThread "G1 Refine#0"               [id=3572, stack(0x00000032d8400000,0x00000032d8500000) (1024K)]
  0x0000022cd6e84f10 ConcurrentGCThread "G1 Service"                [id=14460, stack(0x00000032d8500000,0x00000032d8600000) (1024K)]
Total: 15

Threads with active compile tasks:
Total: 0

VM state: at safepoint (normal execution)

VM Mutex/Monitor currently owned by a thread:  ([mutex/lock_event])
[0x00007ffb9cf1de98] Threads_lock - owner thread: 0x0000022cd6fc2df0
[0x00007ffb9cf1df98] Heap_lock - owner thread: 0x0000022cc1e91530

Heap address: 0x0000000704200000, size: 4030 MB, Compressed Oops mode: Zero based, Oop shift amount: 3

CDS archive(s) mapped at: [0x0000022c80000000-0x0000022c80c90000-0x0000022c80c90000), size 13172736, SharedBaseAddress: 0x0000022c80000000, ArchiveRelocationMode: 1.
Compressed class space mapped at: 0x0000022c81000000-0x0000022cc1000000, reserved size: 1073741824
Narrow klass base: 0x0000022c80000000, Narrow klass shift: 0, Narrow klass range: 0x100000000

GC Precious Log:
 CardTable entry size: 512
 Card Set container configuration: InlinePtr #cards 4 size 8 Array Of Cards #cards 16 size 48 Howl #buckets 8 coarsen threshold 3686 Howl Bitmap #cards 512 size 80 coarsen threshold 460 Card regions per heap region 1 cards per card region 4096
 CPUs: 8 total, 8 available
 Memory: 16118M
 Large Page Support: Disabled
 NUMA Support: Disabled
 Compressed Oops: Enabled (Zero based)
 Heap Region Size: 2M
 Heap Min Capacity: 8M
 Heap Initial Capacity: 252M
 Heap Max Capacity: 4030M
 Pre-touch: Disabled
 Parallel Workers: 8
 Concurrent Workers: 2
 Concurrent Refinement Workers: 8
 Periodic GC: Disabled

Heap:
 garbage-first heap   total 112640K, used 49599K [0x0000000704200000, 0x0000000800000000)
  region size 2048K, 2 young (4096K), 2 survivors (4096K)
 Metaspace       used 78012K, committed 78848K, reserved 1179648K
  class space    used 11246K, committed 11584K, reserved 1048576K

Heap Regions: E=young(eden), S=young(survivor), O=old, HS=humongous(starts), HC=humongous(continues), CS=collection set, F=free, TAMS=top-at-mark-start, PB=parsable bottom
|   0|0x0000000704200000, 0x0000000704400000, 0x0000000704400000|100%| O|  |TAMS 0x0000000704200000| PB 0x0000000704200000| Untracked 
|   1|0x0000000704400000, 0x0000000704600000, 0x0000000704600000|100%| O|  |TAMS 0x0000000704400000| PB 0x0000000704400000| Untracked 
|   2|0x0000000704600000, 0x0000000704800000, 0x0000000704800000|100%| O|  |TAMS 0x0000000704600000| PB 0x0000000704600000| Untracked 
|   3|0x0000000704800000, 0x0000000704a00000, 0x0000000704a00000|100%| O|  |TAMS 0x0000000704800000| PB 0x0000000704800000| Untracked 
|   4|0x0000000704a00000, 0x0000000704c00000, 0x0000000704c00000|100%| O|  |TAMS 0x0000000704a00000| PB 0x0000000704a00000| Untracked 
|   5|0x0000000704c00000, 0x0000000704e00000, 0x0000000704e00000|100%| O|  |TAMS 0x0000000704c00000| PB 0x0000000704c00000| Untracked 
|   6|0x0000000704e00000, 0x0000000705000000, 0x0000000705000000|100%| O|  |TAMS 0x0000000704e00000| PB 0x0000000704e00000| Untracked 
|   7|0x0000000705000000, 0x0000000705200000, 0x0000000705200000|100%| O|  |TAMS 0x0000000705000000| PB 0x0000000705000000| Untracked 
|   8|0x0000000705200000, 0x0000000705400000, 0x0000000705400000|100%| O|  |TAMS 0x0000000705200000| PB 0x0000000705200000| Untracked 
|   9|0x0000000705400000, 0x0000000705600000, 0x0000000705600000|100%| O|  |TAMS 0x0000000705400000| PB 0x0000000705400000| Untracked 
|  10|0x0000000705600000, 0x0000000705800000, 0x0000000705800000|100%| O|  |TAMS 0x0000000705600000| PB 0x0000000705600000| Untracked 
|  11|0x0000000705800000, 0x0000000705a00000, 0x0000000705a00000|100%| O|  |TAMS 0x0000000705800000| PB 0x0000000705800000| Untracked 
|  12|0x0000000705a00000, 0x0000000705c00000, 0x0000000705c00000|100%| O|  |TAMS 0x0000000705a00000| PB 0x0000000705a00000| Untracked 
|  13|0x0000000705c00000, 0x0000000705e00000, 0x0000000705e00000|100%| O|  |TAMS 0x0000000705c00000| PB 0x0000000705c00000| Untracked 
|  14|0x0000000705e00000, 0x0000000706000000, 0x0000000706000000|100%| O|  |TAMS 0x0000000705e00000| PB 0x0000000705e00000| Untracked 
|  15|0x0000000706000000, 0x0000000706200000, 0x0000000706200000|100%| O|  |TAMS 0x0000000706000000| PB 0x0000000706000000| Untracked 
|  16|0x0000000706200000, 0x0000000706400000, 0x0000000706400000|100%| O|  |TAMS 0x0000000706200000| PB 0x0000000706200000| Untracked 
|  17|0x0000000706400000, 0x0000000706400000, 0x0000000706600000|  0%| F|  |TAMS 0x0000000706400000| PB 0x0000000706400000| Untracked 
|  18|0x0000000706600000, 0x0000000706800000, 0x0000000706800000|100%| O|  |TAMS 0x0000000706600000| PB 0x0000000706600000| Untracked 
|  19|0x0000000706800000, 0x0000000706a00000, 0x0000000706a00000|100%| O|  |TAMS 0x0000000706800000| PB 0x0000000706800000| Untracked 
|  20|0x0000000706a00000, 0x0000000706c00000, 0x0000000706c00000|100%| O|  |TAMS 0x0000000706a00000| PB 0x0000000706a00000| Untracked 
|  21|0x0000000706c00000, 0x0000000706d48588, 0x0000000706e00000| 64%| O|  |TAMS 0x0000000706c00000| PB 0x0000000706c00000| Untracked 
|  22|0x0000000706e00000, 0x0000000707000000, 0x0000000707000000|100%| O|  |TAMS 0x0000000706e00000| PB 0x0000000706e00000| Untracked 
|  23|0x0000000707000000, 0x0000000707000000, 0x0000000707200000|  0%| F|  |TAMS 0x0000000707000000| PB 0x0000000707000000| Untracked 
|  24|0x0000000707200000, 0x0000000707200000, 0x0000000707400000|  0%| F|  |TAMS 0x0000000707200000| PB 0x0000000707200000| Untracked 
|  25|0x0000000707400000, 0x0000000707400000, 0x0000000707600000|  0%| F|  |TAMS 0x0000000707400000| PB 0x0000000707400000| Untracked 
|  26|0x0000000707600000, 0x0000000707600000, 0x0000000707800000|  0%| F|  |TAMS 0x0000000707600000| PB 0x0000000707600000| Untracked 
|  27|0x0000000707800000, 0x0000000707927950, 0x0000000707a00000| 57%| S|CS|TAMS 0x0000000707800000| PB 0x0000000707800000| Complete 
|  28|0x0000000707a00000, 0x0000000707c00000, 0x0000000707c00000|100%| S|CS|TAMS 0x0000000707a00000| PB 0x0000000707a00000| Complete 
|  29|0x0000000707c00000, 0x0000000707c00000, 0x0000000707e00000|  0%| F|  |TAMS 0x0000000707c00000| PB 0x0000000707c00000| Untracked 
|  30|0x0000000707e00000, 0x0000000707e00000, 0x0000000708000000|  0%| F|  |TAMS 0x0000000707e00000| PB 0x0000000707e00000| Untracked 
|  31|0x0000000708000000, 0x0000000708000000, 0x0000000708200000|  0%| F|  |TAMS 0x0000000708000000| PB 0x0000000708000000| Untracked 
|  32|0x0000000708200000, 0x0000000708200000, 0x0000000708400000|  0%| F|  |TAMS 0x0000000708200000| PB 0x0000000708200000| Untracked 
|  33|0x0000000708400000, 0x0000000708400000, 0x0000000708600000|  0%| F|  |TAMS 0x0000000708400000| PB 0x0000000708400000| Untracked 
|  34|0x0000000708600000, 0x0000000708600000, 0x0000000708800000|  0%| F|  |TAMS 0x0000000708600000| PB 0x0000000708600000| Untracked 
|  35|0x0000000708800000, 0x0000000708800000, 0x0000000708a00000|  0%| F|  |TAMS 0x0000000708800000| PB 0x0000000708800000| Untracked 
|  36|0x0000000708a00000, 0x0000000708a00000, 0x0000000708c00000|  0%| F|  |TAMS 0x0000000708a00000| PB 0x0000000708a00000| Untracked 
|  37|0x0000000708c00000, 0x0000000708c00000, 0x0000000708e00000|  0%| F|  |TAMS 0x0000000708c00000| PB 0x0000000708c00000| Untracked 
|  38|0x0000000708e00000, 0x0000000708e00000, 0x0000000709000000|  0%| F|  |TAMS 0x0000000708e00000| PB 0x0000000708e00000| Untracked 
|  39|0x0000000709000000, 0x0000000709000000, 0x0000000709200000|  0%| F|  |TAMS 0x0000000709000000| PB 0x0000000709000000| Untracked 
|  40|0x0000000709200000, 0x0000000709200000, 0x0000000709400000|  0%| F|  |TAMS 0x0000000709200000| PB 0x0000000709200000| Untracked 
|  41|0x0000000709400000, 0x0000000709400000, 0x0000000709600000|  0%| F|  |TAMS 0x0000000709400000| PB 0x0000000709400000| Untracked 
|  42|0x0000000709600000, 0x0000000709600000, 0x0000000709800000|  0%| F|  |TAMS 0x0000000709600000| PB 0x0000000709600000| Untracked 
|  43|0x0000000709800000, 0x0000000709800000, 0x0000000709a00000|  0%| F|  |TAMS 0x0000000709800000| PB 0x0000000709800000| Untracked 
|  44|0x0000000709a00000, 0x0000000709a00000, 0x0000000709c00000|  0%| F|  |TAMS 0x0000000709a00000| PB 0x0000000709a00000| Untracked 
|  45|0x0000000709c00000, 0x0000000709c00000, 0x0000000709e00000|  0%| F|  |TAMS 0x0000000709c00000| PB 0x0000000709c00000| Untracked 
|  46|0x0000000709e00000, 0x0000000709e00000, 0x000000070a000000|  0%| F|  |TAMS 0x0000000709e00000| PB 0x0000000709e00000| Untracked 
|  47|0x000000070a000000, 0x000000070a000000, 0x000000070a200000|  0%| F|  |TAMS 0x000000070a000000| PB 0x000000070a000000| Untracked 
|  48|0x000000070a200000, 0x000000070a200000, 0x000000070a400000|  0%| F|  |TAMS 0x000000070a200000| PB 0x000000070a200000| Untracked 
|  49|0x000000070a400000, 0x000000070a400000, 0x000000070a600000|  0%| F|  |TAMS 0x000000070a400000| PB 0x000000070a400000| Untracked 
|  50|0x000000070a600000, 0x000000070a600000, 0x000000070a800000|  0%| F|  |TAMS 0x000000070a600000| PB 0x000000070a600000| Untracked 
|  71|0x000000070d000000, 0x000000070d000000, 0x000000070d200000|  0%| F|  |TAMS 0x000000070d000000| PB 0x000000070d000000| Untracked 
|  72|0x000000070d200000, 0x000000070d200000, 0x000000070d400000|  0%| F|  |TAMS 0x000000070d200000| PB 0x000000070d200000| Untracked 
| 125|0x0000000713c00000, 0x0000000713c00000, 0x0000000713e00000|  0%| F|  |TAMS 0x0000000713c00000| PB 0x0000000713c00000| Untracked 
|2014|0x00000007ffe00000, 0x0000000800000000, 0x0000000800000000|100%| O|  |TAMS 0x00000007ffe00000| PB 0x00000007ffe00000| Untracked 

Card table byte_map: [0x0000022ccfe30000,0x0000022cd0610000] _byte_map_base: 0x0000022ccc60f000

Marking Bits: (CMBitMap*) 0x0000022cc4124dd0
 Bits: [0x0000022cd0610000, 0x0000022cd4508000)

Polling page: 0x0000022cc20c0000

Metaspace:

Usage:
  Non-class:     65.20 MB used.
      Class:     10.98 MB used.
       Both:     76.18 MB used.

Virtual space:
  Non-class space:      128.00 MB reserved,      65.69 MB ( 51%) committed,  2 nodes.
      Class space:        1.00 GB reserved,      11.31 MB (  1%) committed,  1 nodes.
             Both:        1.12 GB reserved,      77.00 MB (  7%) committed. 

Chunk freelists:
   Non-Class:  14.30 MB
       Class:  4.69 MB
        Both:  18.98 MB

MaxMetaspaceSize: unlimited
CompressedClassSpaceSize: 1.00 GB
Initial GC threshold: 21.00 MB
Current GC threshold: 123.06 MB
CDS: on
 - commit_granule_bytes: 65536.
 - commit_granule_words: 8192.
 - virtual_space_node_default_size: 8388608.
 - enlarge_chunks_in_place: 1.
 - use_allocation_guard: 0.


Internal statistics:

num_allocs_failed_limit: 9.
num_arena_births: 1138.
num_arena_deaths: 0.
num_vsnodes_births: 3.
num_vsnodes_deaths: 0.
num_space_committed: 1232.
num_space_uncommitted: 0.
num_chunks_returned_to_freelist: 9.
num_chunks_taken_from_freelist: 3810.
num_chunk_merges: 6.
num_chunk_splits: 2808.
num_chunks_enlarged: 2203.
num_inconsistent_stats: 0.

CodeCache: size=49152Kb used=14224Kb max_used=15449Kb free=34928Kb
 bounds [0x0000022ccc540000, 0x0000022ccd460000, 0x0000022ccf540000]
 total_blobs=7655 nmethods=6913 adapters=661
 compilation: enabled
              stopped_count=0, restarted_count=0
 full_count=0

Compilation events (20 events):
Event: 14.452 Thread 0x0000022cdc8ea880 8384       1       jdk.xml.internal.XMLSecurityManager$Limit::systemProperty (5 bytes)
Event: 14.452 Thread 0x0000022cdc8ea880 nmethod 8384 0x0000022cccb04390 code [0x0000022cccb04520, 0x0000022cccb045f0]
Event: 14.452 Thread 0x0000022cdc8ea880 8385       1       com.fasterxml.jackson.databind.type.ClassKey::<init> (29 bytes)
Event: 14.452 Thread 0x0000022cdc8ea880 nmethod 8385 0x0000022cccd4a090 code [0x0000022cccd4a240, 0x0000022cccd4a440]
Event: 14.475 Thread 0x0000022cdc8ea880 8386       1       com.fasterxml.jackson.databind.JavaType::getRawClass (5 bytes)
Event: 14.475 Thread 0x0000022cdc8ea880 nmethod 8386 0x0000022cccb05110 code [0x0000022cccb052a0, 0x0000022cccb05370]
Event: 14.482 Thread 0x0000022cdc8ea880 8387       1       java.util.concurrent.atomic.AtomicReferenceArray::get (12 bytes)
Event: 14.482 Thread 0x0000022cd702de80 8389       1       java.lang.invoke.VarHandleReferences$Array::getVolatile (49 bytes)
Event: 14.482 Thread 0x0000022cd6fec7a0 8388       1       java.lang.invoke.VarHandleGuards::guard_LI_L (89 bytes)
Event: 14.483 Thread 0x0000022cd702de80 nmethod 8389 0x0000022ccc8af690 code [0x0000022ccc8af860, 0x0000022ccc8afb38]
Event: 14.483 Thread 0x0000022cdc8ea880 nmethod 8387 0x0000022cccd00a90 code [0x0000022cccd00c60, 0x0000022cccd00fe0]
Event: 14.483 Thread 0x0000022cdc8ea880 8390       1       com.fasterxml.jackson.databind.JavaType::hashCode (5 bytes)
Event: 14.483 Thread 0x0000022cdc8ea880 nmethod 8390 0x0000022cccb12110 code [0x0000022cccb122a0, 0x0000022cccb12368]
Event: 14.484 Thread 0x0000022cd6fec7a0 nmethod 8388 0x0000022ccc89b610 code [0x0000022ccc89b8c0, 0x0000022ccc89c408]
Event: 14.490 Thread 0x0000022cdc8ea880 8391       1       org.springframework.core.MethodParameter::getParameterName (114 bytes)
Event: 14.491 Thread 0x0000022cdc8ea880 nmethod 8391 0x0000022ccca29190 code [0x0000022ccca29360, 0x0000022ccca29720]
Event: 14.491 Thread 0x0000022cdc8ea880 8392       1       java.lang.invoke.LambdaForm$MH/0x0000022c81968000::invoke (42 bytes)
Event: 14.492 Thread 0x0000022cdc8ea880 nmethod 8392 0x0000022cccdeb990 code [0x0000022cccdebb80, 0x0000022cccdebdc8]
Event: 14.506 Thread 0x0000022cdc8ea880 8393       1       org.springframework.boot.web.servlet.context.WebApplicationContextServletContextAwareProcessor::getServletContext (23 bytes)
Event: 14.506 Thread 0x0000022cdc8ea880 nmethod 8393 0x0000022cccd8c410 code [0x0000022cccd8c5e0, 0x0000022cccd8c800]

GC Heap History (20 events):
Event: 11.048 GC heap after
{Heap after GC invocations=12 (full 0):
 garbage-first heap   total 96256K, used 29703K [0x0000000704200000, 0x0000000800000000)
  region size 2048K, 4 young (8192K), 4 survivors (8192K)
 Metaspace       used 59409K, committed 59968K, reserved 1114112K
  class space    used 8211K, committed 8448K, reserved 1048576K
}
Event: 11.084 GC heap before
{Heap before GC invocations=12 (full 0):
 garbage-first heap   total 96256K, used 29703K [0x0000000704200000, 0x0000000800000000)
  region size 2048K, 5 young (10240K), 4 survivors (8192K)
 Metaspace       used 59621K, committed 60288K, reserved 1114112K
  class space    used 8260K, committed 8576K, reserved 1048576K
}
Event: 11.088 GC heap after
{Heap after GC invocations=13 (full 0):
 garbage-first heap   total 96256K, used 29813K [0x0000000704200000, 0x0000000800000000)
  region size 2048K, 2 young (4096K), 2 survivors (4096K)
 Metaspace       used 59621K, committed 60288K, reserved 1114112K
  class space    used 8260K, committed 8576K, reserved 1048576K
}
Event: 12.218 GC heap before
{Heap before GC invocations=14 (full 0):
 garbage-first heap   total 96256K, used 81013K [0x0000000704200000, 0x0000000800000000)
  region size 2048K, 28 young (57344K), 2 survivors (4096K)
 Metaspace       used 65855K, committed 66624K, reserved 1114112K
  class space    used 9315K, committed 9664K, reserved 1048576K
}
Event: 12.223 GC heap after
{Heap after GC invocations=15 (full 0):
 garbage-first heap   total 96256K, used 32381K [0x0000000704200000, 0x0000000800000000)
  region size 2048K, 3 young (6144K), 3 survivors (6144K)
 Metaspace       used 65855K, committed 66624K, reserved 1114112K
  class space    used 9315K, committed 9664K, reserved 1048576K
}
Event: 12.980 GC heap before
{Heap before GC invocations=15 (full 0):
 garbage-first heap   total 96256K, used 79485K [0x0000000704200000, 0x0000000800000000)
  region size 2048K, 27 young (55296K), 3 survivors (6144K)
 Metaspace       used 71392K, committed 72192K, reserved 1114112K
  class space    used 10203K, committed 10560K, reserved 1048576K
}
Event: 12.987 GC heap after
{Heap after GC invocations=16 (full 0):
 garbage-first heap   total 96256K, used 35811K [0x0000000704200000, 0x0000000800000000)
  region size 2048K, 4 young (8192K), 4 survivors (8192K)
 Metaspace       used 71392K, committed 72192K, reserved 1114112K
  class space    used 10203K, committed 10560K, reserved 1048576K
}
Event: 13.297 GC heap before
{Heap before GC invocations=16 (full 0):
 garbage-first heap   total 96256K, used 78819K [0x0000000704200000, 0x0000000800000000)
  region size 2048K, 25 young (51200K), 4 survivors (8192K)
 Metaspace       used 74543K, committed 75328K, reserved 1114112K
  class space    used 10745K, committed 11072K, reserved 1048576K
}
Event: 13.302 GC heap after
{Heap after GC invocations=17 (full 0):
 garbage-first heap   total 96256K, used 38030K [0x0000000704200000, 0x0000000800000000)
  region size 2048K, 3 young (6144K), 3 survivors (6144K)
 Metaspace       used 74543K, committed 75328K, reserved 1114112K
  class space    used 10745K, committed 11072K, reserved 1048576K
}
Event: 13.498 GC heap before
{Heap before GC invocations=17 (full 0):
 garbage-first heap   total 96256K, used 83086K [0x0000000704200000, 0x0000000800000000)
  region size 2048K, 25 young (51200K), 3 survivors (6144K)
 Metaspace       used 74757K, committed 75584K, reserved 1114112K
  class space    used 10765K, committed 11136K, reserved 1048576K
}
Event: 13.503 GC heap after
{Heap after GC invocations=18 (full 0):
 garbage-first heap   total 96256K, used 39141K [0x0000000704200000, 0x0000000800000000)
  region size 2048K, 2 young (4096K), 2 survivors (4096K)
 Metaspace       used 74757K, committed 75584K, reserved 1114112K
  class space    used 10765K, committed 11136K, reserved 1048576K
}
Event: 13.609 GC heap before
{Heap before GC invocations=19 (full 0):
 garbage-first heap   total 96256K, used 84197K [0x0000000704200000, 0x0000000800000000)
  region size 2048K, 24 young (49152K), 2 survivors (4096K)
 Metaspace       used 74771K, committed 75584K, reserved 1114112K
  class space    used 10766K, committed 11136K, reserved 1048576K
}
Event: 13.612 GC heap after
{Heap after GC invocations=20 (full 0):
 garbage-first heap   total 96256K, used 42221K [0x0000000704200000, 0x0000000800000000)
  region size 2048K, 3 young (6144K), 3 survivors (6144K)
 Metaspace       used 74771K, committed 75584K, reserved 1114112K
  class space    used 10766K, committed 11136K, reserved 1048576K
}
Event: 13.728 GC heap before
{Heap before GC invocations=20 (full 0):
 garbage-first heap   total 96256K, used 83181K [0x0000000704200000, 0x0000000800000000)
  region size 2048K, 23 young (47104K), 3 survivors (6144K)
 Metaspace       used 74856K, committed 75648K, reserved 1114112K
  class space    used 10789K, committed 11136K, reserved 1048576K
}
Event: 13.734 GC heap after
{Heap after GC invocations=21 (full 0):
 garbage-first heap   total 98304K, used 46406K [0x0000000704200000, 0x0000000800000000)
  region size 2048K, 3 young (6144K), 3 survivors (6144K)
 Metaspace       used 74856K, committed 75648K, reserved 1114112K
  class space    used 10789K, committed 11136K, reserved 1048576K
}
Event: 13.818 GC heap before
{Heap before GC invocations=21 (full 0):
 garbage-first heap   total 98304K, used 83270K [0x0000000704200000, 0x0000000800000000)
  region size 2048K, 21 young (43008K), 3 survivors (6144K)
 Metaspace       used 74856K, committed 75648K, reserved 1114112K
  class space    used 10789K, committed 11136K, reserved 1048576K
}
Event: 13.821 GC heap after
{Heap after GC invocations=22 (full 0):
 garbage-first heap   total 98304K, used 49208K [0x0000000704200000, 0x0000000800000000)
  region size 2048K, 2 young (4096K), 2 survivors (4096K)
 Metaspace       used 74856K, committed 75648K, reserved 1114112K
  class space    used 10789K, committed 11136K, reserved 1048576K
}
Event: 13.939 GC heap before
{Heap before GC invocations=23 (full 0):
 garbage-first heap   total 112640K, used 84024K [0x0000000704200000, 0x0000000800000000)
  region size 2048K, 19 young (38912K), 2 survivors (4096K)
 Metaspace       used 74856K, committed 75648K, reserved 1114112K
  class space    used 10789K, committed 11136K, reserved 1048576K
}
Event: 13.942 GC heap after
{Heap after GC invocations=24 (full 0):
 garbage-first heap   total 112640K, used 52018K [0x0000000704200000, 0x0000000800000000)
  region size 2048K, 3 young (6144K), 3 survivors (6144K)
 Metaspace       used 74856K, committed 75648K, reserved 1114112K
  class space    used 10789K, committed 11136K, reserved 1048576K
}
Event: 14.516 GC heap before
{Heap before GC invocations=24 (full 0):
 garbage-first heap   total 112640K, used 97074K [0x0000000704200000, 0x0000000800000000)
  region size 2048K, 25 young (51200K), 3 survivors (6144K)
 Metaspace       used 78012K, committed 78848K, reserved 1179648K
  class space    used 11246K, committed 11584K, reserved 1048576K
}

Dll operation events (12 events):
Event: 0.044 Loaded shared library D:\Java\jdk21\bin\java.dll
Event: 0.170 Loaded shared library D:\Java\jdk21\bin\zip.dll
Event: 0.173 Loaded shared library D:\java\jdk21\bin\instrument.dll
Event: 0.177 Loaded shared library D:\java\jdk21\bin\net.dll
Event: 0.178 Loaded shared library D:\java\jdk21\bin\nio.dll
Event: 0.181 Loaded shared library D:\java\jdk21\bin\zip.dll
Event: 0.243 Loaded shared library D:\java\jdk21\bin\jimage.dll
Event: 3.409 Loaded shared library D:\java\jdk21\bin\extnet.dll
Event: 3.431 Loaded shared library D:\java\jdk21\bin\management.dll
Event: 3.443 Loaded shared library D:\java\jdk21\bin\management_ext.dll
Event: 4.939 Loaded shared library D:\java\jdk21\bin\sunmscapi.dll
Event: 7.886 Loaded shared library D:\Java\jdk21\bin\verify.dll

Deoptimization events (0 events):
No events

Classes loaded (20 events):
Event: 12.760 Loading class java/io/OptionalDataException
Event: 12.760 Loading class java/io/OptionalDataException done
Event: 14.075 Loading class java/lang/UnknownError
Event: 14.075 Loading class java/lang/UnknownError done
Event: 14.169 Loading class jdk/internal/vm/annotation/Stable
Event: 14.169 Loading class jdk/internal/vm/annotation/Stable done
Event: 14.169 Loading class java/lang/constant/ClassDesc
Event: 14.170 Loading class java/lang/constant/ClassDesc done
Event: 14.170 Loading class java/lang/Enum$EnumDesc
Event: 14.170 Loading class java/lang/constant/DynamicConstantDesc
Event: 14.170 Loading class java/lang/constant/DynamicConstantDesc done
Event: 14.170 Loading class java/lang/Enum$EnumDesc done
Event: 14.206 Loading class java/util/EnumMap$EntrySet
Event: 14.207 Loading class java/util/EnumMap$EntrySet done
Event: 14.207 Loading class java/util/EnumMap$EntryIterator
Event: 14.207 Loading class java/util/EnumMap$EnumMapIterator
Event: 14.207 Loading class java/util/EnumMap$EnumMapIterator done
Event: 14.207 Loading class java/util/EnumMap$EntryIterator done
Event: 14.408 Loading class java/util/AbstractList$SubList$1
Event: 14.408 Loading class java/util/AbstractList$SubList$1 done

Classes unloaded (0 events):
No events

Classes redefined (0 events):
No events

Internal exceptions (20 events):
Event: 11.926 Thread 0x0000022cc1e91530 Exception <a 'java/lang/NoSuchMethodError'{0x00000007075cc8b8}: 'java.lang.Object java.lang.invoke.Invokers$Holder.linkToTargetMethod(java.lang.Object, java.lang.Object, java.lang.Object, java.lang.Object, java.lang.Object, java.lang.Object, java.lang.Object, java.lang.Object, java.lang.Object, java.lang.Object, java.lang.Object, java.lang.Object)'> (0x00000007075cc8b8) 
thrown [s\open\src\hotspot\share\interpreter\linkResolver.cpp, line 773]
Event: 11.996 Thread 0x0000022cc1e91530 Exception <a 'java/lang/IncompatibleClassChangeError'{0x00000007073e8e78}: Found class java.lang.Object, but interface was expected> (0x00000007073e8e78) 
thrown [s\open\src\hotspot\share\interpreter\linkResolver.cpp, line 840]
Event: 12.016 Thread 0x0000022cc1e91530 Exception <a 'java/lang/NoSuchMethodError'{0x0000000707096518}: 'java.lang.Object java.lang.invoke.DirectMethodHandle$Holder.newInvokeSpecial(java.lang.Object, java.lang.Object, int, java.lang.Object, int, java.lang.Object, java.lang.Object)'> (0x0000000707096518) 
thrown [s\open\src\hotspot\share\interpreter\linkResolver.cpp, line 773]
Event: 12.030 Thread 0x0000022cc1e91530 Exception <a 'java/lang/NoSuchMethodError'{0x00000007071291f0}: 'java.lang.Object java.lang.invoke.DirectMethodHandle$Holder.newInvokeSpecial(java.lang.Object, java.lang.Object, java.lang.Object, java.lang.Object, java.lang.Object, java.lang.Object, java.lang.Object, int)'> (0x00000007071291f0) 
thrown [s\open\src\hotspot\share\interpreter\linkResolver.cpp, line 773]
Event: 12.030 Thread 0x0000022cc1e91530 Exception <a 'java/lang/NoSuchMethodError'{0x000000070712d760}: 'java.lang.Object java.lang.invoke.DirectMethodHandle$Holder.invokeSpecial(java.lang.Object, java.lang.Object, java.lang.Object, java.lang.Object, java.lang.Object, java.lang.Object, java.lang.Object, java.lang.Object, int)'> (0x000000070712d760) 
thrown [s\open\src\hotspot\share\interpreter\linkResolver.cpp, line 773]
Event: 12.031 Thread 0x0000022cc1e91530 Exception <a 'java/lang/NoSuchMethodError'{0x0000000707131788}: 'java.lang.Object java.lang.invoke.Invokers$Holder.linkToTargetMethod(java.lang.Object, java.lang.Object, java.lang.Object, java.lang.Object, java.lang.Object, java.lang.Object, int, java.lang.Object)'> (0x0000000707131788) 
thrown [s\open\src\hotspot\share\interpreter\linkResolver.cpp, line 773]
Event: 12.083 Thread 0x0000022cc1e91530 Exception <a 'java/lang/NoSuchMethodError'{0x0000000706ee0a38}: 'void java.lang.invoke.DirectMethodHandle$Holder.invokeInterface(java.lang.Object, java.lang.Object)'> (0x0000000706ee0a38) 
thrown [s\open\src\hotspot\share\interpreter\linkResolver.cpp, line 773]
Event: 12.251 Thread 0x0000022cc1e91530 Exception <a 'java/lang/IncompatibleClassChangeError'{0x000000070d316690}: Found class java.lang.Object, but interface was expected> (0x000000070d316690) 
thrown [s\open\src\hotspot\share\interpreter\linkResolver.cpp, line 840]
Event: 12.287 Thread 0x0000022cc1e91530 Exception <a 'java/lang/IncompatibleClassChangeError'{0x000000070d141970}: Found class java.lang.Object, but interface was expected> (0x000000070d141970) 
thrown [s\open\src\hotspot\share\interpreter\linkResolver.cpp, line 840]
Event: 12.484 Thread 0x0000022cc1e91530 Exception <a 'java/lang/IncompatibleClassChangeError'{0x0000000708e7a4d0}: Found class java.lang.Object, but interface was expected> (0x0000000708e7a4d0) 
thrown [s\open\src\hotspot\share\interpreter\linkResolver.cpp, line 840]
Event: 12.566 Thread 0x0000022cc1e91530 Exception <a 'java/lang/IncompatibleClassChangeError'{0x0000000708d6bfa8}: Found class java.lang.Object, but interface was expected> (0x0000000708d6bfa8) 
thrown [s\open\src\hotspot\share\interpreter\linkResolver.cpp, line 840]
Event: 12.566 Thread 0x0000022cc1e91530 Exception <a 'java/lang/IncompatibleClassChangeError'{0x0000000708d717a0}: Found class java.lang.Object, but interface was expected> (0x0000000708d717a0) 
thrown [s\open\src\hotspot\share\interpreter\linkResolver.cpp, line 840]
Event: 12.615 Thread 0x0000022cc1e91530 Exception <a 'java/lang/NoSuchMethodError'{0x0000000708b3cfd8}: 'java.lang.Object java.lang.invoke.DirectMethodHandle$Holder.invokeStatic(java.lang.Object, int, java.lang.Object)'> (0x0000000708b3cfd8) 
thrown [s\open\src\hotspot\share\interpreter\linkResolver.cpp, line 773]
Event: 12.684 Thread 0x0000022cc1e91530 Exception <a 'java/lang/NoSuchMethodError'{0x000000070820e598}: 'void java.lang.invoke.Invokers$Holder.invokeExact_MT(java.lang.Object, java.lang.Object, int, java.lang.Object)'> (0x000000070820e598) 
thrown [s\open\src\hotspot\share\interpreter\linkResolver.cpp, line 773]
Event: 12.706 Thread 0x0000022cc1e91530 Exception <a 'java/io/FileNotFoundException'{0x000000070834c508}> (0x000000070834c508) 
thrown [s\open\src\hotspot\share\prims\jni.cpp, line 520]
Event: 12.707 Thread 0x0000022cc1e91530 Exception <a 'java/io/FileNotFoundException'{0x00000007083564e0}> (0x00000007083564e0) 
thrown [s\open\src\hotspot\share\prims\jni.cpp, line 520]
Event: 12.741 Thread 0x0000022cc1e91530 Exception <a 'java/lang/NoSuchMethodError'{0x0000000707eaed30}: 'int java.lang.invoke.DirectMethodHandle$Holder.invokeStaticInit(java.lang.Object, int, java.lang.Object, java.lang.Object, java.lang.Object, java.lang.Object)'> (0x0000000707eaed30) 
thrown [s\open\src\hotspot\share\interpreter\linkResolver.cpp, line 773]
Event: 14.141 Thread 0x0000022cc1e91530 Exception <a 'java/lang/NoSuchMethodError'{0x0000000709df6020}: 'java.lang.Object java.lang.invoke.DirectMethodHandle$Holder.newInvokeSpecial(java.lang.Object, java.lang.Object, java.lang.Object, java.lang.Object, java.lang.Object, java.lang.Object, java.lang.Object, java.lang.Object)'> (0x0000000709df6020) 
thrown [s\open\src\hotspot\share\interpreter\linkResolver.cpp, line 773]
Event: 14.174 Thread 0x0000022cc1e91530 Exception <a 'java/lang/IncompatibleClassChangeError'{0x00000007098ed4f0}: Found class java.lang.Object, but interface was expected> (0x00000007098ed4f0) 
thrown [s\open\src\hotspot\share\interpreter\linkResolver.cpp, line 840]
Event: 14.507 Thread 0x0000022cc1e91530 Exception <a 'java/lang/IncompatibleClassChangeError'{0x0000000707d74740}: Found class java.lang.Object, but interface was expected> (0x0000000707d74740) 
thrown [s\open\src\hotspot\share\interpreter\linkResolver.cpp, line 840]

ZGC Phase Switch (0 events):
No events

VM Operations (20 events):
Event: 13.536 Executing VM operation: G1PauseRemark done
Event: 13.545 Executing VM operation: G1PauseCleanup
Event: 13.545 Executing VM operation: G1PauseCleanup done
Event: 13.609 Executing VM operation: G1CollectForAllocation (G1 Evacuation Pause)
Event: 13.612 Executing VM operation: G1CollectForAllocation (G1 Evacuation Pause) done
Event: 13.728 Executing VM operation: G1CollectForAllocation (G1 Evacuation Pause)
Event: 13.734 Executing VM operation: G1CollectForAllocation (G1 Evacuation Pause) done
Event: 13.817 Executing VM operation: G1CollectForAllocation (G1 Evacuation Pause)
Event: 13.821 Executing VM operation: G1CollectForAllocation (G1 Evacuation Pause) done
Event: 13.869 Executing VM operation: G1PauseRemark
Event: 13.873 Executing VM operation: G1PauseRemark done
Event: 13.888 Executing VM operation: G1PauseCleanup
Event: 13.888 Executing VM operation: G1PauseCleanup done
Event: 13.939 Executing VM operation: G1CollectForAllocation (G1 Evacuation Pause)
Event: 13.943 Executing VM operation: G1CollectForAllocation (G1 Evacuation Pause) done
Event: 14.380 Executing VM operation: HandshakeAllThreads (Deoptimize)
Event: 14.380 Executing VM operation: HandshakeAllThreads (Deoptimize) done
Event: 14.381 Executing VM operation: HandshakeAllThreads (Deoptimize)
Event: 14.381 Executing VM operation: HandshakeAllThreads (Deoptimize) done
Event: 14.516 Executing VM operation: G1CollectForAllocation (G1 Evacuation Pause)

Events (20 events):
Event: 13.872 Thread 0x0000022cd6fc2df0 flushing nmethod 0x0000022ccce98810
Event: 13.872 Thread 0x0000022cd6fc2df0 flushing nmethod 0x0000022ccce99090
Event: 13.872 Thread 0x0000022cd6fc2df0 flushing nmethod 0x0000022ccce99410
Event: 13.872 Thread 0x0000022cd6fc2df0 flushing nmethod 0x0000022ccce99790
Event: 13.872 Thread 0x0000022cd6fc2df0 flushing nmethod 0x0000022ccce99c10
Event: 13.872 Thread 0x0000022cd6fc2df0 flushing nmethod 0x0000022ccceb3590
Event: 13.872 Thread 0x0000022cd6fc2df0 flushing nmethod 0x0000022ccceb3f10
Event: 13.872 Thread 0x0000022cd6fc2df0 flushing nmethod 0x0000022ccceb4490
Event: 13.872 Thread 0x0000022cd6fc2df0 flushing nmethod 0x0000022ccceeb110
Event: 13.872 Thread 0x0000022cd6fc2df0 flushing nmethod 0x0000022ccceec510
Event: 13.872 Thread 0x0000022cd6fc2df0 flushing nmethod 0x0000022cccf09510
Event: 13.872 Thread 0x0000022cd6fc2df0 flushing nmethod 0x0000022cccf0c710
Event: 13.872 Thread 0x0000022cd6fc2df0 flushing nmethod 0x0000022cccf0d990
Event: 13.872 Thread 0x0000022cd6fc2df0 flushing nmethod 0x0000022cccf26f10
Event: 13.872 Thread 0x0000022cd6fc2df0 flushing nmethod 0x0000022cccf28f90
Event: 13.872 Thread 0x0000022cd6fc2df0 flushing nmethod 0x0000022cccf4bb10
Event: 13.872 Thread 0x0000022cd6fc2df0 flushing nmethod 0x0000022ccd17bb90
Event: 13.872 Thread 0x0000022cd6fc2df0 flushing nmethod 0x0000022ccd24ba10
Event: 13.872 Thread 0x0000022cd6fc2df0 flushing nmethod 0x0000022ccd3b1d10
Event: 13.872 Thread 0x0000022cd6fc2df0 flushing nmethod 0x0000022ccd3b8590


Dynamic libraries:
0x00007ff6210b0000 - 0x00007ff6210c0000 	D:\Java\jdk21\bin\java.exe
0x00007ffc4c830000 - 0x00007ffc4ca28000 	C:\WINDOWS\SYSTEM32\ntdll.dll
0x00007ffc4b040000 - 0x00007ffc4b102000 	C:\WINDOWS\System32\KERNEL32.DLL
0x00007ffc4a1b0000 - 0x00007ffc4a4a6000 	C:\WINDOWS\System32\KERNELBASE.dll
0x00007ffc4a6d0000 - 0x00007ffc4a7d0000 	C:\WINDOWS\System32\ucrtbase.dll
0x00007ffc159f0000 - 0x00007ffc15a0b000 	D:\Java\jdk21\bin\VCRUNTIME140.dll
0x00007ffc173f0000 - 0x00007ffc17409000 	D:\Java\jdk21\bin\jli.dll
0x00007ffc4a8e0000 - 0x00007ffc4a98f000 	C:\WINDOWS\System32\ADVAPI32.dll
0x00007ffc4bbe0000 - 0x00007ffc4bc7e000 	C:\WINDOWS\System32\msvcrt.dll
0x00007ffc4ad20000 - 0x00007ffc4adbf000 	C:\WINDOWS\System32\sechost.dll
0x00007ffc4abe0000 - 0x00007ffc4ad03000 	C:\WINDOWS\System32\RPCRT4.dll
0x00007ffc4a4e0000 - 0x00007ffc4a507000 	C:\WINDOWS\System32\bcrypt.dll
0x00007ffc4b890000 - 0x00007ffc4ba2d000 	C:\WINDOWS\System32\USER32.dll
0x00007ffc4a4b0000 - 0x00007ffc4a4d2000 	C:\WINDOWS\System32\win32u.dll
0x00007ffc37a80000 - 0x00007ffc37d1a000 	C:\WINDOWS\WinSxS\amd64_microsoft.windows.common-controls_6595b64144ccf1df_6.0.19041.4355_none_60b8b9eb71f62e16\COMCTL32.dll
0x00007ffc4af30000 - 0x00007ffc4af5b000 	C:\WINDOWS\System32\GDI32.dll
0x00007ffc4a510000 - 0x00007ffc4a62a000 	C:\WINDOWS\System32\gdi32full.dll
0x00007ffc4a630000 - 0x00007ffc4a6cd000 	C:\WINDOWS\System32\msvcp_win.dll
0x00007ffc43860000 - 0x00007ffc4386a000 	C:\WINDOWS\SYSTEM32\VERSION.dll
0x00007ffc4ae50000 - 0x00007ffc4ae7f000 	C:\WINDOWS\System32\IMM32.DLL
0x00007ffc247b0000 - 0x00007ffc247bc000 	D:\Java\jdk21\bin\vcruntime140_1.dll
0x00007ffc09a00000 - 0x00007ffc09a8e000 	D:\Java\jdk21\bin\msvcp140.dll
0x00007ffb9c2e0000 - 0x00007ffb9cffa000 	D:\Java\jdk21\bin\server\jvm.dll
0x00007ffc4bce0000 - 0x00007ffc4bd4b000 	C:\WINDOWS\System32\WS2_32.dll
0x00007ffc49400000 - 0x00007ffc4944b000 	C:\WINDOWS\SYSTEM32\POWRPROF.dll
0x00007ffc3db90000 - 0x00007ffc3dbb7000 	C:\WINDOWS\SYSTEM32\WINMM.dll
0x00007ffc492c0000 - 0x00007ffc492d2000 	C:\WINDOWS\SYSTEM32\UMPDC.dll
0x00007ffc486e0000 - 0x00007ffc486f2000 	C:\WINDOWS\SYSTEM32\kernel.appcore.dll
0x00007ffc19640000 - 0x00007ffc1964a000 	D:\Java\jdk21\bin\jimage.dll
0x00007ffc483e0000 - 0x00007ffc485c4000 	C:\WINDOWS\SYSTEM32\DBGHELP.DLL
0x00007ffc42150000 - 0x00007ffc42184000 	C:\WINDOWS\SYSTEM32\dbgcore.DLL
0x00007ffc4a0d0000 - 0x00007ffc4a152000 	C:\WINDOWS\System32\bcryptPrimitives.dll
0x00007ffc19570000 - 0x00007ffc1957f000 	D:\Java\jdk21\bin\instrument.dll
0x00007ffc15530000 - 0x00007ffc1554f000 	D:\Java\jdk21\bin\java.dll
0x00007ffc4b120000 - 0x00007ffc4b88f000 	C:\WINDOWS\System32\SHELL32.dll
0x00007ffc47b60000 - 0x00007ffc48303000 	C:\WINDOWS\SYSTEM32\windows.storage.dll
0x00007ffc4bee0000 - 0x00007ffc4c235000 	C:\WINDOWS\System32\combase.dll
0x00007ffc498f0000 - 0x00007ffc4991b000 	C:\WINDOWS\SYSTEM32\Wldp.dll
0x00007ffc4bdb0000 - 0x00007ffc4be7d000 	C:\WINDOWS\System32\OLEAUT32.dll
0x00007ffc4ae80000 - 0x00007ffc4af2d000 	C:\WINDOWS\System32\SHCORE.dll
0x00007ffc4be80000 - 0x00007ffc4bed5000 	C:\WINDOWS\System32\shlwapi.dll
0x00007ffc49df0000 - 0x00007ffc49e15000 	C:\WINDOWS\SYSTEM32\profapi.dll
0x00007ffc0db80000 - 0x00007ffc0db98000 	D:\Java\jdk21\bin\zip.dll
0x00007ffc195a0000 - 0x00007ffc195b0000 	D:\java\jdk21\bin\net.dll
0x00007ffc46e80000 - 0x00007ffc46f8a000 	C:\WINDOWS\SYSTEM32\WINHTTP.dll
0x00007ffc49650000 - 0x00007ffc496bc000 	C:\WINDOWS\system32\mswsock.dll
0x00007ffc0ffe0000 - 0x00007ffc0fff6000 	D:\java\jdk21\bin\nio.dll
0x00007ffc184a0000 - 0x00007ffc184a9000 	D:\java\jdk21\bin\extnet.dll
0x00007ffc49330000 - 0x00007ffc493fa000 	C:\WINDOWS\SYSTEM32\DNSAPI.dll
0x00007ffc492e0000 - 0x00007ffc4931b000 	C:\WINDOWS\SYSTEM32\IPHLPAPI.DLL
0x00007ffc4b110000 - 0x00007ffc4b118000 	C:\WINDOWS\System32\NSI.dll
0x00007ffc43870000 - 0x00007ffc4387a000 	C:\Windows\System32\rasadhlp.dll
0x00007ffc423e0000 - 0x00007ffc42460000 	C:\WINDOWS\System32\fwpuclnt.dll
0x00007ffc17e70000 - 0x00007ffc17e7a000 	D:\java\jdk21\bin\management.dll
0x00007ffc16520000 - 0x00007ffc1652b000 	D:\java\jdk21\bin\management_ext.dll
0x00007ffc4ad10000 - 0x00007ffc4ad18000 	C:\WINDOWS\System32\PSAPI.DLL
0x00007ffc49840000 - 0x00007ffc49858000 	C:\WINDOWS\SYSTEM32\CRYPTSP.dll
0x00007ffc48f00000 - 0x00007ffc48f38000 	C:\WINDOWS\system32\rsaenh.dll
0x00007ffc49db0000 - 0x00007ffc49dde000 	C:\WINDOWS\SYSTEM32\USERENV.dll
0x00007ffc49860000 - 0x00007ffc4986c000 	C:\WINDOWS\SYSTEM32\CRYPTBASE.dll
0x00007ffbe9fa0000 - 0x00007ffbe9fb7000 	C:\WINDOWS\system32\napinsp.dll
0x00007ffbe9f80000 - 0x00007ffbe9f9b000 	C:\WINDOWS\system32\pnrpnsp.dll
0x00007ffc1fd90000 - 0x00007ffc1fda5000 	C:\WINDOWS\system32\wshbth.dll
0x00007ffc46fb0000 - 0x00007ffc46fcd000 	C:\WINDOWS\system32\NLAapi.dll
0x00007ffbe9f60000 - 0x00007ffbe9f72000 	C:\WINDOWS\System32\winrnr.dll
0x00007ffc27bc0000 - 0x00007ffc27c11000 	C:\WINDOWS\SYSTEM32\pdh.dll
0x00007ffc185a0000 - 0x00007ffc185ae000 	D:\java\jdk21\bin\sunmscapi.dll
0x00007ffc49ec0000 - 0x00007ffc4a01d000 	C:\WINDOWS\System32\CRYPT32.dll
0x00007ffc49960000 - 0x00007ffc49987000 	C:\WINDOWS\SYSTEM32\ncrypt.dll
0x00007ffc49920000 - 0x00007ffc4995b000 	C:\WINDOWS\SYSTEM32\NTASN1.dll
0x00007ffc43b90000 - 0x00007ffc43b9f000 	C:\WINDOWS\System32\perfproc.dll
0x00007ffc26f50000 - 0x00007ffc26f5f000 	C:\WINDOWS\System32\perfos.dll
0x00007ffc19d80000 - 0x00007ffc19d90000 	D:\Java\jdk21\bin\verify.dll

dbghelp: loaded successfully - version: 4.0.5 - missing functions: none
symbol engine: initialized successfully - sym options: 0x614 - pdb path: .;D:\Java\jdk21\bin;C:\WINDOWS\SYSTEM32;C:\WINDOWS\WinSxS\amd64_microsoft.windows.common-controls_6595b64144ccf1df_6.0.19041.4355_none_60b8b9eb71f62e16;D:\Java\jdk21\bin\server

VM Arguments:
jvm_args: -XX:TieredStopAtLevel=1 -Dspring.output.ansi.enabled=always -Dcom.sun.management.jmxremote -Dspring.jmx.enabled=true -Dspring.liveBeansView.mbeanDomain -Dspring.application.admin.enabled=true -Dmanagement.endpoints.jmx.exposure.include=* -javaagent:D:\JetBrains\IntelliJ IDEA 2024.3.4.1\lib\idea_rt.jar=50714 -Dfile.encoding=UTF-8 -Dsun.stdout.encoding=UTF-8 -Dsun.stderr.encoding=UTF-8 
java_command: com.project.stationery_be_server.StationeryBeServerApplication
java_class_path (initial): D:\Project-Study\stationery-be-server\target\classes;C:\Users\dell\.m2\repository\org\springframework\boot\spring-boot-starter-security\3.4.3\spring-boot-starter-security-3.4.3.jar;C:\Users\dell\.m2\repository\org\springframework\boot\spring-boot-starter\3.4.3\spring-boot-starter-3.4.3.jar;C:\Users\dell\.m2\repository\org\springframework\boot\spring-boot\3.4.3\spring-boot-3.4.3.jar;C:\Users\dell\.m2\repository\org\springframework\boot\spring-boot-autoconfigure\3.4.3\spring-boot-autoconfigure-3.4.3.jar;C:\Users\dell\.m2\repository\org\springframework\boot\spring-boot-starter-logging\3.4.3\spring-boot-starter-logging-3.4.3.jar;C:\Users\dell\.m2\repository\ch\qos\logback\logback-classic\1.5.16\logback-classic-1.5.16.jar;C:\Users\dell\.m2\repository\ch\qos\logback\logback-core\1.5.16\logback-core-1.5.16.jar;C:\Users\dell\.m2\repository\org\apache\logging\log4j\log4j-to-slf4j\2.24.3\log4j-to-slf4j-2.24.3.jar;C:\Users\dell\.m2\repository\org\apache\logging\log4j\log4j-api\2.24.3\log4j-api-2.24.3.jar;C:\Users\dell\.m2\repository\org\slf4j\jul-to-slf4j\2.0.16\jul-to-slf4j-2.0.16.jar;C:\Users\dell\.m2\repository\jakarta\annotation\jakarta.annotation-api\2.1.1\jakarta.annotation-api-2.1.1.jar;C:\Users\dell\.m2\repository\org\yaml\snakeyaml\2.3\snakeyaml-2.3.jar;C:\Users\dell\.m2\repository\org\springframework\spring-aop\6.2.3\spring-aop-6.2.3.jar;C:\Users\dell\.m2\repository\org\springframework\spring-beans\6.2.3\spring-beans-6.2.3.jar;C:\Users\dell\.m2\repository\org\springframework\security\spring-security-config\6.4.3\spring-security-config-6.4.3.jar;C:\Users\dell\.m2\repository\org\springframework\spring-context\6.2.3\spring-context-6.2.3.jar;C:\Users\dell\.m2\repository\org\springframework\security\spring-security-web\6.4.3\spring-security-web-6.4.3.jar;C:\Users\dell\.m2\repository\org\springframework\spring-expression\6.2.3\spring-expression-6.2.3.jar;C:\Users\dell\.m2\repository\org\springframework\boot\spring-boot-starter-web\3.4.3\spring-boot-starter-web-3.4.3.jar;C:\Users\dell\.m2\repository\org\springframework\boot\spring-boot-starter-json\3.4.3\spring-boot-starter-json-3.4.3.jar;C:\Users\dell\.m2\repository\com\fasterxml\jackson\core\jackson-databind\2.18.2\jackson-databind-2.18.2.jar;C:\Users\dell\.m2\repository\com\fasterxml\jackson\core\jackson-annotations\2.18.2\jackson-annotations-2.18.2.jar;C:\Users\dell\.m2\repository\com\fasterxml\jackson\core\jackson-core\2.18.2\jackson-core-2.18.2.jar;C:\Users\dell\.m2\repository\com\fasterxml\jackson\datatype\jackson-datatype-jdk8\2.18.2\jackson-datatype-jdk8-2.18.2.jar;C:\Users\dell\.m2\repository\com\fasterxml\jackson\datatype\jackson-datatype-jsr310\2.18.2\jackson-datatype-jsr310-2.18.2.jar;C:\Users\dell\.m2\repository\com\fasterxml\jackson\module\jackson-module-parameter-names\2.18.2\jackson-module-parameter-names-2.18.2.jar;C:\Users\dell\.m2\repository\org\springframework\boot\spring-boot-starter-tomcat\3.4.3\spring-boot-starter-tomcat-3.4.3.jar;C:\Users\dell\.m2\repository\org\apache\tomcat\embed\tomcat-embed-core\10.1.36\tomcat-embed-core-10.1.36.jar;C:\Users\dell\.m2\repository\org\apache\tomcat\embed\tomcat-embed-websocket\10.1.36\tomcat-embed-websocket-10.1.36.jar;C:\Users\dell\.m2\repository\org\springframework\spring-web\6.2.3\spring-web-6.2.3.jar;C:\Users\dell\.m2\repository\io\micrometer\micrometer-observation\1.14.4\micrometer-observation-1.14.4.jar;C:\Users\dell\.m2\repository\io\micrometer\micrometer-commons\1.14.4\micrometer-commons-1.14.4.jar;C:\Users\dell\.m2\repository\org\springframework\spring-webmvc\6.2.3\spring-webmvc-6.2.3.jar;C:\Users\dell\.m2\repository\org\springframework\boot\spring-boot-starter-validation\3.4.3\spring-boot-starter-validation-3.4.3.jar;C:\Users\dell\.m2\repository\org\apache\tomcat\embed\tomcat-embed-el\10.1.36\tomcat-embed-el-10.1.36.jar;C:\Users\dell\.m2\repository\org\hibernate\validator\hibernate-validator\8.0.2.Final\hibernate-validator-8.0.2.Final.jar;C:\Users\dell\.m2\repository\jakarta\validation\jakarta.validation-api\3.0.2\jakarta.validation-api-3.0.2.jar;C:\Users\dell\.m2\repository\org\jboss\logging\jboss-logging\3.6.1.Final\jboss-logging-3.6.1.Final.jar;C:\Users\dell\.m2\repository\com\fasterxml\classmate\1.7.0\classmate-1.7.0.jar;C:\Users\dell\.m2\repository\org\springframework\boot\spring-boot-starter-data-jpa\3.4.3\spring-boot-starter-data-jpa-3.4.3.jar;C:\Users\dell\.m2\repository\org\springframework\boot\spring-boot-starter-jdbc\3.4.3\spring-boot-starter-jdbc-3.4.3.jar;C:\Users\dell\.m2\repository\com\zaxxer\HikariCP\5.1.0\HikariCP-5.1.0.jar;C:\Users\dell\.m2\repository\org\springframework\spring-jdbc\6.2.3\spring-jdbc-6.2.3.jar;C:\Users\dell\.m2\repository\org\hibernate\orm\hibernate-core\6.6.8.Final\hibernate-core-6.6.8.Final.jar;C:\Users\dell\.m2\repository\jakarta\persistence\jakarta.persistence-api\3.1.0\jakarta.persistence-api-3.1.0.jar;C:\Users\dell\.m2\repository\jakarta\transaction\jakarta.transaction-api\2.0.1\jakarta.transaction-api-2.0.1.jar;C:\Users\dell\.m2\repository\org\hibernate\common\hibernate-commons-annotations\7.0.3.Final\hibernate-commons-annotations-7.0.3.Final.jar;C:\Users\dell\.m2\repository\io\smallrye\jandex\3.2.0\jandex-3.2.0.jar;C:\Users\dell\.m2\repository\net\bytebuddy\byte-buddy\1.15.11\byte-buddy-1.15.11.jar;C:\Users\dell\.m2\repository\org\glassfish\jaxb\jaxb-runtime\4.0.5\jaxb-runtime-4.0.5.jar;C:\Users\dell\.m2\repository\org\glassfish\jaxb\jaxb-core\4.0.5\jaxb-core-4.0.5.jar;C:\Users\dell\.m2\repository\org\glassfish\jaxb\txw2\4.0.5\txw2-4.0.5.jar;C:\Users\dell\.m2\repository\com\sun\istack\istack-commons-runtime\4.1.2\istack-commons-runtime-4.1.2.jar;C:\Users\dell\.m2\repository\jakarta\inject\jakarta.inject-api\2.0.1\jakarta.inject-api-2.0.1.jar;C:\Users\dell\.m2\repository\org\antlr\antlr4-runtime\4.13.0\antlr4-runtime-4.13.0.jar;C:\Users\dell\.m2\repository\org\springframework\data\spring-data-jpa\3.4.3\spring-data-jpa-3.4.3.jar;C:\Users\dell\.m2\repository\org\springframework\data\spring-data-commons\3.4.3\spring-data-commons-3.4.3.jar;C:\Users\dell\.m2\repository\org\springframework\spring-orm\6.2.3\spring-orm-6.2.3.jar;C:\Users\dell\.m2\repository\org\springframework\spring-tx\6.2.3\spring-tx-6.2.3.jar;C:\Users\dell\.m2\repository\org\slf4j\slf4j-api\2.0.16\slf4j-api-2.0.16.jar;C:\Users\dell\.m2\repository\org\springframework\spring-aspects\6.2.3\spring-aspects-6.2.3.jar;C:\Users\dell\.m2\repository\org\aspectj\aspectjweaver\1.9.22.1\aspectjweaver-1.9.22.1.jar;C:\Users\dell\.m2\repository\com\mysql\mysql-connector-j\9.1.0\mysql-connector-j-9.1.0.jar;C:\Users\dell\.m2\repository\org\projectlombok\lombok\1.18.36\lombok-1.18.36.jar;C:\Users\dell\.m2\repository\com\jayway\jsonpath\json-path\2.9.0\json-path-2.9.0.jar;C:\Users\dell\.m2\repository\jakarta\xml\bind\jakarta.xml.bind-api\4.0.2\jakarta.xml.bind-api-4.0.2.jar;C:\Users\dell\.m2\repository\jakarta\activation\jakarta.activation-api\2.1.3\jakarta.activation-api-2.1.3.jar;C:\Users\dell\.m2\repository\net\minidev\json-smart\2.5.2\json-smart-2.5.2.jar;C:\Users\dell\.m2\repository\net\minidev\accessors-smart\2.5.2\accessors-smart-2.5.2.jar;C:\Users\dell\.m2\repository\org\ow2\asm\asm\9.7.1\asm-9.7.1.jar;C:\Users\dell\.m2\repository\org\springframework\spring-core\6.2.3\spring-core-6.2.3.jar;C:\Users\dell\.m2\repository\org\springframework\spring-jcl\6.2.3\spring-jcl-6.2.3.jar;C:\Users\dell\.m2\repository\org\springframework\security\spring-security-core\6.4.3\spring-security-core-6.4.3.jar;C:\Users\dell\.m2\repository\org\springframework\security\spring-security-crypto\6.4.3\spring-security-crypto-6.4.3.jar;C:\Users\dell\.m2\repository\org\springframework\boot\spring-boot-starter-oauth2-resource-server\3.4.3\spring-boot-starter-oauth2-resource-server-3.4.3.jar;C:\Users\dell\.m2\repository\org\springframework\security\spring-security-oauth2-resource-server\6.4.3\spring-security-oauth2-resource-server-6.4.3.jar;C:\Users\dell\.m2\repository\org\springframework\security\spring-security-oauth2-core\6.4.3\spring-security-oauth2-core-6.4.3.jar;C:\Users\dell\.m2\repository\org\springframework\security\spring-security-oauth2-jose\6.4.3\spring-security-oauth2-jose-6.4.3.jar;C:\Users\dell\.m2\repository\com\nimbusds\nimbus-jose-jwt\9.37.3\nimbus-jose-jwt-9.37.3.jar;C:\Users\dell\.m2\repository\com\github\stephenc\jcip\jcip-annotations\1.0-1\jcip-annotations-1.0-1.jar;C:\Users\dell\.m2\repository\org\mapstruct\mapstruct\1.5.5.Final\mapstruct-1.5.5.Final.jar;C:\Users\dell\.m2\repository\com\cloudinary\cloudinary-http5\2.0.0\cloudinary-http5-2.0.0.jar;C:\Users\dell\.m2\repository\com\cloudinary\cloudinary-core\2.0.0\cloudinary-core-2.0.0.jar;C:\Users\dell\.m2\repository\org\apache\commons\commons-lang3\3.17.0\commons-lang3-3.17.0.jar;C:\Users\dell\.m2\repository\org\apache\httpcomponents\client5\httpclient5\5.4.2\httpclient5-5.4.2.jar;C:\Users\dell\.m2\repository\org\apache\httpcomponents\core5\httpcore5-h2\5.3.3\httpcore5-h2-5.3.3.jar;C:\Users\dell\.m2\repository\org\apache\httpcomponents\core5\httpcore5\5.3.3\httpcore5-5.3.3.jar;C:\Users\dell\.m2\repository\org\springframework\boot\spring-boot-starter-mail\3.4.3\spring-boot-starter-mail-3.4.3.jar;C:\Users\dell\.m2\repository\org\springframework\spring-context-support\6.2.3\spring-context-support-6.2.3.jar;C:\Users\dell\.m2\repository\org\eclipse\angus\jakarta.mail\2.0.3\jakarta.mail-2.0.3.jar;C:\Users\dell\.m2\repository\org\eclipse\angus\angus-activation\2.0.2\angus-activation-2.0.2.jar;C:\Users\dell\.m2\repository\org\springframework\boot\spring-boot-starter-hateoas\3.4.3\spring-boot-starter-hateoas-3.4.3.jar;C:\Users\dell\.m2\repository\org\springframework\hateoas\spring-hateoas\2.4.1\spring-hateoas-2.4.1.jar;C:\Users\dell\.m2\repository\org\springframework\plugin\spring-plugin-core\3.0.0\spring-plugin-core-3.0.0.jar
Launcher Type: SUN_STANDARD

[Global flags]
     intx CICompilerCount                          = 4                                         {product} {ergonomic}
     uint ConcGCThreads                            = 2                                         {product} {ergonomic}
     uint G1ConcRefinementThreads                  = 8                                         {product} {ergonomic}
   size_t G1HeapRegionSize                         = 2097152                                   {product} {ergonomic}
    uintx GCDrainStackTargetSize                   = 64                                        {product} {ergonomic}
   size_t InitialHeapSize                          = 264241152                                 {product} {ergonomic}
     bool ManagementServer                         = true                                      {product} {command line}
   size_t MarkStackSize                            = 4194304                                   {product} {ergonomic}
   size_t MaxHeapSize                              = 4225761280                                {product} {ergonomic}
   size_t MaxNewSize                               = 2535456768                                {product} {ergonomic}
   size_t MinHeapDeltaBytes                        = 2097152                                   {product} {ergonomic}
   size_t MinHeapSize                              = 8388608                                   {product} {ergonomic}
    uintx NonNMethodCodeHeapSize                   = 4096                                   {pd product} {ergonomic}
    uintx NonProfiledCodeHeapSize                  = 0                                      {pd product} {ergonomic}
     bool ProfileInterpreter                       = false                                  {pd product} {command line}
    uintx ProfiledCodeHeapSize                     = 0                                      {pd product} {ergonomic}
   size_t SoftMaxHeapSize                          = 4225761280                             {manageable} {ergonomic}
     intx TieredStopAtLevel                        = 1                                         {product} {command line}
     bool UseCompressedOops                        = true                           {product lp64_product} {ergonomic}
     bool UseG1GC                                  = true                                      {product} {ergonomic}
     bool UseLargePagesIndividualAllocation        = false                                  {pd product} {ergonomic}

Logging:
Log output configuration:
 #0: stdout all=warning uptime,level,tags foldmultilines=false
 #1: stderr all=off uptime,level,tags foldmultilines=false

Environment Variables:
JAVA_HOME=D:\java\jdk21
PATH=C:\Program Files\Microsoft MPI\Bin\;C:\Program Files\Common Files\Oracle\Java\javapath;C:\WINDOWS\system32;C:\WINDOWS;C:\WINDOWS\System32\Wbem;C:\WINDOWS\System32\WindowsPowerShell\v1.0\;C:\WINDOWS\System32\OpenSSH\;C:\Program Files\Microsoft SQL Server\Client SDK\ODBC\170\Tools\Binn\;D:\Install\bin;D:\Git\cmd;D:\XAMPP\php;C:\ProgramData\ComposerSetup\bin;C:\mingw64\bin;C:\TDM-GCC-32\bin;D:\notejs\;D:\XAMPP\mysql\bin;D:\Maven\bin;D:\Maven\apache-maven-3.9.9\bin;C:\Program Files (x86)\Microsoft SQL Server\160\Tools\Binn\;C:\Program Files\Microsoft SQL Server\160\Tools\Binn\;C:\Program Files\Microsoft SQL Server\160\DTS\Binn\;C:\Program Files (x86)\Microsoft SQL Server\160\DTS\Binn\;D:\python\Scripts\;D:\python\;D:\java\jdk21\bin;D:\Microsoft VS Code\bin;C:\Users\dell\AppData\Roaming\Composer\vendor\bin;C:\mingw64\bin;C:\Users\dell\AppData\Roaming\npm;D:\nodejs;D:\PyCharm\PyCharm Community Edition 2024.2.4\bin;;D:\Wireshark;D:\python3.10;D:\python39;D:\JetBrains\IntelliJ IDEA 2024.3.4.1\bin;;D:\Maven\bin;
USERNAME=dell
OS=Windows_NT
PROCESSOR_IDENTIFIER=Intel64 Family 6 Model 140 Stepping 1, GenuineIntel
TMP=C:\Users\dell\AppData\Local\Temp
TEMP=C:\Users\dell\AppData\Local\Temp




Periodic native trim disabled

---------------  S Y S T E M  ---------------

OS:
 Windows 10 , 64 bit Build 19041 (10.0.19041.5678)
OS uptime: 2 days 12:28 hours

CPU: total 8 (initial active 8) (4 cores per cpu, 2 threads per core) family 6 model 140 stepping 1 microcode 0xba, cx8, cmov, fxsr, ht, mmx, 3dnowpref, sse, sse2, sse3, ssse3, sse4.1, sse4.2, popcnt, lzcnt, tsc, tscinvbit, avx, avx2, aes, erms, clmul, bmi1, bmi2, adx, avx512f, avx512dq, avx512cd, avx512bw, avx512vl, sha, fma, vzeroupper, avx512_vpopcntdq, avx512_vpclmulqdq, avx512_vaes, avx512_vnni, clflush, clflushopt, clwb, avx512_vbmi2, avx512_vbmi, rdtscp, rdpid, fsrm, gfni, avx512_bitalg, f16c, pku, cet_ibt, cet_ss, avx512_ifma
Processor Information for all 8 processors :
  Max Mhz: 2419, Current Mhz: 2419, Mhz Limit: 2419

Memory: 4k page, system-wide physical 16118M (1624M free)
TotalPageFile size 20685M (AvailPageFile size 24M)
current process WorkingSet (physical memory assigned to process): 294M, peak: 294M
current process commit charge ("private bytes"): 334M, peak: 375M

vm_info: Java HotSpot(TM) 64-Bit Server VM (21.0.6+8-LTS-188) for windows-amd64 JRE (21.0.6+8-LTS-188), built on 2024-12-03T10:50:54Z by "mach5one" with MS VC++ 17.6 (VS2022)

END.
