#
# There is insufficient memory for the Java Runtime Environment to continue.
# Native memory allocation (mmap) failed to map 100663296 bytes for G1 virtual space
# Possible reasons:
#   The system is out of physical RAM or swap space
#   The process is running with CompressedOops enabled, and the Java Heap may be blocking the growth of the native heap
# Possible solutions:
#   Reduce memory load on the system
#   Increase physical memory or swap space
#   Check if swap backing store is full
#   Decrease Java heap size (-Xmx/-Xms)
#   Decrease number of Java threads
#   Decrease Java thread stack sizes (-Xss)
#   Set larger code cache with -XX:ReservedCodeCacheSize=
#   JVM is running with Zero Based Compressed Oops mode in which the Java heap is
#     placed in the first 32GB address space. The Java Heap base address is the
#     maximum limit for the native heap growth. Please use -XX:HeapBaseMinAddress
#     to set the Java Heap base and to place the Java Heap above 32GB virtual address.
# This output file may be truncated or incomplete.
#
#  Out of Memory Error (os_windows.cpp:3603), pid=16708, tid=22412
#
# JRE version: Java(TM) SE Runtime Environment (21.0.6+8) (build 21.0.6+8-LTS-188)
# Java VM: Java HotSpot(TM) 64-Bit Server VM (21.0.6+8-LTS-188, mixed mode, emulated-client, sharing, tiered, compressed oops, compressed class ptrs, g1 gc, windows-amd64)
# No core dump will be written. Minidumps are not enabled by default on client versions of Windows
#

---------------  S U M M A R Y ------------

Command Line: -XX:TieredStopAtLevel=1 -Dspring.output.ansi.enabled=always -Dcom.sun.management.jmxremote -Dspring.jmx.enabled=true -Dspring.liveBeansView.mbeanDomain -Dspring.application.admin.enabled=true -Dmanagement.endpoints.jmx.exposure.include=* -javaagent:D:\JetBrains\IntelliJ IDEA 2024.3.4.1\lib\idea_rt.jar=51308 -Dfile.encoding=UTF-8 -Dsun.stdout.encoding=UTF-8 -Dsun.stderr.encoding=UTF-8 com.project.stationery_be_server.StationeryBeServerApplication

Host: 11th Gen Intel(R) Core(TM) i5-1135G7 @ 2.40GHz, 8 cores, 15G,  Windows 10 , 64 bit Build 19041 (10.0.19041.5678)
Time: Tue May  6 14:26:17 2025 SE Asia Standard Time elapsed time: 6.804389 seconds (0d 0h 0m 6s)

---------------  T H R E A D  ---------------

Current thread (0x000001f0c124b010):  VMThread "VM Thread"          [id=22412, stack(0x000000e6d1d00000,0x000000e6d1e00000) (1024K)]

Stack: [0x000000e6d1d00000,0x000000e6d1e00000]
Native frames: (J=compiled Java code, j=interpreted, Vv=VM code, C=native code)
V  [jvm.dll+0x6ca6d9]
V  [jvm.dll+0x854f51]
V  [jvm.dll+0x85747e]
V  [jvm.dll+0x857b53]
V  [jvm.dll+0x27dcc6]
V  [jvm.dll+0x6c6e55]
V  [jvm.dll+0x6bb9da]
V  [jvm.dll+0x35393a]
V  [jvm.dll+0x35b596]
V  [jvm.dll+0x3adefe]
V  [jvm.dll+0x3ae1a8]
V  [jvm.dll+0x327cbc]
V  [jvm.dll+0x327d47]
V  [jvm.dll+0x36c60c]
V  [jvm.dll+0x36ae5e]
V  [jvm.dll+0x327481]
V  [jvm.dll+0x36a57a]
V  [jvm.dll+0x85d920]
V  [jvm.dll+0x85eca4]
V  [jvm.dll+0x85f1e0]
V  [jvm.dll+0x85f483]
V  [jvm.dll+0x7ff2fb]
V  [jvm.dll+0x6c8dbd]
C  [ucrtbase.dll+0x21bb2]
C  [KERNEL32.DLL+0x17374]
C  [ntdll.dll+0x4cc91]

VM_Operation (0x000000e6d16f9820): G1CollectForAllocation, mode: safepoint, requested by thread 0x000001f0ae358f60


---------------  P R O C E S S  ---------------

Threads class SMR info:
_java_thread_list=0x000001f108348ef0, length=23, elements={
0x000001f0ae358f60, 0x000001f0c1269b70, 0x000001f0c126aa80, 0x000001f0c126f430,
0x000001f0c126fe80, 0x000001f0c1271810, 0x000001f0c1275760, 0x000001f0c127a970,
0x000001f0c1239c20, 0x000001f0c14b0eb0, 0x000001f0c14ca7b0, 0x000001f0c17d0090,
0x000001f0c1bbd5d0, 0x000001f0c1bba080, 0x000001f0c1d38490, 0x000001f0c1e61710,
0x000001f0c1e857e0, 0x000001f0c1ea1550, 0x000001f1079ed870, 0x000001f107cd5080,
0x000001f107cd5da0, 0x000001f107cd5710, 0x000001f10898d520
}

Java Threads: ( => current thread )
  0x000001f0ae358f60 JavaThread "main"                              [_thread_blocked, id=20640, stack(0x000000e6d1600000,0x000000e6d1700000) (1024K)]
  0x000001f0c1269b70 JavaThread "Reference Handler"          daemon [_thread_blocked, id=8432, stack(0x000000e6d1e00000,0x000000e6d1f00000) (1024K)]
  0x000001f0c126aa80 JavaThread "Finalizer"                  daemon [_thread_blocked, id=16868, stack(0x000000e6d1f00000,0x000000e6d2000000) (1024K)]
  0x000001f0c126f430 JavaThread "Signal Dispatcher"          daemon [_thread_blocked, id=19052, stack(0x000000e6d2000000,0x000000e6d2100000) (1024K)]
  0x000001f0c126fe80 JavaThread "Attach Listener"            daemon [_thread_blocked, id=14228, stack(0x000000e6d2100000,0x000000e6d2200000) (1024K)]
  0x000001f0c1271810 JavaThread "Service Thread"             daemon [_thread_blocked, id=8800, stack(0x000000e6d2200000,0x000000e6d2300000) (1024K)]
  0x000001f0c1275760 JavaThread "Monitor Deflation Thread"   daemon [_thread_blocked, id=13228, stack(0x000000e6d2300000,0x000000e6d2400000) (1024K)]
  0x000001f0c127a970 JavaThread "C1 CompilerThread0"         daemon [_thread_blocked, id=9072, stack(0x000000e6d2400000,0x000000e6d2500000) (1024K)]
  0x000001f0c1239c20 JavaThread "Common-Cleaner"             daemon [_thread_blocked, id=1628, stack(0x000000e6d2500000,0x000000e6d2600000) (1024K)]
  0x000001f0c14b0eb0 JavaThread "C1 CompilerThread1"         daemon [_thread_blocked, id=1220, stack(0x000000e6d2600000,0x000000e6d2700000) (1024K)]
  0x000001f0c14ca7b0 JavaThread "C1 CompilerThread2"         daemon [_thread_blocked, id=4012, stack(0x000000e6d2700000,0x000000e6d2800000) (1024K)]
  0x000001f0c17d0090 JavaThread "C1 CompilerThread3"         daemon [_thread_blocked, id=13480, stack(0x000000e6d2800000,0x000000e6d2900000) (1024K)]
  0x000001f0c1bbd5d0 JavaThread "Monitor Ctrl-Break"         daemon [_thread_in_native, id=21364, stack(0x000000e6d2900000,0x000000e6d2a00000) (1024K)]
  0x000001f0c1bba080 JavaThread "Notification Thread"        daemon [_thread_blocked, id=20284, stack(0x000000e6d2a00000,0x000000e6d2b00000) (1024K)]
  0x000001f0c1d38490 JavaThread "RMI TCP Accept-0"           daemon [_thread_in_native, id=21232, stack(0x000000e6d2b00000,0x000000e6d2c00000) (1024K)]
  0x000001f0c1e61710 JavaThread "RMI TCP Connection(1)-172.16.10.40" daemon [_thread_in_native, id=21568, stack(0x000000e6d3300000,0x000000e6d3400000) (1024K)]
  0x000001f0c1e857e0 JavaThread "RMI Scheduler(0)"           daemon [_thread_blocked, id=20576, stack(0x000000e6d3400000,0x000000e6d3500000) (1024K)]
  0x000001f0c1ea1550 JavaThread "JMX server connection timeout 33" daemon [_thread_blocked, id=22396, stack(0x000000e6d3500000,0x000000e6d3600000) (1024K)]
  0x000001f1079ed870 JavaThread "RMI TCP Connection(2)-172.16.10.40" daemon [_thread_in_native, id=12792, stack(0x000000e6d3600000,0x000000e6d3700000) (1024K)]
  0x000001f107cd5080 JavaThread "Catalina-utility-1"                [_thread_blocked, id=21384, stack(0x000000e6d3700000,0x000000e6d3800000) (1024K)]
  0x000001f107cd5da0 JavaThread "Catalina-utility-2"                [_thread_blocked, id=20280, stack(0x000000e6d3900000,0x000000e6d3a00000) (1024K)]
  0x000001f107cd5710 JavaThread "container-0"                       [_thread_blocked, id=9100, stack(0x000000e6d3a00000,0x000000e6d3b00000) (1024K)]
  0x000001f10898d520 JavaThread "mysql-cj-abandoned-connection-cleanup" daemon [_thread_blocked, id=5752, stack(0x000000e6d3b00000,0x000000e6d3c00000) (1024K)]
Total: 23

Other Threads:
=>0x000001f0c124b010 VMThread "VM Thread"                           [id=22412, stack(0x000000e6d1d00000,0x000000e6d1e00000) (1024K)]
  0x000001f0c1238de0 WatcherThread "VM Periodic Task Thread"        [id=21884, stack(0x000000e6d1c00000,0x000000e6d1d00000) (1024K)]
  0x000001f0ae3be510 WorkerThread "GC Thread#0"                     [id=16216, stack(0x000000e6d1700000,0x000000e6d1800000) (1024K)]
  0x000001f0c124baf0 WorkerThread "GC Thread#1"                     [id=21628, stack(0x000000e6d2c00000,0x000000e6d2d00000) (1024K)]
  0x000001f0c124a530 WorkerThread "GC Thread#2"                     [id=13180, stack(0x000000e6d2d00000,0x000000e6d2e00000) (1024K)]
  0x000001f0c124a190 WorkerThread "GC Thread#3"                     [id=6716, stack(0x000000e6d2e00000,0x000000e6d2f00000) (1024K)]
  0x000001f0c124b3b0 WorkerThread "GC Thread#4"                     [id=2708, stack(0x000000e6d2f00000,0x000000e6d3000000) (1024K)]
  0x000001f0c124b750 WorkerThread "GC Thread#5"                     [id=17592, stack(0x000000e6d3000000,0x000000e6d3100000) (1024K)]
  0x000001f0c124a8d0 WorkerThread "GC Thread#6"                     [id=21228, stack(0x000000e6d3100000,0x000000e6d3200000) (1024K)]
  0x000001f0c124ac70 WorkerThread "GC Thread#7"                     [id=22308, stack(0x000000e6d3200000,0x000000e6d3300000) (1024K)]
  0x000001f0ae3cf180 ConcurrentGCThread "G1 Main Marker"            [id=10464, stack(0x000000e6d1800000,0x000000e6d1900000) (1024K)]
  0x000001f0ae3d0330 WorkerThread "G1 Conc#0"                       [id=21608, stack(0x000000e6d1900000,0x000000e6d1a00000) (1024K)]
  0x000001f107af7ea0 WorkerThread "G1 Conc#1"                       [id=22512, stack(0x000000e6d3800000,0x000000e6d3900000) (1024K)]
  0x000001f0c110d9f0 ConcurrentGCThread "G1 Refine#0"               [id=20520, stack(0x000000e6d1a00000,0x000000e6d1b00000) (1024K)]
  0x000001f0c1110b20 ConcurrentGCThread "G1 Service"                [id=20492, stack(0x000000e6d1b00000,0x000000e6d1c00000) (1024K)]
Total: 15

Threads with active compile tasks:
Total: 0

VM state: at safepoint (normal execution)

VM Mutex/Monitor currently owned by a thread:  ([mutex/lock_event])
[0x00007ffb8ed0de98] Threads_lock - owner thread: 0x000001f0c124b010
[0x00007ffb8ed0df98] Heap_lock - owner thread: 0x000001f0ae358f60

Heap address: 0x0000000704200000, size: 4030 MB, Compressed Oops mode: Zero based, Oop shift amount: 3

CDS archive(s) mapped at: [0x000001f0c2000000-0x000001f0c2c90000-0x000001f0c2c90000), size 13172736, SharedBaseAddress: 0x000001f0c2000000, ArchiveRelocationMode: 1.
Compressed class space mapped at: 0x000001f0c3000000-0x000001f103000000, reserved size: 1073741824
Narrow klass base: 0x000001f0c2000000, Narrow klass shift: 0, Narrow klass range: 0x100000000

GC Precious Log:
 CardTable entry size: 512
 Card Set container configuration: InlinePtr #cards 4 size 8 Array Of Cards #cards 16 size 48 Howl #buckets 8 coarsen threshold 3686 Howl Bitmap #cards 512 size 80 coarsen threshold 460 Card regions per heap region 1 cards per card region 4096
 CPUs: 8 total, 8 available
 Memory: 16118M
 Large Page Support: Disabled
 NUMA Support: Disabled
 Compressed Oops: Enabled (Zero based)
 Heap Region Size: 2M
 Heap Min Capacity: 8M
 Heap Initial Capacity: 252M
 Heap Max Capacity: 4030M
 Pre-touch: Disabled
 Parallel Workers: 8
 Concurrent Workers: 2
 Concurrent Refinement Workers: 8
 Periodic GC: Disabled

Heap:
 garbage-first heap   total 61440K, used 27428K [0x0000000704200000, 0x0000000800000000)
  region size 2048K, 2 young (4096K), 2 survivors (4096K)
 Metaspace       used 40530K, committed 41216K, reserved 1114112K
  class space    used 5712K, committed 6016K, reserved 1048576K

Heap Regions: E=young(eden), S=young(survivor), O=old, HS=humongous(starts), HC=humongous(continues), CS=collection set, F=free, TAMS=top-at-mark-start, PB=parsable bottom
|   0|0x0000000704200000, 0x0000000704400000, 0x0000000704400000|100%| O|  |TAMS 0x0000000704200000| PB 0x0000000704200000| Untracked 
|   1|0x0000000704400000, 0x0000000704600000, 0x0000000704600000|100%| O|  |TAMS 0x0000000704400000| PB 0x0000000704400000| Untracked 
|   2|0x0000000704600000, 0x0000000704800000, 0x0000000704800000|100%| O|  |TAMS 0x0000000704600000| PB 0x0000000704600000| Untracked 
|   3|0x0000000704800000, 0x0000000704a00000, 0x0000000704a00000|100%| O|  |TAMS 0x0000000704800000| PB 0x0000000704800000| Untracked 
|   4|0x0000000704a00000, 0x0000000704bfa628, 0x0000000704c00000| 98%| O|  |TAMS 0x0000000704a00000| PB 0x0000000704a00000| Untracked 
|   5|0x0000000704c00000, 0x0000000704e00000, 0x0000000704e00000|100%| O|  |TAMS 0x0000000704c00000| PB 0x0000000704c00000| Untracked 
|   6|0x0000000704e00000, 0x0000000705000000, 0x0000000705000000|100%| O|  |TAMS 0x0000000704e00000| PB 0x0000000704e00000| Untracked 
|   7|0x0000000705000000, 0x0000000705200000, 0x0000000705200000|100%| O|  |TAMS 0x0000000705000000| PB 0x0000000705000000| Untracked 
|   8|0x0000000705200000, 0x0000000705400000, 0x0000000705400000|100%| O|  |TAMS 0x0000000705200000| PB 0x0000000705200000| Untracked 
|   9|0x0000000705400000, 0x0000000705400000, 0x0000000705600000|  0%| F|  |TAMS 0x0000000705400000| PB 0x0000000705400000| Untracked 
|  10|0x0000000705600000, 0x0000000705800000, 0x0000000705800000|100%| O|  |TAMS 0x0000000705600000| PB 0x0000000705600000| Untracked 
|  11|0x0000000705800000, 0x0000000705a00000, 0x0000000705a00000|100%| O|  |TAMS 0x0000000705800000| PB 0x0000000705800000| Untracked 
|  12|0x0000000705a00000, 0x0000000705b98a28, 0x0000000705c00000| 79%| O|  |TAMS 0x0000000705a00000| PB 0x0000000705a00000| Untracked 
|  13|0x0000000705c00000, 0x0000000705c00000, 0x0000000705e00000|  0%| F|  |TAMS 0x0000000705c00000| PB 0x0000000705c00000| Untracked 
|  14|0x0000000705e00000, 0x0000000705e00000, 0x0000000706000000|  0%| F|  |TAMS 0x0000000705e00000| PB 0x0000000705e00000| Untracked 
|  15|0x0000000706000000, 0x0000000706000000, 0x0000000706200000|  0%| F|  |TAMS 0x0000000706000000| PB 0x0000000706000000| Untracked 
|  16|0x0000000706200000, 0x00000007063361e8, 0x0000000706400000| 60%| S|CS|TAMS 0x0000000706200000| PB 0x0000000706200000| Complete 
|  17|0x0000000706400000, 0x0000000706600000, 0x0000000706600000|100%| S|CS|TAMS 0x0000000706400000| PB 0x0000000706400000| Complete 
|  18|0x0000000706600000, 0x0000000706600000, 0x0000000706800000|  0%| F|  |TAMS 0x0000000706600000| PB 0x0000000706600000| Untracked 
|  19|0x0000000706800000, 0x0000000706800000, 0x0000000706a00000|  0%| F|  |TAMS 0x0000000706800000| PB 0x0000000706800000| Untracked 
|  20|0x0000000706a00000, 0x0000000706a00000, 0x0000000706c00000|  0%| F|  |TAMS 0x0000000706a00000| PB 0x0000000706a00000| Untracked 
|  21|0x0000000706c00000, 0x0000000706c00000, 0x0000000706e00000|  0%| F|  |TAMS 0x0000000706c00000| PB 0x0000000706c00000| Untracked 
|  22|0x0000000706e00000, 0x0000000706e00000, 0x0000000707000000|  0%| F|  |TAMS 0x0000000706e00000| PB 0x0000000706e00000| Untracked 
|  23|0x0000000707000000, 0x0000000707000000, 0x0000000707200000|  0%| F|  |TAMS 0x0000000707000000| PB 0x0000000707000000| Untracked 
|  24|0x0000000707200000, 0x0000000707200000, 0x0000000707400000|  0%| F|  |TAMS 0x0000000707200000| PB 0x0000000707200000| Untracked 
|  25|0x0000000707400000, 0x0000000707400000, 0x0000000707600000|  0%| F|  |TAMS 0x0000000707400000| PB 0x0000000707400000| Untracked 
| 100|0x0000000710a00000, 0x0000000710a00000, 0x0000000710c00000|  0%| F|  |TAMS 0x0000000710a00000| PB 0x0000000710a00000| Untracked 
| 101|0x0000000710c00000, 0x0000000710c00000, 0x0000000710e00000|  0%| F|  |TAMS 0x0000000710c00000| PB 0x0000000710c00000| Untracked 
| 102|0x0000000710e00000, 0x0000000710e00000, 0x0000000711000000|  0%| F|  |TAMS 0x0000000710e00000| PB 0x0000000710e00000| Untracked 
| 125|0x0000000713c00000, 0x0000000713c00000, 0x0000000713e00000|  0%| F|  |TAMS 0x0000000713c00000| PB 0x0000000713c00000| Untracked 

Card table byte_map: [0x000001f0ba0c0000,0x000001f0ba8a0000] _byte_map_base: 0x000001f0b689f000

Marking Bits: (CMBitMap*) 0x000001f0ae3beb20
 Bits: [0x000001f0ba8a0000, 0x000001f0be798000)

Polling page: 0x000001f0adb10000

Metaspace:

Usage:
  Non-class:     34.00 MB used.
      Class:      5.58 MB used.
       Both:     39.58 MB used.

Virtual space:
  Non-class space:       64.00 MB reserved,      34.38 MB ( 54%) committed,  1 nodes.
      Class space:        1.00 GB reserved,       5.88 MB ( <1%) committed,  1 nodes.
             Both:        1.06 GB reserved,      40.25 MB (  4%) committed. 

Chunk freelists:
   Non-Class:  13.41 MB
       Class:  10.17 MB
        Both:  23.58 MB

MaxMetaspaceSize: unlimited
CompressedClassSpaceSize: 1.00 GB
Initial GC threshold: 21.00 MB
Current GC threshold: 55.25 MB
CDS: on
 - commit_granule_bytes: 65536.
 - commit_granule_words: 8192.
 - virtual_space_node_default_size: 8388608.
 - enlarge_chunks_in_place: 1.
 - use_allocation_guard: 0.


Internal statistics:

num_allocs_failed_limit: 3.
num_arena_births: 864.
num_arena_deaths: 0.
num_vsnodes_births: 2.
num_vsnodes_deaths: 0.
num_space_committed: 644.
num_space_uncommitted: 0.
num_chunks_returned_to_freelist: 3.
num_chunks_taken_from_freelist: 2298.
num_chunk_merges: 3.
num_chunk_splits: 1600.
num_chunks_enlarged: 1162.
num_inconsistent_stats: 0.

CodeCache: size=49152Kb used=10894Kb max_used=10894Kb free=38257Kb
 bounds [0x000001f0b67d0000, 0x000001f0b7280000, 0x000001f0b97d0000]
 total_blobs=5513 nmethods=4941 adapters=492
 compilation: enabled
              stopped_count=0, restarted_count=0
 full_count=0

Compilation events (20 events):
Event: 6.677 Thread 0x000001f0c17d0090 4975       1       java.lang.PublicMethods$Key::equals (50 bytes)
Event: 6.677 Thread 0x000001f0c17d0090 nmethod 4975 0x000001f0b7269c90 code [0x000001f0b7269e40, 0x000001f0b726a028]
Event: 6.739 Thread 0x000001f0c17d0090 4976       1       java.io.FilterOutputStream::<init> (21 bytes)
Event: 6.739 Thread 0x000001f0c14b0eb0 4977       1       sun.nio.ch.NioSocketImpl::ensureOpenAndConnected (36 bytes)
Event: 6.740 Thread 0x000001f0c17d0090 nmethod 4976 0x000001f0b726a110 code [0x000001f0b726a2c0, 0x000001f0b726a488]
Event: 6.740 Thread 0x000001f0c14b0eb0 nmethod 4977 0x000001f0b726a510 code [0x000001f0b726a6e0, 0x000001f0b726a920]
Event: 6.740 Thread 0x000001f0c17d0090 4978       1       java.security.Permission::getName (5 bytes)
Event: 6.740 Thread 0x000001f0c17d0090 nmethod 4978 0x000001f0b726aa10 code [0x000001f0b726aba0, 0x000001f0b726ac70]
Event: 6.740 Thread 0x000001f0c127a970 4979       1       sun.security.provider.ByteArrayAccess::i2bBig4 (10 bytes)
Event: 6.741 Thread 0x000001f0c127a970 nmethod 4979 0x000001f0b726ad10 code [0x000001f0b726aec0, 0x000001f0b726b000]
Event: 6.746 Thread 0x000001f0c127a970 4980       1       java.nio.DirectByteBuffer::isReadOnly (2 bytes)
Event: 6.746 Thread 0x000001f0c127a970 nmethod 4980 0x000001f0b7271610 code [0x000001f0b72717a0, 0x000001f0b7271868]
Event: 6.791 Thread 0x000001f0c14b0eb0 4982       1       jdk.internal.loader.BuiltinClassLoader$1::hasMoreElements (5 bytes)
Event: 6.791 Thread 0x000001f0c14b0eb0 nmethod 4982 0x000001f0b7271910 code [0x000001f0b7271ac0, 0x000001f0b7271ba0]
Event: 6.793 Thread 0x000001f0c127a970 4983       1       jdk.internal.loader.BuiltinClassLoader::findResources (182 bytes)
Event: 6.793 Thread 0x000001f0c17d0090 4984       1       jdk.internal.loader.BuiltinClassLoader::findResourcesOnClassPath (43 bytes)
Event: 6.793 Thread 0x000001f0c14b0eb0 4985       1       jdk.internal.loader.BuiltinClassLoader$1::<init> (28 bytes)
Event: 6.793 Thread 0x000001f0c17d0090 nmethod 4984 0x000001f0b7271c10 code [0x000001f0b7271dc0, 0x000001f0b7272018]
Event: 6.793 Thread 0x000001f0c14b0eb0 nmethod 4985 0x000001f0b7272110 code [0x000001f0b72722c0, 0x000001f0b72724e8]
Event: 6.795 Thread 0x000001f0c127a970 nmethod 4983 0x000001f0b7272590 code [0x000001f0b7272860, 0x000001f0b7273400]

GC Heap History (19 events):
Event: 1.165 GC heap before
{Heap before GC invocations=0 (full 0):
 garbage-first heap   total 258048K, used 20480K [0x0000000704200000, 0x0000000800000000)
  region size 2048K, 11 young (22528K), 0 survivors (0K)
 Metaspace       used 5554K, committed 5696K, reserved 1114112K
  class space    used 626K, committed 704K, reserved 1048576K
}
Event: 1.174 GC heap after
{Heap after GC invocations=1 (full 0):
 garbage-first heap   total 258048K, used 9663K [0x0000000704200000, 0x0000000800000000)
  region size 2048K, 2 young (4096K), 2 survivors (4096K)
 Metaspace       used 5554K, committed 5696K, reserved 1114112K
  class space    used 626K, committed 704K, reserved 1048576K
}
Event: 2.060 GC heap before
{Heap before GC invocations=1 (full 0):
 garbage-first heap   total 258048K, used 28095K [0x0000000704200000, 0x0000000800000000)
  region size 2048K, 11 young (22528K), 2 survivors (4096K)
 Metaspace       used 10569K, committed 10880K, reserved 1114112K
  class space    used 1344K, committed 1472K, reserved 1048576K
}
Event: 2.064 GC heap after
{Heap after GC invocations=2 (full 0):
 garbage-first heap   total 258048K, used 12013K [0x0000000704200000, 0x0000000800000000)
  region size 2048K, 1 young (2048K), 1 survivors (2048K)
 Metaspace       used 10569K, committed 10880K, reserved 1114112K
  class space    used 1344K, committed 1472K, reserved 1048576K
}
Event: 2.889 GC heap before
{Heap before GC invocations=2 (full 0):
 garbage-first heap   total 258048K, used 55021K [0x0000000704200000, 0x0000000800000000)
  region size 2048K, 23 young (47104K), 1 survivors (2048K)
 Metaspace       used 19633K, committed 20096K, reserved 1114112K
  class space    used 2667K, committed 2880K, reserved 1048576K
}
Event: 2.896 GC heap after
{Heap after GC invocations=3 (full 0):
 garbage-first heap   total 258048K, used 15221K [0x0000000704200000, 0x0000000800000000)
  region size 2048K, 3 young (6144K), 3 survivors (6144K)
 Metaspace       used 19633K, committed 20096K, reserved 1114112K
  class space    used 2667K, committed 2880K, reserved 1048576K
}
Event: 3.384 GC heap before
{Heap before GC invocations=4 (full 0):
 garbage-first heap   total 61440K, used 43893K [0x0000000704200000, 0x0000000800000000)
  region size 2048K, 18 young (36864K), 3 survivors (6144K)
 Metaspace       used 24213K, committed 24640K, reserved 1114112K
  class space    used 3245K, committed 3456K, reserved 1048576K
}
Event: 3.393 GC heap after
{Heap after GC invocations=5 (full 0):
 garbage-first heap   total 61440K, used 18742K [0x0000000704200000, 0x0000000800000000)
  region size 2048K, 2 young (4096K), 2 survivors (4096K)
 Metaspace       used 24213K, committed 24640K, reserved 1114112K
  class space    used 3245K, committed 3456K, reserved 1048576K
}
Event: 4.018 GC heap before
{Heap before GC invocations=5 (full 0):
 garbage-first heap   total 61440K, used 43318K [0x0000000704200000, 0x0000000800000000)
  region size 2048K, 14 young (28672K), 2 survivors (4096K)
 Metaspace       used 26378K, committed 26816K, reserved 1114112K
  class space    used 3562K, committed 3776K, reserved 1048576K
}
Event: 4.026 GC heap after
{Heap after GC invocations=6 (full 0):
 garbage-first heap   total 61440K, used 20609K [0x0000000704200000, 0x0000000800000000)
  region size 2048K, 2 young (4096K), 2 survivors (4096K)
 Metaspace       used 26378K, committed 26816K, reserved 1114112K
  class space    used 3562K, committed 3776K, reserved 1048576K
}
Event: 4.560 GC heap before
{Heap before GC invocations=6 (full 0):
 garbage-first heap   total 61440K, used 45185K [0x0000000704200000, 0x0000000800000000)
  region size 2048K, 14 young (28672K), 2 survivors (4096K)
 Metaspace       used 29487K, committed 29952K, reserved 1114112K
  class space    used 4081K, committed 4288K, reserved 1048576K
}
Event: 4.566 GC heap after
{Heap after GC invocations=7 (full 0):
 garbage-first heap   total 61440K, used 22589K [0x0000000704200000, 0x0000000800000000)
  region size 2048K, 1 young (2048K), 1 survivors (2048K)
 Metaspace       used 29487K, committed 29952K, reserved 1114112K
  class space    used 4081K, committed 4288K, reserved 1048576K
}
Event: 5.157 GC heap before
{Heap before GC invocations=7 (full 0):
 garbage-first heap   total 61440K, used 47165K [0x0000000704200000, 0x0000000800000000)
  region size 2048K, 13 young (26624K), 1 survivors (2048K)
 Metaspace       used 32290K, committed 32832K, reserved 1114112K
  class space    used 4519K, committed 4736K, reserved 1048576K
}
Event: 5.174 GC heap after
{Heap after GC invocations=8 (full 0):
 garbage-first heap   total 61440K, used 24425K [0x0000000704200000, 0x0000000800000000)
  region size 2048K, 2 young (4096K), 2 survivors (4096K)
 Metaspace       used 32290K, committed 32832K, reserved 1114112K
  class space    used 4519K, committed 4736K, reserved 1048576K
}
Event: 5.392 GC heap before
{Heap before GC invocations=8 (full 0):
 garbage-first heap   total 61440K, used 28521K [0x0000000704200000, 0x0000000800000000)
  region size 2048K, 5 young (10240K), 2 survivors (4096K)
 Metaspace       used 33110K, committed 33600K, reserved 1114112K
  class space    used 4646K, committed 4864K, reserved 1048576K
}
Event: 5.406 GC heap after
{Heap after GC invocations=9 (full 0):
 garbage-first heap   total 61440K, used 25195K [0x0000000704200000, 0x0000000800000000)
  region size 2048K, 2 young (4096K), 2 survivors (4096K)
 Metaspace       used 33110K, committed 33600K, reserved 1114112K
  class space    used 4646K, committed 4864K, reserved 1048576K
}
Event: 6.211 GC heap before
{Heap before GC invocations=10 (full 0):
 garbage-first heap   total 61440K, used 49771K [0x0000000704200000, 0x0000000800000000)
  region size 2048K, 14 young (28672K), 2 survivors (4096K)
 Metaspace       used 36370K, committed 36992K, reserved 1114112K
  class space    used 5099K, committed 5376K, reserved 1048576K
}
Event: 6.229 GC heap after
{Heap after GC invocations=11 (full 0):
 garbage-first heap   total 61440K, used 26871K [0x0000000704200000, 0x0000000800000000)
  region size 2048K, 2 young (4096K), 2 survivors (4096K)
 Metaspace       used 36370K, committed 36992K, reserved 1114112K
  class space    used 5099K, committed 5376K, reserved 1048576K
}
Event: 6.798 GC heap before
{Heap before GC invocations=11 (full 0):
 garbage-first heap   total 61440K, used 51447K [0x0000000704200000, 0x0000000800000000)
  region size 2048K, 14 young (28672K), 2 survivors (4096K)
 Metaspace       used 40530K, committed 41216K, reserved 1114112K
  class space    used 5712K, committed 6016K, reserved 1048576K
}

Dll operation events (12 events):
Event: 0.016 Loaded shared library D:\Java\jdk21\bin\java.dll
Event: 0.372 Loaded shared library D:\Java\jdk21\bin\zip.dll
Event: 0.377 Loaded shared library D:\java\jdk21\bin\instrument.dll
Event: 0.382 Loaded shared library D:\java\jdk21\bin\net.dll
Event: 0.384 Loaded shared library D:\java\jdk21\bin\nio.dll
Event: 0.388 Loaded shared library D:\java\jdk21\bin\zip.dll
Event: 0.534 Loaded shared library D:\java\jdk21\bin\jimage.dll
Event: 0.747 Loaded shared library D:\java\jdk21\bin\extnet.dll
Event: 0.757 Loaded shared library D:\java\jdk21\bin\management.dll
Event: 0.775 Loaded shared library D:\java\jdk21\bin\management_ext.dll
Event: 3.295 Loaded shared library D:\java\jdk21\bin\sunmscapi.dll
Event: 5.189 Loaded shared library D:\Java\jdk21\bin\verify.dll

Deoptimization events (0 events):
No events

Classes loaded (20 events):
Event: 6.131 Loading class java/util/Comparators$NullComparator
Event: 6.131 Loading class java/util/Comparators$NullComparator done
Event: 6.183 Loading class java/util/stream/SortedOps$SizedRefSortingSink
Event: 6.184 Loading class java/util/stream/SortedOps$SizedRefSortingSink done
Event: 6.201 Loading class java/io/EOFException
Event: 6.201 Loading class java/io/EOFException done
Event: 6.201 Loading class javax/net/ssl/SSLException
Event: 6.202 Loading class javax/net/ssl/SSLException done
Event: 6.244 Loading class java/nio/channels/CompletionHandler
Event: 6.245 Loading class java/nio/channels/CompletionHandler done
Event: 6.271 Loading class jdk/internal/event/ThreadSleepEvent
Event: 6.271 Loading class jdk/internal/event/ThreadSleepEvent done
Event: 6.304 Loading class java/util/concurrent/Executors$AutoShutdownDelegatedExecutorService
Event: 6.305 Loading class java/util/concurrent/Executors$DelegatedExecutorService
Event: 6.305 Loading class java/util/concurrent/Executors$DelegatedExecutorService done
Event: 6.305 Loading class java/util/concurrent/Executors$AutoShutdownDelegatedExecutorService done
Event: 6.416 Loading class javax/naming/Referenceable
Event: 6.416 Loading class javax/naming/Referenceable done
Event: 6.460 Loading class java/lang/instrument/ClassFileTransformer
Event: 6.460 Loading class java/lang/instrument/ClassFileTransformer done

Classes unloaded (0 events):
No events

Classes redefined (0 events):
No events

Internal exceptions (20 events):
Event: 5.084 Thread 0x000001f0ae358f60 Exception <a 'java/lang/IncompatibleClassChangeError'{0x0000000706667270}: Found class java.lang.Object, but interface was expected> (0x0000000706667270) 
thrown [s\open\src\hotspot\share\interpreter\linkResolver.cpp, line 840]
Event: 5.209 Thread 0x000001f0ae358f60 Exception <a 'java/lang/NoSuchMethodError'{0x0000000713ce3cb0}: 'int java.lang.invoke.DirectMethodHandle$Holder.invokeSpecialIFC(java.lang.Object, java.lang.Object, java.lang.Object)'> (0x0000000713ce3cb0) 
thrown [s\open\src\hotspot\share\interpreter\linkResolver.cpp, line 773]
Event: 5.333 Thread 0x000001f0ae358f60 Exception <a 'java/lang/NoSuchMethodError'{0x0000000710facec0}: 'java.lang.Object java.lang.invoke.DirectMethodHandle$Holder.invokeVirtual(java.lang.Object, java.lang.Object, java.lang.Object, java.lang.Object, java.lang.Object)'> (0x0000000710facec0) 
thrown [s\open\src\hotspot\share\interpreter\linkResolver.cpp, line 773]
Event: 5.494 Thread 0x000001f0ae358f60 Exception <a 'java/lang/NoSuchMethodError'{0x0000000713df0378}: 'java.lang.Object java.lang.invoke.DirectMethodHandle$Holder.invokeVirtual(java.lang.Object, java.lang.Object, java.lang.Object, java.lang.Object, java.lang.Object, java.lang.Object)'> (0x0000000713df0378) 
thrown [s\open\src\hotspot\share\interpreter\linkResolver.cpp, line 773]
Event: 5.514 Thread 0x000001f0ae358f60 Exception <a 'java/lang/NoSuchMethodError'{0x0000000710eb1720}: 'void java.lang.invoke.DirectMethodHandle$Holder.invokeSpecial(java.lang.Object, java.lang.Object, java.lang.Object, java.lang.Object, java.lang.Object, java.lang.Object, java.lang.Object)'> (0x0000000710eb1720) 
thrown [s\open\src\hotspot\share\interpreter\linkResolver.cpp, line 773]
Event: 5.543 Thread 0x000001f0ae358f60 Exception <a 'java/lang/NoSuchMethodError'{0x0000000710fec5a0}: 'void java.lang.invoke.DirectMethodHandle$Holder.invokeInterface(java.lang.Object, java.lang.Object, int)'> (0x0000000710fec5a0) 
thrown [s\open\src\hotspot\share\interpreter\linkResolver.cpp, line 773]
Event: 5.548 Thread 0x000001f0ae358f60 Exception <a 'java/lang/IncompatibleClassChangeError'{0x0000000710c2f670}: Found class java.lang.Object, but interface was expected> (0x0000000710c2f670) 
thrown [s\open\src\hotspot\share\interpreter\linkResolver.cpp, line 840]
Event: 5.551 Thread 0x000001f0ae358f60 Exception <a 'java/lang/NoSuchMethodError'{0x0000000710c4cf58}: 'void java.lang.invoke.DirectMethodHandle$Holder.invokeStatic(java.lang.Object, int, java.lang.Object)'> (0x0000000710c4cf58) 
thrown [s\open\src\hotspot\share\interpreter\linkResolver.cpp, line 773]
Event: 5.557 Thread 0x000001f0ae358f60 Exception <a 'java/lang/NoSuchMethodError'{0x0000000710c84478}: 'void java.lang.invoke.DirectMethodHandle$Holder.invokeStatic(java.lang.Object, java.lang.Object, java.lang.Object, int, java.lang.Object)'> (0x0000000710c84478) 
thrown [s\open\src\hotspot\share\interpreter\linkResolver.cpp, line 773]
Event: 5.558 Thread 0x000001f0ae358f60 Exception <a 'java/lang/NoSuchMethodError'{0x0000000710c8acd8}: 'java.lang.Object java.lang.invoke.DirectMethodHandle$Holder.newInvokeSpecial(java.lang.Object, java.lang.Object, java.lang.Object, int)'> (0x0000000710c8acd8) 
thrown [s\open\src\hotspot\share\interpreter\linkResolver.cpp, line 773]
Event: 5.558 Thread 0x000001f0ae358f60 Exception <a 'java/lang/NoSuchMethodError'{0x0000000710c8eb68}: 'java.lang.Object java.lang.invoke.DirectMethodHandle$Holder.invokeSpecial(java.lang.Object, java.lang.Object, java.lang.Object, java.lang.Object, int)'> (0x0000000710c8eb68) 
thrown [s\open\src\hotspot\share\interpreter\linkResolver.cpp, line 773]
Event: 5.558 Thread 0x000001f0ae358f60 Exception <a 'java/lang/NoSuchMethodError'{0x0000000710c92000}: 'java.lang.Object java.lang.invoke.Invokers$Holder.linkToTargetMethod(java.lang.Object, java.lang.Object, int, java.lang.Object)'> (0x0000000710c92000) 
thrown [s\open\src\hotspot\share\interpreter\linkResolver.cpp, line 773]
Event: 5.879 Thread 0x000001f0ae358f60 Exception <a 'java/lang/NoSuchMethodError'{0x0000000706a60498}: 'int java.lang.invoke.DirectMethodHandle$Holder.invokeVirtual(java.lang.Object, java.lang.Object, java.lang.Object, java.lang.Object)'> (0x0000000706a60498) 
thrown [s\open\src\hotspot\share\interpreter\linkResolver.cpp, line 773]
Event: 5.879 Thread 0x000001f0ae358f60 Exception <a 'java/lang/NoSuchMethodError'{0x0000000706a63d28}: 'int java.lang.invoke.DelegatingMethodHandle$Holder.reinvoke_L(java.lang.Object, java.lang.Object, java.lang.Object, java.lang.Object)'> (0x0000000706a63d28) 
thrown [s\open\src\hotspot\share\interpreter\linkResolver.cpp, line 773]
Event: 5.915 Thread 0x000001f0ae358f60 Exception <a 'java/io/FileNotFoundException'{0x0000000706b7f310}> (0x0000000706b7f310) 
thrown [s\open\src\hotspot\share\prims\jni.cpp, line 520]
Event: 6.015 Thread 0x000001f0ae358f60 Exception <a 'java/lang/NoSuchMethodError'{0x0000000706694978}: 'int java.lang.invoke.DirectMethodHandle$Holder.invokeInterface(java.lang.Object, java.lang.Object, java.lang.Object, java.lang.Object)'> (0x0000000706694978) 
thrown [s\open\src\hotspot\share\interpreter\linkResolver.cpp, line 773]
Event: 6.060 Thread 0x000001f0ae358f60 Exception <a 'java/lang/NoSuchMethodError'{0x00000007067df9a8}: 'int java.lang.invoke.DirectMethodHandle$Holder.invokeStaticInit(java.lang.Object, int, java.lang.Object, java.lang.Object, java.lang.Object, java.lang.Object)'> (0x00000007067df9a8) 
thrown [s\open\src\hotspot\share\interpreter\linkResolver.cpp, line 773]
Event: 6.093 Thread 0x000001f0ae358f60 Exception <a 'java/lang/NoSuchMethodError'{0x00000007064b2830}: 'void java.lang.invoke.Invokers$Holder.invokeExact_MT(java.lang.Object, java.lang.Object, java.lang.Object, java.lang.Object)'> (0x00000007064b2830) 
thrown [s\open\src\hotspot\share\interpreter\linkResolver.cpp, line 773]
Event: 6.369 Thread 0x000001f0ae358f60 Exception <a 'java/lang/NoSuchMethodError'{0x0000000710b9b148}: 'java.lang.Object java.lang.invoke.DirectMethodHandle$Holder.newInvokeSpecial(java.lang.Object, java.lang.Object, java.lang.Object, java.lang.Object, java.lang.Object, java.lang.Object, java.lang.Object, java.lang.Object, java.lang.Object, java.lang.Object, java.lang.Object)'> (0x0000000710b9b148) 
thrown [s\open\src\hotspot\share\interpreter\linkResolver.cpp, line 773]
Event: 6.514 Thread 0x000001f0ae358f60 Exception <a 'java/lang/NoSuchMethodError'{0x00000007070ac078}: 'void java.lang.invoke.DelegatingMethodHandle$Holder.reinvoke_L(java.lang.Object, java.lang.Object, java.lang.Object, java.lang.Object, int, java.lang.Object, java.lang.Object, java.lang.Object)'> (0x00000007070ac078) 
thrown [s\open\src\hotspot\share\interpreter\linkResolver.cpp, line 773]

ZGC Phase Switch (0 events):
No events

VM Operations (20 events):
Event: 5.464 Executing VM operation: G1PauseCleanup done
Event: 5.865 Executing VM operation: HandshakeAllThreads (Deoptimize)
Event: 5.865 Executing VM operation: HandshakeAllThreads (Deoptimize) done
Event: 5.868 Executing VM operation: HandshakeAllThreads (Deoptimize)
Event: 5.868 Executing VM operation: HandshakeAllThreads (Deoptimize) done
Event: 5.898 Executing VM operation: HandshakeAllThreads (Deoptimize)
Event: 5.898 Executing VM operation: HandshakeAllThreads (Deoptimize) done
Event: 5.968 Executing VM operation: HandshakeAllThreads (Deoptimize)
Event: 5.968 Executing VM operation: HandshakeAllThreads (Deoptimize) done
Event: 6.173 Executing VM operation: HandshakeAllThreads (Deoptimize)
Event: 6.173 Executing VM operation: HandshakeAllThreads (Deoptimize) done
Event: 6.174 Executing VM operation: HandshakeAllThreads (Deoptimize)
Event: 6.174 Executing VM operation: HandshakeAllThreads (Deoptimize) done
Event: 6.204 Executing VM operation: G1CollectForAllocation (G1 Evacuation Pause)
Event: 6.229 Executing VM operation: G1CollectForAllocation (G1 Evacuation Pause) done
Event: 6.255 Executing VM operation: HandshakeAllThreads (Deoptimize)
Event: 6.255 Executing VM operation: HandshakeAllThreads (Deoptimize) done
Event: 6.581 Executing VM operation: HandshakeAllThreads (Deoptimize)
Event: 6.581 Executing VM operation: HandshakeAllThreads (Deoptimize) done
Event: 6.798 Executing VM operation: G1CollectForAllocation (G1 Evacuation Pause)

Events (20 events):
Event: 5.447 Thread 0x000001f0c124b010 flushing nmethod 0x000001f0b6c16410
Event: 5.447 Thread 0x000001f0c124b010 flushing nmethod 0x000001f0b6c16810
Event: 5.447 Thread 0x000001f0c124b010 flushing nmethod 0x000001f0b6c19a90
Event: 5.447 Thread 0x000001f0c124b010 flushing nmethod 0x000001f0b6c24210
Event: 5.447 Thread 0x000001f0c124b010 flushing nmethod 0x000001f0b6c30d90
Event: 5.447 Thread 0x000001f0c124b010 flushing nmethod 0x000001f0b6c79090
Event: 5.447 Thread 0x000001f0c124b010 flushing nmethod 0x000001f0b6d27690
Event: 5.447 Thread 0x000001f0c124b010 flushing nmethod 0x000001f0b6d45690
Event: 5.447 Thread 0x000001f0c124b010 flushing nmethod 0x000001f0b6d7ce90
Event: 5.447 Thread 0x000001f0c124b010 flushing nmethod 0x000001f0b6ee8110
Event: 5.687 Thread 0x000001f107cd5da0 Thread added: 0x000001f107cd5da0
Event: 5.698 Thread 0x000001f107cd5da0 Thread exited: 0x000001f107cd5da0
Event: 6.201 Thread 0x000001f107cd5080 Thread added: 0x000001f107cd5080
Event: 6.236 Thread 0x000001f107cd5080 Thread exited: 0x000001f107cd5080
Event: 6.263 Thread 0x000001f107cd5080 Thread added: 0x000001f107cd5080
Event: 6.265 Thread 0x000001f107cd5da0 Thread added: 0x000001f107cd5da0
Event: 6.271 Thread 0x000001f107cd5710 Thread added: 0x000001f107cd5710
Event: 6.306 Thread 0x000001f10898d520 Thread added: 0x000001f10898d520
Event: 6.740 Thread 0x000001f10898ce90 Thread added: 0x000001f10898ce90
Event: 6.748 Thread 0x000001f10898ce90 Thread exited: 0x000001f10898ce90


Dynamic libraries:
0x00007ff616b00000 - 0x00007ff616b10000 	D:\Java\jdk21\bin\java.exe
0x00007ffc20d50000 - 0x00007ffc20f48000 	C:\WINDOWS\SYSTEM32\ntdll.dll
0x00007ffc20bb0000 - 0x00007ffc20c72000 	C:\WINDOWS\System32\KERNEL32.DLL
0x00007ffc1e410000 - 0x00007ffc1e706000 	C:\WINDOWS\System32\KERNELBASE.dll
0x00007ffc1e810000 - 0x00007ffc1e910000 	C:\WINDOWS\System32\ucrtbase.dll
0x00007ffc16bc0000 - 0x00007ffc16bd9000 	D:\Java\jdk21\bin\jli.dll
0x00007ffc14450000 - 0x00007ffc1446b000 	D:\Java\jdk21\bin\VCRUNTIME140.dll
0x00007ffc1f320000 - 0x00007ffc1f3cf000 	C:\WINDOWS\System32\ADVAPI32.dll
0x00007ffc1fec0000 - 0x00007ffc1ff5e000 	C:\WINDOWS\System32\msvcrt.dll
0x00007ffc201b0000 - 0x00007ffc2024f000 	C:\WINDOWS\System32\sechost.dll
0x00007ffc1ffe0000 - 0x00007ffc20103000 	C:\WINDOWS\System32\RPCRT4.dll
0x00007ffc1ed40000 - 0x00007ffc1ed67000 	C:\WINDOWS\System32\bcrypt.dll
0x00007ffc20a10000 - 0x00007ffc20bad000 	C:\WINDOWS\System32\USER32.dll
0x00007ffc1e3e0000 - 0x00007ffc1e402000 	C:\WINDOWS\System32\win32u.dll
0x00007ffc0bf20000 - 0x00007ffc0c1ba000 	C:\WINDOWS\WinSxS\amd64_microsoft.windows.common-controls_6595b64144ccf1df_6.0.19041.4355_none_60b8b9eb71f62e16\COMCTL32.dll
0x00007ffc20c80000 - 0x00007ffc20cab000 	C:\WINDOWS\System32\GDI32.dll
0x00007ffc1ec20000 - 0x00007ffc1ed3a000 	C:\WINDOWS\System32\gdi32full.dll
0x00007ffc1e9a0000 - 0x00007ffc1ea3d000 	C:\WINDOWS\System32\msvcp_win.dll
0x00007ffc17ca0000 - 0x00007ffc17caa000 	C:\WINDOWS\SYSTEM32\VERSION.dll
0x00007ffc203a0000 - 0x00007ffc203cf000 	C:\WINDOWS\System32\IMM32.DLL
0x00007ffc193a0000 - 0x00007ffc193ac000 	D:\Java\jdk21\bin\vcruntime140_1.dll
0x00007ffbdb4f0000 - 0x00007ffbdb57e000 	D:\Java\jdk21\bin\msvcp140.dll
0x00007ffb8e0d0000 - 0x00007ffb8edea000 	D:\Java\jdk21\bin\server\jvm.dll
0x00007ffc1ff70000 - 0x00007ffc1ffdb000 	C:\WINDOWS\System32\WS2_32.dll
0x00007ffc1d840000 - 0x00007ffc1d88b000 	C:\WINDOWS\SYSTEM32\POWRPROF.dll
0x00007ffc12880000 - 0x00007ffc128a7000 	C:\WINDOWS\SYSTEM32\WINMM.dll
0x00007ffc1d7e0000 - 0x00007ffc1d7f2000 	C:\WINDOWS\SYSTEM32\UMPDC.dll
0x00007ffc1cc00000 - 0x00007ffc1cc12000 	C:\WINDOWS\SYSTEM32\kernel.appcore.dll
0x00007ffc141d0000 - 0x00007ffc141da000 	D:\Java\jdk21\bin\jimage.dll
0x00007ffc1bf80000 - 0x00007ffc1c164000 	C:\WINDOWS\SYSTEM32\DBGHELP.DLL
0x00007ffbf1980000 - 0x00007ffbf19b4000 	C:\WINDOWS\SYSTEM32\dbgcore.DLL
0x00007ffc1e910000 - 0x00007ffc1e992000 	C:\WINDOWS\System32\bcryptPrimitives.dll
0x00007ffc19360000 - 0x00007ffc1936f000 	D:\Java\jdk21\bin\instrument.dll
0x00007ffbee250000 - 0x00007ffbee26f000 	D:\Java\jdk21\bin\java.dll
0x00007ffc1f500000 - 0x00007ffc1fc6f000 	C:\WINDOWS\System32\SHELL32.dll
0x00007ffc1c440000 - 0x00007ffc1cbe3000 	C:\WINDOWS\SYSTEM32\windows.storage.dll
0x00007ffc1ed70000 - 0x00007ffc1f0c5000 	C:\WINDOWS\System32\combase.dll
0x00007ffc1de10000 - 0x00007ffc1de3b000 	C:\WINDOWS\SYSTEM32\Wldp.dll
0x00007ffc1f1f0000 - 0x00007ffc1f2bd000 	C:\WINDOWS\System32\OLEAUT32.dll
0x00007ffc202f0000 - 0x00007ffc2039d000 	C:\WINDOWS\System32\SHCORE.dll
0x00007ffc1fc70000 - 0x00007ffc1fcc5000 	C:\WINDOWS\System32\shlwapi.dll
0x00007ffc1e310000 - 0x00007ffc1e335000 	C:\WINDOWS\SYSTEM32\profapi.dll
0x00007ffbee1b0000 - 0x00007ffbee1c8000 	D:\Java\jdk21\bin\zip.dll
0x00007ffc16be0000 - 0x00007ffc16bf0000 	D:\java\jdk21\bin\net.dll
0x00007ffc1b3d0000 - 0x00007ffc1b4da000 	C:\WINDOWS\SYSTEM32\WINHTTP.dll
0x00007ffc1db70000 - 0x00007ffc1dbdc000 	C:\WINDOWS\system32\mswsock.dll
0x00007ffbee230000 - 0x00007ffbee246000 	D:\java\jdk21\bin\nio.dll
0x00007ffc1d890000 - 0x00007ffc1d95a000 	C:\WINDOWS\SYSTEM32\DNSAPI.dll
0x00007ffc1d800000 - 0x00007ffc1d83b000 	C:\WINDOWS\SYSTEM32\IPHLPAPI.DLL
0x00007ffc203d0000 - 0x00007ffc203d8000 	C:\WINDOWS\System32\NSI.dll
0x00007ffc181f0000 - 0x00007ffc181fa000 	C:\Windows\System32\rasadhlp.dll
0x00007ffc16ce0000 - 0x00007ffc16d60000 	C:\WINDOWS\System32\fwpuclnt.dll
0x00007ffc141c0000 - 0x00007ffc141c9000 	D:\java\jdk21\bin\extnet.dll
0x00007ffbf2e50000 - 0x00007ffbf2e5a000 	D:\java\jdk21\bin\management.dll
0x00007ffbf2d00000 - 0x00007ffbf2d0b000 	D:\java\jdk21\bin\management_ext.dll
0x00007ffc201a0000 - 0x00007ffc201a8000 	C:\WINDOWS\System32\PSAPI.DLL
0x00007ffc1dd60000 - 0x00007ffc1dd78000 	C:\WINDOWS\SYSTEM32\CRYPTSP.dll
0x00007ffc1d420000 - 0x00007ffc1d458000 	C:\WINDOWS\system32\rsaenh.dll
0x00007ffc1e2d0000 - 0x00007ffc1e2fe000 	C:\WINDOWS\SYSTEM32\USERENV.dll
0x00007ffc1dd80000 - 0x00007ffc1dd8c000 	C:\WINDOWS\SYSTEM32\CRYPTBASE.dll
0x00007ffbd81e0000 - 0x00007ffbd81f7000 	C:\WINDOWS\system32\napinsp.dll
0x00007ffbab060000 - 0x00007ffbab07b000 	C:\WINDOWS\system32\pnrpnsp.dll
0x00007ffbe8310000 - 0x00007ffbe8325000 	C:\WINDOWS\system32\wshbth.dll
0x00007ffc1b3b0000 - 0x00007ffc1b3cd000 	C:\WINDOWS\system32\NLAapi.dll
0x00007ffbab040000 - 0x00007ffbab052000 	C:\WINDOWS\System32\winrnr.dll
0x00007ffbf7eb0000 - 0x00007ffbf7f01000 	C:\WINDOWS\SYSTEM32\pdh.dll
0x00007ffc1b660000 - 0x00007ffc1b66f000 	C:\WINDOWS\System32\perfproc.dll
0x00007ffbf3300000 - 0x00007ffbf330f000 	C:\WINDOWS\System32\perfos.dll
0x00007ffbf2100000 - 0x00007ffbf210e000 	D:\java\jdk21\bin\sunmscapi.dll
0x00007ffc1ea40000 - 0x00007ffc1eb9d000 	C:\WINDOWS\System32\CRYPT32.dll
0x00007ffc1de80000 - 0x00007ffc1dea7000 	C:\WINDOWS\SYSTEM32\ncrypt.dll
0x00007ffc1de40000 - 0x00007ffc1de7b000 	C:\WINDOWS\SYSTEM32\NTASN1.dll
0x00007ffbeea00000 - 0x00007ffbeea10000 	D:\Java\jdk21\bin\verify.dll

dbghelp: loaded successfully - version: 4.0.5 - missing functions: none
symbol engine: initialized successfully - sym options: 0x614 - pdb path: .;D:\Java\jdk21\bin;C:\WINDOWS\SYSTEM32;C:\WINDOWS\WinSxS\amd64_microsoft.windows.common-controls_6595b64144ccf1df_6.0.19041.4355_none_60b8b9eb71f62e16;D:\Java\jdk21\bin\server

VM Arguments:
jvm_args: -XX:TieredStopAtLevel=1 -Dspring.output.ansi.enabled=always -Dcom.sun.management.jmxremote -Dspring.jmx.enabled=true -Dspring.liveBeansView.mbeanDomain -Dspring.application.admin.enabled=true -Dmanagement.endpoints.jmx.exposure.include=* -javaagent:D:\JetBrains\IntelliJ IDEA 2024.3.4.1\lib\idea_rt.jar=51308 -Dfile.encoding=UTF-8 -Dsun.stdout.encoding=UTF-8 -Dsun.stderr.encoding=UTF-8 
java_command: com.project.stationery_be_server.StationeryBeServerApplication
java_class_path (initial): D:\Project-Study\stationery-be-server\target\classes;C:\Users\dell\.m2\repository\org\springframework\boot\spring-boot-starter-security\3.4.3\spring-boot-starter-security-3.4.3.jar;C:\Users\dell\.m2\repository\org\springframework\boot\spring-boot-starter\3.4.3\spring-boot-starter-3.4.3.jar;C:\Users\dell\.m2\repository\org\springframework\boot\spring-boot\3.4.3\spring-boot-3.4.3.jar;C:\Users\dell\.m2\repository\org\springframework\boot\spring-boot-autoconfigure\3.4.3\spring-boot-autoconfigure-3.4.3.jar;C:\Users\dell\.m2\repository\org\springframework\boot\spring-boot-starter-logging\3.4.3\spring-boot-starter-logging-3.4.3.jar;C:\Users\dell\.m2\repository\ch\qos\logback\logback-classic\1.5.16\logback-classic-1.5.16.jar;C:\Users\dell\.m2\repository\ch\qos\logback\logback-core\1.5.16\logback-core-1.5.16.jar;C:\Users\dell\.m2\repository\org\apache\logging\log4j\log4j-to-slf4j\2.24.3\log4j-to-slf4j-2.24.3.jar;C:\Users\dell\.m2\repository\org\apache\logging\log4j\log4j-api\2.24.3\log4j-api-2.24.3.jar;C:\Users\dell\.m2\repository\org\slf4j\jul-to-slf4j\2.0.16\jul-to-slf4j-2.0.16.jar;C:\Users\dell\.m2\repository\jakarta\annotation\jakarta.annotation-api\2.1.1\jakarta.annotation-api-2.1.1.jar;C:\Users\dell\.m2\repository\org\yaml\snakeyaml\2.3\snakeyaml-2.3.jar;C:\Users\dell\.m2\repository\org\springframework\spring-aop\6.2.3\spring-aop-6.2.3.jar;C:\Users\dell\.m2\repository\org\springframework\spring-beans\6.2.3\spring-beans-6.2.3.jar;C:\Users\dell\.m2\repository\org\springframework\security\spring-security-config\6.4.3\spring-security-config-6.4.3.jar;C:\Users\dell\.m2\repository\org\springframework\spring-context\6.2.3\spring-context-6.2.3.jar;C:\Users\dell\.m2\repository\org\springframework\security\spring-security-web\6.4.3\spring-security-web-6.4.3.jar;C:\Users\dell\.m2\repository\org\springframework\spring-expression\6.2.3\spring-expression-6.2.3.jar;C:\Users\dell\.m2\repository\org\springframework\boot\spring-boot-starter-web\3.4.3\spring-boot-starter-web-3.4.3.jar;C:\Users\dell\.m2\repository\org\springframework\boot\spring-boot-starter-json\3.4.3\spring-boot-starter-json-3.4.3.jar;C:\Users\dell\.m2\repository\com\fasterxml\jackson\core\jackson-databind\2.18.2\jackson-databind-2.18.2.jar;C:\Users\dell\.m2\repository\com\fasterxml\jackson\core\jackson-annotations\2.18.2\jackson-annotations-2.18.2.jar;C:\Users\dell\.m2\repository\com\fasterxml\jackson\datatype\jackson-datatype-jdk8\2.18.2\jackson-datatype-jdk8-2.18.2.jar;C:\Users\dell\.m2\repository\com\fasterxml\jackson\datatype\jackson-datatype-jsr310\2.18.2\jackson-datatype-jsr310-2.18.2.jar;C:\Users\dell\.m2\repository\com\fasterxml\jackson\module\jackson-module-parameter-names\2.18.2\jackson-module-parameter-names-2.18.2.jar;C:\Users\dell\.m2\repository\org\springframework\boot\spring-boot-starter-tomcat\3.4.3\spring-boot-starter-tomcat-3.4.3.jar;C:\Users\dell\.m2\repository\org\apache\tomcat\embed\tomcat-embed-core\10.1.36\tomcat-embed-core-10.1.36.jar;C:\Users\dell\.m2\repository\org\apache\tomcat\embed\tomcat-embed-websocket\10.1.36\tomcat-embed-websocket-10.1.36.jar;C:\Users\dell\.m2\repository\org\springframework\spring-web\6.2.3\spring-web-6.2.3.jar;C:\Users\dell\.m2\repository\io\micrometer\micrometer-observation\1.14.4\micrometer-observation-1.14.4.jar;C:\Users\dell\.m2\repository\io\micrometer\micrometer-commons\1.14.4\micrometer-commons-1.14.4.jar;C:\Users\dell\.m2\repository\org\springframework\spring-webmvc\6.2.3\spring-webmvc-6.2.3.jar;C:\Users\dell\.m2\repository\org\springframework\boot\spring-boot-starter-validation\3.4.3\spring-boot-starter-validation-3.4.3.jar;C:\Users\dell\.m2\repository\org\apache\tomcat\embed\tomcat-embed-el\10.1.36\tomcat-embed-el-10.1.36.jar;C:\Users\dell\.m2\repository\org\hibernate\validator\hibernate-validator\8.0.2.Final\hibernate-validator-8.0.2.Final.jar;C:\Users\dell\.m2\repository\jakarta\validation\jakarta.validation-api\3.0.2\jakarta.validation-api-3.0.2.jar;C:\Users\dell\.m2\repository\org\jboss\logging\jboss-logging\3.6.1.Final\jboss-logging-3.6.1.Final.jar;C:\Users\dell\.m2\repository\com\fasterxml\classmate\1.7.0\classmate-1.7.0.jar;C:\Users\dell\.m2\repository\org\springframework\boot\spring-boot-starter-data-jpa\3.4.3\spring-boot-starter-data-jpa-3.4.3.jar;C:\Users\dell\.m2\repository\org\springframework\boot\spring-boot-starter-jdbc\3.4.3\spring-boot-starter-jdbc-3.4.3.jar;C:\Users\dell\.m2\repository\com\zaxxer\HikariCP\5.1.0\HikariCP-5.1.0.jar;C:\Users\dell\.m2\repository\org\springframework\spring-jdbc\6.2.3\spring-jdbc-6.2.3.jar;C:\Users\dell\.m2\repository\org\hibernate\orm\hibernate-core\6.6.8.Final\hibernate-core-6.6.8.Final.jar;C:\Users\dell\.m2\repository\jakarta\persistence\jakarta.persistence-api\3.1.0\jakarta.persistence-api-3.1.0.jar;C:\Users\dell\.m2\repository\jakarta\transaction\jakarta.transaction-api\2.0.1\jakarta.transaction-api-2.0.1.jar;C:\Users\dell\.m2\repository\org\hibernate\common\hibernate-commons-annotations\7.0.3.Final\hibernate-commons-annotations-7.0.3.Final.jar;C:\Users\dell\.m2\repository\io\smallrye\jandex\3.2.0\jandex-3.2.0.jar;C:\Users\dell\.m2\repository\net\bytebuddy\byte-buddy\1.15.11\byte-buddy-1.15.11.jar;C:\Users\dell\.m2\repository\org\glassfish\jaxb\jaxb-runtime\4.0.5\jaxb-runtime-4.0.5.jar;C:\Users\dell\.m2\repository\org\glassfish\jaxb\jaxb-core\4.0.5\jaxb-core-4.0.5.jar;C:\Users\dell\.m2\repository\org\glassfish\jaxb\txw2\4.0.5\txw2-4.0.5.jar;C:\Users\dell\.m2\repository\com\sun\istack\istack-commons-runtime\4.1.2\istack-commons-runtime-4.1.2.jar;C:\Users\dell\.m2\repository\jakarta\inject\jakarta.inject-api\2.0.1\jakarta.inject-api-2.0.1.jar;C:\Users\dell\.m2\repository\org\antlr\antlr4-runtime\4.13.0\antlr4-runtime-4.13.0.jar;C:\Users\dell\.m2\repository\org\springframework\data\spring-data-jpa\3.4.3\spring-data-jpa-3.4.3.jar;C:\Users\dell\.m2\repository\org\springframework\data\spring-data-commons\3.4.3\spring-data-commons-3.4.3.jar;C:\Users\dell\.m2\repository\org\springframework\spring-orm\6.2.3\spring-orm-6.2.3.jar;C:\Users\dell\.m2\repository\org\springframework\spring-tx\6.2.3\spring-tx-6.2.3.jar;C:\Users\dell\.m2\repository\org\slf4j\slf4j-api\2.0.16\slf4j-api-2.0.16.jar;C:\Users\dell\.m2\repository\org\springframework\spring-aspects\6.2.3\spring-aspects-6.2.3.jar;C:\Users\dell\.m2\repository\org\aspectj\aspectjweaver\1.9.22.1\aspectjweaver-1.9.22.1.jar;C:\Users\dell\.m2\repository\com\mysql\mysql-connector-j\9.1.0\mysql-connector-j-9.1.0.jar;C:\Users\dell\.m2\repository\org\projectlombok\lombok\1.18.36\lombok-1.18.36.jar;C:\Users\dell\.m2\repository\com\jayway\jsonpath\json-path\2.9.0\json-path-2.9.0.jar;C:\Users\dell\.m2\repository\jakarta\xml\bind\jakarta.xml.bind-api\4.0.2\jakarta.xml.bind-api-4.0.2.jar;C:\Users\dell\.m2\repository\jakarta\activation\jakarta.activation-api\2.1.3\jakarta.activation-api-2.1.3.jar;C:\Users\dell\.m2\repository\net\minidev\json-smart\2.5.2\json-smart-2.5.2.jar;C:\Users\dell\.m2\repository\net\minidev\accessors-smart\2.5.2\accessors-smart-2.5.2.jar;C:\Users\dell\.m2\repository\org\ow2\asm\asm\9.7.1\asm-9.7.1.jar;C:\Users\dell\.m2\repository\org\springframework\spring-core\6.2.3\spring-core-6.2.3.jar;C:\Users\dell\.m2\repository\org\springframework\spring-jcl\6.2.3\spring-jcl-6.2.3.jar;C:\Users\dell\.m2\repository\org\springframework\security\spring-security-core\6.4.3\spring-security-core-6.4.3.jar;C:\Users\dell\.m2\repository\org\springframework\security\spring-security-crypto\6.4.3\spring-security-crypto-6.4.3.jar;C:\Users\dell\.m2\repository\org\springframework\security\spring-security-oauth2-client\6.4.3\spring-security-oauth2-client-6.4.3.jar;C:\Users\dell\.m2\repository\org\springframework\security\spring-security-oauth2-core\6.4.3\spring-security-oauth2-core-6.4.3.jar;C:\Users\dell\.m2\repository\com\nimbusds\oauth2-oidc-sdk\9.43.6\oauth2-oidc-sdk-9.43.6.jar;C:\Users\dell\.m2\repository\com\github\stephenc\jcip\jcip-annotations\1.0-1\jcip-annotations-1.0-1.jar;C:\Users\dell\.m2\repository\com\nimbusds\content-type\2.2\content-type-2.2.jar;C:\Users\dell\.m2\repository\com\nimbusds\lang-tag\1.7\lang-tag-1.7.jar;C:\Users\dell\.m2\repository\com\nimbusds\nimbus-jose-jwt\9.37.3\nimbus-jose-jwt-9.37.3.jar;C:\Users\dell\.m2\repository\com\google\api-client\google-api-client\2.2.0\google-api-client-2.2.0.jar;C:\Users\dell\.m2\repository\commons-codec\commons-codec\1.17.2\commons-codec-1.17.2.jar;C:\Users\dell\.m2\repository\com\google\oauth-client\google-oauth-client\1.34.1\google-oauth-client-1.34.1.jar;C:\Users\dell\.m2\repository\com\google\http-client\google-http-client-gson\1.42.3\google-http-client-gson-1.42.3.jar;C:\Users\dell\.m2\repository\com\google\code\gson\gson\2.11.0\gson-2.11.0.jar;C:\Users\dell\.m2\repository\com\google\guava\guava\31.1-jre\guava-31.1-jre.jar;C:\Users\dell\.m2\repository\com\google\guava\failureaccess\1.0.1\failureaccess-1.0.1.jar;C:\Users\dell\.m2\repository\com\google\guava\listenablefuture\9999.0-empty-to-avoid-conflict-with-guava\listenablefuture-9999.0-empty-to-avoid-conflict-with-guava.jar;C:\Users\dell\.m2\repository\com\google\code\findbugs\jsr305\3.0.2\jsr305-3.0.2.jar;C:\Users\dell\.m2\repository\org\checkerframework\checker-qual\3.12.0\checker-qual-3.12.0.jar;C:\Users\dell\.m2\repository\com\google\errorprone\error_prone_annotations\2.11.0\error_prone_annotations-2.11.0.jar;C:\Users\dell\.m2\repository\com\google\j2objc\j2objc-annotations\1.3\j2objc-annotations-1.3.jar;C:\Users\dell\.m2\repository\com\google\http-client\google-http-client-apache-v2\1.42.3\google-http-client-apache-v2-1.42.3.jar;C:\Users\dell\.m2\repository\org\apache\httpcomponents\httpcore\4.4.16\httpcore-4.4.16.jar;C:\Users\dell\.m2\repository\org\apache\httpcomponents\httpclient\4.5.14\httpclient-4.5.14.jar;C:\Users\dell\.m2\repository\commons-logging\commons-logging\1.2\commons-logging-1.2.jar;C:\Users\dell\.m2\repository\com\google\http-client\google-http-client\1.42.3\google-http-client-1.42.3.jar;C:\Users\dell\.m2\repository\io\opencensus\opencensus-api\0.31.1\opencensus-api-0.31.1.jar;C:\Users\dell\.m2\repository\io\grpc\grpc-context\1.27.2\grpc-context-1.27.2.jar;C:\Users\dell\.m2\repository\io\opencensus\opencensus-contrib-http-util\0.31.1\opencensus-contrib-http-util-0.31.1.jar;C:\Users\dell\.m2\repository\com\google\http-client\google-http-client-jackson2\1.43.0\google-http-client-jackson2-1.43.0.jar;C:\Users\dell\.m2\repository\com\fasterxml\jackson\core\jackson-core\2.18.2\jackson-core-2.18.2.jar;C:\Users\dell\.m2\repository\org\springframework\boot\spring-boot-starter-oauth2-resource-server\3.4.3\spring-boot-starter-oauth2-resource-server-3.4.3.jar;C:\Users\dell\.m2\repository\org\springframework\security\spring-security-oauth2-resource-server\6.4.3\spring-security-oauth2-resource-server-6.4.3.jar;C:\Users\dell\.m2\repository\org\springframework\security\spring-security-oauth2-jose\6.4.3\spring-security-oauth2-jose-6.4.3.jar;C:\Users\dell\.m2\repository\org\mapstruct\mapstruct\1.5.5.Final\mapstruct-1.5.5.Final.jar;C:\Users\dell\.m2\repository\com\cloudinary\cloudinary-http5\2.0.0\cloudinary-http5-2.0.0.jar;C:\Users\dell\.m2\repository\com\cloudinary\cloudinary-core\2.0.0\cloudinary-core-2.0.0.jar;C:\Users\dell\.m2\repository\org\apache\commons\commons-lang3\3.17.0\commons-lang3-3.17.0.jar;C:\Users\dell\.m2\repository\org\apache\httpcomponents\client5\httpclient5\5.4.2\httpclient5-5.4.2.jar;C:\Users\dell\.m2\repository\org\apache\httpcomponents\core5\httpcore5-h2\5.3.3\httpcore5-h2-5.3.3.jar;C:\Users\dell\.m2\repository\org\apache\httpcomponents\core5\httpcore5\5.3.3\httpcore5-5.3.3.jar;C:\Users\dell\.m2\repository\org\springframework\boot\spring-boot-starter-mail\3.4.3\spring-boot-starter-mail-3.4.3.jar;C:\Users\dell\.m2\repository\org\springframework\spring-context-support\6.2.3\spring-context-support-6.2.3.jar;C:\Users\dell\.m2\repository\org\eclipse\angus\jakarta.mail\2.0.3\jakarta.mail-2.0.3.jar;C:\Users\dell\.m2\repository\org\eclipse\angus\angus-activation\2.0.2\angus-activation-2.0.2.jar;C:\Users\dell\.m2\repository\org\springframework\boot\spring-boot-starter-hateoas\3.4.3\spring-boot-starter-hateoas-3.4.3.jar;C:\Users\dell\.m2\repository\org\springframework\hateoas\spring-hateoas\2.4.1\spring-hateoas-2.4.1.jar;C:\Users\dell\.m2\repository\org\springframework\plugin\spring-plugin-core\3.0.0\spring-plugin-core-3.0.0.jar;C:\Users\dell\.m2\repository\org\springframework\boot\spring-boot-starter-webflux\3.4.3\spring-boot-starter-webflux-3.4.3.jar;C:\Users\dell\.m2\repository\org\springframework\boot\spring-boot-starter-reactor-netty\3.4.3\spring-boot-starter-reactor-netty-3.4.3.jar;C:\Users\dell\.m2\repository\io\projectreactor\netty\reactor-netty-http\1.2.3\reactor-netty-http-1.2.3.jar;C:\Users\dell\.m2\repository\io\netty\netty-codec-http\4.1.118.Final\netty-codec-http-4.1.118.Final.jar;C:\Users\dell\.m2\repository\io\netty\netty-common\4.1.118.Final\netty-common-4.1.118.Final.jar;C:\Users\dell\.m2\repository\io\netty\netty-buffer\4.1.118.Final\netty-buffer-4.1.118.Final.jar;C:\Users\dell\.m2\repository\io\netty\netty-transport\4.1.118.Final\netty-transport-4.1.118.Final.jar;C:\Users\dell\.m2\repository\io\netty\netty-codec\4.1.118.Final\netty-codec-4.1.118.Final.jar;C:\Users\dell\.m2\repository\io\netty\netty-handler\4.1.118.Final\netty-handler-4.1.118.Final.jar;C:\Users\dell\.m2\repository\io\netty\netty-codec-http2\4.1.118.Final\netty-codec-http2-4.1.118.Final.jar;C:\Users\dell\.m2\repository\io\netty\netty-resolver-dns\4.1.118.Final\netty-resolver-dns-4.1.118.Final.jar;C:\Users\dell\.m2\repository\io\netty\netty-resolver\4.1.118.Final\netty-resolver-4.1.118.Final.jar;C:\Users\dell\.m2\repository\io\netty\netty-codec-dns\4.1.118.Final\netty-codec-dns-4.1.118.Final.jar;C:\Users\dell\.m2\repository\io\netty\netty-resolver-dns-native-macos\4.1.118.Final\netty-resolver-dns-native-macos-4.1.118.Final-osx-x86_64.jar;C:\Users\dell\.m2\repository\io\netty\netty-resolver-dns-classes-macos\4.1.118.Final\netty-resolver-dns-classes-macos-4.1.118.Final.jar;C:\Users\dell\.m2\repository\io\netty\netty-transport-native-epoll\4.1.118.Final\netty-transport-native-epoll-4.1.118.Final-linux-x86_64.jar;C:\Users\dell\.m2\repository\io\netty\netty-transport-native-unix-common\4.1.118.Final\netty-transport-native-unix-common-4.1.118.Final.jar;C:\Users\dell\.m2\repository\io\netty\netty-transport-classes-epoll\4.1.118.Final\netty-transport-classes-epoll-4.1.118.Final.jar;C:\Users\dell\.m2\repository\io\projectreactor\netty\reactor-netty-core\1.2.3\reactor-netty-core-1.2.3.jar;C:\Users\dell\.m2\repository\io\netty\netty-handler-proxy\4.1.118.Final\netty-handler-proxy-4.1.118.Final.jar;C:\Users\dell\.m2\repository\io\netty\netty-codec-socks\4.1.118.Final\netty-codec-socks-4.1.118.Final.jar;C:\Users\dell\.m2\repository\org\springframework\spring-webflux\6.2.3\spring-webflux-6.2.3.jar;C:\Users\dell\.m2\repository\io\projectreactor\reactor-core\3.7.3\reactor-core-3.7.3.jar;C:\Users\dell\.m2\repository\org\reactivestreams\reactive-streams\1.0.4\reactive-streams-1.0.4.jar
Launcher Type: SUN_STANDARD

[Global flags]
     intx CICompilerCount                          = 4                                         {product} {ergonomic}
     uint ConcGCThreads                            = 2                                         {product} {ergonomic}
     uint G1ConcRefinementThreads                  = 8                                         {product} {ergonomic}
   size_t G1HeapRegionSize                         = 2097152                                   {product} {ergonomic}
    uintx GCDrainStackTargetSize                   = 64                                        {product} {ergonomic}
   size_t InitialHeapSize                          = 264241152                                 {product} {ergonomic}
     bool ManagementServer                         = true                                      {product} {command line}
   size_t MarkStackSize                            = 4194304                                   {product} {ergonomic}
   size_t MaxHeapSize                              = 4225761280                                {product} {ergonomic}
   size_t MaxNewSize                               = 2535456768                                {product} {ergonomic}
   size_t MinHeapDeltaBytes                        = 2097152                                   {product} {ergonomic}
   size_t MinHeapSize                              = 8388608                                   {product} {ergonomic}
    uintx NonNMethodCodeHeapSize                   = 4096                                   {pd product} {ergonomic}
    uintx NonProfiledCodeHeapSize                  = 0                                      {pd product} {ergonomic}
     bool ProfileInterpreter                       = false                                  {pd product} {command line}
    uintx ProfiledCodeHeapSize                     = 0                                      {pd product} {ergonomic}
   size_t SoftMaxHeapSize                          = 4225761280                             {manageable} {ergonomic}
     intx TieredStopAtLevel                        = 1                                         {product} {command line}
     bool UseCompressedOops                        = true                           {product lp64_product} {ergonomic}
     bool UseG1GC                                  = true                                      {product} {ergonomic}
     bool UseLargePagesIndividualAllocation        = false                                  {pd product} {ergonomic}

Logging:
Log output configuration:
 #0: stdout all=warning uptime,level,tags foldmultilines=false
 #1: stderr all=off uptime,level,tags foldmultilines=false

Environment Variables:
JAVA_HOME=D:\java\jdk21
PATH=C:\Program Files\Microsoft MPI\Bin\;C:\Program Files\Common Files\Oracle\Java\javapath;C:\WINDOWS\system32;C:\WINDOWS;C:\WINDOWS\System32\Wbem;C:\WINDOWS\System32\WindowsPowerShell\v1.0\;C:\WINDOWS\System32\OpenSSH\;C:\Program Files\Microsoft SQL Server\Client SDK\ODBC\170\Tools\Binn\;D:\Install\bin;D:\Git\cmd;D:\XAMPP\php;C:\ProgramData\ComposerSetup\bin;C:\mingw64\bin;C:\TDM-GCC-32\bin;D:\notejs\;D:\XAMPP\mysql\bin;D:\Maven\bin;D:\Maven\apache-maven-3.9.9\bin;C:\Program Files (x86)\Microsoft SQL Server\160\Tools\Binn\;C:\Program Files\Microsoft SQL Server\160\Tools\Binn\;C:\Program Files\Microsoft SQL Server\160\DTS\Binn\;C:\Program Files (x86)\Microsoft SQL Server\160\DTS\Binn\;D:\python\Scripts\;D:\python\;D:\java\jdk21\bin;D:\Microsoft VS Code\bin;C:\Users\dell\AppData\Roaming\Composer\vendor\bin;C:\mingw64\bin;C:\Users\dell\AppData\Roaming\npm;D:\nodejs;D:\PyCharm\PyCharm Community Edition 2024.2.4\bin;;D:\Wireshark;D:\python3.10;D:\python39;D:\JetBrains\IntelliJ IDEA 2024.3.4.1\bin;;D:\Maven\bin;
USERNAME=dell
OS=Windows_NT
PROCESSOR_IDENTIFIER=Intel64 Family 6 Model 140 Stepping 1, GenuineIntel
TMP=C:\Users\dell\AppData\Local\Temp
TEMP=C:\Users\dell\AppData\Local\Temp




Periodic native trim disabled

---------------  S Y S T E M  ---------------

OS:
 Windows 10 , 64 bit Build 19041 (10.0.19041.5678)
OS uptime: 3 days 0:24 hours

CPU: total 8 (initial active 8) (4 cores per cpu, 2 threads per core) family 6 model 140 stepping 1 microcode 0xbc, cx8, cmov, fxsr, ht, mmx, 3dnowpref, sse, sse2, sse3, ssse3, sse4.1, sse4.2, popcnt, lzcnt, tsc, tscinvbit, avx, avx2, aes, erms, clmul, bmi1, bmi2, adx, avx512f, avx512dq, avx512cd, avx512bw, avx512vl, sha, fma, vzeroupper, avx512_vpopcntdq, avx512_vpclmulqdq, avx512_vaes, avx512_vnni, clflush, clflushopt, clwb, avx512_vbmi2, avx512_vbmi, rdtscp, rdpid, fsrm, gfni, avx512_bitalg, f16c, pku, cet_ibt, cet_ss, avx512_ifma
Processor Information for processor 0
  Max Mhz: 2419, Current Mhz: 2419, Mhz Limit: 2419
Processor Information for processor 1
  Max Mhz: 2419, Current Mhz: 2419, Mhz Limit: 2419
Processor Information for processor 2
  Max Mhz: 2419, Current Mhz: 907, Mhz Limit: 2419
Processor Information for processor 3
  Max Mhz: 2419, Current Mhz: 2419, Mhz Limit: 2419
Processor Information for processor 4
  Max Mhz: 2419, Current Mhz: 907, Mhz Limit: 2419
Processor Information for processor 5
  Max Mhz: 2419, Current Mhz: 2419, Mhz Limit: 2419
Processor Information for processor 6
  Max Mhz: 2419, Current Mhz: 907, Mhz Limit: 2419
Processor Information for processor 7
  Max Mhz: 2419, Current Mhz: 907, Mhz Limit: 2419

Memory: 4k page, system-wide physical 16118M (3463M free)
TotalPageFile size 17768M (AvailPageFile size 81M)
current process WorkingSet (physical memory assigned to process): 179M, peak: 179M
current process commit charge ("private bytes"): 221M, peak: 381M

vm_info: Java HotSpot(TM) 64-Bit Server VM (21.0.6+8-LTS-188) for windows-amd64 JRE (21.0.6+8-LTS-188), built on 2024-12-03T10:50:54Z by "mach5one" with MS VC++ 17.6 (VS2022)

END.
